[ 2016-03-09T08:51:47+08:00 ] ::1 /shop/index.php/home/login
ERR: 无法加载控制器:Login

[ 2016-03-09T08:52:06+08:00 ] ::1 /shop/index.php/home/css/base.css
ERR: 无法加载控制器:Css

[ 2016-03-09T08:52:06+08:00 ] ::1 /shop/index.php/home/css/global.css
ERR: 无法加载控制器:Css

[ 2016-03-09T08:52:06+08:00 ] ::1 /shop/index.php/home/css/login-register.css
ERR: 无法加载控制器:Css

[ 2016-03-09T08:54:26+08:00 ] ::1 /shop/index.php/home/HOME_PUBLIC/css/base.css
ERR: 无法加载控制器:HOME_PUBLIC

[ 2016-03-09T08:54:26+08:00 ] ::1 /shop/index.php/home/HOME_PUBLIC/css/global.css
ERR: 无法加载控制器:HOME_PUBLIC

[ 2016-03-09T08:54:27+08:00 ] ::1 /shop/index.php/home/HOME_PUBLIC/css/login-register.css
ERR: 无法加载控制器:HOME_PUBLIC

[ 2016-03-09T08:55:12+08:00 ] ::1 /shop/index.php/home/HOME_PUBLIC/css/base.css
ERR: 无法加载控制器:HOME_PUBLIC

[ 2016-03-09T08:55:13+08:00 ] ::1 /shop/index.php/home/HOME_PUBLIC/css/global.css
ERR: 无法加载控制器:HOME_PUBLIC

[ 2016-03-09T08:55:13+08:00 ] ::1 /shop/index.php/home/HOME_PUBLIC/css/login-register.css
ERR: 无法加载控制器:HOME_PUBLIC

[ 2016-03-09T08:55:22+08:00 ] ::1 /shop/index.php/home/HOME_PUBLIC/css/base.css
ERR: 无法加载控制器:HOME_PUBLIC

[ 2016-03-09T08:55:22+08:00 ] ::1 /shop/index.php/home/HOME_PUBLIC/css/global.css
ERR: 无法加载控制器:HOME_PUBLIC

[ 2016-03-09T08:55:22+08:00 ] ::1 /shop/index.php/home/HOME_PUBLIC/css/login-register.css
ERR: 无法加载控制器:HOME_PUBLIC

[ 2016-03-09T09:07:25+08:00 ] ::1 /shop/index.php/Home/Login/login
ERR: 非法操作:login

[ 2016-03-09T09:07:35+08:00 ] ::1 /shop/index.php/Home/Login/login
ERR: 非法操作:login

[ 2016-03-09T09:07:38+08:00 ] ::1 /shop/index.php/Home/Login/login
ERR: 非法操作:login

[ 2016-03-09T09:07:57+08:00 ] ::1 /shop/index.php/Home/Login/login
ERR: 非法操作:login

[ 2016-03-09T09:07:59+08:00 ] ::1 /shop/index.php/Home/Login/login
ERR: 非法操作:login

[ 2016-03-09T09:09:25+08:00 ] ::1 /shop/index.php/Home/Login/register
ERR: 非法操作:register

