[ 2016-08-09T08:42:11+08:00 ] ::1 /shop/index.php/
INFO: [ app_init ] --START--
INFO: Run Behavior\BuildLiteBehavior [ RunTime:0.000042s ]
INFO: [ app_init ] --END-- [ RunTime:0.001109s ]
INFO: [ app_begin ] --START--
INFO: Run Behavior\ReadHtmlCacheBehavior [ RunTime:0.001650s ]
INFO: [ app_begin ] --END-- [ RunTime:0.001880s ]
NOTIC: [8192] mysql_connect(): The mysql extension is deprecated and will be removed in the future: use mysqli or PDO instead D:\wamp\www\shop\ThinkPHP\Library\Think\Db\Driver\Mysql.class.php 第 52 行.
SQL: SHOW COLUMNS FROM `cz_category` [ RunTime:0.028833s ]
SQL: SELECT * FROM `cz_category`  [ RunTime:0.000459s ]
SQL: SHOW COLUMNS FROM `cz_goods` [ RunTime:0.030189s ]
SQL: SELECT * FROM `cz_goods` WHERE `is_best` = 1 AND `is_onsale` = 1 ORDER BY goods_id desc LIMIT 4   [ RunTime:0.014279s ]
SQL: SELECT * FROM `cz_goods` WHERE `is_hot` = 1 ORDER BY goods_id desc LIMIT 4   [ RunTime:0.001393s ]
SQL: SELECT * FROM `cz_goods` WHERE `is_new` = 1 ORDER BY goods_id desc LIMIT 4   [ RunTime:0.000974s ]
SQL: SELECT * FROM `cz_goods` WHERE `cat_id` > 15 ORDER BY goods_id desc LIMIT 6   [ RunTime:0.001014s ]
SQL: SHOW COLUMNS FROM `cz_category` [ RunTime:0.010241s ]
SQL: SELECT * FROM `cz_category` WHERE ( parent_id=16 ) LIMIT 6   [ RunTime:0.000883s ]
SQL: SELECT * FROM `cz_category` WHERE ( parent_id=15 ) LIMIT 6   [ RunTime:0.000629s ]
SQL: SHOW COLUMNS FROM `cz_goods` [ RunTime:0.004429s ]
SQL: SELECT * FROM `cz_goods` ORDER BY click_count desc LIMIT 5   [ RunTime:0.000458s ]
INFO: [ view_parse ] --START--
INFO: [ template_filter ] --START--
INFO: Run Behavior\ContentReplaceBehavior [ RunTime:0.000414s ]
INFO: [ template_filter ] --END-- [ RunTime:0.000623s ]
NOTIC: [8] Undefined variable: user D:\wamp\www\shop\Application\Runtime\Cache\Home\2a94b8bda04ff446dcedd42276fc99ee.php 第 23 行.
NOTIC: [8] Undefined variable: num D:\wamp\www\shop\Application\Runtime\Cache\Home\2a94b8bda04ff446dcedd42276fc99ee.php 第 48 行.
NOTIC: [8] Undefined index: goods_id D:\wamp\www\shop\Application\Runtime\Cache\Home\2a94b8bda04ff446dcedd42276fc99ee.php 第 359 行.
INFO: Run Behavior\ParseTemplateBehavior [ RunTime:0.223189s ]
INFO: [ view_parse ] --END-- [ RunTime:0.223356s ]
INFO: [ view_filter ] --START--
INFO: Run Behavior\WriteHtmlCacheBehavior [ RunTime:0.010363s ]
INFO: [ view_filter ] --END-- [ RunTime:0.010524s ]
INFO: [ app_end ] --START--
INFO: Run Behavior\ShowPageTraceBehavior [ RunTime:0.001185s ]
INFO: [ app_end ] --END-- [ RunTime:0.001433s ]

[ 2016-08-09T08:42:58+08:00 ] ::1 /shop/index.php/
INFO: [ app_init ] --START--
INFO: Run Behavior\BuildLiteBehavior [ RunTime:0.000035s ]
INFO: [ app_init ] --END-- [ RunTime:0.000621s ]
INFO: [ app_begin ] --START--
INFO: Run Behavior\ReadHtmlCacheBehavior [ RunTime:0.000909s ]
INFO: [ app_begin ] --END-- [ RunTime:0.001094s ]
NOTIC: [8192] mysql_connect(): The mysql extension is deprecated and will be removed in the future: use mysqli or PDO instead D:\wamp\www\shop\ThinkPHP\Library\Think\Db\Driver\Mysql.class.php 第 52 行.
SQL: SHOW COLUMNS FROM `cz_category` [ RunTime:0.003897s ]
SQL: SELECT * FROM `cz_category`  [ RunTime:0.000383s ]
SQL: SHOW COLUMNS FROM `cz_goods` [ RunTime:0.004053s ]
SQL: SELECT * FROM `cz_goods` WHERE `is_best` = 1 AND `is_onsale` = 1 ORDER BY goods_id desc LIMIT 4   [ RunTime:0.000482s ]
SQL: SELECT * FROM `cz_goods` WHERE `is_hot` = 1 ORDER BY goods_id desc LIMIT 4   [ RunTime:0.000443s ]
SQL: SELECT * FROM `cz_goods` WHERE `is_new` = 1 ORDER BY goods_id desc LIMIT 4   [ RunTime:0.000500s ]
SQL: SELECT * FROM `cz_goods` WHERE `cat_id` > 15 ORDER BY goods_id desc LIMIT 6   [ RunTime:0.000392s ]
SQL: SHOW COLUMNS FROM `cz_category` [ RunTime:0.003813s ]
SQL: SELECT * FROM `cz_category` WHERE ( parent_id=16 ) LIMIT 6   [ RunTime:0.000332s ]
SQL: SELECT * FROM `cz_category` WHERE ( parent_id=15 ) LIMIT 6   [ RunTime:0.000234s ]
SQL: SHOW COLUMNS FROM `cz_goods` [ RunTime:0.004067s ]
SQL: SELECT * FROM `cz_goods` ORDER BY click_count desc LIMIT 5   [ RunTime:0.000451s ]
INFO: [ view_parse ] --START--
INFO: [ template_filter ] --START--
INFO: Run Behavior\ContentReplaceBehavior [ RunTime:0.000330s ]
INFO: [ template_filter ] --END-- [ RunTime:0.000487s ]
NOTIC: [8] Undefined variable: user D:\wamp\www\shop\Application\Runtime\Cache\Home\2a94b8bda04ff446dcedd42276fc99ee.php 第 23 行.
NOTIC: [8] Undefined variable: num D:\wamp\www\shop\Application\Runtime\Cache\Home\2a94b8bda04ff446dcedd42276fc99ee.php 第 48 行.
NOTIC: [8] Undefined index: goods_id D:\wamp\www\shop\Application\Runtime\Cache\Home\2a94b8bda04ff446dcedd42276fc99ee.php 第 359 行.
INFO: Run Behavior\ParseTemplateBehavior [ RunTime:0.036310s ]
INFO: [ view_parse ] --END-- [ RunTime:0.036461s ]
INFO: [ view_filter ] --START--
INFO: Run Behavior\WriteHtmlCacheBehavior [ RunTime:0.000538s ]
INFO: [ view_filter ] --END-- [ RunTime:0.000669s ]
INFO: [ app_end ] --START--
INFO: Run Behavior\ShowPageTraceBehavior [ RunTime:0.000966s ]
INFO: [ app_end ] --END-- [ RunTime:0.001160s ]

