[ 2016-05-26T07:42:59+08:00 ] ::1 /shop/index.php/Home/Login/index.html
INFO: [ app_begin ] --START--
INFO: Run Behavior\ReadHtmlCacheBehavior [ RunTime:0.000802s ]
INFO: [ app_begin ] --END-- [ RunTime:0.001420s ]
NOTIC: [8192] mysql_connect(): The mysql extension is deprecated and will be removed in the future: use mysqli or PDO instead D:\wamp\www\shop\ThinkPHP\Library\Think\Db\Driver\Mysql.class.php 第 52 行.
SQL: SHOW COLUMNS FROM `cz_category` [ RunTime:0.003242s ]
SQL: SELECT * FROM `cz_category`  [ RunTime:0.000408s ]
SQL: SHOW COLUMNS FROM `cz_user` [ RunTime:0.003591s ]
SQL: SELECT * FROM `cz_user` WHERE `user_name` = '刘定邦' AND `password` = '864ce000907148c15695d87a552dcf5e' LIMIT 1   [ RunTime:0.000417s ]

[ 2016-05-26T07:43:07+08:00 ] ::1 /shop/index.php/Home/Shop/order
INFO: [ app_begin ] --START--
INFO: Run Behavior\ReadHtmlCacheBehavior [ RunTime:0.000646s ]
INFO: [ app_begin ] --END-- [ RunTime:0.001231s ]
NOTIC: [8192] mysql_connect(): The mysql extension is deprecated and will be removed in the future: use mysqli or PDO instead D:\wamp\www\shop\ThinkPHP\Library\Think\Db\Driver\Mysql.class.php 第 52 行.
SQL: SHOW COLUMNS FROM `cz_category` [ RunTime:0.003318s ]
SQL: SELECT * FROM `cz_category`  [ RunTime:0.000366s ]
SQL: SHOW COLUMNS FROM `cz_shopcart` [ RunTime:0.003893s ]
SQL: SELECT * FROM `cz_shopcart` WHERE `user_id` = 1  [ RunTime:0.000363s ]
SQL: SELECT SUM(subtotal) AS tp_sum FROM `cz_shopcart` WHERE ( user_id=1 ) LIMIT 1   [ RunTime:0.000307s ]
SQL: SHOW COLUMNS FROM `cz_shipping` [ RunTime:0.003024s ]
SQL: SELECT `shipping_fee` FROM `cz_shipping` WHERE ( shipping_id=1 ) LIMIT 1   [ RunTime:0.000298s ]
SQL: SHOW COLUMNS FROM `cz_order` [ RunTime:0.003710s ]
SQL: INSERT INTO `cz_order` (`address_id`,`shipping_id`,`pay_id`,`postscripts`,`order_sn`,`user_id`,`goods_amount`,`order_amount`) VALUES ('1','1','1','',1464219786,'1','2179.00',2189) [ RunTime:0.000340s ]
NOTIC: [8] Undefined index: mapping_name D:\wamp\www\shop\ThinkPHP\Library\Think\Model\RelationModel.class.php 第 259 行.
SQL: SELECT cz_goods.goods_id,cz_goods.goods_name,cz_goods.goods_img,cz_shopcart.goods_num,cz_shopcart.goods_price,cz_shopcart.subtotal FROM `cz_shopcart` INNER JOIN cz_goods ON cz_goods.goods_id = cz_shopcart.goods_id  WHERE ( user_id=1 )  [ RunTime:0.000396s ]
SQL: SHOW COLUMNS FROM `cz_order_goods` [ RunTime:0.002960s ]
SQL: INSERT INTO `cz_order_goods` (`goods_id`,`goods_name`,`goods_img`,`goods_num`,`goods_price`,`subtotal`) VALUES (8,'短裙','./Public/Uploads/2016-04-13/570d8d318a3e6.jpg',1,'180.00','180.00') [ RunTime:0.000299s ]
SQL: INSERT INTO `cz_order_goods` (`goods_id`,`goods_name`,`goods_img`,`goods_num`,`goods_price`,`subtotal`) VALUES (5,'小米5','./Public/Uploads/2016-04-09/5708d69587c48.jpg',1,'1999.00','1999.00') [ RunTime:0.000266s ]
NOTIC: [8] Undefined index: order_amount D:\wamp\www\shop\Application\Home\Controller\ShopController.class.php 第 192 行.

[ 2016-05-26T07:44:23+08:00 ] ::1 /shop/index.php/Home/Shop/order
INFO: [ app_begin ] --START--
INFO: Run Behavior\ReadHtmlCacheBehavior [ RunTime:0.000732s ]
INFO: [ app_begin ] --END-- [ RunTime:0.001325s ]
NOTIC: [8192] mysql_connect(): The mysql extension is deprecated and will be removed in the future: use mysqli or PDO instead D:\wamp\www\shop\ThinkPHP\Library\Think\Db\Driver\Mysql.class.php 第 52 行.
SQL: SHOW COLUMNS FROM `cz_category` [ RunTime:0.003229s ]
SQL: SELECT * FROM `cz_category`  [ RunTime:0.000367s ]
SQL: SHOW COLUMNS FROM `cz_shopcart` [ RunTime:0.003078s ]
SQL: SELECT * FROM `cz_shopcart` WHERE `user_id` = 1  [ RunTime:0.000351s ]
SQL: SELECT SUM(subtotal) AS tp_sum FROM `cz_shopcart` WHERE ( user_id=1 ) LIMIT 1   [ RunTime:0.000327s ]
SQL: SHOW COLUMNS FROM `cz_shipping` [ RunTime:0.003252s ]
SQL: SELECT `shipping_fee` FROM `cz_shipping` WHERE ( shipping_id=1 ) LIMIT 1   [ RunTime:0.000303s ]
SQL: SHOW COLUMNS FROM `cz_order` [ RunTime:0.003091s ]
SQL: INSERT INTO `cz_order` (`address_id`,`shipping_id`,`pay_id`,`postscripts`,`order_sn`,`user_id`,`goods_amount`,`order_amount`) VALUES ('1','1','1','',1464219863,'1','2179.00',2189) [ RunTime:0.000320s ]
NOTIC: [8] Undefined index: mapping_name D:\wamp\www\shop\ThinkPHP\Library\Think\Model\RelationModel.class.php 第 259 行.
SQL: SELECT cz_goods.goods_id,cz_goods.goods_name,cz_goods.goods_img,cz_shopcart.goods_num,cz_shopcart.goods_price,cz_shopcart.subtotal FROM `cz_shopcart` INNER JOIN cz_goods ON cz_goods.goods_id = cz_shopcart.goods_id  WHERE ( user_id=1 )  [ RunTime:0.000388s ]
SQL: SHOW COLUMNS FROM `cz_order_goods` [ RunTime:0.003088s ]
SQL: INSERT INTO `cz_order_goods` (`goods_id`,`goods_name`,`goods_img`,`goods_num`,`goods_price`,`subtotal`) VALUES (8,'短裙','./Public/Uploads/2016-04-13/570d8d318a3e6.jpg',1,'180.00','180.00') [ RunTime:0.000294s ]
SQL: INSERT INTO `cz_order_goods` (`goods_id`,`goods_name`,`goods_img`,`goods_num`,`goods_price`,`subtotal`) VALUES (5,'小米5','./Public/Uploads/2016-04-09/5708d69587c48.jpg',1,'1999.00','1999.00') [ RunTime:0.000290s ]

[ 2016-05-26T07:44:30+08:00 ] ::1 /shop/index.php/Home/Shop/order
INFO: [ app_begin ] --START--
INFO: Run Behavior\ReadHtmlCacheBehavior [ RunTime:0.000761s ]
INFO: [ app_begin ] --END-- [ RunTime:0.001536s ]
NOTIC: [8192] mysql_connect(): The mysql extension is deprecated and will be removed in the future: use mysqli or PDO instead D:\wamp\www\shop\ThinkPHP\Library\Think\Db\Driver\Mysql.class.php 第 52 行.
SQL: SHOW COLUMNS FROM `cz_category` [ RunTime:0.003251s ]
SQL: SELECT * FROM `cz_category`  [ RunTime:0.000450s ]
SQL: SHOW COLUMNS FROM `cz_shopcart` [ RunTime:0.003175s ]
SQL: SELECT * FROM `cz_shopcart` WHERE `user_id` = 1  [ RunTime:0.000350s ]
SQL: SELECT SUM(subtotal) AS tp_sum FROM `cz_shopcart` WHERE ( user_id=1 ) LIMIT 1   [ RunTime:0.000288s ]
SQL: SHOW COLUMNS FROM `cz_shipping` [ RunTime:0.002884s ]
SQL: SELECT `shipping_fee` FROM `cz_shipping` WHERE ( shipping_id=1 ) LIMIT 1   [ RunTime:0.000296s ]
SQL: SHOW COLUMNS FROM `cz_order` [ RunTime:0.002993s ]
SQL: INSERT INTO `cz_order` (`address_id`,`shipping_id`,`pay_id`,`postscripts`,`order_sn`,`user_id`,`goods_amount`,`order_amount`) VALUES ('1','1','1','',1464219870,'1','2179.00',2189) [ RunTime:0.000321s ]
NOTIC: [8] Undefined index: mapping_name D:\wamp\www\shop\ThinkPHP\Library\Think\Model\RelationModel.class.php 第 259 行.
SQL: SELECT cz_goods.goods_id,cz_goods.goods_name,cz_goods.goods_img,cz_shopcart.goods_num,cz_shopcart.goods_price,cz_shopcart.subtotal FROM `cz_shopcart` INNER JOIN cz_goods ON cz_goods.goods_id = cz_shopcart.goods_id  WHERE ( user_id=1 )  [ RunTime:0.000424s ]
SQL: SHOW COLUMNS FROM `cz_order_goods` [ RunTime:0.003182s ]
SQL: INSERT INTO `cz_order_goods` (`goods_id`,`goods_name`,`goods_img`,`goods_num`,`goods_price`,`subtotal`) VALUES (8,'短裙','./Public/Uploads/2016-04-13/570d8d318a3e6.jpg',1,'180.00','180.00') [ RunTime:0.000306s ]
SQL: INSERT INTO `cz_order_goods` (`goods_id`,`goods_name`,`goods_img`,`goods_num`,`goods_price`,`subtotal`) VALUES (5,'小米5','./Public/Uploads/2016-04-09/5708d69587c48.jpg',1,'1999.00','1999.00') [ RunTime:0.000315s ]

[ 2016-05-26T07:45:42+08:00 ] ::1 /shop/index.php/Home/Shop/order
INFO: [ app_begin ] --START--
INFO: Run Behavior\ReadHtmlCacheBehavior [ RunTime:0.000876s ]
INFO: [ app_begin ] --END-- [ RunTime:0.001630s ]
NOTIC: [8192] mysql_connect(): The mysql extension is deprecated and will be removed in the future: use mysqli or PDO instead D:\wamp\www\shop\ThinkPHP\Library\Think\Db\Driver\Mysql.class.php 第 52 行.
SQL: SHOW COLUMNS FROM `cz_category` [ RunTime:0.002881s ]
SQL: SELECT * FROM `cz_category`  [ RunTime:0.000390s ]
SQL: SHOW COLUMNS FROM `cz_shopcart` [ RunTime:0.003095s ]
SQL: SELECT * FROM `cz_shopcart` WHERE `user_id` = 1  [ RunTime:0.000386s ]
SQL: SELECT SUM(subtotal) AS tp_sum FROM `cz_shopcart` WHERE ( user_id=1 ) LIMIT 1   [ RunTime:0.000434s ]
SQL: SHOW COLUMNS FROM `cz_shipping` [ RunTime:0.004226s ]
SQL: SELECT `shipping_fee` FROM `cz_shipping` WHERE ( shipping_id=1 ) LIMIT 1   [ RunTime:0.000350s ]
SQL: SHOW COLUMNS FROM `cz_order` [ RunTime:0.003603s ]
SQL: INSERT INTO `cz_order` (`address_id`,`shipping_id`,`pay_id`,`postscripts`,`order_sn`,`user_id`,`goods_amount`,`order_amount`) VALUES ('1','1','1','',1464219942,'1','2179.00',2189) [ RunTime:0.000339s ]
NOTIC: [8] Undefined index: mapping_name D:\wamp\www\shop\ThinkPHP\Library\Think\Model\RelationModel.class.php 第 259 行.
SQL: SELECT cz_goods.goods_id,cz_goods.goods_name,cz_goods.goods_img,cz_shopcart.goods_num,cz_shopcart.goods_price,cz_shopcart.subtotal FROM `cz_shopcart` INNER JOIN cz_goods ON cz_goods.goods_id = cz_shopcart.goods_id  WHERE ( user_id=1 )  [ RunTime:0.000444s ]
SQL: SHOW COLUMNS FROM `cz_order_goods` [ RunTime:0.003528s ]
SQL: INSERT INTO `cz_order_goods` (`goods_id`,`goods_name`,`goods_img`,`goods_num`,`goods_price`,`subtotal`) VALUES (8,'短裙','./Public/Uploads/2016-04-13/570d8d318a3e6.jpg',1,'180.00','180.00') [ RunTime:0.000354s ]
SQL: INSERT INTO `cz_order_goods` (`goods_id`,`goods_name`,`goods_img`,`goods_num`,`goods_price`,`subtotal`) VALUES (5,'小米5','./Public/Uploads/2016-04-09/5708d69587c48.jpg',1,'1999.00','1999.00') [ RunTime:0.000274s ]

[ 2016-05-26T07:45:43+08:00 ] ::1 /shop/index.php/Home/Shop/www.baidu.com
ERR: 非法操作:www.baidu.com

[ 2016-05-26T07:46:05+08:00 ] ::1 /shop/index.php/Home/Shop/order
INFO: [ app_begin ] --START--
INFO: Run Behavior\ReadHtmlCacheBehavior [ RunTime:0.001422s ]
INFO: [ app_begin ] --END-- [ RunTime:0.002361s ]
NOTIC: [8192] mysql_connect(): The mysql extension is deprecated and will be removed in the future: use mysqli or PDO instead D:\wamp\www\shop\ThinkPHP\Library\Think\Db\Driver\Mysql.class.php 第 52 行.
SQL: SHOW COLUMNS FROM `cz_category` [ RunTime:0.003145s ]
SQL: SELECT * FROM `cz_category`  [ RunTime:0.000345s ]
SQL: SHOW COLUMNS FROM `cz_shopcart` [ RunTime:0.002993s ]
SQL: SELECT * FROM `cz_shopcart` WHERE `user_id` = 1  [ RunTime:0.000371s ]
SQL: SELECT SUM(subtotal) AS tp_sum FROM `cz_shopcart` WHERE ( user_id=1 ) LIMIT 1   [ RunTime:0.000305s ]
SQL: SHOW COLUMNS FROM `cz_shipping` [ RunTime:0.002977s ]
SQL: SELECT `shipping_fee` FROM `cz_shipping` WHERE ( shipping_id=1 ) LIMIT 1   [ RunTime:0.000301s ]
SQL: SHOW COLUMNS FROM `cz_order` [ RunTime:0.003547s ]
SQL: INSERT INTO `cz_order` (`address_id`,`shipping_id`,`pay_id`,`postscripts`,`order_sn`,`user_id`,`goods_amount`,`order_amount`) VALUES ('1','1','1','',1464219965,'1','2179.00',2189) [ RunTime:0.000376s ]
NOTIC: [8] Undefined index: mapping_name D:\wamp\www\shop\ThinkPHP\Library\Think\Model\RelationModel.class.php 第 259 行.
SQL: SELECT cz_goods.goods_id,cz_goods.goods_name,cz_goods.goods_img,cz_shopcart.goods_num,cz_shopcart.goods_price,cz_shopcart.subtotal FROM `cz_shopcart` INNER JOIN cz_goods ON cz_goods.goods_id = cz_shopcart.goods_id  WHERE ( user_id=1 )  [ RunTime:0.000415s ]
SQL: SHOW COLUMNS FROM `cz_order_goods` [ RunTime:0.003215s ]
SQL: INSERT INTO `cz_order_goods` (`goods_id`,`goods_name`,`goods_img`,`goods_num`,`goods_price`,`subtotal`) VALUES (8,'短裙','./Public/Uploads/2016-04-13/570d8d318a3e6.jpg',1,'180.00','180.00') [ RunTime:0.000391s ]
SQL: INSERT INTO `cz_order_goods` (`goods_id`,`goods_name`,`goods_img`,`goods_num`,`goods_price`,`subtotal`) VALUES (5,'小米5','./Public/Uploads/2016-04-09/5708d69587c48.jpg',1,'1999.00','1999.00') [ RunTime:0.000326s ]

[ 2016-05-26T07:46:06+08:00 ] ::1 /shop/index.php/Home/Shop/www.baidu.com
ERR: 非法操作:www.baidu.com

[ 2016-05-26T07:46:42+08:00 ] ::1 /shop/index.php/Home/Shop/order
INFO: [ app_begin ] --START--
INFO: Run Behavior\ReadHtmlCacheBehavior [ RunTime:0.000622s ]
INFO: [ app_begin ] --END-- [ RunTime:0.001162s ]
NOTIC: [8192] mysql_connect(): The mysql extension is deprecated and will be removed in the future: use mysqli or PDO instead D:\wamp\www\shop\ThinkPHP\Library\Think\Db\Driver\Mysql.class.php 第 52 行.
SQL: SHOW COLUMNS FROM `cz_category` [ RunTime:0.003152s ]
SQL: SELECT * FROM `cz_category`  [ RunTime:0.000406s ]
SQL: SHOW COLUMNS FROM `cz_shopcart` [ RunTime:0.003258s ]
SQL: SELECT * FROM `cz_shopcart` WHERE `user_id` = 1  [ RunTime:0.000376s ]
SQL: SELECT SUM(subtotal) AS tp_sum FROM `cz_shopcart` WHERE ( user_id=1 ) LIMIT 1   [ RunTime:0.000363s ]
SQL: SHOW COLUMNS FROM `cz_shipping` [ RunTime:0.003010s ]
SQL: SELECT `shipping_fee` FROM `cz_shipping` WHERE ( shipping_id=1 ) LIMIT 1   [ RunTime:0.000301s ]
SQL: SHOW COLUMNS FROM `cz_order` [ RunTime:0.003236s ]
SQL: INSERT INTO `cz_order` (`address_id`,`shipping_id`,`pay_id`,`postscripts`,`order_sn`,`user_id`,`goods_amount`,`order_amount`) VALUES ('1','1','1','',1464220002,'1','2179.00',2189) [ RunTime:0.000330s ]
NOTIC: [8] Undefined index: mapping_name D:\wamp\www\shop\ThinkPHP\Library\Think\Model\RelationModel.class.php 第 259 行.
SQL: SELECT cz_goods.goods_id,cz_goods.goods_name,cz_goods.goods_img,cz_shopcart.goods_num,cz_shopcart.goods_price,cz_shopcart.subtotal FROM `cz_shopcart` INNER JOIN cz_goods ON cz_goods.goods_id = cz_shopcart.goods_id  WHERE ( user_id=1 )  [ RunTime:0.000417s ]
SQL: SHOW COLUMNS FROM `cz_order_goods` [ RunTime:0.003067s ]
SQL: INSERT INTO `cz_order_goods` (`goods_id`,`goods_name`,`goods_img`,`goods_num`,`goods_price`,`subtotal`) VALUES (8,'短裙','./Public/Uploads/2016-04-13/570d8d318a3e6.jpg',1,'180.00','180.00') [ RunTime:0.000305s ]
SQL: INSERT INTO `cz_order_goods` (`goods_id`,`goods_name`,`goods_img`,`goods_num`,`goods_price`,`subtotal`) VALUES (5,'小米5','./Public/Uploads/2016-04-09/5708d69587c48.jpg',1,'1999.00','1999.00') [ RunTime:0.000258s ]

[ 2016-05-26T07:46:45+08:00 ] ::1 /shop/index.php/Home/Shop/order
INFO: [ app_begin ] --START--
INFO: Run Behavior\ReadHtmlCacheBehavior [ RunTime:0.000630s ]
INFO: [ app_begin ] --END-- [ RunTime:0.001225s ]
NOTIC: [8192] mysql_connect(): The mysql extension is deprecated and will be removed in the future: use mysqli or PDO instead D:\wamp\www\shop\ThinkPHP\Library\Think\Db\Driver\Mysql.class.php 第 52 行.
SQL: SHOW COLUMNS FROM `cz_category` [ RunTime:0.003353s ]
SQL: SELECT * FROM `cz_category`  [ RunTime:0.000423s ]
SQL: SHOW COLUMNS FROM `cz_shopcart` [ RunTime:0.003588s ]
SQL: SELECT * FROM `cz_shopcart` WHERE `user_id` = 1  [ RunTime:0.000406s ]
SQL: SELECT SUM(subtotal) AS tp_sum FROM `cz_shopcart` WHERE ( user_id=1 ) LIMIT 1   [ RunTime:0.000310s ]
SQL: SHOW COLUMNS FROM `cz_shipping` [ RunTime:0.003231s ]
SQL: SELECT `shipping_fee` FROM `cz_shipping` WHERE ( shipping_id=1 ) LIMIT 1   [ RunTime:0.000380s ]
SQL: SHOW COLUMNS FROM `cz_order` [ RunTime:0.003158s ]
SQL: INSERT INTO `cz_order` (`address_id`,`shipping_id`,`pay_id`,`postscripts`,`order_sn`,`user_id`,`goods_amount`,`order_amount`) VALUES ('1','1','1','',1464220005,'1','2179.00',2189) [ RunTime:0.000328s ]
NOTIC: [8] Undefined index: mapping_name D:\wamp\www\shop\ThinkPHP\Library\Think\Model\RelationModel.class.php 第 259 行.
SQL: SELECT cz_goods.goods_id,cz_goods.goods_name,cz_goods.goods_img,cz_shopcart.goods_num,cz_shopcart.goods_price,cz_shopcart.subtotal FROM `cz_shopcart` INNER JOIN cz_goods ON cz_goods.goods_id = cz_shopcart.goods_id  WHERE ( user_id=1 )  [ RunTime:0.000428s ]
SQL: SHOW COLUMNS FROM `cz_order_goods` [ RunTime:0.003375s ]
SQL: INSERT INTO `cz_order_goods` (`goods_id`,`goods_name`,`goods_img`,`goods_num`,`goods_price`,`subtotal`) VALUES (8,'短裙','./Public/Uploads/2016-04-13/570d8d318a3e6.jpg',1,'180.00','180.00') [ RunTime:0.000365s ]
SQL: INSERT INTO `cz_order_goods` (`goods_id`,`goods_name`,`goods_img`,`goods_num`,`goods_price`,`subtotal`) VALUES (5,'小米5','./Public/Uploads/2016-04-09/5708d69587c48.jpg',1,'1999.00','1999.00') [ RunTime:0.000276s ]

[ 2016-05-26T07:46:45+08:00 ] ::1 /shop/index.php/Home/Shop/www.baidu.com
ERR: 非法操作:www.baidu.com

[ 2016-05-26T07:48:21+08:00 ] ::1 /shop/index.php/Home/Shop/order
INFO: [ app_begin ] --START--
INFO: Run Behavior\ReadHtmlCacheBehavior [ RunTime:0.000776s ]
INFO: [ app_begin ] --END-- [ RunTime:0.001332s ]
NOTIC: [8192] mysql_connect(): The mysql extension is deprecated and will be removed in the future: use mysqli or PDO instead D:\wamp\www\shop\ThinkPHP\Library\Think\Db\Driver\Mysql.class.php 第 52 行.
SQL: SHOW COLUMNS FROM `cz_category` [ RunTime:0.003208s ]
SQL: SELECT * FROM `cz_category`  [ RunTime:0.000456s ]
SQL: SHOW COLUMNS FROM `cz_shopcart` [ RunTime:0.003217s ]
SQL: SELECT * FROM `cz_shopcart` WHERE `user_id` = 1  [ RunTime:0.000412s ]
SQL: SELECT SUM(subtotal) AS tp_sum FROM `cz_shopcart` WHERE ( user_id=1 ) LIMIT 1   [ RunTime:0.000296s ]
SQL: SHOW COLUMNS FROM `cz_shipping` [ RunTime:0.003217s ]
SQL: SELECT `shipping_fee` FROM `cz_shipping` WHERE ( shipping_id=1 ) LIMIT 1   [ RunTime:0.000336s ]
SQL: SHOW COLUMNS FROM `cz_order` [ RunTime:0.003141s ]
SQL: INSERT INTO `cz_order` (`address_id`,`shipping_id`,`pay_id`,`postscripts`,`order_sn`,`user_id`,`goods_amount`,`order_amount`) VALUES ('1','1','1','',1464220101,'1','2179.00',2189) [ RunTime:0.000429s ]
NOTIC: [8] Undefined index: mapping_name D:\wamp\www\shop\ThinkPHP\Library\Think\Model\RelationModel.class.php 第 259 行.
SQL: SELECT cz_goods.goods_id,cz_goods.goods_name,cz_goods.goods_img,cz_shopcart.goods_num,cz_shopcart.goods_price,cz_shopcart.subtotal FROM `cz_shopcart` INNER JOIN cz_goods ON cz_goods.goods_id = cz_shopcart.goods_id  WHERE ( user_id=1 )  [ RunTime:0.000471s ]
SQL: SHOW COLUMNS FROM `cz_order_goods` [ RunTime:0.003448s ]
SQL: INSERT INTO `cz_order_goods` (`goods_id`,`goods_name`,`goods_img`,`goods_num`,`goods_price`,`subtotal`) VALUES (8,'短裙','./Public/Uploads/2016-04-13/570d8d318a3e6.jpg',1,'180.00','180.00') [ RunTime:0.000300s ]
SQL: INSERT INTO `cz_order_goods` (`goods_id`,`goods_name`,`goods_img`,`goods_num`,`goods_price`,`subtotal`) VALUES (5,'小米5','./Public/Uploads/2016-04-09/5708d69587c48.jpg',1,'1999.00','1999.00') [ RunTime:0.000288s ]

[ 2016-05-26T07:48:22+08:00 ] ::1 /shop/index.php/Home/Shop/www.baidu.com
ERR: 非法操作:www.baidu.com

[ 2016-05-26T07:49:39+08:00 ] ::1 /shop/index.php/Home/Shop/order
INFO: [ app_begin ] --START--
INFO: Run Behavior\ReadHtmlCacheBehavior [ RunTime:0.000977s ]
INFO: [ app_begin ] --END-- [ RunTime:0.001648s ]
NOTIC: [8192] mysql_connect(): The mysql extension is deprecated and will be removed in the future: use mysqli or PDO instead D:\wamp\www\shop\ThinkPHP\Library\Think\Db\Driver\Mysql.class.php 第 52 行.
SQL: SHOW COLUMNS FROM `cz_category` [ RunTime:0.003563s ]
SQL: SELECT * FROM `cz_category`  [ RunTime:0.000444s ]
SQL: SHOW COLUMNS FROM `cz_shopcart` [ RunTime:0.003479s ]
SQL: SELECT * FROM `cz_shopcart` WHERE `user_id` = 1  [ RunTime:0.000408s ]
SQL: SELECT SUM(subtotal) AS tp_sum FROM `cz_shopcart` WHERE ( user_id=1 ) LIMIT 1   [ RunTime:0.000316s ]
SQL: SHOW COLUMNS FROM `cz_shipping` [ RunTime:0.003142s ]
SQL: SELECT `shipping_fee` FROM `cz_shipping` WHERE ( shipping_id=1 ) LIMIT 1   [ RunTime:0.000338s ]
SQL: SHOW COLUMNS FROM `cz_order` [ RunTime:0.003597s ]
SQL: INSERT INTO `cz_order` (`address_id`,`shipping_id`,`pay_id`,`postscripts`,`order_sn`,`user_id`,`goods_amount`,`order_amount`) VALUES ('1','1','1','',1464220179,'1','2179.00',2189) [ RunTime:0.000388s ]
NOTIC: [8] Undefined index: mapping_name D:\wamp\www\shop\ThinkPHP\Library\Think\Model\RelationModel.class.php 第 259 行.
SQL: SELECT cz_goods.goods_id,cz_goods.goods_name,cz_goods.goods_img,cz_shopcart.goods_num,cz_shopcart.goods_price,cz_shopcart.subtotal FROM `cz_shopcart` INNER JOIN cz_goods ON cz_goods.goods_id = cz_shopcart.goods_id  WHERE ( user_id=1 )  [ RunTime:0.000711s ]
SQL: SHOW COLUMNS FROM `cz_order_goods` [ RunTime:0.004315s ]
SQL: INSERT INTO `cz_order_goods` (`goods_id`,`goods_name`,`goods_img`,`goods_num`,`goods_price`,`subtotal`) VALUES (8,'短裙','./Public/Uploads/2016-04-13/570d8d318a3e6.jpg',1,'180.00','180.00') [ RunTime:0.000371s ]
SQL: INSERT INTO `cz_order_goods` (`goods_id`,`goods_name`,`goods_img`,`goods_num`,`goods_price`,`subtotal`) VALUES (5,'小米5','./Public/Uploads/2016-04-09/5708d69587c48.jpg',1,'1999.00','1999.00') [ RunTime:0.000324s ]

[ 2016-05-26T07:49:40+08:00 ] ::1 /shop/index.php/Home/Shop/www.baidu.com
ERR: 非法操作:www.baidu.com

[ 2016-05-26T07:52:46+08:00 ] ::1 /shop/index.php/Home/Shop/www.baidu.com
ERR: 非法操作:www.baidu.com

[ 2016-05-26T07:52:50+08:00 ] ::1 /shop/index.php/Home/Shop/order
INFO: [ app_begin ] --START--
INFO: Run Behavior\ReadHtmlCacheBehavior [ RunTime:0.000950s ]
INFO: [ app_begin ] --END-- [ RunTime:0.001565s ]
NOTIC: [8192] mysql_connect(): The mysql extension is deprecated and will be removed in the future: use mysqli or PDO instead D:\wamp\www\shop\ThinkPHP\Library\Think\Db\Driver\Mysql.class.php 第 52 行.
SQL: SHOW COLUMNS FROM `cz_category` [ RunTime:0.008594s ]
SQL: SELECT * FROM `cz_category`  [ RunTime:0.000416s ]
SQL: SHOW COLUMNS FROM `cz_shopcart` [ RunTime:0.003138s ]
SQL: SELECT * FROM `cz_shopcart` WHERE `user_id` = 1  [ RunTime:0.000350s ]
SQL: SELECT SUM(subtotal) AS tp_sum FROM `cz_shopcart` WHERE ( user_id=1 ) LIMIT 1   [ RunTime:0.000312s ]
SQL: SHOW COLUMNS FROM `cz_shipping` [ RunTime:0.002928s ]
SQL: SELECT `shipping_fee` FROM `cz_shipping` WHERE ( shipping_id=1 ) LIMIT 1   [ RunTime:0.000362s ]
SQL: SHOW COLUMNS FROM `cz_order` [ RunTime:0.003511s ]
SQL: INSERT INTO `cz_order` (`address_id`,`shipping_id`,`pay_id`,`postscripts`,`order_sn`,`user_id`,`goods_amount`,`order_amount`) VALUES ('1','1','1','',1464220370,'1','2179.00',2189) [ RunTime:0.000317s ]
NOTIC: [8] Undefined index: mapping_name D:\wamp\www\shop\ThinkPHP\Library\Think\Model\RelationModel.class.php 第 259 行.
SQL: SELECT cz_goods.goods_id,cz_goods.goods_name,cz_goods.goods_img,cz_shopcart.goods_num,cz_shopcart.goods_price,cz_shopcart.subtotal FROM `cz_shopcart` INNER JOIN cz_goods ON cz_goods.goods_id = cz_shopcart.goods_id  WHERE ( user_id=1 )  [ RunTime:0.000436s ]
SQL: SHOW COLUMNS FROM `cz_order_goods` [ RunTime:0.003469s ]
SQL: INSERT INTO `cz_order_goods` (`goods_id`,`goods_name`,`goods_img`,`goods_num`,`goods_price`,`subtotal`) VALUES (8,'短裙','./Public/Uploads/2016-04-13/570d8d318a3e6.jpg',1,'180.00','180.00') [ RunTime:0.000342s ]
SQL: INSERT INTO `cz_order_goods` (`goods_id`,`goods_name`,`goods_img`,`goods_num`,`goods_price`,`subtotal`) VALUES (5,'小米5','./Public/Uploads/2016-04-09/5708d69587c48.jpg',1,'1999.00','1999.00') [ RunTime:0.000267s ]

[ 2016-05-26T07:52:51+08:00 ] ::1 /shop/index.php/Home/Shop/www.baidu.com
ERR: 非法操作:www.baidu.com

[ 2016-05-26T07:53:00+08:00 ] ::1 /shop/index.php/Home/Shop/order
INFO: [ app_begin ] --START--
INFO: Run Behavior\ReadHtmlCacheBehavior [ RunTime:0.000986s ]
INFO: [ app_begin ] --END-- [ RunTime:0.001821s ]
NOTIC: [8192] mysql_connect(): The mysql extension is deprecated and will be removed in the future: use mysqli or PDO instead D:\wamp\www\shop\ThinkPHP\Library\Think\Db\Driver\Mysql.class.php 第 52 行.
SQL: SHOW COLUMNS FROM `cz_category` [ RunTime:0.003382s ]
SQL: SELECT * FROM `cz_category`  [ RunTime:0.000381s ]
SQL: SHOW COLUMNS FROM `cz_shopcart` [ RunTime:0.003293s ]
SQL: SELECT * FROM `cz_shopcart` WHERE `user_id` = 1  [ RunTime:0.000388s ]
SQL: SELECT SUM(subtotal) AS tp_sum FROM `cz_shopcart` WHERE ( user_id=1 ) LIMIT 1   [ RunTime:0.000348s ]
SQL: SHOW COLUMNS FROM `cz_shipping` [ RunTime:0.003336s ]
SQL: SELECT `shipping_fee` FROM `cz_shipping` WHERE ( shipping_id=1 ) LIMIT 1   [ RunTime:0.000333s ]
SQL: SHOW COLUMNS FROM `cz_order` [ RunTime:0.003527s ]
SQL: INSERT INTO `cz_order` (`address_id`,`shipping_id`,`pay_id`,`postscripts`,`order_sn`,`user_id`,`goods_amount`,`order_amount`) VALUES ('1','1','1','',1464220380,'1','2179.00',2189) [ RunTime:0.000423s ]
NOTIC: [8] Undefined index: mapping_name D:\wamp\www\shop\ThinkPHP\Library\Think\Model\RelationModel.class.php 第 259 行.
SQL: SELECT cz_goods.goods_id,cz_goods.goods_name,cz_goods.goods_img,cz_shopcart.goods_num,cz_shopcart.goods_price,cz_shopcart.subtotal FROM `cz_shopcart` INNER JOIN cz_goods ON cz_goods.goods_id = cz_shopcart.goods_id  WHERE ( user_id=1 )  [ RunTime:0.000496s ]
SQL: SHOW COLUMNS FROM `cz_order_goods` [ RunTime:0.003817s ]
SQL: INSERT INTO `cz_order_goods` (`goods_id`,`goods_name`,`goods_img`,`goods_num`,`goods_price`,`subtotal`) VALUES (8,'短裙','./Public/Uploads/2016-04-13/570d8d318a3e6.jpg',1,'180.00','180.00') [ RunTime:0.000387s ]
SQL: INSERT INTO `cz_order_goods` (`goods_id`,`goods_name`,`goods_img`,`goods_num`,`goods_price`,`subtotal`) VALUES (5,'小米5','./Public/Uploads/2016-04-09/5708d69587c48.jpg',1,'1999.00','1999.00') [ RunTime:0.000607s ]

[ 2016-05-26T07:53:28+08:00 ] ::1 /shop/index.php/Home/Shop/order
INFO: [ app_begin ] --START--
INFO: Run Behavior\ReadHtmlCacheBehavior [ RunTime:0.000743s ]
INFO: [ app_begin ] --END-- [ RunTime:0.001307s ]
NOTIC: [8192] mysql_connect(): The mysql extension is deprecated and will be removed in the future: use mysqli or PDO instead D:\wamp\www\shop\ThinkPHP\Library\Think\Db\Driver\Mysql.class.php 第 52 行.
SQL: SHOW COLUMNS FROM `cz_category` [ RunTime:0.006089s ]
SQL: SELECT * FROM `cz_category`  [ RunTime:0.000411s ]
SQL: SHOW COLUMNS FROM `cz_shopcart` [ RunTime:0.003617s ]
SQL: SELECT * FROM `cz_shopcart` WHERE `user_id` = 1  [ RunTime:0.000339s ]
SQL: SELECT SUM(subtotal) AS tp_sum FROM `cz_shopcart` WHERE ( user_id=1 ) LIMIT 1   [ RunTime:0.000309s ]
SQL: SHOW COLUMNS FROM `cz_shipping` [ RunTime:0.003584s ]
SQL: SELECT `shipping_fee` FROM `cz_shipping` WHERE ( shipping_id=1 ) LIMIT 1   [ RunTime:0.000311s ]
SQL: SHOW COLUMNS FROM `cz_order` [ RunTime:0.003946s ]
SQL: INSERT INTO `cz_order` (`address_id`,`shipping_id`,`pay_id`,`postscripts`,`order_sn`,`user_id`,`goods_amount`,`order_amount`) VALUES ('1','1','1','',1464220408,'1','2179.00',2189) [ RunTime:0.000329s ]
NOTIC: [8] Undefined index: mapping_name D:\wamp\www\shop\ThinkPHP\Library\Think\Model\RelationModel.class.php 第 259 行.
SQL: SELECT cz_goods.goods_id,cz_goods.goods_name,cz_goods.goods_img,cz_shopcart.goods_num,cz_shopcart.goods_price,cz_shopcart.subtotal FROM `cz_shopcart` INNER JOIN cz_goods ON cz_goods.goods_id = cz_shopcart.goods_id  WHERE ( user_id=1 )  [ RunTime:0.000473s ]
SQL: SHOW COLUMNS FROM `cz_order_goods` [ RunTime:0.004029s ]
SQL: INSERT INTO `cz_order_goods` (`goods_id`,`goods_name`,`goods_img`,`goods_num`,`goods_price`,`subtotal`) VALUES (8,'短裙','./Public/Uploads/2016-04-13/570d8d318a3e6.jpg',1,'180.00','180.00') [ RunTime:0.000304s ]
SQL: INSERT INTO `cz_order_goods` (`goods_id`,`goods_name`,`goods_img`,`goods_num`,`goods_price`,`subtotal`) VALUES (5,'小米5','./Public/Uploads/2016-04-09/5708d69587c48.jpg',1,'1999.00','1999.00') [ RunTime:0.000275s ]

[ 2016-05-26T07:53:56+08:00 ] ::1 /shop/index.php/Home/Shop/order
INFO: [ app_begin ] --START--
INFO: Run Behavior\ReadHtmlCacheBehavior [ RunTime:0.000931s ]
INFO: [ app_begin ] --END-- [ RunTime:0.001553s ]
NOTIC: [8192] mysql_connect(): The mysql extension is deprecated and will be removed in the future: use mysqli or PDO instead D:\wamp\www\shop\ThinkPHP\Library\Think\Db\Driver\Mysql.class.php 第 52 行.
SQL: SHOW COLUMNS FROM `cz_category` [ RunTime:0.003591s ]
SQL: SELECT * FROM `cz_category`  [ RunTime:0.000415s ]
SQL: SHOW COLUMNS FROM `cz_shopcart` [ RunTime:0.003648s ]
SQL: SELECT * FROM `cz_shopcart` WHERE `user_id` = 1  [ RunTime:0.000396s ]
SQL: SELECT SUM(subtotal) AS tp_sum FROM `cz_shopcart` WHERE ( user_id=1 ) LIMIT 1   [ RunTime:0.000310s ]
SQL: SHOW COLUMNS FROM `cz_shipping` [ RunTime:0.004328s ]
SQL: SELECT `shipping_fee` FROM `cz_shipping` WHERE ( shipping_id=1 ) LIMIT 1   [ RunTime:0.000319s ]
SQL: SHOW COLUMNS FROM `cz_order` [ RunTime:0.003672s ]
SQL: INSERT INTO `cz_order` (`address_id`,`shipping_id`,`pay_id`,`postscripts`,`order_sn`,`user_id`,`goods_amount`,`order_amount`) VALUES ('1','1','1','',1464220436,'1','2179.00',2189) [ RunTime:0.000378s ]
NOTIC: [8] Undefined index: mapping_name D:\wamp\www\shop\ThinkPHP\Library\Think\Model\RelationModel.class.php 第 259 行.
SQL: SELECT cz_goods.goods_id,cz_goods.goods_name,cz_goods.goods_img,cz_shopcart.goods_num,cz_shopcart.goods_price,cz_shopcart.subtotal FROM `cz_shopcart` INNER JOIN cz_goods ON cz_goods.goods_id = cz_shopcart.goods_id  WHERE ( user_id=1 )  [ RunTime:0.000525s ]
SQL: SHOW COLUMNS FROM `cz_order_goods` [ RunTime:0.003604s ]
SQL: INSERT INTO `cz_order_goods` (`goods_id`,`goods_name`,`goods_img`,`goods_num`,`goods_price`,`subtotal`) VALUES (8,'短裙','./Public/Uploads/2016-04-13/570d8d318a3e6.jpg',1,'180.00','180.00') [ RunTime:0.000337s ]
SQL: INSERT INTO `cz_order_goods` (`goods_id`,`goods_name`,`goods_img`,`goods_num`,`goods_price`,`subtotal`) VALUES (5,'小米5','./Public/Uploads/2016-04-09/5708d69587c48.jpg',1,'1999.00','1999.00') [ RunTime:0.000261s ]

[ 2016-05-26T07:54:03+08:00 ] ::1 /shop/index.php/Home/Shop/order
INFO: [ app_begin ] --START--
INFO: Run Behavior\ReadHtmlCacheBehavior [ RunTime:0.000859s ]
INFO: [ app_begin ] --END-- [ RunTime:0.001549s ]
NOTIC: [8192] mysql_connect(): The mysql extension is deprecated and will be removed in the future: use mysqli or PDO instead D:\wamp\www\shop\ThinkPHP\Library\Think\Db\Driver\Mysql.class.php 第 52 行.
SQL: SHOW COLUMNS FROM `cz_category` [ RunTime:0.003559s ]
SQL: SELECT * FROM `cz_category`  [ RunTime:0.000364s ]
SQL: SHOW COLUMNS FROM `cz_shopcart` [ RunTime:0.003867s ]
SQL: SELECT * FROM `cz_shopcart` WHERE `user_id` = 1  [ RunTime:0.000341s ]
SQL: SELECT SUM(subtotal) AS tp_sum FROM `cz_shopcart` WHERE ( user_id=1 ) LIMIT 1   [ RunTime:0.000295s ]
SQL: SHOW COLUMNS FROM `cz_shipping` [ RunTime:0.003591s ]
SQL: SELECT `shipping_fee` FROM `cz_shipping` WHERE ( shipping_id=1 ) LIMIT 1   [ RunTime:0.000300s ]
SQL: SHOW COLUMNS FROM `cz_order` [ RunTime:0.003979s ]
SQL: INSERT INTO `cz_order` (`address_id`,`shipping_id`,`pay_id`,`postscripts`,`order_sn`,`user_id`,`goods_amount`,`order_amount`) VALUES ('1','1','1','',1464220443,'1','2179.00',2189) [ RunTime:0.000358s ]
NOTIC: [8] Undefined index: mapping_name D:\wamp\www\shop\ThinkPHP\Library\Think\Model\RelationModel.class.php 第 259 行.
SQL: SELECT cz_goods.goods_id,cz_goods.goods_name,cz_goods.goods_img,cz_shopcart.goods_num,cz_shopcart.goods_price,cz_shopcart.subtotal FROM `cz_shopcart` INNER JOIN cz_goods ON cz_goods.goods_id = cz_shopcart.goods_id  WHERE ( user_id=1 )  [ RunTime:0.000433s ]
SQL: SHOW COLUMNS FROM `cz_order_goods` [ RunTime:0.004256s ]
SQL: INSERT INTO `cz_order_goods` (`goods_id`,`goods_name`,`goods_img`,`goods_num`,`goods_price`,`subtotal`) VALUES (8,'短裙','./Public/Uploads/2016-04-13/570d8d318a3e6.jpg',1,'180.00','180.00') [ RunTime:0.000324s ]
SQL: INSERT INTO `cz_order_goods` (`goods_id`,`goods_name`,`goods_img`,`goods_num`,`goods_price`,`subtotal`) VALUES (5,'小米5','./Public/Uploads/2016-04-09/5708d69587c48.jpg',1,'1999.00','1999.00') [ RunTime:0.000264s ]

[ 2016-05-26T07:54:48+08:00 ] ::1 /shop/index.php/Home/Shop/order
INFO: [ app_begin ] --START--
INFO: Run Behavior\ReadHtmlCacheBehavior [ RunTime:0.001109s ]
INFO: [ app_begin ] --END-- [ RunTime:0.002072s ]
NOTIC: [8192] mysql_connect(): The mysql extension is deprecated and will be removed in the future: use mysqli or PDO instead D:\wamp\www\shop\ThinkPHP\Library\Think\Db\Driver\Mysql.class.php 第 52 行.
SQL: SHOW COLUMNS FROM `cz_category` [ RunTime:0.003710s ]
SQL: SELECT * FROM `cz_category`  [ RunTime:0.000347s ]
SQL: SHOW COLUMNS FROM `cz_shopcart` [ RunTime:0.003694s ]
SQL: SELECT * FROM `cz_shopcart` WHERE `user_id` = 1  [ RunTime:0.000387s ]
SQL: SELECT SUM(subtotal) AS tp_sum FROM `cz_shopcart` WHERE ( user_id=1 ) LIMIT 1   [ RunTime:0.000311s ]
SQL: SHOW COLUMNS FROM `cz_shipping` [ RunTime:0.004081s ]
SQL: SELECT `shipping_fee` FROM `cz_shipping` WHERE ( shipping_id=1 ) LIMIT 1   [ RunTime:0.000312s ]
SQL: SHOW COLUMNS FROM `cz_order` [ RunTime:0.003790s ]
SQL: INSERT INTO `cz_order` (`address_id`,`shipping_id`,`pay_id`,`postscripts`,`order_sn`,`user_id`,`goods_amount`,`order_amount`) VALUES ('1','1','1','',1464220488,'1','2179.00',2189) [ RunTime:0.000341s ]
NOTIC: [8] Undefined index: mapping_name D:\wamp\www\shop\ThinkPHP\Library\Think\Model\RelationModel.class.php 第 259 行.
SQL: SELECT cz_goods.goods_id,cz_goods.goods_name,cz_goods.goods_img,cz_shopcart.goods_num,cz_shopcart.goods_price,cz_shopcart.subtotal FROM `cz_shopcart` INNER JOIN cz_goods ON cz_goods.goods_id = cz_shopcart.goods_id  WHERE ( user_id=1 )  [ RunTime:0.000394s ]
SQL: SHOW COLUMNS FROM `cz_order_goods` [ RunTime:0.003525s ]
SQL: INSERT INTO `cz_order_goods` (`goods_id`,`goods_name`,`goods_img`,`goods_num`,`goods_price`,`subtotal`) VALUES (8,'短裙','./Public/Uploads/2016-04-13/570d8d318a3e6.jpg',1,'180.00','180.00') [ RunTime:0.000286s ]
SQL: INSERT INTO `cz_order_goods` (`goods_id`,`goods_name`,`goods_img`,`goods_num`,`goods_price`,`subtotal`) VALUES (5,'小米5','./Public/Uploads/2016-04-09/5708d69587c48.jpg',1,'1999.00','1999.00') [ RunTime:0.000257s ]

[ 2016-05-26T07:54:53+08:00 ] ::1 /shop/index.php/Home/Shop/order
INFO: [ app_begin ] --START--
INFO: Run Behavior\ReadHtmlCacheBehavior [ RunTime:0.000734s ]
INFO: [ app_begin ] --END-- [ RunTime:0.001297s ]
NOTIC: [8192] mysql_connect(): The mysql extension is deprecated and will be removed in the future: use mysqli or PDO instead D:\wamp\www\shop\ThinkPHP\Library\Think\Db\Driver\Mysql.class.php 第 52 行.
SQL: SHOW COLUMNS FROM `cz_category` [ RunTime:0.003544s ]
SQL: SELECT * FROM `cz_category`  [ RunTime:0.000437s ]
SQL: SHOW COLUMNS FROM `cz_shopcart` [ RunTime:0.003537s ]
SQL: SELECT * FROM `cz_shopcart` WHERE `user_id` = 1  [ RunTime:0.000360s ]
SQL: SELECT SUM(subtotal) AS tp_sum FROM `cz_shopcart` WHERE ( user_id=1 ) LIMIT 1   [ RunTime:0.000296s ]
SQL: SHOW COLUMNS FROM `cz_shipping` [ RunTime:0.003771s ]
SQL: SELECT `shipping_fee` FROM `cz_shipping` WHERE ( shipping_id=1 ) LIMIT 1   [ RunTime:0.000344s ]
SQL: SHOW COLUMNS FROM `cz_order` [ RunTime:0.003872s ]
SQL: INSERT INTO `cz_order` (`address_id`,`shipping_id`,`pay_id`,`postscripts`,`order_sn`,`user_id`,`goods_amount`,`order_amount`) VALUES ('1','1','1','',1464220493,'1','2179.00',2189) [ RunTime:0.000322s ]
NOTIC: [8] Undefined index: mapping_name D:\wamp\www\shop\ThinkPHP\Library\Think\Model\RelationModel.class.php 第 259 行.
SQL: SELECT cz_goods.goods_id,cz_goods.goods_name,cz_goods.goods_img,cz_shopcart.goods_num,cz_shopcart.goods_price,cz_shopcart.subtotal FROM `cz_shopcart` INNER JOIN cz_goods ON cz_goods.goods_id = cz_shopcart.goods_id  WHERE ( user_id=1 )  [ RunTime:0.000399s ]
SQL: SHOW COLUMNS FROM `cz_order_goods` [ RunTime:0.003751s ]
SQL: INSERT INTO `cz_order_goods` (`goods_id`,`goods_name`,`goods_img`,`goods_num`,`goods_price`,`subtotal`) VALUES (8,'短裙','./Public/Uploads/2016-04-13/570d8d318a3e6.jpg',1,'180.00','180.00') [ RunTime:0.000299s ]
SQL: INSERT INTO `cz_order_goods` (`goods_id`,`goods_name`,`goods_img`,`goods_num`,`goods_price`,`subtotal`) VALUES (5,'小米5','./Public/Uploads/2016-04-09/5708d69587c48.jpg',1,'1999.00','1999.00') [ RunTime:0.000263s ]

[ 2016-05-26T07:55:18+08:00 ] ::1 /shop/index.php/Home/Shop/order
INFO: [ app_begin ] --START--
INFO: Run Behavior\ReadHtmlCacheBehavior [ RunTime:0.001726s ]
INFO: [ app_begin ] --END-- [ RunTime:0.002450s ]
NOTIC: [8192] mysql_connect(): The mysql extension is deprecated and will be removed in the future: use mysqli or PDO instead D:\wamp\www\shop\ThinkPHP\Library\Think\Db\Driver\Mysql.class.php 第 52 行.
SQL: SHOW COLUMNS FROM `cz_category` [ RunTime:0.003820s ]
SQL: SELECT * FROM `cz_category`  [ RunTime:0.000415s ]
SQL: SHOW COLUMNS FROM `cz_shopcart` [ RunTime:0.004086s ]
SQL: SELECT * FROM `cz_shopcart` WHERE `user_id` = 1  [ RunTime:0.000384s ]
SQL: SELECT SUM(subtotal) AS tp_sum FROM `cz_shopcart` WHERE ( user_id=1 ) LIMIT 1   [ RunTime:0.000296s ]
SQL: SHOW COLUMNS FROM `cz_shipping` [ RunTime:0.003929s ]
SQL: SELECT `shipping_fee` FROM `cz_shipping` WHERE ( shipping_id=1 ) LIMIT 1   [ RunTime:0.000346s ]
SQL: SHOW COLUMNS FROM `cz_order` [ RunTime:0.003845s ]
SQL: INSERT INTO `cz_order` (`address_id`,`shipping_id`,`pay_id`,`postscripts`,`order_sn`,`user_id`,`goods_amount`,`order_amount`) VALUES ('1','1','1','',1464220518,'1','2179.00',2189) [ RunTime:0.000375s ]
NOTIC: [8] Undefined index: mapping_name D:\wamp\www\shop\ThinkPHP\Library\Think\Model\RelationModel.class.php 第 259 行.
SQL: SELECT cz_goods.goods_id,cz_goods.goods_name,cz_goods.goods_img,cz_shopcart.goods_num,cz_shopcart.goods_price,cz_shopcart.subtotal FROM `cz_shopcart` INNER JOIN cz_goods ON cz_goods.goods_id = cz_shopcart.goods_id  WHERE ( user_id=1 )  [ RunTime:0.000404s ]
SQL: SHOW COLUMNS FROM `cz_order_goods` [ RunTime:0.003712s ]
SQL: INSERT INTO `cz_order_goods` (`goods_id`,`goods_name`,`goods_img`,`goods_num`,`goods_price`,`subtotal`) VALUES (8,'短裙','./Public/Uploads/2016-04-13/570d8d318a3e6.jpg',1,'180.00','180.00') [ RunTime:0.000328s ]
SQL: INSERT INTO `cz_order_goods` (`goods_id`,`goods_name`,`goods_img`,`goods_num`,`goods_price`,`subtotal`) VALUES (5,'小米5','./Public/Uploads/2016-04-09/5708d69587c48.jpg',1,'1999.00','1999.00') [ RunTime:0.000291s ]

[ 2016-05-26T07:55:47+08:00 ] ::1 /shop/index.php/Home/Shop/order
INFO: [ app_begin ] --START--
INFO: Run Behavior\ReadHtmlCacheBehavior [ RunTime:0.000793s ]
INFO: [ app_begin ] --END-- [ RunTime:0.001451s ]
NOTIC: [8192] mysql_connect(): The mysql extension is deprecated and will be removed in the future: use mysqli or PDO instead D:\wamp\www\shop\ThinkPHP\Library\Think\Db\Driver\Mysql.class.php 第 52 行.
SQL: SHOW COLUMNS FROM `cz_category` [ RunTime:0.003892s ]
SQL: SELECT * FROM `cz_category`  [ RunTime:0.000410s ]
SQL: SHOW COLUMNS FROM `cz_shopcart` [ RunTime:0.003496s ]
SQL: SELECT * FROM `cz_shopcart` WHERE `user_id` = 1  [ RunTime:0.000357s ]
SQL: SELECT SUM(subtotal) AS tp_sum FROM `cz_shopcart` WHERE ( user_id=1 ) LIMIT 1   [ RunTime:0.000291s ]
SQL: SHOW COLUMNS FROM `cz_shipping` [ RunTime:0.003840s ]
SQL: SELECT `shipping_fee` FROM `cz_shipping` WHERE ( shipping_id=1 ) LIMIT 1   [ RunTime:0.000317s ]
SQL: SHOW COLUMNS FROM `cz_order` [ RunTime:0.003815s ]
SQL: INSERT INTO `cz_order` (`address_id`,`shipping_id`,`pay_id`,`postscripts`,`order_sn`,`user_id`,`goods_amount`,`order_amount`) VALUES ('1','1','1','',1464220547,'1','2179.00',2189) [ RunTime:0.000314s ]
NOTIC: [8] Undefined index: mapping_name D:\wamp\www\shop\ThinkPHP\Library\Think\Model\RelationModel.class.php 第 259 行.
SQL: SELECT cz_goods.goods_id,cz_goods.goods_name,cz_goods.goods_img,cz_shopcart.goods_num,cz_shopcart.goods_price,cz_shopcart.subtotal FROM `cz_shopcart` INNER JOIN cz_goods ON cz_goods.goods_id = cz_shopcart.goods_id  WHERE ( user_id=1 )  [ RunTime:0.000402s ]
SQL: SHOW COLUMNS FROM `cz_order_goods` [ RunTime:0.003914s ]
SQL: INSERT INTO `cz_order_goods` (`goods_id`,`goods_name`,`goods_img`,`goods_num`,`goods_price`,`subtotal`) VALUES (8,'短裙','./Public/Uploads/2016-04-13/570d8d318a3e6.jpg',1,'180.00','180.00') [ RunTime:0.000291s ]
SQL: INSERT INTO `cz_order_goods` (`goods_id`,`goods_name`,`goods_img`,`goods_num`,`goods_price`,`subtotal`) VALUES (5,'小米5','./Public/Uploads/2016-04-09/5708d69587c48.jpg',1,'1999.00','1999.00') [ RunTime:0.000271s ]

[ 2016-05-26T08:02:14+08:00 ] ::1 /shop/index.php/Home/Login/index.html
INFO: [ app_begin ] --START--
INFO: Run Behavior\ReadHtmlCacheBehavior [ RunTime:0.002224s ]
INFO: [ app_begin ] --END-- [ RunTime:0.003859s ]
NOTIC: [8192] mysql_connect(): The mysql extension is deprecated and will be removed in the future: use mysqli or PDO instead D:\wamp\www\shop\ThinkPHP\Library\Think\Db\Driver\Mysql.class.php 第 52 行.
SQL: SHOW COLUMNS FROM `cz_category` [ RunTime:0.014490s ]
SQL: SELECT * FROM `cz_category`  [ RunTime:0.001149s ]
SQL: SHOW COLUMNS FROM `cz_user` [ RunTime:0.010790s ]
SQL: SELECT * FROM `cz_user` WHERE `user_name` = '刘定邦' AND `password` = '864ce000907148c15695d87a552dcf5e' LIMIT 1   [ RunTime:0.000939s ]

[ 2016-05-26T08:02:23+08:00 ] ::1 /shop/index.php/Home/Shop/order
INFO: [ app_begin ] --START--
INFO: Run Behavior\ReadHtmlCacheBehavior [ RunTime:0.003094s ]
INFO: [ app_begin ] --END-- [ RunTime:0.005176s ]
NOTIC: [8192] mysql_connect(): The mysql extension is deprecated and will be removed in the future: use mysqli or PDO instead D:\wamp\www\shop\ThinkPHP\Library\Think\Db\Driver\Mysql.class.php 第 52 行.
SQL: SHOW COLUMNS FROM `cz_category` [ RunTime:0.010810s ]
SQL: SELECT * FROM `cz_category`  [ RunTime:0.001063s ]
SQL: SHOW COLUMNS FROM `cz_shopcart` [ RunTime:0.010337s ]
SQL: SELECT * FROM `cz_shopcart` WHERE `user_id` = 1  [ RunTime:0.000961s ]
SQL: SELECT SUM(subtotal) AS tp_sum FROM `cz_shopcart` WHERE ( user_id=1 ) LIMIT 1   [ RunTime:0.000808s ]
SQL: SHOW COLUMNS FROM `cz_shipping` [ RunTime:0.010484s ]
SQL: SELECT `shipping_fee` FROM `cz_shipping` WHERE ( shipping_id=1 ) LIMIT 1   [ RunTime:0.000790s ]
SQL: SHOW COLUMNS FROM `cz_order` [ RunTime:0.011627s ]
SQL: INSERT INTO `cz_order` (`address_id`,`shipping_id`,`pay_id`,`postscripts`,`order_sn`,`user_id`,`goods_amount`,`order_amount`) VALUES ('1','1','1','',1464220943,'1','2179.00',2189) [ RunTime:0.000868s ]
NOTIC: [8] Undefined index: mapping_name D:\wamp\www\shop\ThinkPHP\Library\Think\Model\RelationModel.class.php 第 259 行.
SQL: SELECT cz_goods.goods_id,cz_goods.goods_name,cz_goods.goods_img,cz_shopcart.goods_num,cz_shopcart.goods_price,cz_shopcart.subtotal FROM `cz_shopcart` INNER JOIN cz_goods ON cz_goods.goods_id = cz_shopcart.goods_id  WHERE ( user_id=1 )  [ RunTime:0.001094s ]
SQL: SHOW COLUMNS FROM `cz_order_goods` [ RunTime:0.011718s ]
SQL: INSERT INTO `cz_order_goods` (`goods_id`,`goods_name`,`goods_img`,`goods_num`,`goods_price`,`subtotal`) VALUES (8,'短裙','./Public/Uploads/2016-04-13/570d8d318a3e6.jpg',1,'180.00','180.00') [ RunTime:0.000857s ]
SQL: INSERT INTO `cz_order_goods` (`goods_id`,`goods_name`,`goods_img`,`goods_num`,`goods_price`,`subtotal`) VALUES (5,'小米5','./Public/Uploads/2016-04-09/5708d69587c48.jpg',1,'1999.00','1999.00') [ RunTime:0.000755s ]

[ 2016-05-26T08:06:21+08:00 ] ::1 /shop/index.php/Home/Shop/order
INFO: [ app_begin ] --START--
INFO: Run Behavior\ReadHtmlCacheBehavior [ RunTime:0.003822s ]
INFO: [ app_begin ] --END-- [ RunTime:0.006707s ]
NOTIC: [8192] mysql_connect(): The mysql extension is deprecated and will be removed in the future: use mysqli or PDO instead D:\wamp\www\shop\ThinkPHP\Library\Think\Db\Driver\Mysql.class.php 第 52 行.
SQL: SHOW COLUMNS FROM `cz_category` [ RunTime:0.012479s ]
SQL: SELECT * FROM `cz_category`  [ RunTime:0.001050s ]
SQL: SHOW COLUMNS FROM `cz_shopcart` [ RunTime:0.011057s ]
SQL: SELECT * FROM `cz_shopcart` WHERE `user_id` = 1  [ RunTime:0.000997s ]
SQL: SELECT SUM(subtotal) AS tp_sum FROM `cz_shopcart` WHERE ( user_id=1 ) LIMIT 1   [ RunTime:0.000750s ]
SQL: SHOW COLUMNS FROM `cz_shipping` [ RunTime:0.011755s ]
SQL: SELECT `shipping_fee` FROM `cz_shipping` WHERE ( shipping_id=1 ) LIMIT 1   [ RunTime:0.000791s ]
SQL: SHOW COLUMNS FROM `cz_order` [ RunTime:0.010968s ]
SQL: INSERT INTO `cz_order` (`address_id`,`shipping_id`,`pay_id`,`postscripts`,`order_sn`,`user_id`,`goods_amount`,`order_amount`) VALUES ('1','1','2','',1464221181,'1','2179.00',2189) [ RunTime:0.000961s ]
NOTIC: [8] Undefined index: mapping_name D:\wamp\www\shop\ThinkPHP\Library\Think\Model\RelationModel.class.php 第 259 行.
SQL: SELECT cz_goods.goods_id,cz_goods.goods_name,cz_goods.goods_img,cz_shopcart.goods_num,cz_shopcart.goods_price,cz_shopcart.subtotal FROM `cz_shopcart` INNER JOIN cz_goods ON cz_goods.goods_id = cz_shopcart.goods_id  WHERE ( user_id=1 )  [ RunTime:0.001065s ]
SQL: SHOW COLUMNS FROM `cz_order_goods` [ RunTime:0.011624s ]
SQL: INSERT INTO `cz_order_goods` (`goods_id`,`goods_name`,`goods_img`,`goods_num`,`goods_price`,`subtotal`) VALUES (8,'短裙','./Public/Uploads/2016-04-13/570d8d318a3e6.jpg',1,'180.00','180.00') [ RunTime:0.000851s ]
SQL: INSERT INTO `cz_order_goods` (`goods_id`,`goods_name`,`goods_img`,`goods_num`,`goods_price`,`subtotal`) VALUES (5,'小米5','./Public/Uploads/2016-04-09/5708d69587c48.jpg',1,'1999.00','1999.00') [ RunTime:0.000731s ]

[ 2016-05-26T10:25:27+08:00 ] ::1 /shop/index.php/Home/Login/index.html
INFO: [ app_begin ] --START--
INFO: Run Behavior\ReadHtmlCacheBehavior [ RunTime:0.002674s ]
INFO: [ app_begin ] --END-- [ RunTime:0.004535s ]
NOTIC: [8192] mysql_connect(): The mysql extension is deprecated and will be removed in the future: use mysqli or PDO instead D:\wamp\www\shop\ThinkPHP\Library\Think\Db\Driver\Mysql.class.php 第 52 行.
SQL: SHOW COLUMNS FROM `cz_category` [ RunTime:0.014294s ]
SQL: SELECT * FROM `cz_category`  [ RunTime:0.001107s ]
SQL: SHOW COLUMNS FROM `cz_user` [ RunTime:0.011145s ]
SQL: SELECT * FROM `cz_user` WHERE `user_name` = '刘定邦' AND `password` = '864ce000907148c15695d87a552dcf5e' LIMIT 1   [ RunTime:0.001291s ]

[ 2016-05-26T10:25:37+08:00 ] ::1 /shop/index.php/Home/Shop/order
INFO: [ app_begin ] --START--
INFO: Run Behavior\ReadHtmlCacheBehavior [ RunTime:0.002558s ]
INFO: [ app_begin ] --END-- [ RunTime:0.004761s ]
NOTIC: [8192] mysql_connect(): The mysql extension is deprecated and will be removed in the future: use mysqli or PDO instead D:\wamp\www\shop\ThinkPHP\Library\Think\Db\Driver\Mysql.class.php 第 52 行.
SQL: SHOW COLUMNS FROM `cz_category` [ RunTime:0.013486s ]
SQL: SELECT * FROM `cz_category`  [ RunTime:0.001120s ]
SQL: SHOW COLUMNS FROM `cz_shopcart` [ RunTime:0.011226s ]
SQL: SELECT * FROM `cz_shopcart` WHERE `user_id` = 1  [ RunTime:0.001089s ]
SQL: SELECT SUM(subtotal) AS tp_sum FROM `cz_shopcart` WHERE ( user_id=1 ) LIMIT 1   [ RunTime:0.000819s ]
SQL: SHOW COLUMNS FROM `cz_shipping` [ RunTime:0.012453s ]
SQL: SELECT `shipping_fee` FROM `cz_shipping` WHERE ( shipping_id=1 ) LIMIT 1   [ RunTime:0.000895s ]
SQL: SHOW COLUMNS FROM `cz_order` [ RunTime:0.011714s ]
SQL: INSERT INTO `cz_order` (`address_id`,`shipping_id`,`pay_id`,`postscripts`,`order_sn`,`user_id`,`goods_amount`,`order_amount`) VALUES ('1','1','1','',1464229537,'1','2179.00',2189) [ RunTime:0.001131s ]
NOTIC: [8] Undefined index: mapping_name D:\wamp\www\shop\ThinkPHP\Library\Think\Model\RelationModel.class.php 第 259 行.
SQL: SELECT cz_goods.goods_id,cz_goods.goods_name,cz_goods.goods_img,cz_shopcart.goods_num,cz_shopcart.goods_price,cz_shopcart.subtotal FROM `cz_shopcart` INNER JOIN cz_goods ON cz_goods.goods_id = cz_shopcart.goods_id  WHERE ( user_id=1 )  [ RunTime:0.001096s ]
SQL: SHOW COLUMNS FROM `cz_order_goods` [ RunTime:0.011687s ]
SQL: INSERT INTO `cz_order_goods` (`goods_id`,`goods_name`,`goods_img`,`goods_num`,`goods_price`,`subtotal`) VALUES (8,'短裙','./Public/Uploads/2016-04-13/570d8d318a3e6.jpg',1,'180.00','180.00') [ RunTime:0.000786s ]
SQL: INSERT INTO `cz_order_goods` (`goods_id`,`goods_name`,`goods_img`,`goods_num`,`goods_price`,`subtotal`) VALUES (5,'小米5','./Public/Uploads/2016-04-09/5708d69587c48.jpg',1,'1999.00','1999.00') [ RunTime:0.000913s ]

[ 2016-05-26T10:27:41+08:00 ] ::1 /shop/index.php/Home/Shop/order
INFO: [ app_begin ] --START--
INFO: Run Behavior\ReadHtmlCacheBehavior [ RunTime:0.002650s ]
INFO: [ app_begin ] --END-- [ RunTime:0.004914s ]
NOTIC: [8192] mysql_connect(): The mysql extension is deprecated and will be removed in the future: use mysqli or PDO instead D:\wamp\www\shop\ThinkPHP\Library\Think\Db\Driver\Mysql.class.php 第 52 行.
SQL: SHOW COLUMNS FROM `cz_category` [ RunTime:0.012496s ]
SQL: SELECT * FROM `cz_category`  [ RunTime:0.001090s ]
SQL: SHOW COLUMNS FROM `cz_shopcart` [ RunTime:0.010608s ]
SQL: SELECT * FROM `cz_shopcart` WHERE `user_id` = 1  [ RunTime:0.001049s ]
SQL: SELECT SUM(subtotal) AS tp_sum FROM `cz_shopcart` WHERE ( user_id=1 ) LIMIT 1   [ RunTime:0.001231s ]
SQL: SHOW COLUMNS FROM `cz_shipping` [ RunTime:0.014199s ]
SQL: SELECT `shipping_fee` FROM `cz_shipping` WHERE ( shipping_id=1 ) LIMIT 1   [ RunTime:0.000825s ]
SQL: SHOW COLUMNS FROM `cz_order` [ RunTime:0.012336s ]
SQL: INSERT INTO `cz_order` (`address_id`,`shipping_id`,`pay_id`,`postscripts`,`order_sn`,`user_id`,`goods_amount`,`order_amount`) VALUES ('1','1','1','',1464229661,'1','2179.00',2189) [ RunTime:0.000967s ]
NOTIC: [8] Undefined index: mapping_name D:\wamp\www\shop\ThinkPHP\Library\Think\Model\RelationModel.class.php 第 259 行.
SQL: SELECT cz_goods.goods_id,cz_goods.goods_name,cz_goods.goods_img,cz_shopcart.goods_num,cz_shopcart.goods_price,cz_shopcart.subtotal FROM `cz_shopcart` INNER JOIN cz_goods ON cz_goods.goods_id = cz_shopcart.goods_id  WHERE ( user_id=1 )  [ RunTime:0.001305s ]
SQL: SHOW COLUMNS FROM `cz_order_goods` [ RunTime:0.011627s ]
SQL: INSERT INTO `cz_order_goods` (`goods_id`,`goods_name`,`goods_img`,`goods_num`,`goods_price`,`subtotal`) VALUES (8,'短裙','./Public/Uploads/2016-04-13/570d8d318a3e6.jpg',1,'180.00','180.00') [ RunTime:0.000821s ]
SQL: INSERT INTO `cz_order_goods` (`goods_id`,`goods_name`,`goods_img`,`goods_num`,`goods_price`,`subtotal`) VALUES (5,'小米5','./Public/Uploads/2016-04-09/5708d69587c48.jpg',1,'1999.00','1999.00') [ RunTime:0.000730s ]

[ 2016-05-26T12:20:21+08:00 ] ::1 /shop/index.php/Home/Login/index.html
INFO: [ app_begin ] --START--
INFO: Run Behavior\ReadHtmlCacheBehavior [ RunTime:0.002670s ]
INFO: [ app_begin ] --END-- [ RunTime:0.004975s ]
NOTIC: [8192] mysql_connect(): The mysql extension is deprecated and will be removed in the future: use mysqli or PDO instead D:\wamp\www\shop\ThinkPHP\Library\Think\Db\Driver\Mysql.class.php 第 52 行.
SQL: SHOW COLUMNS FROM `cz_category` [ RunTime:0.010918s ]
SQL: SELECT * FROM `cz_category`  [ RunTime:0.000979s ]
SQL: SHOW COLUMNS FROM `cz_user` [ RunTime:0.009198s ]
SQL: SELECT * FROM `cz_user` WHERE `user_name` = '刘定邦' AND `password` = '864ce000907148c15695d87a552dcf5e' LIMIT 1   [ RunTime:0.000920s ]

