[ 2016-08-29T09:29:15+08:00 ] ::1 /shop/
INFO: [ app_init ] --START--
INFO: Run Behavior\BuildLiteBehavior [ RunTime:0.000029s ]
INFO: [ app_init ] --END-- [ RunTime:0.000919s ]
INFO: [ app_begin ] --START--
INFO: Run Behavior\ReadHtmlCacheBehavior [ RunTime:0.001659s ]
INFO: [ app_begin ] --END-- [ RunTime:0.001798s ]
NOTIC: [8192] mysql_connect(): The mysql extension is deprecated and will be removed in the future: use mysqli or PDO instead D:\wamp\www\shop\ThinkPHP\Library\Think\Db\Driver\Mysql.class.php 第 52 行.
SQL: SHOW COLUMNS FROM `cz_category` [ RunTime:0.039177s ]
SQL: SELECT * FROM `cz_category`  [ RunTime:0.000447s ]
SQL: SHOW COLUMNS FROM `cz_goods` [ RunTime:0.029686s ]
SQL: SELECT * FROM `cz_goods` WHERE `is_best` = 1 AND `is_onsale` = 1 ORDER BY goods_id desc LIMIT 4   [ RunTime:0.036418s ]
SQL: SELECT * FROM `cz_goods` WHERE `is_hot` = 1 ORDER BY goods_id desc LIMIT 4   [ RunTime:0.000411s ]
SQL: SELECT * FROM `cz_goods` WHERE `is_new` = 1 ORDER BY goods_id desc LIMIT 4   [ RunTime:0.000387s ]
SQL: SELECT * FROM `cz_goods` WHERE `cat_id` > 15 ORDER BY goods_id desc LIMIT 6   [ RunTime:0.022368s ]
SQL: SHOW COLUMNS FROM `cz_category` [ RunTime:0.003876s ]
SQL: SELECT * FROM `cz_category` WHERE ( parent_id=16 ) LIMIT 6   [ RunTime:0.000340s ]
SQL: SELECT * FROM `cz_category` WHERE ( parent_id=15 ) LIMIT 6   [ RunTime:0.000260s ]
SQL: SHOW COLUMNS FROM `cz_goods` [ RunTime:0.003923s ]
SQL: SELECT * FROM `cz_goods` ORDER BY click_count desc LIMIT 5   [ RunTime:0.000690s ]
INFO: [ view_parse ] --START--
INFO: [ template_filter ] --START--
INFO: Run Behavior\ContentReplaceBehavior [ RunTime:0.000297s ]
INFO: [ template_filter ] --END-- [ RunTime:0.000443s ]
NOTIC: [8] Undefined variable: user D:\wamp\www\shop\Application\Runtime\Cache\Home\2a94b8bda04ff446dcedd42276fc99ee.php 第 23 行.
NOTIC: [8] Undefined variable: num D:\wamp\www\shop\Application\Runtime\Cache\Home\2a94b8bda04ff446dcedd42276fc99ee.php 第 48 行.
NOTIC: [8] Undefined index: goods_id D:\wamp\www\shop\Application\Runtime\Cache\Home\2a94b8bda04ff446dcedd42276fc99ee.php 第 359 行.
INFO: Run Behavior\ParseTemplateBehavior [ RunTime:0.170013s ]
INFO: [ view_parse ] --END-- [ RunTime:0.170186s ]
INFO: [ view_filter ] --START--
INFO: Run Behavior\WriteHtmlCacheBehavior [ RunTime:0.013501s ]
INFO: [ view_filter ] --END-- [ RunTime:0.013699s ]
INFO: [ app_end ] --START--
INFO: Run Behavior\ShowPageTraceBehavior [ RunTime:0.002383s ]
INFO: [ app_end ] --END-- [ RunTime:0.002605s ]

[ 2016-08-29T09:29:29+08:00 ] ::1 /shop/
INFO: [ app_init ] --START--
INFO: Run Behavior\BuildLiteBehavior [ RunTime:0.000030s ]
INFO: [ app_init ] --END-- [ RunTime:0.000698s ]
INFO: [ app_begin ] --START--
INFO: Run Behavior\ReadHtmlCacheBehavior [ RunTime:0.000842s ]
INFO: [ app_begin ] --END-- [ RunTime:0.001042s ]
NOTIC: [8192] mysql_connect(): The mysql extension is deprecated and will be removed in the future: use mysqli or PDO instead D:\wamp\www\shop\ThinkPHP\Library\Think\Db\Driver\Mysql.class.php 第 52 行.
SQL: SHOW COLUMNS FROM `cz_category` [ RunTime:0.004420s ]
SQL: SELECT * FROM `cz_category`  [ RunTime:0.000393s ]
SQL: SHOW COLUMNS FROM `cz_goods` [ RunTime:0.004912s ]
SQL: SELECT * FROM `cz_goods` WHERE `is_best` = 1 AND `is_onsale` = 1 ORDER BY goods_id desc LIMIT 4   [ RunTime:0.000472s ]
SQL: SELECT * FROM `cz_goods` WHERE `is_hot` = 1 ORDER BY goods_id desc LIMIT 4   [ RunTime:0.000370s ]
SQL: SELECT * FROM `cz_goods` WHERE `is_new` = 1 ORDER BY goods_id desc LIMIT 4   [ RunTime:0.000355s ]
SQL: SELECT * FROM `cz_goods` WHERE `cat_id` > 15 ORDER BY goods_id desc LIMIT 6   [ RunTime:0.000382s ]
SQL: SHOW COLUMNS FROM `cz_category` [ RunTime:0.004239s ]
SQL: SELECT * FROM `cz_category` WHERE ( parent_id=16 ) LIMIT 6   [ RunTime:0.000468s ]
SQL: SELECT * FROM `cz_category` WHERE ( parent_id=15 ) LIMIT 6   [ RunTime:0.000304s ]
SQL: SHOW COLUMNS FROM `cz_goods` [ RunTime:0.005193s ]
SQL: SELECT * FROM `cz_goods` ORDER BY click_count desc LIMIT 5   [ RunTime:0.000466s ]
INFO: [ view_parse ] --START--
INFO: [ template_filter ] --START--
INFO: Run Behavior\ContentReplaceBehavior [ RunTime:0.000314s ]
INFO: [ template_filter ] --END-- [ RunTime:0.000473s ]
NOTIC: [8] Undefined variable: user D:\wamp\www\shop\Application\Runtime\Cache\Home\2a94b8bda04ff446dcedd42276fc99ee.php 第 23 行.
NOTIC: [8] Undefined variable: num D:\wamp\www\shop\Application\Runtime\Cache\Home\2a94b8bda04ff446dcedd42276fc99ee.php 第 48 行.
NOTIC: [8] Undefined index: goods_id D:\wamp\www\shop\Application\Runtime\Cache\Home\2a94b8bda04ff446dcedd42276fc99ee.php 第 359 行.
INFO: Run Behavior\ParseTemplateBehavior [ RunTime:0.036531s ]
INFO: [ view_parse ] --END-- [ RunTime:0.036703s ]
INFO: [ view_filter ] --START--
INFO: Run Behavior\WriteHtmlCacheBehavior [ RunTime:0.000551s ]
INFO: [ view_filter ] --END-- [ RunTime:0.000703s ]
INFO: [ app_end ] --START--
INFO: Run Behavior\ShowPageTraceBehavior [ RunTime:0.000940s ]
INFO: [ app_end ] --END-- [ RunTime:0.001120s ]

[ 2016-08-29T09:29:34+08:00 ] ::1 /shop/
INFO: [ app_init ] --START--
INFO: Run Behavior\BuildLiteBehavior [ RunTime:0.000032s ]
INFO: [ app_init ] --END-- [ RunTime:0.000589s ]
INFO: [ app_begin ] --START--
INFO: Run Behavior\ReadHtmlCacheBehavior [ RunTime:0.000560s ]
INFO: [ app_begin ] --END-- [ RunTime:0.000705s ]
NOTIC: [8192] mysql_connect(): The mysql extension is deprecated and will be removed in the future: use mysqli or PDO instead D:\wamp\www\shop\ThinkPHP\Library\Think\Db\Driver\Mysql.class.php 第 52 行.
SQL: SHOW COLUMNS FROM `cz_category` [ RunTime:0.004392s ]
SQL: SELECT * FROM `cz_category`  [ RunTime:0.000542s ]
SQL: SHOW COLUMNS FROM `cz_goods` [ RunTime:0.004507s ]
SQL: SELECT * FROM `cz_goods` WHERE `is_best` = 1 AND `is_onsale` = 1 ORDER BY goods_id desc LIMIT 4   [ RunTime:0.000458s ]
SQL: SELECT * FROM `cz_goods` WHERE `is_hot` = 1 ORDER BY goods_id desc LIMIT 4   [ RunTime:0.000354s ]
SQL: SELECT * FROM `cz_goods` WHERE `is_new` = 1 ORDER BY goods_id desc LIMIT 4   [ RunTime:0.000337s ]
SQL: SELECT * FROM `cz_goods` WHERE `cat_id` > 15 ORDER BY goods_id desc LIMIT 6   [ RunTime:0.000363s ]
SQL: SHOW COLUMNS FROM `cz_category` [ RunTime:0.003762s ]
SQL: SELECT * FROM `cz_category` WHERE ( parent_id=16 ) LIMIT 6   [ RunTime:0.000296s ]
SQL: SELECT * FROM `cz_category` WHERE ( parent_id=15 ) LIMIT 6   [ RunTime:0.000215s ]
SQL: SHOW COLUMNS FROM `cz_goods` [ RunTime:0.003711s ]
SQL: SELECT * FROM `cz_goods` ORDER BY click_count desc LIMIT 5   [ RunTime:0.000465s ]
INFO: [ view_parse ] --START--
INFO: [ template_filter ] --START--
INFO: Run Behavior\ContentReplaceBehavior [ RunTime:0.000314s ]
INFO: [ template_filter ] --END-- [ RunTime:0.000461s ]
NOTIC: [8] Undefined variable: user D:\wamp\www\shop\Application\Runtime\Cache\Home\2a94b8bda04ff446dcedd42276fc99ee.php 第 23 行.
NOTIC: [8] Undefined variable: num D:\wamp\www\shop\Application\Runtime\Cache\Home\2a94b8bda04ff446dcedd42276fc99ee.php 第 48 行.
NOTIC: [8] Undefined index: goods_id D:\wamp\www\shop\Application\Runtime\Cache\Home\2a94b8bda04ff446dcedd42276fc99ee.php 第 359 行.
INFO: Run Behavior\ParseTemplateBehavior [ RunTime:0.034067s ]
INFO: [ view_parse ] --END-- [ RunTime:0.034205s ]
INFO: [ view_filter ] --START--
INFO: Run Behavior\WriteHtmlCacheBehavior [ RunTime:0.000379s ]
INFO: [ view_filter ] --END-- [ RunTime:0.000505s ]
INFO: [ app_end ] --START--
INFO: Run Behavior\ShowPageTraceBehavior [ RunTime:0.000785s ]
INFO: [ app_end ] --END-- [ RunTime:0.000965s ]

