[ 2016-04-28T08:00:15+08:00 ] ::1 /shop/index.php/Home/Login/index.html
INFO: [ app_begin ] --START--
INFO: Run Behavior\ReadHtmlCacheBehavior [ RunTime:0.004068s ]
INFO: [ app_begin ] --END-- [ RunTime:0.006710s ]
NOTIC: [8192] mysql_connect(): The mysql extension is deprecated and will be removed in the future: use mysqli or PDO instead D:\wamp\www\shop\ThinkPHP\Library\Think\Db\Driver\Mysql.class.php 第 52 行.
SQL: SHOW COLUMNS FROM `cz_category` [ RunTime:0.013881s ]
SQL: SELECT * FROM `cz_category`  [ RunTime:0.001392s ]

[ 2016-04-28T08:00:17+08:00 ] ::1 /shop/index.php/Home/Login/index.html
INFO: [ app_begin ] --START--
INFO: Run Behavior\ReadHtmlCacheBehavior [ RunTime:0.002591s ]
INFO: [ app_begin ] --END-- [ RunTime:0.004736s ]
NOTIC: [8192] mysql_connect(): The mysql extension is deprecated and will be removed in the future: use mysqli or PDO instead D:\wamp\www\shop\ThinkPHP\Library\Think\Db\Driver\Mysql.class.php 第 52 行.
SQL: SHOW COLUMNS FROM `cz_category` [ RunTime:0.008917s ]
SQL: SELECT * FROM `cz_category`  [ RunTime:0.001032s ]

[ 2016-04-28T08:00:19+08:00 ] ::1 /shop/index.php/Home/Login/index.html
INFO: [ app_begin ] --START--
INFO: Run Behavior\ReadHtmlCacheBehavior [ RunTime:0.003620s ]
INFO: [ app_begin ] --END-- [ RunTime:0.005524s ]
NOTIC: [8192] mysql_connect(): The mysql extension is deprecated and will be removed in the future: use mysqli or PDO instead D:\wamp\www\shop\ThinkPHP\Library\Think\Db\Driver\Mysql.class.php 第 52 行.
SQL: SHOW COLUMNS FROM `cz_category` [ RunTime:0.008811s ]
SQL: SELECT * FROM `cz_category`  [ RunTime:0.001210s ]

[ 2016-04-28T08:00:23+08:00 ] ::1 /shop/index.php/Home/Login/index.html
INFO: [ app_begin ] --START--
INFO: Run Behavior\ReadHtmlCacheBehavior [ RunTime:0.002473s ]
INFO: [ app_begin ] --END-- [ RunTime:0.004126s ]
NOTIC: [8192] mysql_connect(): The mysql extension is deprecated and will be removed in the future: use mysqli or PDO instead D:\wamp\www\shop\ThinkPHP\Library\Think\Db\Driver\Mysql.class.php 第 52 行.
SQL: SHOW COLUMNS FROM `cz_category` [ RunTime:0.009076s ]
SQL: SELECT * FROM `cz_category`  [ RunTime:0.001006s ]

[ 2016-04-28T08:01:36+08:00 ] ::1 /shop/index.php/Home/Login/index.html
INFO: [ app_begin ] --START--
INFO: Run Behavior\ReadHtmlCacheBehavior [ RunTime:0.002440s ]
INFO: [ app_begin ] --END-- [ RunTime:0.004326s ]
NOTIC: [8192] mysql_connect(): The mysql extension is deprecated and will be removed in the future: use mysqli or PDO instead D:\wamp\www\shop\ThinkPHP\Library\Think\Db\Driver\Mysql.class.php 第 52 行.
SQL: SHOW COLUMNS FROM `cz_category` [ RunTime:0.009520s ]
SQL: SELECT * FROM `cz_category`  [ RunTime:0.001004s ]

[ 2016-04-28T08:01:39+08:00 ] ::1 /shop/index.php/Home/Login/index.html
INFO: [ app_begin ] --START--
INFO: Run Behavior\ReadHtmlCacheBehavior [ RunTime:0.002443s ]
INFO: [ app_begin ] --END-- [ RunTime:0.004506s ]
NOTIC: [8192] mysql_connect(): The mysql extension is deprecated and will be removed in the future: use mysqli or PDO instead D:\wamp\www\shop\ThinkPHP\Library\Think\Db\Driver\Mysql.class.php 第 52 行.
SQL: SHOW COLUMNS FROM `cz_category` [ RunTime:0.009657s ]
SQL: SELECT * FROM `cz_category`  [ RunTime:0.001035s ]

[ 2016-04-28T08:02:16+08:00 ] ::1 /shop/index.php/Home/Login/index.html
INFO: [ app_begin ] --START--
INFO: Run Behavior\ReadHtmlCacheBehavior [ RunTime:0.002467s ]
INFO: [ app_begin ] --END-- [ RunTime:0.004122s ]
NOTIC: [8192] mysql_connect(): The mysql extension is deprecated and will be removed in the future: use mysqli or PDO instead D:\wamp\www\shop\ThinkPHP\Library\Think\Db\Driver\Mysql.class.php 第 52 行.
SQL: SHOW COLUMNS FROM `cz_category` [ RunTime:0.009334s ]
SQL: SELECT * FROM `cz_category`  [ RunTime:0.001388s ]

[ 2016-04-28T08:03:24+08:00 ] ::1 /shop/index.php/Home/Login/index.html
INFO: [ app_begin ] --START--
INFO: Run Behavior\ReadHtmlCacheBehavior [ RunTime:0.002379s ]
INFO: [ app_begin ] --END-- [ RunTime:0.004024s ]
NOTIC: [8192] mysql_connect(): The mysql extension is deprecated and will be removed in the future: use mysqli or PDO instead D:\wamp\www\shop\ThinkPHP\Library\Think\Db\Driver\Mysql.class.php 第 52 行.
SQL: SHOW COLUMNS FROM `cz_category` [ RunTime:0.013430s ]
SQL: SELECT * FROM `cz_category`  [ RunTime:0.001522s ]

[ 2016-04-28T08:03:56+08:00 ] ::1 /shop/index.php/Home/Login/index.html
INFO: [ app_begin ] --START--
INFO: Run Behavior\ReadHtmlCacheBehavior [ RunTime:0.002693s ]
INFO: [ app_begin ] --END-- [ RunTime:0.004754s ]
NOTIC: [8192] mysql_connect(): The mysql extension is deprecated and will be removed in the future: use mysqli or PDO instead D:\wamp\www\shop\ThinkPHP\Library\Think\Db\Driver\Mysql.class.php 第 52 行.
SQL: SHOW COLUMNS FROM `cz_category` [ RunTime:0.009312s ]
SQL: SELECT * FROM `cz_category`  [ RunTime:0.001124s ]

[ 2016-04-28T08:03:58+08:00 ] ::1 /shop/index.php/Home/Login/index.html
INFO: [ app_begin ] --START--
INFO: Run Behavior\ReadHtmlCacheBehavior [ RunTime:0.002430s ]
INFO: [ app_begin ] --END-- [ RunTime:0.004193s ]
NOTIC: [8192] mysql_connect(): The mysql extension is deprecated and will be removed in the future: use mysqli or PDO instead D:\wamp\www\shop\ThinkPHP\Library\Think\Db\Driver\Mysql.class.php 第 52 行.
SQL: SHOW COLUMNS FROM `cz_category` [ RunTime:0.010223s ]
SQL: SELECT * FROM `cz_category`  [ RunTime:0.001100s ]

[ 2016-04-28T08:03:59+08:00 ] ::1 /shop/index.php/Home/Login/index.html
INFO: [ app_begin ] --START--
INFO: Run Behavior\ReadHtmlCacheBehavior [ RunTime:0.003520s ]
INFO: [ app_begin ] --END-- [ RunTime:0.005374s ]
NOTIC: [8192] mysql_connect(): The mysql extension is deprecated and will be removed in the future: use mysqli or PDO instead D:\wamp\www\shop\ThinkPHP\Library\Think\Db\Driver\Mysql.class.php 第 52 行.
SQL: SHOW COLUMNS FROM `cz_category` [ RunTime:0.014780s ]
SQL: SELECT * FROM `cz_category`  [ RunTime:0.001185s ]

[ 2016-04-28T08:04:13+08:00 ] ::1 /shop/index.php/Home/Login/index.html
INFO: [ app_begin ] --START--
INFO: Run Behavior\ReadHtmlCacheBehavior [ RunTime:0.002646s ]
INFO: [ app_begin ] --END-- [ RunTime:0.004471s ]
NOTIC: [8192] mysql_connect(): The mysql extension is deprecated and will be removed in the future: use mysqli or PDO instead D:\wamp\www\shop\ThinkPHP\Library\Think\Db\Driver\Mysql.class.php 第 52 行.
SQL: SHOW COLUMNS FROM `cz_category` [ RunTime:0.009496s ]
SQL: SELECT * FROM `cz_category`  [ RunTime:0.000974s ]

[ 2016-04-28T08:04:20+08:00 ] ::1 /shop/index.php/Home/Login/index.html
INFO: [ app_begin ] --START--
INFO: Run Behavior\ReadHtmlCacheBehavior [ RunTime:0.002489s ]
INFO: [ app_begin ] --END-- [ RunTime:0.004266s ]
NOTIC: [8192] mysql_connect(): The mysql extension is deprecated and will be removed in the future: use mysqli or PDO instead D:\wamp\www\shop\ThinkPHP\Library\Think\Db\Driver\Mysql.class.php 第 52 行.
SQL: SHOW COLUMNS FROM `cz_category` [ RunTime:0.012107s ]
SQL: SELECT * FROM `cz_category`  [ RunTime:0.001032s ]

[ 2016-04-28T08:04:44+08:00 ] ::1 /shop/index.php/Home/Login/index.html
INFO: [ app_begin ] --START--
INFO: Run Behavior\ReadHtmlCacheBehavior [ RunTime:0.002529s ]
INFO: [ app_begin ] --END-- [ RunTime:0.004456s ]
NOTIC: [8192] mysql_connect(): The mysql extension is deprecated and will be removed in the future: use mysqli or PDO instead D:\wamp\www\shop\ThinkPHP\Library\Think\Db\Driver\Mysql.class.php 第 52 行.
SQL: SHOW COLUMNS FROM `cz_category` [ RunTime:0.009922s ]
SQL: SELECT * FROM `cz_category`  [ RunTime:0.000996s ]

[ 2016-04-28T08:04:45+08:00 ] ::1 /shop/index.php/Home/Login/index.html
INFO: [ app_begin ] --START--
INFO: Run Behavior\ReadHtmlCacheBehavior [ RunTime:0.002624s ]
INFO: [ app_begin ] --END-- [ RunTime:0.004249s ]
NOTIC: [8192] mysql_connect(): The mysql extension is deprecated and will be removed in the future: use mysqli or PDO instead D:\wamp\www\shop\ThinkPHP\Library\Think\Db\Driver\Mysql.class.php 第 52 行.
SQL: SHOW COLUMNS FROM `cz_category` [ RunTime:0.008947s ]
SQL: SELECT * FROM `cz_category`  [ RunTime:0.000975s ]

[ 2016-04-28T08:04:46+08:00 ] ::1 /shop/index.php/Home/Login/index.html
INFO: [ app_begin ] --START--
INFO: Run Behavior\ReadHtmlCacheBehavior [ RunTime:0.002854s ]
INFO: [ app_begin ] --END-- [ RunTime:0.004868s ]
NOTIC: [8192] mysql_connect(): The mysql extension is deprecated and will be removed in the future: use mysqli or PDO instead D:\wamp\www\shop\ThinkPHP\Library\Think\Db\Driver\Mysql.class.php 第 52 行.
SQL: SHOW COLUMNS FROM `cz_category` [ RunTime:0.011605s ]
SQL: SELECT * FROM `cz_category`  [ RunTime:0.001601s ]

[ 2016-04-28T08:05:19+08:00 ] ::1 /shop/index.php/Home/Login/index.html
INFO: [ app_begin ] --START--
INFO: Run Behavior\ReadHtmlCacheBehavior [ RunTime:0.002936s ]
INFO: [ app_begin ] --END-- [ RunTime:0.004858s ]
NOTIC: [8192] mysql_connect(): The mysql extension is deprecated and will be removed in the future: use mysqli or PDO instead D:\wamp\www\shop\ThinkPHP\Library\Think\Db\Driver\Mysql.class.php 第 52 行.
SQL: SHOW COLUMNS FROM `cz_category` [ RunTime:0.009062s ]
SQL: SELECT * FROM `cz_category`  [ RunTime:0.000988s ]

[ 2016-04-28T08:05:27+08:00 ] ::1 /shop/index.php/Home/Login/index.html
INFO: [ app_begin ] --START--
INFO: Run Behavior\ReadHtmlCacheBehavior [ RunTime:0.002882s ]
INFO: [ app_begin ] --END-- [ RunTime:0.004645s ]
NOTIC: [8192] mysql_connect(): The mysql extension is deprecated and will be removed in the future: use mysqli or PDO instead D:\wamp\www\shop\ThinkPHP\Library\Think\Db\Driver\Mysql.class.php 第 52 行.
SQL: SHOW COLUMNS FROM `cz_category` [ RunTime:0.012469s ]
SQL: SELECT * FROM `cz_category`  [ RunTime:0.001523s ]
SQL: SHOW COLUMNS FROM `cz_user` [ RunTime:0.061103s ]
SQL: SELECT * FROM `cz_user` WHERE `user_name` = '刘定邦' AND `password` = '864ce000907148c15695d87a552dcf5e' LIMIT 1   [ RunTime:0.013529s ]
INFO: [ app_end ] --START--
INFO: Run Behavior\ShowPageTraceBehavior [ RunTime:0.003241s ]
INFO: [ app_end ] --END-- [ RunTime:0.003752s ]

[ 2016-04-28T08:05:30+08:00 ] ::1 /shop/index.php/Home/Login/index.html
INFO: [ app_begin ] --START--
INFO: Run Behavior\ReadHtmlCacheBehavior [ RunTime:0.006242s ]
INFO: [ app_begin ] --END-- [ RunTime:0.008205s ]
NOTIC: [8192] mysql_connect(): The mysql extension is deprecated and will be removed in the future: use mysqli or PDO instead D:\wamp\www\shop\ThinkPHP\Library\Think\Db\Driver\Mysql.class.php 第 52 行.
SQL: SHOW COLUMNS FROM `cz_category` [ RunTime:0.008868s ]
SQL: SELECT * FROM `cz_category`  [ RunTime:0.001007s ]
SQL: SHOW COLUMNS FROM `cz_shopcart` [ RunTime:0.051872s ]
SQL: SELECT * FROM `cz_shopcart` WHERE `user_id` = 1  [ RunTime:0.000875s ]

[ 2016-04-28T08:07:05+08:00 ] ::1 /shop/index.php/Home/Login/index.html
INFO: [ app_begin ] --START--
INFO: Run Behavior\ReadHtmlCacheBehavior [ RunTime:0.002624s ]
INFO: [ app_begin ] --END-- [ RunTime:0.004316s ]
NOTIC: [8192] mysql_connect(): The mysql extension is deprecated and will be removed in the future: use mysqli or PDO instead D:\wamp\www\shop\ThinkPHP\Library\Think\Db\Driver\Mysql.class.php 第 52 行.
SQL: SHOW COLUMNS FROM `cz_category` [ RunTime:0.009767s ]
SQL: SELECT * FROM `cz_category`  [ RunTime:0.001152s ]
SQL: SHOW COLUMNS FROM `cz_shopcart` [ RunTime:0.010469s ]
SQL: SELECT * FROM `cz_shopcart` WHERE `user_id` = 1  [ RunTime:0.000971s ]

[ 2016-04-28T08:07:07+08:00 ] ::1 /shop/index.php/Home/Login/index.html
INFO: [ app_begin ] --START--
INFO: Run Behavior\ReadHtmlCacheBehavior [ RunTime:0.002721s ]
INFO: [ app_begin ] --END-- [ RunTime:0.004920s ]
NOTIC: [8192] mysql_connect(): The mysql extension is deprecated and will be removed in the future: use mysqli or PDO instead D:\wamp\www\shop\ThinkPHP\Library\Think\Db\Driver\Mysql.class.php 第 52 行.
SQL: SHOW COLUMNS FROM `cz_category` [ RunTime:0.012566s ]
SQL: SELECT * FROM `cz_category`  [ RunTime:0.001142s ]
SQL: SHOW COLUMNS FROM `cz_shopcart` [ RunTime:0.011678s ]
SQL: SELECT * FROM `cz_shopcart` WHERE `user_id` = 1  [ RunTime:0.001037s ]

[ 2016-04-28T08:07:47+08:00 ] ::1 /shop/index.php/Home/Login/index.html
INFO: [ app_begin ] --START--
INFO: Run Behavior\ReadHtmlCacheBehavior [ RunTime:0.003531s ]
INFO: [ app_begin ] --END-- [ RunTime:0.005152s ]
NOTIC: [8192] mysql_connect(): The mysql extension is deprecated and will be removed in the future: use mysqli or PDO instead D:\wamp\www\shop\ThinkPHP\Library\Think\Db\Driver\Mysql.class.php 第 52 行.
SQL: SHOW COLUMNS FROM `cz_category` [ RunTime:0.009595s ]
SQL: SELECT * FROM `cz_category`  [ RunTime:0.001085s ]
SQL: SHOW COLUMNS FROM `cz_shopcart` [ RunTime:0.010401s ]
SQL: SELECT * FROM `cz_shopcart` WHERE `user_id` = 1  [ RunTime:0.001010s ]

[ 2016-04-28T08:08:15+08:00 ] ::1 /shop/index.php/Home/Login/index.html
INFO: [ app_begin ] --START--
INFO: Run Behavior\ReadHtmlCacheBehavior [ RunTime:0.002442s ]
INFO: [ app_begin ] --END-- [ RunTime:0.004281s ]
NOTIC: [8192] mysql_connect(): The mysql extension is deprecated and will be removed in the future: use mysqli or PDO instead D:\wamp\www\shop\ThinkPHP\Library\Think\Db\Driver\Mysql.class.php 第 52 行.
SQL: SHOW COLUMNS FROM `cz_category` [ RunTime:0.011546s ]
SQL: SELECT * FROM `cz_category`  [ RunTime:0.001544s ]
SQL: SHOW COLUMNS FROM `cz_shopcart` [ RunTime:0.008998s ]
SQL: SELECT * FROM `cz_shopcart` WHERE `user_id` = 1  [ RunTime:0.000984s ]

[ 2016-04-28T08:08:21+08:00 ] ::1 /shop/index.php/Home/Login/index.html
INFO: [ app_begin ] --START--
INFO: Run Behavior\ReadHtmlCacheBehavior [ RunTime:0.002377s ]
INFO: [ app_begin ] --END-- [ RunTime:0.004052s ]
NOTIC: [8192] mysql_connect(): The mysql extension is deprecated and will be removed in the future: use mysqli or PDO instead D:\wamp\www\shop\ThinkPHP\Library\Think\Db\Driver\Mysql.class.php 第 52 行.
SQL: SHOW COLUMNS FROM `cz_category` [ RunTime:0.009340s ]
SQL: SELECT * FROM `cz_category`  [ RunTime:0.001064s ]
SQL: SHOW COLUMNS FROM `cz_shopcart` [ RunTime:0.008876s ]
SQL: SELECT * FROM `cz_shopcart` WHERE `user_id` = 1  [ RunTime:0.000845s ]

[ 2016-04-28T08:08:28+08:00 ] ::1 /shop/index.php/Home/Login/index.html
INFO: [ app_begin ] --START--
INFO: Run Behavior\ReadHtmlCacheBehavior [ RunTime:0.002559s ]
INFO: [ app_begin ] --END-- [ RunTime:0.004251s ]
NOTIC: [8192] mysql_connect(): The mysql extension is deprecated and will be removed in the future: use mysqli or PDO instead D:\wamp\www\shop\ThinkPHP\Library\Think\Db\Driver\Mysql.class.php 第 52 行.
SQL: SHOW COLUMNS FROM `cz_category` [ RunTime:0.010029s ]
SQL: SELECT * FROM `cz_category`  [ RunTime:0.001055s ]
SQL: SHOW COLUMNS FROM `cz_shopcart` [ RunTime:0.008961s ]
SQL: SELECT * FROM `cz_shopcart` WHERE `user_id` = 1  [ RunTime:0.000986s ]
SQL: SHOW COLUMNS FROM `cz_user` [ RunTime:0.009196s ]
SQL: SELECT * FROM `cz_user` WHERE `user_name` = '刘定邦' AND `password` = '864ce000907148c15695d87a552dcf5e' LIMIT 1   [ RunTime:0.000902s ]

[ 2016-04-28T08:08:52+08:00 ] ::1 /shop/index.php/Home/Login/index.html
INFO: [ app_begin ] --START--
INFO: Run Behavior\ReadHtmlCacheBehavior [ RunTime:0.002605s ]
INFO: [ app_begin ] --END-- [ RunTime:0.004516s ]
NOTIC: [8192] mysql_connect(): The mysql extension is deprecated and will be removed in the future: use mysqli or PDO instead D:\wamp\www\shop\ThinkPHP\Library\Think\Db\Driver\Mysql.class.php 第 52 行.
SQL: SHOW COLUMNS FROM `cz_category` [ RunTime:0.013113s ]
SQL: SELECT * FROM `cz_category`  [ RunTime:0.001091s ]
SQL: SHOW COLUMNS FROM `cz_shopcart` [ RunTime:0.008830s ]
SQL: SELECT * FROM `cz_shopcart` WHERE `user_id` = 1  [ RunTime:0.000868s ]

[ 2016-04-28T08:09:00+08:00 ] ::1 /shop/index.php/Home/Login/index.html
INFO: [ app_begin ] --START--
INFO: Run Behavior\ReadHtmlCacheBehavior [ RunTime:0.002644s ]
INFO: [ app_begin ] --END-- [ RunTime:0.005222s ]
NOTIC: [8192] mysql_connect(): The mysql extension is deprecated and will be removed in the future: use mysqli or PDO instead D:\wamp\www\shop\ThinkPHP\Library\Think\Db\Driver\Mysql.class.php 第 52 行.
SQL: SHOW COLUMNS FROM `cz_category` [ RunTime:0.009021s ]
SQL: SELECT * FROM `cz_category`  [ RunTime:0.001097s ]
SQL: SHOW COLUMNS FROM `cz_shopcart` [ RunTime:0.008943s ]
SQL: SELECT * FROM `cz_shopcart` WHERE `user_id` = 1  [ RunTime:0.000915s ]
SQL: SHOW COLUMNS FROM `cz_user` [ RunTime:0.013168s ]
SQL: SELECT * FROM `cz_user` WHERE `user_name` = '刘定邦' AND `password` = 'd41d8cd98f00b204e9800998ecf8427e' LIMIT 1   [ RunTime:0.000916s ]

[ 2016-04-28T08:10:17+08:00 ] ::1 /shop/index.php/Home/Login/index.html
INFO: [ app_begin ] --START--
INFO: Run Behavior\ReadHtmlCacheBehavior [ RunTime:0.002692s ]
INFO: [ app_begin ] --END-- [ RunTime:0.004759s ]
NOTIC: [8192] mysql_connect(): The mysql extension is deprecated and will be removed in the future: use mysqli or PDO instead D:\wamp\www\shop\ThinkPHP\Library\Think\Db\Driver\Mysql.class.php 第 52 行.
SQL: SHOW COLUMNS FROM `cz_category` [ RunTime:0.010272s ]
SQL: SELECT * FROM `cz_category`  [ RunTime:0.001031s ]
SQL: SHOW COLUMNS FROM `cz_shopcart` [ RunTime:0.010036s ]
SQL: SELECT * FROM `cz_shopcart` WHERE `user_id` = 1  [ RunTime:0.001091s ]

[ 2016-04-28T08:10:18+08:00 ] ::1 /shop/index.php/Home/Login/index.html
INFO: [ app_begin ] --START--
INFO: Run Behavior\ReadHtmlCacheBehavior [ RunTime:0.002444s ]
INFO: [ app_begin ] --END-- [ RunTime:0.004238s ]
NOTIC: [8192] mysql_connect(): The mysql extension is deprecated and will be removed in the future: use mysqli or PDO instead D:\wamp\www\shop\ThinkPHP\Library\Think\Db\Driver\Mysql.class.php 第 52 行.
SQL: SHOW COLUMNS FROM `cz_category` [ RunTime:0.009206s ]
SQL: SELECT * FROM `cz_category`  [ RunTime:0.001020s ]
SQL: SHOW COLUMNS FROM `cz_shopcart` [ RunTime:0.008625s ]
SQL: SELECT * FROM `cz_shopcart` WHERE `user_id` = 1  [ RunTime:0.001151s ]

[ 2016-04-28T08:10:20+08:00 ] ::1 /shop/index.php/Home/Login/index.html
INFO: [ app_begin ] --START--
INFO: Run Behavior\ReadHtmlCacheBehavior [ RunTime:0.003754s ]
INFO: [ app_begin ] --END-- [ RunTime:0.006192s ]
NOTIC: [8192] mysql_connect(): The mysql extension is deprecated and will be removed in the future: use mysqli or PDO instead D:\wamp\www\shop\ThinkPHP\Library\Think\Db\Driver\Mysql.class.php 第 52 行.
SQL: SHOW COLUMNS FROM `cz_category` [ RunTime:0.009273s ]
SQL: SELECT * FROM `cz_category`  [ RunTime:0.001093s ]
SQL: SHOW COLUMNS FROM `cz_shopcart` [ RunTime:0.009863s ]
SQL: SELECT * FROM `cz_shopcart` WHERE `user_id` = 1  [ RunTime:0.000901s ]

[ 2016-04-28T08:10:21+08:00 ] ::1 /shop/index.php/Home/Login/index.html
INFO: [ app_begin ] --START--
INFO: Run Behavior\ReadHtmlCacheBehavior [ RunTime:0.003386s ]
INFO: [ app_begin ] --END-- [ RunTime:0.005234s ]
NOTIC: [8192] mysql_connect(): The mysql extension is deprecated and will be removed in the future: use mysqli or PDO instead D:\wamp\www\shop\ThinkPHP\Library\Think\Db\Driver\Mysql.class.php 第 52 行.
SQL: SHOW COLUMNS FROM `cz_category` [ RunTime:0.012134s ]
SQL: SELECT * FROM `cz_category`  [ RunTime:0.001170s ]
SQL: SHOW COLUMNS FROM `cz_shopcart` [ RunTime:0.010967s ]
SQL: SELECT * FROM `cz_shopcart` WHERE `user_id` = 1  [ RunTime:0.001639s ]

[ 2016-04-28T08:12:09+08:00 ] ::1 /shop/index.php/Home/Login/index.html
INFO: [ app_begin ] --START--
INFO: Run Behavior\ReadHtmlCacheBehavior [ RunTime:0.005589s ]
INFO: [ app_begin ] --END-- [ RunTime:0.007411s ]
NOTIC: [8192] mysql_connect(): The mysql extension is deprecated and will be removed in the future: use mysqli or PDO instead D:\wamp\www\shop\ThinkPHP\Library\Think\Db\Driver\Mysql.class.php 第 52 行.
SQL: SHOW COLUMNS FROM `cz_category` [ RunTime:0.012550s ]
SQL: SELECT * FROM `cz_category`  [ RunTime:0.001462s ]
SQL: SHOW COLUMNS FROM `cz_shopcart` [ RunTime:0.010167s ]
SQL: SELECT * FROM `cz_shopcart` WHERE `user_id` = 1  [ RunTime:0.001009s ]

[ 2016-04-28T08:12:14+08:00 ] ::1 /shop/index.php/Home/Login/index.html
INFO: [ app_begin ] --START--
INFO: Run Behavior\ReadHtmlCacheBehavior [ RunTime:0.002450s ]
INFO: [ app_begin ] --END-- [ RunTime:0.004245s ]
NOTIC: [8192] mysql_connect(): The mysql extension is deprecated and will be removed in the future: use mysqli or PDO instead D:\wamp\www\shop\ThinkPHP\Library\Think\Db\Driver\Mysql.class.php 第 52 行.
SQL: SHOW COLUMNS FROM `cz_category` [ RunTime:0.011234s ]
SQL: SELECT * FROM `cz_category`  [ RunTime:0.001247s ]
SQL: SHOW COLUMNS FROM `cz_shopcart` [ RunTime:0.010879s ]
SQL: SELECT * FROM `cz_shopcart` WHERE `user_id` = 1  [ RunTime:0.000861s ]

[ 2016-04-28T08:18:57+08:00 ] ::1 /shop/index.php/Home/Login/index.html
INFO: [ app_begin ] --START--
INFO: Run Behavior\ReadHtmlCacheBehavior [ RunTime:0.002613s ]
INFO: [ app_begin ] --END-- [ RunTime:0.004579s ]
NOTIC: [8192] mysql_connect(): The mysql extension is deprecated and will be removed in the future: use mysqli or PDO instead D:\wamp\www\shop\ThinkPHP\Library\Think\Db\Driver\Mysql.class.php 第 52 行.
SQL: SHOW COLUMNS FROM `cz_category` [ RunTime:0.009357s ]
SQL: SELECT * FROM `cz_category`  [ RunTime:0.001015s ]
SQL: SHOW COLUMNS FROM `cz_shopcart` [ RunTime:0.009278s ]
SQL: SELECT * FROM `cz_shopcart` WHERE `user_id` = 1  [ RunTime:0.000891s ]

[ 2016-04-28T08:19:17+08:00 ] ::1 /shop/index.php/Home/Login/index.html
INFO: [ app_begin ] --START--
INFO: Run Behavior\ReadHtmlCacheBehavior [ RunTime:0.002658s ]
INFO: [ app_begin ] --END-- [ RunTime:0.004389s ]
NOTIC: [8192] mysql_connect(): The mysql extension is deprecated and will be removed in the future: use mysqli or PDO instead D:\wamp\www\shop\ThinkPHP\Library\Think\Db\Driver\Mysql.class.php 第 52 行.
SQL: SHOW COLUMNS FROM `cz_category` [ RunTime:0.014159s ]
SQL: SELECT * FROM `cz_category`  [ RunTime:0.000999s ]
SQL: SHOW COLUMNS FROM `cz_shopcart` [ RunTime:0.009236s ]
SQL: SELECT * FROM `cz_shopcart` WHERE `user_id` = 1  [ RunTime:0.000844s ]
SQL: SHOW COLUMNS FROM `cz_user` [ RunTime:0.009673s ]
SQL: SELECT * FROM `cz_user` WHERE `user_name` = '刘定邦' AND `password` = '864ce000907148c15695d87a552dcf5e' LIMIT 1   [ RunTime:0.000883s ]

[ 2016-04-28T08:19:21+08:00 ] ::1 /shop/index.php/Home/Login/index.html
INFO: [ app_begin ] --START--
INFO: Run Behavior\ReadHtmlCacheBehavior [ RunTime:0.002669s ]
INFO: [ app_begin ] --END-- [ RunTime:0.004581s ]
NOTIC: [8192] mysql_connect(): The mysql extension is deprecated and will be removed in the future: use mysqli or PDO instead D:\wamp\www\shop\ThinkPHP\Library\Think\Db\Driver\Mysql.class.php 第 52 行.
SQL: SHOW COLUMNS FROM `cz_category` [ RunTime:0.013418s ]
SQL: SELECT * FROM `cz_category`  [ RunTime:0.004561s ]
SQL: SHOW COLUMNS FROM `cz_shopcart` [ RunTime:0.018498s ]
SQL: SELECT * FROM `cz_shopcart` WHERE `user_id` = 1  [ RunTime:0.001232s ]

[ 2016-04-28T08:19:55+08:00 ] ::1 /shop/index.php/Home/Login/index.html
INFO: [ app_begin ] --START--
INFO: Run Behavior\ReadHtmlCacheBehavior [ RunTime:0.002698s ]
INFO: [ app_begin ] --END-- [ RunTime:0.004429s ]
NOTIC: [8192] mysql_connect(): The mysql extension is deprecated and will be removed in the future: use mysqli or PDO instead D:\wamp\www\shop\ThinkPHP\Library\Think\Db\Driver\Mysql.class.php 第 52 行.
SQL: SHOW COLUMNS FROM `cz_category` [ RunTime:0.013154s ]
SQL: SELECT * FROM `cz_category`  [ RunTime:0.001107s ]
SQL: SHOW COLUMNS FROM `cz_shopcart` [ RunTime:0.008853s ]
SQL: SELECT * FROM `cz_shopcart` WHERE `user_id` = 1  [ RunTime:0.000896s ]

[ 2016-04-28T08:20:07+08:00 ] ::1 /shop/index.php/Home/Login/index.html
INFO: [ app_begin ] --START--
INFO: Run Behavior\ReadHtmlCacheBehavior [ RunTime:0.002548s ]
INFO: [ app_begin ] --END-- [ RunTime:0.004195s ]
NOTIC: [8192] mysql_connect(): The mysql extension is deprecated and will be removed in the future: use mysqli or PDO instead D:\wamp\www\shop\ThinkPHP\Library\Think\Db\Driver\Mysql.class.php 第 52 行.
SQL: SHOW COLUMNS FROM `cz_category` [ RunTime:0.009789s ]
SQL: SELECT * FROM `cz_category`  [ RunTime:0.000998s ]
SQL: SHOW COLUMNS FROM `cz_shopcart` [ RunTime:0.008817s ]
SQL: SELECT * FROM `cz_shopcart` WHERE `user_id` = 1  [ RunTime:0.000922s ]

[ 2016-04-28T08:20:32+08:00 ] ::1 /shop/index.php/Home/Login/index.html
INFO: [ app_begin ] --START--
INFO: Run Behavior\ReadHtmlCacheBehavior [ RunTime:0.002603s ]
INFO: [ app_begin ] --END-- [ RunTime:0.004475s ]
NOTIC: [8192] mysql_connect(): The mysql extension is deprecated and will be removed in the future: use mysqli or PDO instead D:\wamp\www\shop\ThinkPHP\Library\Think\Db\Driver\Mysql.class.php 第 52 行.
SQL: SHOW COLUMNS FROM `cz_category` [ RunTime:0.009696s ]
SQL: SELECT * FROM `cz_category`  [ RunTime:0.001397s ]
SQL: SHOW COLUMNS FROM `cz_shopcart` [ RunTime:0.008966s ]
SQL: SELECT * FROM `cz_shopcart` WHERE `user_id` = 1  [ RunTime:0.000846s ]

[ 2016-04-28T08:20:39+08:00 ] ::1 /shop/index.php/Home/Login/index.html
INFO: [ app_begin ] --START--
INFO: Run Behavior\ReadHtmlCacheBehavior [ RunTime:0.002868s ]
INFO: [ app_begin ] --END-- [ RunTime:0.005470s ]
NOTIC: [8192] mysql_connect(): The mysql extension is deprecated and will be removed in the future: use mysqli or PDO instead D:\wamp\www\shop\ThinkPHP\Library\Think\Db\Driver\Mysql.class.php 第 52 行.
SQL: SHOW COLUMNS FROM `cz_category` [ RunTime:0.009091s ]
SQL: SELECT * FROM `cz_category`  [ RunTime:0.001030s ]
SQL: SHOW COLUMNS FROM `cz_shopcart` [ RunTime:0.009462s ]
SQL: SELECT * FROM `cz_shopcart` WHERE `user_id` = 1  [ RunTime:0.000942s ]
SQL: SHOW COLUMNS FROM `cz_user` [ RunTime:0.012096s ]
SQL: SELECT * FROM `cz_user` WHERE `user_name` = '刘定邦' AND `password` = '864ce000907148c15695d87a552dcf5e' LIMIT 1   [ RunTime:0.001030s ]

[ 2016-04-28T08:21:02+08:00 ] ::1 /shop/index.php/Home/Login/index.html
INFO: [ app_begin ] --START--
INFO: Run Behavior\ReadHtmlCacheBehavior [ RunTime:0.002533s ]
INFO: [ app_begin ] --END-- [ RunTime:0.004162s ]
NOTIC: [8192] mysql_connect(): The mysql extension is deprecated and will be removed in the future: use mysqli or PDO instead D:\wamp\www\shop\ThinkPHP\Library\Think\Db\Driver\Mysql.class.php 第 52 行.
SQL: SHOW COLUMNS FROM `cz_category` [ RunTime:0.011996s ]
SQL: SELECT * FROM `cz_category`  [ RunTime:0.001007s ]
SQL: SHOW COLUMNS FROM `cz_shopcart` [ RunTime:0.008847s ]
SQL: SELECT * FROM `cz_shopcart` WHERE `user_id` = 1  [ RunTime:0.000850s ]

[ 2016-04-28T08:21:08+08:00 ] ::1 /shop/index.php/Home/Login/index.html
INFO: [ app_begin ] --START--
INFO: Run Behavior\ReadHtmlCacheBehavior [ RunTime:0.003100s ]
INFO: [ app_begin ] --END-- [ RunTime:0.004769s ]
NOTIC: [8192] mysql_connect(): The mysql extension is deprecated and will be removed in the future: use mysqli or PDO instead D:\wamp\www\shop\ThinkPHP\Library\Think\Db\Driver\Mysql.class.php 第 52 行.
SQL: SHOW COLUMNS FROM `cz_category` [ RunTime:0.016089s ]
SQL: SELECT * FROM `cz_category`  [ RunTime:0.001017s ]
SQL: SHOW COLUMNS FROM `cz_shopcart` [ RunTime:0.010351s ]
SQL: SELECT * FROM `cz_shopcart` WHERE `user_id` = 1  [ RunTime:0.000861s ]

[ 2016-04-28T08:21:15+08:00 ] ::1 /shop/index.php/Home/Login/index.html
INFO: [ app_begin ] --START--
INFO: Run Behavior\ReadHtmlCacheBehavior [ RunTime:0.002870s ]
INFO: [ app_begin ] --END-- [ RunTime:0.004837s ]
NOTIC: [8192] mysql_connect(): The mysql extension is deprecated and will be removed in the future: use mysqli or PDO instead D:\wamp\www\shop\ThinkPHP\Library\Think\Db\Driver\Mysql.class.php 第 52 行.
SQL: SHOW COLUMNS FROM `cz_category` [ RunTime:0.009279s ]
SQL: SELECT * FROM `cz_category`  [ RunTime:0.000972s ]
SQL: SHOW COLUMNS FROM `cz_shopcart` [ RunTime:0.010045s ]
SQL: SELECT * FROM `cz_shopcart` WHERE `user_id` = 1  [ RunTime:0.000909s ]
SQL: SHOW COLUMNS FROM `cz_user` [ RunTime:0.009645s ]
SQL: SELECT * FROM `cz_user` WHERE `user_name` = '刘定邦' AND `password` = '864ce000907148c15695d87a552dcf5e' LIMIT 1   [ RunTime:0.000879s ]

[ 2016-04-28T08:21:31+08:00 ] ::1 /shop/index.php/Home/Login/index.html
INFO: [ app_begin ] --START--
INFO: Run Behavior\ReadHtmlCacheBehavior [ RunTime:0.003949s ]
INFO: [ app_begin ] --END-- [ RunTime:0.005819s ]
NOTIC: [8192] mysql_connect(): The mysql extension is deprecated and will be removed in the future: use mysqli or PDO instead D:\wamp\www\shop\ThinkPHP\Library\Think\Db\Driver\Mysql.class.php 第 52 行.
SQL: SHOW COLUMNS FROM `cz_category` [ RunTime:0.009284s ]
SQL: SELECT * FROM `cz_category`  [ RunTime:0.001022s ]
SQL: SHOW COLUMNS FROM `cz_shopcart` [ RunTime:0.008505s ]
SQL: SELECT * FROM `cz_shopcart` WHERE `user_id` = 1  [ RunTime:0.000966s ]

[ 2016-04-28T08:21:39+08:00 ] ::1 /shop/index.php/Home/Login/index.html
INFO: [ app_begin ] --START--
INFO: Run Behavior\ReadHtmlCacheBehavior [ RunTime:0.002590s ]
INFO: [ app_begin ] --END-- [ RunTime:0.004388s ]
NOTIC: [8192] mysql_connect(): The mysql extension is deprecated and will be removed in the future: use mysqli or PDO instead D:\wamp\www\shop\ThinkPHP\Library\Think\Db\Driver\Mysql.class.php 第 52 行.
SQL: SHOW COLUMNS FROM `cz_category` [ RunTime:0.009221s ]
SQL: SELECT * FROM `cz_category`  [ RunTime:0.000975s ]
SQL: SHOW COLUMNS FROM `cz_shopcart` [ RunTime:0.010309s ]
SQL: SELECT * FROM `cz_shopcart` WHERE `user_id` = 1  [ RunTime:0.000902s ]

[ 2016-04-28T08:21:46+08:00 ] ::1 /shop/index.php/Home/Login/index.html
INFO: [ app_begin ] --START--
INFO: Run Behavior\ReadHtmlCacheBehavior [ RunTime:0.003064s ]
INFO: [ app_begin ] --END-- [ RunTime:0.005131s ]
NOTIC: [8192] mysql_connect(): The mysql extension is deprecated and will be removed in the future: use mysqli or PDO instead D:\wamp\www\shop\ThinkPHP\Library\Think\Db\Driver\Mysql.class.php 第 52 行.
SQL: SHOW COLUMNS FROM `cz_category` [ RunTime:0.009250s ]
SQL: SELECT * FROM `cz_category`  [ RunTime:0.000995s ]
SQL: SHOW COLUMNS FROM `cz_shopcart` [ RunTime:0.010798s ]
SQL: SELECT * FROM `cz_shopcart` WHERE `user_id` = 1  [ RunTime:0.000850s ]

[ 2016-04-28T08:21:58+08:00 ] ::1 /shop/index.php/Home/Login/index.html
INFO: [ app_begin ] --START--
INFO: Run Behavior\ReadHtmlCacheBehavior [ RunTime:0.002421s ]
INFO: [ app_begin ] --END-- [ RunTime:0.003984s ]
NOTIC: [8192] mysql_connect(): The mysql extension is deprecated and will be removed in the future: use mysqli or PDO instead D:\wamp\www\shop\ThinkPHP\Library\Think\Db\Driver\Mysql.class.php 第 52 行.
SQL: SHOW COLUMNS FROM `cz_category` [ RunTime:0.011420s ]
SQL: SELECT * FROM `cz_category`  [ RunTime:0.001101s ]
SQL: SHOW COLUMNS FROM `cz_shopcart` [ RunTime:0.010752s ]
SQL: SELECT * FROM `cz_shopcart` WHERE `user_id` = 1  [ RunTime:0.000990s ]
SQL: SHOW COLUMNS FROM `cz_user` [ RunTime:0.010220s ]
SQL: SELECT * FROM `cz_user` WHERE `user_name` = '刘定邦' AND `password` = '864ce000907148c15695d87a552dcf5e' LIMIT 1   [ RunTime:0.000815s ]

[ 2016-04-28T08:23:58+08:00 ] ::1 /shop/index.php/Home/Login/index.html
INFO: [ app_begin ] --START--
INFO: Run Behavior\ReadHtmlCacheBehavior [ RunTime:0.004003s ]
INFO: [ app_begin ] --END-- [ RunTime:0.008261s ]
NOTIC: [8192] mysql_connect(): The mysql extension is deprecated and will be removed in the future: use mysqli or PDO instead D:\wamp\www\shop\ThinkPHP\Library\Think\Db\Driver\Mysql.class.php 第 52 行.
SQL: SHOW COLUMNS FROM `cz_category` [ RunTime:0.009453s ]
SQL: SELECT * FROM `cz_category`  [ RunTime:0.001009s ]
SQL: SHOW COLUMNS FROM `cz_shopcart` [ RunTime:0.009618s ]
SQL: SELECT * FROM `cz_shopcart` WHERE `user_id` = 1  [ RunTime:0.000857s ]

[ 2016-04-28T08:24:53+08:00 ] ::1 /shop/index.php/Home/Login/index.html
INFO: [ app_begin ] --START--
INFO: Run Behavior\ReadHtmlCacheBehavior [ RunTime:0.002477s ]
INFO: [ app_begin ] --END-- [ RunTime:0.004121s ]
NOTIC: [8192] mysql_connect(): The mysql extension is deprecated and will be removed in the future: use mysqli or PDO instead D:\wamp\www\shop\ThinkPHP\Library\Think\Db\Driver\Mysql.class.php 第 52 行.
SQL: SHOW COLUMNS FROM `cz_category` [ RunTime:0.009651s ]
SQL: SELECT * FROM `cz_category`  [ RunTime:0.000979s ]
SQL: SHOW COLUMNS FROM `cz_shopcart` [ RunTime:0.009995s ]
SQL: SELECT * FROM `cz_shopcart` WHERE `user_id` = 1  [ RunTime:0.000851s ]

[ 2016-04-28T08:25:02+08:00 ] ::1 /shop/index.php/Home/Login/index.html
INFO: [ app_begin ] --START--
INFO: Run Behavior\ReadHtmlCacheBehavior [ RunTime:0.005541s ]
INFO: [ app_begin ] --END-- [ RunTime:0.007529s ]
NOTIC: [8192] mysql_connect(): The mysql extension is deprecated and will be removed in the future: use mysqli or PDO instead D:\wamp\www\shop\ThinkPHP\Library\Think\Db\Driver\Mysql.class.php 第 52 行.
SQL: SHOW COLUMNS FROM `cz_category` [ RunTime:0.009885s ]
SQL: SELECT * FROM `cz_category`  [ RunTime:0.001029s ]
SQL: SHOW COLUMNS FROM `cz_shopcart` [ RunTime:0.008872s ]
SQL: SELECT * FROM `cz_shopcart` WHERE `user_id` = 1  [ RunTime:0.000865s ]
SQL: SHOW COLUMNS FROM `cz_user` [ RunTime:0.009146s ]
SQL: SELECT * FROM `cz_user` WHERE `user_name` = '刘定邦' AND `password` = '864ce000907148c15695d87a552dcf5e' LIMIT 1   [ RunTime:0.001134s ]

[ 2016-04-28T08:28:00+08:00 ] ::1 /shop/index.php/Home/Login/index.html
INFO: [ app_begin ] --START--
INFO: Run Behavior\ReadHtmlCacheBehavior [ RunTime:0.002587s ]
INFO: [ app_begin ] --END-- [ RunTime:0.004358s ]
NOTIC: [8192] mysql_connect(): The mysql extension is deprecated and will be removed in the future: use mysqli or PDO instead D:\wamp\www\shop\ThinkPHP\Library\Think\Db\Driver\Mysql.class.php 第 52 行.
SQL: SHOW COLUMNS FROM `cz_category` [ RunTime:0.010383s ]
SQL: SELECT * FROM `cz_category`  [ RunTime:0.001611s ]
SQL: SHOW COLUMNS FROM `cz_shopcart` [ RunTime:0.012987s ]
SQL: SELECT * FROM `cz_shopcart` WHERE `user_id` = 1  [ RunTime:0.000833s ]
SQL: SHOW COLUMNS FROM `cz_user` [ RunTime:0.009826s ]
SQL: SELECT * FROM `cz_user` WHERE `user_name` = '刘定邦' AND `password` = '864ce000907148c15695d87a552dcf5e' LIMIT 1   [ RunTime:0.000861s ]

[ 2016-04-28T08:28:55+08:00 ] ::1 /shop/index.php/Home/Login/index.html
INFO: [ app_begin ] --START--
INFO: Run Behavior\ReadHtmlCacheBehavior [ RunTime:0.002675s ]
INFO: [ app_begin ] --END-- [ RunTime:0.004639s ]
NOTIC: [8192] mysql_connect(): The mysql extension is deprecated and will be removed in the future: use mysqli or PDO instead D:\wamp\www\shop\ThinkPHP\Library\Think\Db\Driver\Mysql.class.php 第 52 行.
SQL: SHOW COLUMNS FROM `cz_category` [ RunTime:0.010502s ]
SQL: SELECT * FROM `cz_category`  [ RunTime:0.001023s ]

[ 2016-04-28T08:28:57+08:00 ] ::1 /shop/index.php/Home/Login/index.html
INFO: [ app_begin ] --START--
INFO: Run Behavior\ReadHtmlCacheBehavior [ RunTime:0.002376s ]
INFO: [ app_begin ] --END-- [ RunTime:0.004040s ]
NOTIC: [8192] mysql_connect(): The mysql extension is deprecated and will be removed in the future: use mysqli or PDO instead D:\wamp\www\shop\ThinkPHP\Library\Think\Db\Driver\Mysql.class.php 第 52 行.
SQL: SHOW COLUMNS FROM `cz_category` [ RunTime:0.010173s ]
SQL: SELECT * FROM `cz_category`  [ RunTime:0.000997s ]

[ 2016-04-28T08:29:01+08:00 ] ::1 /shop/index.php/Home/Login/index.html
INFO: [ app_begin ] --START--
INFO: Run Behavior\ReadHtmlCacheBehavior [ RunTime:0.002329s ]
INFO: [ app_begin ] --END-- [ RunTime:0.003974s ]
NOTIC: [8192] mysql_connect(): The mysql extension is deprecated and will be removed in the future: use mysqli or PDO instead D:\wamp\www\shop\ThinkPHP\Library\Think\Db\Driver\Mysql.class.php 第 52 行.
SQL: SHOW COLUMNS FROM `cz_category` [ RunTime:0.010989s ]
SQL: SELECT * FROM `cz_category`  [ RunTime:0.001094s ]

[ 2016-04-28T08:29:11+08:00 ] ::1 /shop/index.php/Home/Login/index.html
INFO: [ app_begin ] --START--
INFO: Run Behavior\ReadHtmlCacheBehavior [ RunTime:0.002416s ]
INFO: [ app_begin ] --END-- [ RunTime:0.004262s ]
NOTIC: [8192] mysql_connect(): The mysql extension is deprecated and will be removed in the future: use mysqli or PDO instead D:\wamp\www\shop\ThinkPHP\Library\Think\Db\Driver\Mysql.class.php 第 52 行.
SQL: SHOW COLUMNS FROM `cz_category` [ RunTime:0.011696s ]
SQL: SELECT * FROM `cz_category`  [ RunTime:0.001028s ]

[ 2016-04-28T08:29:18+08:00 ] ::1 /shop/index.php/Home/Login/index.html
INFO: [ app_begin ] --START--
INFO: Run Behavior\ReadHtmlCacheBehavior [ RunTime:0.003815s ]
INFO: [ app_begin ] --END-- [ RunTime:0.005910s ]
NOTIC: [8192] mysql_connect(): The mysql extension is deprecated and will be removed in the future: use mysqli or PDO instead D:\wamp\www\shop\ThinkPHP\Library\Think\Db\Driver\Mysql.class.php 第 52 行.
SQL: SHOW COLUMNS FROM `cz_category` [ RunTime:0.009590s ]
SQL: SELECT * FROM `cz_category`  [ RunTime:0.001040s ]
SQL: SHOW COLUMNS FROM `cz_user` [ RunTime:0.010212s ]
SQL: SELECT * FROM `cz_user` WHERE `user_name` = '刘定邦' AND `password` = '864ce000907148c15695d87a552dcf5e' LIMIT 1   [ RunTime:0.000905s ]

[ 2016-04-28T08:31:08+08:00 ] ::1 /shop/index.php/Home/Login/index.html
INFO: [ app_begin ] --START--
INFO: Run Behavior\ReadHtmlCacheBehavior [ RunTime:0.002617s ]
INFO: [ app_begin ] --END-- [ RunTime:0.004790s ]
NOTIC: [8192] mysql_connect(): The mysql extension is deprecated and will be removed in the future: use mysqli or PDO instead D:\wamp\www\shop\ThinkPHP\Library\Think\Db\Driver\Mysql.class.php 第 52 行.
SQL: SHOW COLUMNS FROM `cz_category` [ RunTime:0.009963s ]
SQL: SELECT * FROM `cz_category`  [ RunTime:0.001030s ]
SQL: SHOW COLUMNS FROM `cz_shopcart` [ RunTime:0.009011s ]
SQL: SELECT * FROM `cz_shopcart` WHERE `user_id` = 1  [ RunTime:0.000864s ]

[ 2016-04-28T08:31:18+08:00 ] ::1 /shop/index.php/Home/Login/index.html
INFO: [ app_begin ] --START--
INFO: Run Behavior\ReadHtmlCacheBehavior [ RunTime:0.002618s ]
INFO: [ app_begin ] --END-- [ RunTime:0.004379s ]
NOTIC: [8192] mysql_connect(): The mysql extension is deprecated and will be removed in the future: use mysqli or PDO instead D:\wamp\www\shop\ThinkPHP\Library\Think\Db\Driver\Mysql.class.php 第 52 行.
SQL: SHOW COLUMNS FROM `cz_category` [ RunTime:0.009818s ]
SQL: SELECT * FROM `cz_category`  [ RunTime:0.001019s ]
SQL: SHOW COLUMNS FROM `cz_shopcart` [ RunTime:0.013010s ]
SQL: SELECT * FROM `cz_shopcart` WHERE `user_id` = 1  [ RunTime:0.001149s ]
SQL: SHOW COLUMNS FROM `cz_user` [ RunTime:0.009328s ]
SQL: SELECT * FROM `cz_user` WHERE `user_name` = '刘定邦' AND `password` = '864ce000907148c15695d87a552dcf5e' LIMIT 1   [ RunTime:0.000967s ]

[ 2016-04-28T08:31:49+08:00 ] ::1 /shop/index.php/Home/Login/index.html
INFO: [ app_begin ] --START--
INFO: Run Behavior\ReadHtmlCacheBehavior [ RunTime:0.002550s ]
INFO: [ app_begin ] --END-- [ RunTime:0.004272s ]
NOTIC: [8192] mysql_connect(): The mysql extension is deprecated and will be removed in the future: use mysqli or PDO instead D:\wamp\www\shop\ThinkPHP\Library\Think\Db\Driver\Mysql.class.php 第 52 行.
SQL: SHOW COLUMNS FROM `cz_category` [ RunTime:0.009986s ]
SQL: SELECT * FROM `cz_category`  [ RunTime:0.001005s ]

[ 2016-04-28T08:31:50+08:00 ] ::1 /shop/index.php/Home/Login/index.html
INFO: [ app_begin ] --START--
INFO: Run Behavior\ReadHtmlCacheBehavior [ RunTime:0.002612s ]
INFO: [ app_begin ] --END-- [ RunTime:0.004384s ]
NOTIC: [8192] mysql_connect(): The mysql extension is deprecated and will be removed in the future: use mysqli or PDO instead D:\wamp\www\shop\ThinkPHP\Library\Think\Db\Driver\Mysql.class.php 第 52 行.
SQL: SHOW COLUMNS FROM `cz_category` [ RunTime:0.011701s ]
SQL: SELECT * FROM `cz_category`  [ RunTime:0.001018s ]

[ 2016-04-28T08:31:52+08:00 ] ::1 /shop/index.php/Home/Login/index.html
INFO: [ app_begin ] --START--
INFO: Run Behavior\ReadHtmlCacheBehavior [ RunTime:0.003140s ]
INFO: [ app_begin ] --END-- [ RunTime:0.005263s ]
NOTIC: [8192] mysql_connect(): The mysql extension is deprecated and will be removed in the future: use mysqli or PDO instead D:\wamp\www\shop\ThinkPHP\Library\Think\Db\Driver\Mysql.class.php 第 52 行.
SQL: SHOW COLUMNS FROM `cz_category` [ RunTime:0.011451s ]
SQL: SELECT * FROM `cz_category`  [ RunTime:0.001805s ]

[ 2016-04-28T08:31:58+08:00 ] ::1 /shop/index.php/Home/Login/index.html
INFO: [ app_begin ] --START--
INFO: Run Behavior\ReadHtmlCacheBehavior [ RunTime:0.002648s ]
INFO: [ app_begin ] --END-- [ RunTime:0.004254s ]
NOTIC: [8192] mysql_connect(): The mysql extension is deprecated and will be removed in the future: use mysqli or PDO instead D:\wamp\www\shop\ThinkPHP\Library\Think\Db\Driver\Mysql.class.php 第 52 行.
SQL: SHOW COLUMNS FROM `cz_category` [ RunTime:0.009405s ]
SQL: SELECT * FROM `cz_category`  [ RunTime:0.000997s ]

[ 2016-04-28T08:31:58+08:00 ] ::1 /shop/index.php/Home/Login/index.html
INFO: [ app_begin ] --START--
INFO: Run Behavior\ReadHtmlCacheBehavior [ RunTime:0.002578s ]
INFO: [ app_begin ] --END-- [ RunTime:0.004280s ]
NOTIC: [8192] mysql_connect(): The mysql extension is deprecated and will be removed in the future: use mysqli or PDO instead D:\wamp\www\shop\ThinkPHP\Library\Think\Db\Driver\Mysql.class.php 第 52 行.
SQL: SHOW COLUMNS FROM `cz_category` [ RunTime:0.009175s ]
SQL: SELECT * FROM `cz_category`  [ RunTime:0.001045s ]

[ 2016-04-28T08:31:58+08:00 ] ::1 /shop/index.php/Home/Login/index.html
INFO: [ app_begin ] --START--
INFO: Run Behavior\ReadHtmlCacheBehavior [ RunTime:0.002937s ]
INFO: [ app_begin ] --END-- [ RunTime:0.004599s ]
NOTIC: [8192] mysql_connect(): The mysql extension is deprecated and will be removed in the future: use mysqli or PDO instead D:\wamp\www\shop\ThinkPHP\Library\Think\Db\Driver\Mysql.class.php 第 52 行.
SQL: SHOW COLUMNS FROM `cz_category` [ RunTime:0.010959s ]
SQL: SELECT * FROM `cz_category`  [ RunTime:0.001025s ]

[ 2016-04-28T08:31:59+08:00 ] ::1 /shop/index.php/Home/Login/index.html
INFO: [ app_begin ] --START--
INFO: Run Behavior\ReadHtmlCacheBehavior [ RunTime:0.003569s ]
INFO: [ app_begin ] --END-- [ RunTime:0.005445s ]
NOTIC: [8192] mysql_connect(): The mysql extension is deprecated and will be removed in the future: use mysqli or PDO instead D:\wamp\www\shop\ThinkPHP\Library\Think\Db\Driver\Mysql.class.php 第 52 行.
SQL: SHOW COLUMNS FROM `cz_category` [ RunTime:0.008979s ]
SQL: SELECT * FROM `cz_category`  [ RunTime:0.001107s ]

[ 2016-04-28T08:31:59+08:00 ] ::1 /shop/index.php/Home/Login/index.html
INFO: [ app_begin ] --START--
INFO: Run Behavior\ReadHtmlCacheBehavior [ RunTime:0.002242s ]
INFO: [ app_begin ] --END-- [ RunTime:0.003824s ]
NOTIC: [8192] mysql_connect(): The mysql extension is deprecated and will be removed in the future: use mysqli or PDO instead D:\wamp\www\shop\ThinkPHP\Library\Think\Db\Driver\Mysql.class.php 第 52 行.
SQL: SHOW COLUMNS FROM `cz_category` [ RunTime:0.009101s ]
SQL: SELECT * FROM `cz_category`  [ RunTime:0.000969s ]

[ 2016-04-28T08:32:06+08:00 ] ::1 /shop/index.php/Home/Login/index.html
INFO: [ app_begin ] --START--
INFO: Run Behavior\ReadHtmlCacheBehavior [ RunTime:0.002516s ]
INFO: [ app_begin ] --END-- [ RunTime:0.004859s ]
NOTIC: [8192] mysql_connect(): The mysql extension is deprecated and will be removed in the future: use mysqli or PDO instead D:\wamp\www\shop\ThinkPHP\Library\Think\Db\Driver\Mysql.class.php 第 52 行.
SQL: SHOW COLUMNS FROM `cz_category` [ RunTime:0.012994s ]
SQL: SELECT * FROM `cz_category`  [ RunTime:0.001059s ]

[ 2016-04-28T08:32:08+08:00 ] ::1 /shop/index.php/Home/Login/index.html
INFO: [ app_begin ] --START--
INFO: Run Behavior\ReadHtmlCacheBehavior [ RunTime:0.002717s ]
INFO: [ app_begin ] --END-- [ RunTime:0.004459s ]
NOTIC: [8192] mysql_connect(): The mysql extension is deprecated and will be removed in the future: use mysqli or PDO instead D:\wamp\www\shop\ThinkPHP\Library\Think\Db\Driver\Mysql.class.php 第 52 行.
SQL: SHOW COLUMNS FROM `cz_category` [ RunTime:0.009869s ]
SQL: SELECT * FROM `cz_category`  [ RunTime:0.000967s ]

[ 2016-04-28T08:32:15+08:00 ] ::1 /shop/index.php/Home/Login/index.html
INFO: [ app_begin ] --START--
INFO: Run Behavior\ReadHtmlCacheBehavior [ RunTime:0.002329s ]
INFO: [ app_begin ] --END-- [ RunTime:0.003950s ]
NOTIC: [8192] mysql_connect(): The mysql extension is deprecated and will be removed in the future: use mysqli or PDO instead D:\wamp\www\shop\ThinkPHP\Library\Think\Db\Driver\Mysql.class.php 第 52 行.
SQL: SHOW COLUMNS FROM `cz_category` [ RunTime:0.012179s ]
SQL: SELECT * FROM `cz_category`  [ RunTime:0.001089s ]

[ 2016-04-28T08:32:15+08:00 ] ::1 /shop/index.php/Home/Login/index.html
INFO: [ app_begin ] --START--
INFO: Run Behavior\ReadHtmlCacheBehavior [ RunTime:0.003253s ]
INFO: [ app_begin ] --END-- [ RunTime:0.005943s ]
NOTIC: [8192] mysql_connect(): The mysql extension is deprecated and will be removed in the future: use mysqli or PDO instead D:\wamp\www\shop\ThinkPHP\Library\Think\Db\Driver\Mysql.class.php 第 52 行.
SQL: SHOW COLUMNS FROM `cz_category` [ RunTime:0.012398s ]
SQL: SELECT * FROM `cz_category`  [ RunTime:0.001007s ]

[ 2016-04-28T08:32:16+08:00 ] ::1 /shop/index.php/Home/Login/index.html
INFO: [ app_begin ] --START--
INFO: Run Behavior\ReadHtmlCacheBehavior [ RunTime:0.004149s ]
INFO: [ app_begin ] --END-- [ RunTime:0.005889s ]
NOTIC: [8192] mysql_connect(): The mysql extension is deprecated and will be removed in the future: use mysqli or PDO instead D:\wamp\www\shop\ThinkPHP\Library\Think\Db\Driver\Mysql.class.php 第 52 行.
SQL: SHOW COLUMNS FROM `cz_category` [ RunTime:0.011864s ]
SQL: SELECT * FROM `cz_category`  [ RunTime:0.001332s ]

[ 2016-04-28T08:32:16+08:00 ] ::1 /shop/index.php/Home/Login/index.html
INFO: [ app_begin ] --START--
INFO: Run Behavior\ReadHtmlCacheBehavior [ RunTime:0.002797s ]
INFO: [ app_begin ] --END-- [ RunTime:0.004382s ]
NOTIC: [8192] mysql_connect(): The mysql extension is deprecated and will be removed in the future: use mysqli or PDO instead D:\wamp\www\shop\ThinkPHP\Library\Think\Db\Driver\Mysql.class.php 第 52 行.
SQL: SHOW COLUMNS FROM `cz_category` [ RunTime:0.012576s ]
SQL: SELECT * FROM `cz_category`  [ RunTime:0.001439s ]

[ 2016-04-28T08:32:16+08:00 ] ::1 /shop/index.php/Home/Login/index.html
INFO: [ app_begin ] --START--
INFO: Run Behavior\ReadHtmlCacheBehavior [ RunTime:0.003191s ]
INFO: [ app_begin ] --END-- [ RunTime:0.005154s ]
NOTIC: [8192] mysql_connect(): The mysql extension is deprecated and will be removed in the future: use mysqli or PDO instead D:\wamp\www\shop\ThinkPHP\Library\Think\Db\Driver\Mysql.class.php 第 52 行.
SQL: SHOW COLUMNS FROM `cz_category` [ RunTime:0.037305s ]
SQL: SELECT * FROM `cz_category`  [ RunTime:0.001498s ]

[ 2016-04-28T08:32:32+08:00 ] ::1 /shop/index.php/Home/Login/index.html
INFO: [ app_begin ] --START--
INFO: Run Behavior\ReadHtmlCacheBehavior [ RunTime:0.002703s ]
INFO: [ app_begin ] --END-- [ RunTime:0.004602s ]
NOTIC: [8192] mysql_connect(): The mysql extension is deprecated and will be removed in the future: use mysqli or PDO instead D:\wamp\www\shop\ThinkPHP\Library\Think\Db\Driver\Mysql.class.php 第 52 行.
SQL: SHOW COLUMNS FROM `cz_category` [ RunTime:0.010406s ]
SQL: SELECT * FROM `cz_category`  [ RunTime:0.001229s ]

[ 2016-04-28T08:32:33+08:00 ] ::1 /shop/index.php/Home/Login/index.html
INFO: [ app_begin ] --START--
INFO: Run Behavior\ReadHtmlCacheBehavior [ RunTime:0.003161s ]
INFO: [ app_begin ] --END-- [ RunTime:0.005619s ]
NOTIC: [8192] mysql_connect(): The mysql extension is deprecated and will be removed in the future: use mysqli or PDO instead D:\wamp\www\shop\ThinkPHP\Library\Think\Db\Driver\Mysql.class.php 第 52 行.
SQL: SHOW COLUMNS FROM `cz_category` [ RunTime:0.009736s ]
SQL: SELECT * FROM `cz_category`  [ RunTime:0.001617s ]

[ 2016-04-28T08:32:33+08:00 ] ::1 /shop/index.php/Home/Login/index.html
INFO: [ app_begin ] --START--
INFO: Run Behavior\ReadHtmlCacheBehavior [ RunTime:0.002809s ]
INFO: [ app_begin ] --END-- [ RunTime:0.005010s ]
NOTIC: [8192] mysql_connect(): The mysql extension is deprecated and will be removed in the future: use mysqli or PDO instead D:\wamp\www\shop\ThinkPHP\Library\Think\Db\Driver\Mysql.class.php 第 52 行.
SQL: SHOW COLUMNS FROM `cz_category` [ RunTime:0.010596s ]
SQL: SELECT * FROM `cz_category`  [ RunTime:0.001035s ]

[ 2016-04-28T08:32:33+08:00 ] ::1 /shop/index.php/Home/Login/index.html
INFO: [ app_begin ] --START--
INFO: Run Behavior\ReadHtmlCacheBehavior [ RunTime:0.002076s ]
INFO: [ app_begin ] --END-- [ RunTime:0.003836s ]
NOTIC: [8192] mysql_connect(): The mysql extension is deprecated and will be removed in the future: use mysqli or PDO instead D:\wamp\www\shop\ThinkPHP\Library\Think\Db\Driver\Mysql.class.php 第 52 行.
SQL: SHOW COLUMNS FROM `cz_category` [ RunTime:0.014458s ]
SQL: SELECT * FROM `cz_category`  [ RunTime:0.001113s ]

[ 2016-04-28T08:32:36+08:00 ] ::1 /shop/index.php/Home/Login/index.html
INFO: [ app_begin ] --START--
INFO: Run Behavior\ReadHtmlCacheBehavior [ RunTime:0.002249s ]
INFO: [ app_begin ] --END-- [ RunTime:0.003861s ]
NOTIC: [8192] mysql_connect(): The mysql extension is deprecated and will be removed in the future: use mysqli or PDO instead D:\wamp\www\shop\ThinkPHP\Library\Think\Db\Driver\Mysql.class.php 第 52 行.
SQL: SHOW COLUMNS FROM `cz_category` [ RunTime:0.010846s ]
SQL: SELECT * FROM `cz_category`  [ RunTime:0.001329s ]

[ 2016-04-28T08:32:36+08:00 ] ::1 /shop/index.php/Home/Login/index.html
INFO: [ app_begin ] --START--
INFO: Run Behavior\ReadHtmlCacheBehavior [ RunTime:0.002165s ]
INFO: [ app_begin ] --END-- [ RunTime:0.003750s ]
NOTIC: [8192] mysql_connect(): The mysql extension is deprecated and will be removed in the future: use mysqli or PDO instead D:\wamp\www\shop\ThinkPHP\Library\Think\Db\Driver\Mysql.class.php 第 52 行.
SQL: SHOW COLUMNS FROM `cz_category` [ RunTime:0.010035s ]
SQL: SELECT * FROM `cz_category`  [ RunTime:0.001344s ]

[ 2016-04-28T08:32:36+08:00 ] ::1 /shop/index.php/Home/Login/index.html
INFO: [ app_begin ] --START--
INFO: Run Behavior\ReadHtmlCacheBehavior [ RunTime:0.003081s ]
INFO: [ app_begin ] --END-- [ RunTime:0.004917s ]
NOTIC: [8192] mysql_connect(): The mysql extension is deprecated and will be removed in the future: use mysqli or PDO instead D:\wamp\www\shop\ThinkPHP\Library\Think\Db\Driver\Mysql.class.php 第 52 行.
SQL: SHOW COLUMNS FROM `cz_category` [ RunTime:0.012181s ]
SQL: SELECT * FROM `cz_category`  [ RunTime:0.001077s ]

[ 2016-04-28T08:32:40+08:00 ] ::1 /shop/index.php/Home/Login/index.html
INFO: [ app_begin ] --START--
INFO: Run Behavior\ReadHtmlCacheBehavior [ RunTime:0.002462s ]
INFO: [ app_begin ] --END-- [ RunTime:0.004519s ]
NOTIC: [8192] mysql_connect(): The mysql extension is deprecated and will be removed in the future: use mysqli or PDO instead D:\wamp\www\shop\ThinkPHP\Library\Think\Db\Driver\Mysql.class.php 第 52 行.
SQL: SHOW COLUMNS FROM `cz_category` [ RunTime:0.012365s ]
SQL: SELECT * FROM `cz_category`  [ RunTime:0.001000s ]

[ 2016-04-28T08:32:41+08:00 ] ::1 /shop/index.php/Home/Login/index.html
INFO: [ app_begin ] --START--
INFO: Run Behavior\ReadHtmlCacheBehavior [ RunTime:0.005808s ]
INFO: [ app_begin ] --END-- [ RunTime:0.010952s ]
NOTIC: [8192] mysql_connect(): The mysql extension is deprecated and will be removed in the future: use mysqli or PDO instead D:\wamp\www\shop\ThinkPHP\Library\Think\Db\Driver\Mysql.class.php 第 52 行.
SQL: SHOW COLUMNS FROM `cz_category` [ RunTime:0.011850s ]
SQL: SELECT * FROM `cz_category`  [ RunTime:0.001296s ]

[ 2016-04-28T08:32:41+08:00 ] ::1 /shop/index.php/Home/Login/index.html
INFO: [ app_begin ] --START--
INFO: Run Behavior\ReadHtmlCacheBehavior [ RunTime:0.026886s ]
INFO: [ app_begin ] --END-- [ RunTime:0.031741s ]
NOTIC: [8192] mysql_connect(): The mysql extension is deprecated and will be removed in the future: use mysqli or PDO instead D:\wamp\www\shop\ThinkPHP\Library\Think\Db\Driver\Mysql.class.php 第 52 行.
SQL: SHOW COLUMNS FROM `cz_category` [ RunTime:0.013293s ]
SQL: SELECT * FROM `cz_category`  [ RunTime:0.001060s ]

[ 2016-04-28T08:33:35+08:00 ] ::1 /shop/index.php/Home/Login/index.html
INFO: [ app_begin ] --START--
INFO: Run Behavior\ReadHtmlCacheBehavior [ RunTime:0.002742s ]
INFO: [ app_begin ] --END-- [ RunTime:0.004649s ]
NOTIC: [8192] mysql_connect(): The mysql extension is deprecated and will be removed in the future: use mysqli or PDO instead D:\wamp\www\shop\ThinkPHP\Library\Think\Db\Driver\Mysql.class.php 第 52 行.
SQL: SHOW COLUMNS FROM `cz_category` [ RunTime:0.008728s ]
SQL: SELECT * FROM `cz_category`  [ RunTime:0.001097s ]

[ 2016-04-28T08:33:40+08:00 ] ::1 /shop/index.php/Home/Login/index.html
INFO: [ app_begin ] --START--
INFO: Run Behavior\ReadHtmlCacheBehavior [ RunTime:0.002411s ]
INFO: [ app_begin ] --END-- [ RunTime:0.004187s ]
NOTIC: [8192] mysql_connect(): The mysql extension is deprecated and will be removed in the future: use mysqli or PDO instead D:\wamp\www\shop\ThinkPHP\Library\Think\Db\Driver\Mysql.class.php 第 52 行.
SQL: SHOW COLUMNS FROM `cz_category` [ RunTime:0.008566s ]
SQL: SELECT * FROM `cz_category`  [ RunTime:0.000965s ]

[ 2016-04-28T08:33:40+08:00 ] ::1 /shop/index.php/Home/Login/index.html
INFO: [ app_begin ] --START--
INFO: Run Behavior\ReadHtmlCacheBehavior [ RunTime:0.002344s ]
INFO: [ app_begin ] --END-- [ RunTime:0.004000s ]
NOTIC: [8192] mysql_connect(): The mysql extension is deprecated and will be removed in the future: use mysqli or PDO instead D:\wamp\www\shop\ThinkPHP\Library\Think\Db\Driver\Mysql.class.php 第 52 行.
SQL: SHOW COLUMNS FROM `cz_category` [ RunTime:0.009196s ]
SQL: SELECT * FROM `cz_category`  [ RunTime:0.000965s ]

[ 2016-04-28T08:33:40+08:00 ] ::1 /shop/index.php/Home/Login/index.html
INFO: [ app_begin ] --START--
INFO: Run Behavior\ReadHtmlCacheBehavior [ RunTime:0.003072s ]
INFO: [ app_begin ] --END-- [ RunTime:0.005093s ]
NOTIC: [8192] mysql_connect(): The mysql extension is deprecated and will be removed in the future: use mysqli or PDO instead D:\wamp\www\shop\ThinkPHP\Library\Think\Db\Driver\Mysql.class.php 第 52 行.
SQL: SHOW COLUMNS FROM `cz_category` [ RunTime:0.009837s ]
SQL: SELECT * FROM `cz_category`  [ RunTime:0.001204s ]

[ 2016-04-28T08:33:41+08:00 ] ::1 /shop/index.php/Home/Login/index.html
INFO: [ app_begin ] --START--
INFO: Run Behavior\ReadHtmlCacheBehavior [ RunTime:0.002398s ]
INFO: [ app_begin ] --END-- [ RunTime:0.004023s ]
NOTIC: [8192] mysql_connect(): The mysql extension is deprecated and will be removed in the future: use mysqli or PDO instead D:\wamp\www\shop\ThinkPHP\Library\Think\Db\Driver\Mysql.class.php 第 52 行.
SQL: SHOW COLUMNS FROM `cz_category` [ RunTime:0.009643s ]
SQL: SELECT * FROM `cz_category`  [ RunTime:0.000991s ]

[ 2016-04-28T08:33:41+08:00 ] ::1 /shop/index.php/Home/Login/index.html
INFO: [ app_begin ] --START--
INFO: Run Behavior\ReadHtmlCacheBehavior [ RunTime:0.003125s ]
INFO: [ app_begin ] --END-- [ RunTime:0.004861s ]
NOTIC: [8192] mysql_connect(): The mysql extension is deprecated and will be removed in the future: use mysqli or PDO instead D:\wamp\www\shop\ThinkPHP\Library\Think\Db\Driver\Mysql.class.php 第 52 行.
SQL: SHOW COLUMNS FROM `cz_category` [ RunTime:0.008784s ]
SQL: SELECT * FROM `cz_category`  [ RunTime:0.000959s ]

[ 2016-04-28T08:33:47+08:00 ] ::1 /shop/index.php/Home/Login/index.html
INFO: [ app_begin ] --START--
INFO: Run Behavior\ReadHtmlCacheBehavior [ RunTime:0.002356s ]
INFO: [ app_begin ] --END-- [ RunTime:0.004448s ]
NOTIC: [8192] mysql_connect(): The mysql extension is deprecated and will be removed in the future: use mysqli or PDO instead D:\wamp\www\shop\ThinkPHP\Library\Think\Db\Driver\Mysql.class.php 第 52 行.
SQL: SHOW COLUMNS FROM `cz_category` [ RunTime:0.011271s ]
SQL: SELECT * FROM `cz_category`  [ RunTime:0.000994s ]

[ 2016-04-28T08:34:20+08:00 ] ::1 /shop/index.php/Home/Login/index.html
INFO: [ app_begin ] --START--
INFO: Run Behavior\ReadHtmlCacheBehavior [ RunTime:0.002369s ]
INFO: [ app_begin ] --END-- [ RunTime:0.004023s ]
NOTIC: [8192] mysql_connect(): The mysql extension is deprecated and will be removed in the future: use mysqli or PDO instead D:\wamp\www\shop\ThinkPHP\Library\Think\Db\Driver\Mysql.class.php 第 52 行.
SQL: SHOW COLUMNS FROM `cz_category` [ RunTime:0.009264s ]
SQL: SELECT * FROM `cz_category`  [ RunTime:0.000952s ]

[ 2016-04-28T08:34:33+08:00 ] ::1 /shop/index.php/Home/Login/index.html
INFO: [ app_begin ] --START--
INFO: Run Behavior\ReadHtmlCacheBehavior [ RunTime:0.002488s ]
INFO: [ app_begin ] --END-- [ RunTime:0.004656s ]
NOTIC: [8192] mysql_connect(): The mysql extension is deprecated and will be removed in the future: use mysqli or PDO instead D:\wamp\www\shop\ThinkPHP\Library\Think\Db\Driver\Mysql.class.php 第 52 行.
SQL: SHOW COLUMNS FROM `cz_category` [ RunTime:0.011054s ]
SQL: SELECT * FROM `cz_category`  [ RunTime:0.001524s ]
SQL: SHOW COLUMNS FROM `cz_user` [ RunTime:0.011584s ]
SQL: SELECT * FROM `cz_user` WHERE `user_name` = '刘定邦' AND `password` = '864ce000907148c15695d87a552dcf5e' LIMIT 1   [ RunTime:0.001698s ]

[ 2016-04-28T08:34:57+08:00 ] ::1 /shop/index.php/Home/Login/index.html
INFO: [ app_begin ] --START--
INFO: Run Behavior\ReadHtmlCacheBehavior [ RunTime:0.002526s ]
INFO: [ app_begin ] --END-- [ RunTime:0.004281s ]
NOTIC: [8192] mysql_connect(): The mysql extension is deprecated and will be removed in the future: use mysqli or PDO instead D:\wamp\www\shop\ThinkPHP\Library\Think\Db\Driver\Mysql.class.php 第 52 行.
SQL: SHOW COLUMNS FROM `cz_category` [ RunTime:0.012314s ]
SQL: SELECT * FROM `cz_category`  [ RunTime:0.001419s ]
SQL: SHOW COLUMNS FROM `cz_shopcart` [ RunTime:0.010805s ]
SQL: SELECT * FROM `cz_shopcart` WHERE `user_id` = 1  [ RunTime:0.001031s ]

[ 2016-04-28T08:39:16+08:00 ] ::1 /shop/index.php/Home/Login/index.html
INFO: [ app_begin ] --START--
INFO: Run Behavior\ReadHtmlCacheBehavior [ RunTime:0.002861s ]
INFO: [ app_begin ] --END-- [ RunTime:0.005731s ]
NOTIC: [8192] mysql_connect(): The mysql extension is deprecated and will be removed in the future: use mysqli or PDO instead D:\wamp\www\shop\ThinkPHP\Library\Think\Db\Driver\Mysql.class.php 第 52 行.
SQL: SHOW COLUMNS FROM `cz_category` [ RunTime:0.011022s ]
SQL: SELECT * FROM `cz_category`  [ RunTime:0.001222s ]
SQL: SHOW COLUMNS FROM `cz_shopcart` [ RunTime:0.012082s ]
SQL: SELECT * FROM `cz_shopcart` WHERE `user_id` = 1  [ RunTime:0.000841s ]

[ 2016-04-28T08:39:22+08:00 ] ::1 /shop/index.php/Home/Login/index.html
INFO: [ app_begin ] --START--
INFO: Run Behavior\ReadHtmlCacheBehavior [ RunTime:0.002553s ]
INFO: [ app_begin ] --END-- [ RunTime:0.004307s ]
NOTIC: [8192] mysql_connect(): The mysql extension is deprecated and will be removed in the future: use mysqli or PDO instead D:\wamp\www\shop\ThinkPHP\Library\Think\Db\Driver\Mysql.class.php 第 52 行.
SQL: SHOW COLUMNS FROM `cz_category` [ RunTime:0.012572s ]
SQL: SELECT * FROM `cz_category`  [ RunTime:0.001354s ]
SQL: SHOW COLUMNS FROM `cz_shopcart` [ RunTime:0.009478s ]
SQL: SELECT * FROM `cz_shopcart` WHERE `user_id` = 1  [ RunTime:0.001146s ]

[ 2016-04-28T08:40:25+08:00 ] ::1 /shop/index.php/Home/Login/index.html
INFO: [ app_begin ] --START--
INFO: Run Behavior\ReadHtmlCacheBehavior [ RunTime:0.002845s ]
INFO: [ app_begin ] --END-- [ RunTime:0.004737s ]
NOTIC: [8192] mysql_connect(): The mysql extension is deprecated and will be removed in the future: use mysqli or PDO instead D:\wamp\www\shop\ThinkPHP\Library\Think\Db\Driver\Mysql.class.php 第 52 行.
SQL: SHOW COLUMNS FROM `cz_category` [ RunTime:0.009677s ]
SQL: SELECT * FROM `cz_category`  [ RunTime:0.001599s ]
SQL: SHOW COLUMNS FROM `cz_shopcart` [ RunTime:0.010680s ]
SQL: SELECT * FROM `cz_shopcart` WHERE `user_id` = 1  [ RunTime:0.000890s ]
SQL: SHOW COLUMNS FROM `cz_user` [ RunTime:0.011077s ]
SQL: SELECT * FROM `cz_user` WHERE `user_name` = '刘定邦' AND `password` = '864ce000907148c15695d87a552dcf5e' LIMIT 1   [ RunTime:0.000844s ]

[ 2016-04-28T08:41:05+08:00 ] ::1 /shop/index.php/Home/Login/index.html
INFO: [ app_begin ] --START--
INFO: Run Behavior\ReadHtmlCacheBehavior [ RunTime:0.004138s ]
INFO: [ app_begin ] --END-- [ RunTime:0.006544s ]
NOTIC: [8192] mysql_connect(): The mysql extension is deprecated and will be removed in the future: use mysqli or PDO instead D:\wamp\www\shop\ThinkPHP\Library\Think\Db\Driver\Mysql.class.php 第 52 行.
SQL: SHOW COLUMNS FROM `cz_category` [ RunTime:0.012227s ]
SQL: SELECT * FROM `cz_category`  [ RunTime:0.001313s ]
SQL: SHOW COLUMNS FROM `cz_shopcart` [ RunTime:0.012377s ]
SQL: SELECT * FROM `cz_shopcart` WHERE `user_id` = 1  [ RunTime:0.000840s ]

[ 2016-04-28T08:41:56+08:00 ] ::1 /shop/index.php/Home/Login/index.html
INFO: [ app_begin ] --START--
INFO: Run Behavior\ReadHtmlCacheBehavior [ RunTime:0.003190s ]
INFO: [ app_begin ] --END-- [ RunTime:0.005899s ]
NOTIC: [8192] mysql_connect(): The mysql extension is deprecated and will be removed in the future: use mysqli or PDO instead D:\wamp\www\shop\ThinkPHP\Library\Think\Db\Driver\Mysql.class.php 第 52 行.
SQL: SHOW COLUMNS FROM `cz_category` [ RunTime:0.009938s ]
SQL: SELECT * FROM `cz_category`  [ RunTime:0.001026s ]
SQL: SHOW COLUMNS FROM `cz_shopcart` [ RunTime:0.011318s ]
SQL: SELECT * FROM `cz_shopcart` WHERE `user_id` = 1  [ RunTime:0.001123s ]

[ 2016-04-28T08:42:04+08:00 ] ::1 /shop/index.php/Home/Login/index.html
INFO: [ app_begin ] --START--
INFO: Run Behavior\ReadHtmlCacheBehavior [ RunTime:0.002596s ]
INFO: [ app_begin ] --END-- [ RunTime:0.004381s ]
NOTIC: [8192] mysql_connect(): The mysql extension is deprecated and will be removed in the future: use mysqli or PDO instead D:\wamp\www\shop\ThinkPHP\Library\Think\Db\Driver\Mysql.class.php 第 52 行.
SQL: SHOW COLUMNS FROM `cz_category` [ RunTime:0.010174s ]
SQL: SELECT * FROM `cz_category`  [ RunTime:0.000985s ]
SQL: SHOW COLUMNS FROM `cz_shopcart` [ RunTime:0.008925s ]
SQL: SELECT * FROM `cz_shopcart` WHERE `user_id` = 1  [ RunTime:0.000993s ]

[ 2016-04-28T14:40:56+08:00 ] ::1 /shop/index.php/Home/Login/index.html
INFO: [ app_begin ] --START--
INFO: Run Behavior\ReadHtmlCacheBehavior [ RunTime:0.001154s ]
INFO: [ app_begin ] --END-- [ RunTime:0.001914s ]
NOTIC: [8192] mysql_connect(): The mysql extension is deprecated and will be removed in the future: use mysqli or PDO instead D:\wamp\www\shop\ThinkPHP\Library\Think\Db\Driver\Mysql.class.php 第 52 行.
SQL: SHOW COLUMNS FROM `cz_category` [ RunTime:0.009993s ]
SQL: SELECT * FROM `cz_category`  [ RunTime:0.000430s ]
SQL: SHOW COLUMNS FROM `cz_user` [ RunTime:0.003828s ]
SQL: SELECT * FROM `cz_user` WHERE `user_name` = '刘定邦' AND `password` = '864ce000907148c15695d87a552dcf5e' LIMIT 1   [ RunTime:0.000365s ]

[ 2016-04-28T16:55:38+08:00 ] ::1 /shop/index.php/Home/Login/index.html
INFO: [ app_begin ] --START--
INFO: Run Behavior\ReadHtmlCacheBehavior [ RunTime:0.001167s ]
INFO: [ app_begin ] --END-- [ RunTime:0.002091s ]
NOTIC: [8192] mysql_connect(): The mysql extension is deprecated and will be removed in the future: use mysqli or PDO instead D:\wamp\www\shop\ThinkPHP\Library\Think\Db\Driver\Mysql.class.php 第 52 行.
SQL: SHOW COLUMNS FROM `cz_category` [ RunTime:0.005713s ]
SQL: SELECT * FROM `cz_category`  [ RunTime:0.000451s ]
SQL: SHOW COLUMNS FROM `cz_user` [ RunTime:0.007318s ]
SQL: SELECT * FROM `cz_user` WHERE `user_name` = '刘定邦' AND `password` = '864ce000907148c15695d87a552dcf5e' LIMIT 1   [ RunTime:0.000478s ]

[ 2016-04-28T17:55:56+08:00 ] ::1 /shop/index.php/Home/Login/index.html
INFO: [ app_begin ] --START--
INFO: Run Behavior\ReadHtmlCacheBehavior [ RunTime:0.000633s ]
INFO: [ app_begin ] --END-- [ RunTime:0.001207s ]
NOTIC: [8192] mysql_connect(): The mysql extension is deprecated and will be removed in the future: use mysqli or PDO instead D:\wamp\www\shop\ThinkPHP\Library\Think\Db\Driver\Mysql.class.php 第 52 行.
SQL: SHOW COLUMNS FROM `cz_category` [ RunTime:0.004289s ]
SQL: SELECT * FROM `cz_category`  [ RunTime:0.000400s ]

[ 2016-04-28T17:56:04+08:00 ] ::1 /shop/index.php/Home/Login/index.html
INFO: [ app_begin ] --START--
INFO: Run Behavior\ReadHtmlCacheBehavior [ RunTime:0.000637s ]
INFO: [ app_begin ] --END-- [ RunTime:0.001312s ]
NOTIC: [8192] mysql_connect(): The mysql extension is deprecated and will be removed in the future: use mysqli or PDO instead D:\wamp\www\shop\ThinkPHP\Library\Think\Db\Driver\Mysql.class.php 第 52 行.
SQL: SHOW COLUMNS FROM `cz_category` [ RunTime:0.004208s ]
SQL: SELECT * FROM `cz_category`  [ RunTime:0.000367s ]
SQL: SHOW COLUMNS FROM `cz_user` [ RunTime:0.044899s ]
SQL: SELECT * FROM `cz_user` WHERE `user_name` = '刘定邦' AND `password` = '864ce000907148c15695d87a552dcf5e' LIMIT 1   [ RunTime:0.000406s ]

