[ 2016-03-21T09:34:50+08:00 ] ::1 /shop/index.php/Home/Shop/css/base.css
ERR: 非法操作:css

[ 2016-03-21T09:34:50+08:00 ] ::1 /shop/index.php/Home/Shop/css/shop_common.css
ERR: 非法操作:css

[ 2016-03-21T09:34:50+08:00 ] ::1 /shop/index.php/Home/Shop/js/topNav.js
ERR: 非法操作:js

[ 2016-03-21T09:34:50+08:00 ] ::1 /shop/index.php/Home/Shop/css/shop_gouwuche.css
ERR: 非法操作:css

[ 2016-03-21T09:34:50+08:00 ] ::1 /shop/index.php/Home/Shop/css/shop_header.css
ERR: 非法操作:css

[ 2016-03-21T09:34:50+08:00 ] ::1 /shop/index.php/Home/Shop/js/jquery.js
ERR: 非法操作:js

[ 2016-03-21T09:34:50+08:00 ] ::1 /shop/index.php/Home/Shop/js/jquery.goodnums.js
ERR: 非法操作:js

[ 2016-03-21T09:34:50+08:00 ] ::1 /shop/index.php/Home/Shop/js/shop_gouwuche.js
ERR: 非法操作:js

[ 2016-03-21T09:34:50+08:00 ] ::1 /shop/index.php/Home/Shop/js/topNav.js
ERR: 非法操作:js

[ 2016-03-21T09:34:50+08:00 ] ::1 /shop/index.php/Home/Shop/js/jquery.goodnums.js
ERR: 非法操作:js

[ 2016-03-21T09:34:50+08:00 ] ::1 /shop/index.php/Home/Shop/js/shop_gouwuche.js
ERR: 非法操作:js

[ 2016-03-21T10:41:36+08:00 ] ::1 /shop/index.php/Home/Shop/shopcar2
ERR: 错误的查询条件:[user_name=>刘定邦]

[ 2016-03-21T10:41:37+08:00 ] ::1 /shop/index.php/Home/Shop/shopcar2
ERR: 错误的查询条件:[user_name=>刘定邦]

[ 2016-03-21T10:42:01+08:00 ] ::1 /shop/index.php/Home/Shop/shopcar2
ERR: 错误的查询条件:[user_name=>刘定邦]

[ 2016-03-21T10:42:01+08:00 ] ::1 /shop/index.php/Home/Shop/shopcar2
ERR: 错误的查询条件:[user_name=>刘定邦]

[ 2016-03-21T10:42:57+08:00 ] ::1 /shop/index.php/Home/Shop/shopcar2
ERR: 错误的查询条件:[user_name=>刘定邦]

[ 2016-03-21T10:42:57+08:00 ] ::1 /shop/index.php/Home/Shop/shopcar2
ERR: 错误的查询条件:[user_name=>刘定邦]

[ 2016-03-21T10:45:36+08:00 ] ::1 /shop/index.php/Home/Shop/shopcar2
ERR: 错误的查询条件:[user_name=>刘定邦]

[ 2016-03-21T10:45:36+08:00 ] ::1 /shop/index.php/Home/Shop/shopcar2
ERR: 错误的查询条件:[user_name=>刘定邦]

[ 2016-03-21T10:47:26+08:00 ] ::1 /shop/index.php/Home/Shop/shopcar2
ERR: 错误的查询条件:[user_name=>刘定邦]

[ 2016-03-21T10:47:26+08:00 ] ::1 /shop/index.php/Home/Shop/shopcar2
ERR: 错误的查询条件:[user_name=>刘定邦]

[ 2016-03-21T10:54:40+08:00 ] ::1 /shop/index.php/Home/Shop/shopcar2
ERR: 错误的查询条件:[user_name=>刘定邦]

[ 2016-03-21T10:54:40+08:00 ] ::1 /shop/index.php/Home/Shop/shopcar2
ERR: 错误的查询条件:[user_name=>刘定邦]

[ 2016-03-21T10:58:31+08:00 ] ::1 /shop/index.php/Home/Shop/shopcar2
ERR: 错误的查询条件:[user_name=>刘定邦]

[ 2016-03-21T10:58:32+08:00 ] ::1 /shop/index.php/Home/Shop/shopcar2
ERR: 错误的查询条件:[user_name=>刘定邦]

[ 2016-03-21T11:01:20+08:00 ] ::1 /shop/index.php/Home/Shop/shopcar2
ERR: 错误的查询条件:[user_name=>刘定邦]

[ 2016-03-21T11:01:21+08:00 ] ::1 /shop/index.php/Home/Shop/shopcar2
ERR: 错误的查询条件:[user_name=>刘定邦]

[ 2016-03-21T11:03:46+08:00 ] ::1 /shop/index.php/Home/Shop/shopcar2
ERR: 错误的查询条件:[user_name=>刘定邦]

[ 2016-03-21T11:03:46+08:00 ] ::1 /shop/index.php/Home/Shop/shopcar2
ERR: 错误的查询条件:[user_name=>刘定邦]

[ 2016-03-21T11:03:51+08:00 ] ::1 /shop/index.php/Home/Shop/shopcar2
ERR: 错误的查询条件:[user_name=>刘定邦]

[ 2016-03-21T11:03:51+08:00 ] ::1 /shop/index.php/Home/Shop/shopcar2
ERR: 错误的查询条件:[user_name=>刘定邦]

[ 2016-03-21T13:42:01+08:00 ] ::1 /shop/index.php/Home/Shop/shopCar
ERR: 错误的查询条件:[user_id=>1]

[ 2016-03-21T13:43:20+08:00 ] ::1 /shop/index.php/Home/Shop/shopCar
ERR: 错误的查询条件:[user_id=>1]

[ 2016-03-21T13:43:24+08:00 ] ::1 /shop/index.php/Home/Shop/shopCar
ERR: 错误的查询条件:[user_id=>1]

[ 2016-03-21T13:48:58+08:00 ] ::1 /shop/index.php/Home/Shop/shopCar
ERR: 错误的查询条件:[user_id=>1]

[ 2016-03-21T13:49:17+08:00 ] ::1 /shop/index.php/Home/Shop/shopCar
ERR: 错误的查询条件:[user_id=>1]

[ 2016-03-21T13:49:22+08:00 ] ::1 /shop/index.php/Home/Shop/shopCar
ERR: 错误的查询条件:[user_id=>1]

[ 2016-03-21T13:49:22+08:00 ] ::1 /shop/index.php/Home/Shop/shopCar
ERR: 错误的查询条件:[user_id=>1]

[ 2016-03-21T13:49:52+08:00 ] ::1 /shop/index.php/Home/Shop/shopCar
ERR: 错误的查询条件:[user_id=>1]

[ 2016-03-21T13:49:53+08:00 ] ::1 /shop/index.php/Home/Shop/shopCar
ERR: 错误的查询条件:[user_id=>1]

[ 2016-03-21T15:34:22+08:00 ] ::1 /shop/index.php/Home/Shop/shopcar2
ERR: 错误的查询条件:[user_name=>刘定邦]

[ 2016-03-21T15:35:42+08:00 ] ::1 /shop/index.php/Home/Shop/shopcar2
ERR: 错误的查询条件:[user_name=>刘定邦]

[ 2016-03-21T15:35:46+08:00 ] ::1 /shop/index.php/Home/Shop/shopcar2
ERR: 错误的查询条件:[user_name=>刘定邦]

[ 2016-03-21T15:36:17+08:00 ] ::1 /shop/index.php/Home/Shop/shopcar2
ERR: 错误的查询条件:[user_name=>刘定邦]

[ 2016-03-21T15:37:36+08:00 ] ::1 /shop/index.php/Home/Shop/shopcar2
ERR: 错误的查询条件:[user_name=>刘定邦]

[ 2016-03-21T15:38:51+08:00 ] ::1 /shop/index.php/Home/Shop/shopcar2
ERR: 错误的查询条件:[user_name=>刘定邦]

[ 2016-03-21T16:02:17+08:00 ] ::1 /shop/index.php/Home/Shop/address;
ERR: 非法操作:address;

[ 2016-03-21T16:02:56+08:00 ] ::1 /shop/index.php/Home/Shop/address;
ERR: 非法操作:address;

[ 2016-03-21T16:03:04+08:00 ] ::1 /shop/index.php/Home/Shop/css/shop_manager.css
ERR: 非法操作:css

[ 2016-03-21T16:03:04+08:00 ] ::1 /shop/index.php/Home/Shop/css/shop_shdz_835.css
ERR: 非法操作:css

[ 2016-03-21T16:03:04+08:00 ] ::1 /shop/index.php/Home/Shop/css/base.css
ERR: 非法操作:css

[ 2016-03-21T16:03:04+08:00 ] ::1 /shop/index.php/Home/Shop/css/shop_header.css
ERR: 非法操作:css

[ 2016-03-21T16:03:04+08:00 ] ::1 /shop/index.php/Home/Shop/css/shop_common.css
ERR: 非法操作:css

[ 2016-03-21T16:03:04+08:00 ] ::1 /shop/index.php/Home/Shop/js/jquery.js
ERR: 非法操作:js

[ 2016-03-21T16:03:04+08:00 ] ::1 /shop/index.php/Home/Shop/js/topNav.js
ERR: 非法操作:js

