[ 2016-06-06T09:17:01+08:00 ] ::1 /shop/
INFO: [ app_init ] --START--
INFO: Run Behavior\BuildLiteBehavior [ RunTime:0.000095s ]
INFO: [ app_init ] --END-- [ RunTime:0.015586s ]
INFO: [ app_begin ] --START--
INFO: Run Behavior\ReadHtmlCacheBehavior [ RunTime:0.016329s ]
INFO: [ app_begin ] --END-- [ RunTime:0.016878s ]
NOTIC: [8192] mysql_connect(): The mysql extension is deprecated and will be removed in the future: use mysqli or PDO instead D:\wamp\www\shop\ThinkPHP\Library\Think\Db\Driver\Mysql.class.php 第 52 行.
SQL: SHOW COLUMNS FROM `cz_category` [ RunTime:0.053000s ]
SQL: SELECT * FROM `cz_category`  [ RunTime:0.001202s ]
SQL: SHOW COLUMNS FROM `cz_goods` [ RunTime:0.031910s ]
SQL: SELECT * FROM `cz_goods` WHERE `is_best` = 1 AND `is_onsale` = 1 ORDER BY goods_id desc LIMIT 4   [ RunTime:0.035077s ]
SQL: SELECT * FROM `cz_goods` WHERE `is_hot` = 1 ORDER BY goods_id desc LIMIT 4   [ RunTime:0.001161s ]
SQL: SELECT * FROM `cz_goods` WHERE `is_new` = 1 ORDER BY goods_id desc LIMIT 4   [ RunTime:0.001059s ]
SQL: SELECT * FROM `cz_goods` WHERE `cat_id` > 15 ORDER BY goods_id desc LIMIT 6   [ RunTime:0.006398s ]
SQL: SHOW COLUMNS FROM `cz_category` [ RunTime:0.008317s ]
SQL: SELECT * FROM `cz_category` WHERE ( parent_id=16 ) LIMIT 6   [ RunTime:0.000949s ]
SQL: SELECT * FROM `cz_category` WHERE ( parent_id=15 ) LIMIT 6   [ RunTime:0.000749s ]
SQL: SHOW COLUMNS FROM `cz_goods` [ RunTime:0.008321s ]
SQL: SELECT * FROM `cz_goods` ORDER BY click_count desc LIMIT 5   [ RunTime:0.001486s ]
INFO: [ view_parse ] --START--
INFO: [ template_filter ] --START--
INFO: Run Behavior\ContentReplaceBehavior [ RunTime:0.000930s ]
INFO: [ template_filter ] --END-- [ RunTime:0.001374s ]
NOTIC: [8] Undefined variable: user D:\wamp\www\shop\Application\Runtime\Cache\Home\2a94b8bda04ff446dcedd42276fc99ee.php 第 23 行.
NOTIC: [8] Undefined variable: num D:\wamp\www\shop\Application\Runtime\Cache\Home\2a94b8bda04ff446dcedd42276fc99ee.php 第 48 行.
NOTIC: [8] Undefined index: goods_id D:\wamp\www\shop\Application\Runtime\Cache\Home\2a94b8bda04ff446dcedd42276fc99ee.php 第 359 行.
INFO: Run Behavior\ParseTemplateBehavior [ RunTime:0.222963s ]
INFO: [ view_parse ] --END-- [ RunTime:0.223424s ]
INFO: [ view_filter ] --START--
INFO: Run Behavior\WriteHtmlCacheBehavior [ RunTime:0.012714s ]
INFO: [ view_filter ] --END-- [ RunTime:0.013217s ]
INFO: [ app_end ] --START--
INFO: Run Behavior\ShowPageTraceBehavior [ RunTime:0.002483s ]
INFO: [ app_end ] --END-- [ RunTime:0.002919s ]

[ 2016-06-06T09:17:04+08:00 ] ::1 /shop/index.php/Home/login/index
INFO: [ app_init ] --START--
INFO: Run Behavior\BuildLiteBehavior [ RunTime:0.000092s ]
INFO: [ app_init ] --END-- [ RunTime:0.001590s ]
INFO: [ app_begin ] --START--
INFO: Run Behavior\ReadHtmlCacheBehavior [ RunTime:0.001980s ]
INFO: [ app_begin ] --END-- [ RunTime:0.002444s ]
NOTIC: [8192] mysql_connect(): The mysql extension is deprecated and will be removed in the future: use mysqli or PDO instead D:\wamp\www\shop\ThinkPHP\Library\Think\Db\Driver\Mysql.class.php 第 52 行.
SQL: SHOW COLUMNS FROM `cz_category` [ RunTime:0.008479s ]
SQL: SELECT * FROM `cz_category`  [ RunTime:0.001013s ]
INFO: [ view_parse ] --START--
INFO: [ template_filter ] --START--
INFO: Run Behavior\ContentReplaceBehavior [ RunTime:0.000261s ]
INFO: [ template_filter ] --END-- [ RunTime:0.000702s ]
INFO: Run Behavior\ParseTemplateBehavior [ RunTime:0.039027s ]
INFO: [ view_parse ] --END-- [ RunTime:0.039527s ]
INFO: [ view_filter ] --START--
INFO: Run Behavior\WriteHtmlCacheBehavior [ RunTime:0.001253s ]
INFO: [ view_filter ] --END-- [ RunTime:0.001682s ]
INFO: [ app_end ] --START--
INFO: Run Behavior\ShowPageTraceBehavior [ RunTime:0.001709s ]
INFO: [ app_end ] --END-- [ RunTime:0.002179s ]

[ 2016-06-06T09:17:04+08:00 ] ::1 /shop/index.php/Home/Login/code
INFO: [ app_init ] --START--
INFO: Run Behavior\BuildLiteBehavior [ RunTime:0.000261s ]
INFO: [ app_init ] --END-- [ RunTime:0.001993s ]
INFO: [ app_begin ] --START--
INFO: Run Behavior\ReadHtmlCacheBehavior [ RunTime:0.002132s ]
INFO: [ app_begin ] --END-- [ RunTime:0.002956s ]
NOTIC: [8192] mysql_connect(): The mysql extension is deprecated and will be removed in the future: use mysqli or PDO instead D:\wamp\www\shop\ThinkPHP\Library\Think\Db\Driver\Mysql.class.php 第 52 行.
SQL: SHOW COLUMNS FROM `cz_category` [ RunTime:0.011845s ]
SQL: SELECT * FROM `cz_category`  [ RunTime:0.001366s ]
INFO: [ app_end ] --START--
INFO: Run Behavior\ShowPageTraceBehavior [ RunTime:0.002961s ]
INFO: [ app_end ] --END-- [ RunTime:0.003725s ]

[ 2016-06-06T09:17:20+08:00 ] ::1 /shop/index.php/Home/Login/index.html
INFO: [ app_init ] --START--
INFO: Run Behavior\BuildLiteBehavior [ RunTime:0.000094s ]
INFO: [ app_init ] --END-- [ RunTime:0.001728s ]
INFO: [ app_begin ] --START--
INFO: Run Behavior\ReadHtmlCacheBehavior [ RunTime:0.002685s ]
INFO: [ app_begin ] --END-- [ RunTime:0.003552s ]
NOTIC: [8192] mysql_connect(): The mysql extension is deprecated and will be removed in the future: use mysqli or PDO instead D:\wamp\www\shop\ThinkPHP\Library\Think\Db\Driver\Mysql.class.php 第 52 行.
SQL: SHOW COLUMNS FROM `cz_category` [ RunTime:0.011493s ]
SQL: SELECT * FROM `cz_category`  [ RunTime:0.001167s ]

[ 2016-06-06T09:17:22+08:00 ] ::1 /shop/index.php/Home/Login/code/0.46987139000503125
INFO: [ app_init ] --START--
INFO: Run Behavior\BuildLiteBehavior [ RunTime:0.000125s ]
INFO: [ app_init ] --END-- [ RunTime:0.001913s ]
INFO: [ app_begin ] --START--
INFO: Run Behavior\ReadHtmlCacheBehavior [ RunTime:0.001749s ]
INFO: [ app_begin ] --END-- [ RunTime:0.002192s ]
NOTIC: [8192] mysql_connect(): The mysql extension is deprecated and will be removed in the future: use mysqli or PDO instead D:\wamp\www\shop\ThinkPHP\Library\Think\Db\Driver\Mysql.class.php 第 52 行.
SQL: SHOW COLUMNS FROM `cz_category` [ RunTime:0.008534s ]
SQL: SELECT * FROM `cz_category`  [ RunTime:0.001016s ]
INFO: [ app_end ] --START--
INFO: Run Behavior\ShowPageTraceBehavior [ RunTime:0.002155s ]
INFO: [ app_end ] --END-- [ RunTime:0.002620s ]

[ 2016-06-06T09:17:22+08:00 ] ::1 /shop/index.php/Home/Login/code/0.12331014951370311
INFO: [ app_init ] --START--
INFO: Run Behavior\BuildLiteBehavior [ RunTime:0.000093s ]
INFO: [ app_init ] --END-- [ RunTime:0.001750s ]
INFO: [ app_begin ] --START--
INFO: Run Behavior\ReadHtmlCacheBehavior [ RunTime:0.001685s ]
INFO: [ app_begin ] --END-- [ RunTime:0.002124s ]
NOTIC: [8192] mysql_connect(): The mysql extension is deprecated and will be removed in the future: use mysqli or PDO instead D:\wamp\www\shop\ThinkPHP\Library\Think\Db\Driver\Mysql.class.php 第 52 行.
SQL: SHOW COLUMNS FROM `cz_category` [ RunTime:0.008352s ]
SQL: SELECT * FROM `cz_category`  [ RunTime:0.000978s ]
INFO: [ app_end ] --START--
INFO: Run Behavior\ShowPageTraceBehavior [ RunTime:0.001860s ]
INFO: [ app_end ] --END-- [ RunTime:0.002320s ]

[ 2016-06-06T09:17:23+08:00 ] ::1 /shop/index.php/Home/Login/code/0.02894941901152559
INFO: [ app_init ] --START--
INFO: Run Behavior\BuildLiteBehavior [ RunTime:0.000123s ]
INFO: [ app_init ] --END-- [ RunTime:0.001834s ]
INFO: [ app_begin ] --START--
INFO: Run Behavior\ReadHtmlCacheBehavior [ RunTime:0.001899s ]
INFO: [ app_begin ] --END-- [ RunTime:0.002439s ]
NOTIC: [8192] mysql_connect(): The mysql extension is deprecated and will be removed in the future: use mysqli or PDO instead D:\wamp\www\shop\ThinkPHP\Library\Think\Db\Driver\Mysql.class.php 第 52 行.
SQL: SHOW COLUMNS FROM `cz_category` [ RunTime:0.008913s ]
SQL: SELECT * FROM `cz_category`  [ RunTime:0.001225s ]
INFO: [ app_end ] --START--
INFO: Run Behavior\ShowPageTraceBehavior [ RunTime:0.001871s ]
INFO: [ app_end ] --END-- [ RunTime:0.002366s ]

[ 2016-06-06T09:17:24+08:00 ] ::1 /shop/index.php/Home/Login/code/0.8916851039715201
INFO: [ app_init ] --START--
INFO: Run Behavior\BuildLiteBehavior [ RunTime:0.000109s ]
INFO: [ app_init ] --END-- [ RunTime:0.001670s ]
INFO: [ app_begin ] --START--
INFO: Run Behavior\ReadHtmlCacheBehavior [ RunTime:0.001802s ]
INFO: [ app_begin ] --END-- [ RunTime:0.002249s ]
NOTIC: [8192] mysql_connect(): The mysql extension is deprecated and will be removed in the future: use mysqli or PDO instead D:\wamp\www\shop\ThinkPHP\Library\Think\Db\Driver\Mysql.class.php 第 52 行.
SQL: SHOW COLUMNS FROM `cz_category` [ RunTime:0.008966s ]
SQL: SELECT * FROM `cz_category`  [ RunTime:0.000985s ]
INFO: [ app_end ] --START--
INFO: Run Behavior\ShowPageTraceBehavior [ RunTime:0.001938s ]
INFO: [ app_end ] --END-- [ RunTime:0.002407s ]

[ 2016-06-06T09:17:26+08:00 ] ::1 /shop/index.php/Home/Login/code/0.5924534103260812
INFO: [ app_init ] --START--
INFO: Run Behavior\BuildLiteBehavior [ RunTime:0.000095s ]
INFO: [ app_init ] --END-- [ RunTime:0.001873s ]
INFO: [ app_begin ] --START--
INFO: Run Behavior\ReadHtmlCacheBehavior [ RunTime:0.001687s ]
INFO: [ app_begin ] --END-- [ RunTime:0.002126s ]
NOTIC: [8192] mysql_connect(): The mysql extension is deprecated and will be removed in the future: use mysqli or PDO instead D:\wamp\www\shop\ThinkPHP\Library\Think\Db\Driver\Mysql.class.php 第 52 行.
SQL: SHOW COLUMNS FROM `cz_category` [ RunTime:0.008273s ]
SQL: SELECT * FROM `cz_category`  [ RunTime:0.001049s ]
INFO: [ app_end ] --START--
INFO: Run Behavior\ShowPageTraceBehavior [ RunTime:0.002034s ]
INFO: [ app_end ] --END-- [ RunTime:0.002488s ]

[ 2016-06-06T09:17:33+08:00 ] ::1 /shop/index.php/Home/Login/index.html
INFO: [ app_init ] --START--
INFO: Run Behavior\BuildLiteBehavior [ RunTime:0.000091s ]
INFO: [ app_init ] --END-- [ RunTime:0.001718s ]
INFO: [ app_begin ] --START--
INFO: Run Behavior\ReadHtmlCacheBehavior [ RunTime:0.001694s ]
INFO: [ app_begin ] --END-- [ RunTime:0.002110s ]
NOTIC: [8192] mysql_connect(): The mysql extension is deprecated and will be removed in the future: use mysqli or PDO instead D:\wamp\www\shop\ThinkPHP\Library\Think\Db\Driver\Mysql.class.php 第 52 行.
SQL: SHOW COLUMNS FROM `cz_category` [ RunTime:0.008062s ]
SQL: SELECT * FROM `cz_category`  [ RunTime:0.000969s ]
SQL: SHOW COLUMNS FROM `cz_user` [ RunTime:0.052532s ]
SQL: SELECT * FROM `cz_user` WHERE `user_name` = '刘定邦' AND `password` = '864ce000907148c15695d87a552dcf5e' LIMIT 1   [ RunTime:0.015570s ]

[ 2016-06-06T09:17:33+08:00 ] ::1 /shop/index.php/Home/index/index.html
INFO: [ app_init ] --START--
INFO: Run Behavior\BuildLiteBehavior [ RunTime:0.000144s ]
INFO: [ app_init ] --END-- [ RunTime:0.002254s ]
INFO: [ app_begin ] --START--
INFO: Run Behavior\ReadHtmlCacheBehavior [ RunTime:0.002432s ]
INFO: [ app_begin ] --END-- [ RunTime:0.003169s ]
NOTIC: [8192] mysql_connect(): The mysql extension is deprecated and will be removed in the future: use mysqli or PDO instead D:\wamp\www\shop\ThinkPHP\Library\Think\Db\Driver\Mysql.class.php 第 52 行.
SQL: SHOW COLUMNS FROM `cz_category` [ RunTime:0.008342s ]
SQL: SELECT * FROM `cz_category`  [ RunTime:0.000979s ]
SQL: SHOW COLUMNS FROM `cz_shopcart` [ RunTime:0.068228s ]
SQL: SELECT * FROM `cz_shopcart` WHERE `user_id` = 1  [ RunTime:0.001011s ]
SQL: SHOW COLUMNS FROM `cz_goods` [ RunTime:0.009501s ]
SQL: SELECT * FROM `cz_goods` WHERE `is_best` = 1 AND `is_onsale` = 1 ORDER BY goods_id desc LIMIT 4   [ RunTime:0.001297s ]
SQL: SELECT * FROM `cz_goods` WHERE `is_hot` = 1 ORDER BY goods_id desc LIMIT 4   [ RunTime:0.001082s ]
SQL: SELECT * FROM `cz_goods` WHERE `is_new` = 1 ORDER BY goods_id desc LIMIT 4   [ RunTime:0.001048s ]
SQL: SELECT * FROM `cz_goods` WHERE `cat_id` > 15 ORDER BY goods_id desc LIMIT 6   [ RunTime:0.001124s ]
SQL: SHOW COLUMNS FROM `cz_category` [ RunTime:0.007946s ]
SQL: SELECT * FROM `cz_category` WHERE ( parent_id=16 ) LIMIT 6   [ RunTime:0.000841s ]
SQL: SELECT * FROM `cz_category` WHERE ( parent_id=15 ) LIMIT 6   [ RunTime:0.001141s ]
SQL: SHOW COLUMNS FROM `cz_goods` [ RunTime:0.008664s ]
SQL: SELECT * FROM `cz_goods` ORDER BY click_count desc LIMIT 5   [ RunTime:0.001158s ]
INFO: [ view_parse ] --START--
INFO: [ template_filter ] --START--
INFO: Run Behavior\ContentReplaceBehavior [ RunTime:0.001453s ]
INFO: [ template_filter ] --END-- [ RunTime:0.001920s ]
NOTIC: [8] Undefined index: goods_id D:\wamp\www\shop\Application\Runtime\Cache\Home\2a94b8bda04ff446dcedd42276fc99ee.php 第 359 行.
INFO: Run Behavior\ParseTemplateBehavior [ RunTime:0.100855s ]
INFO: [ view_parse ] --END-- [ RunTime:0.101443s ]
INFO: [ view_filter ] --START--
INFO: Run Behavior\WriteHtmlCacheBehavior [ RunTime:0.001361s ]
INFO: [ view_filter ] --END-- [ RunTime:0.001797s ]
INFO: [ app_end ] --START--
INFO: Run Behavior\ShowPageTraceBehavior [ RunTime:0.001729s ]
INFO: [ app_end ] --END-- [ RunTime:0.002155s ]

[ 2016-06-06T09:17:35+08:00 ] ::1 /shop/index.php/Home/Shop/shopCar
INFO: [ app_init ] --START--
INFO: Run Behavior\BuildLiteBehavior [ RunTime:0.000092s ]
INFO: [ app_init ] --END-- [ RunTime:0.001608s ]
INFO: [ app_begin ] --START--
INFO: Run Behavior\ReadHtmlCacheBehavior [ RunTime:0.002314s ]
INFO: [ app_begin ] --END-- [ RunTime:0.002826s ]
NOTIC: [8192] mysql_connect(): The mysql extension is deprecated and will be removed in the future: use mysqli or PDO instead D:\wamp\www\shop\ThinkPHP\Library\Think\Db\Driver\Mysql.class.php 第 52 行.
SQL: SHOW COLUMNS FROM `cz_category` [ RunTime:0.010933s ]
SQL: SELECT * FROM `cz_category`  [ RunTime:0.001123s ]
SQL: SHOW COLUMNS FROM `cz_shopcart` [ RunTime:0.009007s ]
SQL: SELECT * FROM `cz_shopcart` WHERE `user_id` = 1  [ RunTime:0.001110s ]
SQL: SELECT * FROM `cz_shopcart` INNER JOIN cz_goods ON cz_goods.goods_id = cz_shopcart.goods_id  WHERE `user_id` = '1'  [ RunTime:0.040246s ]
SQL: SELECT SUM(subtotal) AS tp_sum FROM `cz_shopcart` LIMIT 1   [ RunTime:0.007791s ]
INFO: [ view_parse ] --START--
INFO: [ template_filter ] --START--
INFO: Run Behavior\ContentReplaceBehavior [ RunTime:0.000627s ]
INFO: [ template_filter ] --END-- [ RunTime:0.001116s ]
INFO: Run Behavior\ParseTemplateBehavior [ RunTime:0.072458s ]
INFO: [ view_parse ] --END-- [ RunTime:0.072995s ]
INFO: [ view_filter ] --START--
INFO: Run Behavior\WriteHtmlCacheBehavior [ RunTime:0.001294s ]
INFO: [ view_filter ] --END-- [ RunTime:0.001706s ]
INFO: [ app_end ] --START--
INFO: Run Behavior\ShowPageTraceBehavior [ RunTime:0.002212s ]
INFO: [ app_end ] --END-- [ RunTime:0.002923s ]

[ 2016-06-06T09:17:42+08:00 ] ::1 /shop/index.php/Home/Shop/minus
INFO: [ app_init ] --START--
INFO: Run Behavior\BuildLiteBehavior [ RunTime:0.000096s ]
INFO: [ app_init ] --END-- [ RunTime:0.001757s ]
INFO: [ app_begin ] --START--
INFO: Run Behavior\ReadHtmlCacheBehavior [ RunTime:0.001654s ]
INFO: [ app_begin ] --END-- [ RunTime:0.002017s ]
NOTIC: [8192] mysql_connect(): The mysql extension is deprecated and will be removed in the future: use mysqli or PDO instead D:\wamp\www\shop\ThinkPHP\Library\Think\Db\Driver\Mysql.class.php 第 52 行.
SQL: SHOW COLUMNS FROM `cz_category` [ RunTime:0.014875s ]
SQL: SELECT * FROM `cz_category`  [ RunTime:0.000975s ]
SQL: SHOW COLUMNS FROM `cz_shopcart` [ RunTime:0.007848s ]
SQL: SELECT * FROM `cz_shopcart` WHERE `user_id` = 1  [ RunTime:0.000896s ]
SQL: UPDATE `cz_shopcart` SET `goods_num`=goods_num-1 WHERE ( goods_id=8 ) [ RunTime:0.076426s ]
SQL: SELECT `goods_num`,`goods_price` FROM `cz_shopcart` WHERE ( goods_id=8 )  [ RunTime:0.000882s ]
SQL: UPDATE `cz_shopcart` SET `subtotal`=180 WHERE ( goods_id=8 ) [ RunTime:0.000773s ]
INFO: [ app_end ] --START--
INFO: Run Behavior\ShowPageTraceBehavior [ RunTime:0.001819s ]
INFO: [ app_end ] --END-- [ RunTime:0.002172s ]

[ 2016-06-06T09:17:44+08:00 ] ::1 /shop/index.php/Home/Shop/add
INFO: [ app_init ] --START--
INFO: Run Behavior\BuildLiteBehavior [ RunTime:0.000092s ]
INFO: [ app_init ] --END-- [ RunTime:0.001578s ]
INFO: [ app_begin ] --START--
INFO: Run Behavior\ReadHtmlCacheBehavior [ RunTime:0.001981s ]
INFO: [ app_begin ] --END-- [ RunTime:0.002524s ]
NOTIC: [8192] mysql_connect(): The mysql extension is deprecated and will be removed in the future: use mysqli or PDO instead D:\wamp\www\shop\ThinkPHP\Library\Think\Db\Driver\Mysql.class.php 第 52 行.
SQL: SHOW COLUMNS FROM `cz_category` [ RunTime:0.009117s ]
SQL: SELECT * FROM `cz_category`  [ RunTime:0.000957s ]
SQL: SHOW COLUMNS FROM `cz_shopcart` [ RunTime:0.009156s ]
SQL: SELECT * FROM `cz_shopcart` WHERE `user_id` = 1  [ RunTime:0.000917s ]
SQL: UPDATE `cz_shopcart` SET `goods_num`=goods_num+1 WHERE ( goods_id=8 ) [ RunTime:0.000797s ]
SQL: SELECT `goods_num`,`goods_price` FROM `cz_shopcart` WHERE ( goods_id=8 )  [ RunTime:0.001015s ]
SQL: UPDATE `cz_shopcart` SET `subtotal`=360 WHERE ( goods_id=8 ) [ RunTime:0.000844s ]
INFO: [ app_end ] --START--
INFO: Run Behavior\ShowPageTraceBehavior [ RunTime:0.002137s ]
INFO: [ app_end ] --END-- [ RunTime:0.002600s ]

[ 2016-06-06T09:17:46+08:00 ] ::1 /shop/index.php/Home/Shop/minus
INFO: [ app_init ] --START--
INFO: Run Behavior\BuildLiteBehavior [ RunTime:0.000093s ]
INFO: [ app_init ] --END-- [ RunTime:0.001608s ]
INFO: [ app_begin ] --START--
INFO: Run Behavior\ReadHtmlCacheBehavior [ RunTime:0.001639s ]
INFO: [ app_begin ] --END-- [ RunTime:0.002003s ]
NOTIC: [8192] mysql_connect(): The mysql extension is deprecated and will be removed in the future: use mysqli or PDO instead D:\wamp\www\shop\ThinkPHP\Library\Think\Db\Driver\Mysql.class.php 第 52 行.
SQL: SHOW COLUMNS FROM `cz_category` [ RunTime:0.008743s ]
SQL: SELECT * FROM `cz_category`  [ RunTime:0.000922s ]
SQL: SHOW COLUMNS FROM `cz_shopcart` [ RunTime:0.008453s ]
SQL: SELECT * FROM `cz_shopcart` WHERE `user_id` = 1  [ RunTime:0.000960s ]
SQL: UPDATE `cz_shopcart` SET `goods_num`=goods_num-1 WHERE ( goods_id=8 ) [ RunTime:0.000870s ]
SQL: SELECT `goods_num`,`goods_price` FROM `cz_shopcart` WHERE ( goods_id=8 )  [ RunTime:0.000950s ]
SQL: UPDATE `cz_shopcart` SET `subtotal`=180 WHERE ( goods_id=8 ) [ RunTime:0.000979s ]
INFO: [ app_end ] --START--
INFO: Run Behavior\ShowPageTraceBehavior [ RunTime:0.002185s ]
INFO: [ app_end ] --END-- [ RunTime:0.002647s ]

[ 2016-06-06T09:17:47+08:00 ] ::1 /shop/index.php/Home/Shop/add
INFO: [ app_init ] --START--
INFO: Run Behavior\BuildLiteBehavior [ RunTime:0.000094s ]
INFO: [ app_init ] --END-- [ RunTime:0.001580s ]
INFO: [ app_begin ] --START--
INFO: Run Behavior\ReadHtmlCacheBehavior [ RunTime:0.001643s ]
INFO: [ app_begin ] --END-- [ RunTime:0.002002s ]
NOTIC: [8192] mysql_connect(): The mysql extension is deprecated and will be removed in the future: use mysqli or PDO instead D:\wamp\www\shop\ThinkPHP\Library\Think\Db\Driver\Mysql.class.php 第 52 行.
SQL: SHOW COLUMNS FROM `cz_category` [ RunTime:0.009510s ]
SQL: SELECT * FROM `cz_category`  [ RunTime:0.001153s ]
SQL: SHOW COLUMNS FROM `cz_shopcart` [ RunTime:0.009859s ]
SQL: SELECT * FROM `cz_shopcart` WHERE `user_id` = 1  [ RunTime:0.001346s ]
SQL: UPDATE `cz_shopcart` SET `goods_num`=goods_num+1 WHERE ( goods_id=8 ) [ RunTime:0.000858s ]
SQL: SELECT `goods_num`,`goods_price` FROM `cz_shopcart` WHERE ( goods_id=8 )  [ RunTime:0.000825s ]
SQL: UPDATE `cz_shopcart` SET `subtotal`=360 WHERE ( goods_id=8 ) [ RunTime:0.001042s ]
INFO: [ app_end ] --START--
INFO: Run Behavior\ShowPageTraceBehavior [ RunTime:0.002749s ]
INFO: [ app_end ] --END-- [ RunTime:0.003320s ]

[ 2016-06-06T09:17:48+08:00 ] ::1 /shop/index.php/Home/Shop/minus
INFO: [ app_init ] --START--
INFO: Run Behavior\BuildLiteBehavior [ RunTime:0.000100s ]
INFO: [ app_init ] --END-- [ RunTime:0.001907s ]
INFO: [ app_begin ] --START--
INFO: Run Behavior\ReadHtmlCacheBehavior [ RunTime:0.001779s ]
INFO: [ app_begin ] --END-- [ RunTime:0.002282s ]
NOTIC: [8192] mysql_connect(): The mysql extension is deprecated and will be removed in the future: use mysqli or PDO instead D:\wamp\www\shop\ThinkPHP\Library\Think\Db\Driver\Mysql.class.php 第 52 行.
SQL: SHOW COLUMNS FROM `cz_category` [ RunTime:0.012479s ]
SQL: SELECT * FROM `cz_category`  [ RunTime:0.001172s ]
SQL: SHOW COLUMNS FROM `cz_shopcart` [ RunTime:0.013295s ]
SQL: SELECT * FROM `cz_shopcart` WHERE `user_id` = 1  [ RunTime:0.001162s ]
SQL: UPDATE `cz_shopcart` SET `goods_num`=goods_num-1 WHERE ( goods_id=8 ) [ RunTime:0.001088s ]
SQL: SELECT `goods_num`,`goods_price` FROM `cz_shopcart` WHERE ( goods_id=8 )  [ RunTime:0.001079s ]
SQL: UPDATE `cz_shopcart` SET `subtotal`=180 WHERE ( goods_id=8 ) [ RunTime:0.000927s ]
INFO: [ app_end ] --START--
INFO: Run Behavior\ShowPageTraceBehavior [ RunTime:0.001830s ]
INFO: [ app_end ] --END-- [ RunTime:0.002180s ]

[ 2016-06-06T09:17:49+08:00 ] ::1 /shop/index.php/Home/Shop/add
INFO: [ app_init ] --START--
INFO: Run Behavior\BuildLiteBehavior [ RunTime:0.000091s ]
INFO: [ app_init ] --END-- [ RunTime:0.001560s ]
INFO: [ app_begin ] --START--
INFO: Run Behavior\ReadHtmlCacheBehavior [ RunTime:0.001692s ]
INFO: [ app_begin ] --END-- [ RunTime:0.002245s ]
NOTIC: [8192] mysql_connect(): The mysql extension is deprecated and will be removed in the future: use mysqli or PDO instead D:\wamp\www\shop\ThinkPHP\Library\Think\Db\Driver\Mysql.class.php 第 52 行.
SQL: SHOW COLUMNS FROM `cz_category` [ RunTime:0.010563s ]
SQL: SELECT * FROM `cz_category`  [ RunTime:0.000947s ]
SQL: SHOW COLUMNS FROM `cz_shopcart` [ RunTime:0.010510s ]
SQL: SELECT * FROM `cz_shopcart` WHERE `user_id` = 1  [ RunTime:0.000901s ]
SQL: UPDATE `cz_shopcart` SET `goods_num`=goods_num+1 WHERE ( goods_id=8 ) [ RunTime:0.000877s ]
SQL: SELECT `goods_num`,`goods_price` FROM `cz_shopcart` WHERE ( goods_id=8 )  [ RunTime:0.000815s ]
SQL: UPDATE `cz_shopcart` SET `subtotal`=360 WHERE ( goods_id=8 ) [ RunTime:0.000827s ]
INFO: [ app_end ] --START--
INFO: Run Behavior\ShowPageTraceBehavior [ RunTime:0.002086s ]
INFO: [ app_end ] --END-- [ RunTime:0.002527s ]

[ 2016-06-06T09:17:52+08:00 ] ::1 /shop/index.php/Home/Shop/minus
INFO: [ app_init ] --START--
INFO: Run Behavior\BuildLiteBehavior [ RunTime:0.000094s ]
INFO: [ app_init ] --END-- [ RunTime:0.001673s ]
INFO: [ app_begin ] --START--
INFO: Run Behavior\ReadHtmlCacheBehavior [ RunTime:0.001651s ]
INFO: [ app_begin ] --END-- [ RunTime:0.002014s ]
NOTIC: [8192] mysql_connect(): The mysql extension is deprecated and will be removed in the future: use mysqli or PDO instead D:\wamp\www\shop\ThinkPHP\Library\Think\Db\Driver\Mysql.class.php 第 52 行.
SQL: SHOW COLUMNS FROM `cz_category` [ RunTime:0.007966s ]
SQL: SELECT * FROM `cz_category`  [ RunTime:0.001014s ]
SQL: SHOW COLUMNS FROM `cz_shopcart` [ RunTime:0.007828s ]
SQL: SELECT * FROM `cz_shopcart` WHERE `user_id` = 1  [ RunTime:0.000893s ]
SQL: UPDATE `cz_shopcart` SET `goods_num`=goods_num-1 WHERE ( goods_id=8 ) [ RunTime:0.000906s ]
SQL: SELECT `goods_num`,`goods_price` FROM `cz_shopcart` WHERE ( goods_id=8 )  [ RunTime:0.000797s ]
SQL: UPDATE `cz_shopcart` SET `subtotal`=180 WHERE ( goods_id=8 ) [ RunTime:0.000746s ]
INFO: [ app_end ] --START--
INFO: Run Behavior\ShowPageTraceBehavior [ RunTime:0.001804s ]
INFO: [ app_end ] --END-- [ RunTime:0.002158s ]

[ 2016-06-06T09:17:55+08:00 ] ::1 /shop/index.php/Home/Shop/shopCar
INFO: [ app_init ] --START--
INFO: Run Behavior\BuildLiteBehavior [ RunTime:0.000149s ]
INFO: [ app_init ] --END-- [ RunTime:0.002529s ]
INFO: [ app_begin ] --START--
INFO: Run Behavior\ReadHtmlCacheBehavior [ RunTime:0.002001s ]
INFO: [ app_begin ] --END-- [ RunTime:0.002574s ]
NOTIC: [8192] mysql_connect(): The mysql extension is deprecated and will be removed in the future: use mysqli or PDO instead D:\wamp\www\shop\ThinkPHP\Library\Think\Db\Driver\Mysql.class.php 第 52 行.
SQL: SHOW COLUMNS FROM `cz_category` [ RunTime:0.009461s ]
SQL: SELECT * FROM `cz_category`  [ RunTime:0.001024s ]
SQL: SHOW COLUMNS FROM `cz_shopcart` [ RunTime:0.008505s ]
SQL: SELECT * FROM `cz_shopcart` WHERE `user_id` = 1  [ RunTime:0.000928s ]
SQL: SELECT * FROM `cz_shopcart` INNER JOIN cz_goods ON cz_goods.goods_id = cz_shopcart.goods_id  WHERE `user_id` = '1'  [ RunTime:0.001313s ]
SQL: SELECT SUM(subtotal) AS tp_sum FROM `cz_shopcart` LIMIT 1   [ RunTime:0.000708s ]
INFO: [ view_parse ] --START--
INFO: [ template_filter ] --START--
INFO: Run Behavior\ContentReplaceBehavior [ RunTime:0.000590s ]
INFO: [ template_filter ] --END-- [ RunTime:0.001018s ]
INFO: Run Behavior\ParseTemplateBehavior [ RunTime:0.054735s ]
INFO: [ view_parse ] --END-- [ RunTime:0.055171s ]
INFO: [ view_filter ] --START--
INFO: Run Behavior\WriteHtmlCacheBehavior [ RunTime:0.001144s ]
INFO: [ view_filter ] --END-- [ RunTime:0.001548s ]
INFO: [ app_end ] --START--
INFO: Run Behavior\ShowPageTraceBehavior [ RunTime:0.001834s ]
INFO: [ app_end ] --END-- [ RunTime:0.002258s ]

[ 2016-06-06T09:17:58+08:00 ] ::1 /shop/index.php/Home/Shop/minus
INFO: [ app_init ] --START--
INFO: Run Behavior\BuildLiteBehavior [ RunTime:0.000089s ]
INFO: [ app_init ] --END-- [ RunTime:0.001693s ]
INFO: [ app_begin ] --START--
INFO: Run Behavior\ReadHtmlCacheBehavior [ RunTime:0.001717s ]
INFO: [ app_begin ] --END-- [ RunTime:0.002440s ]
NOTIC: [8192] mysql_connect(): The mysql extension is deprecated and will be removed in the future: use mysqli or PDO instead D:\wamp\www\shop\ThinkPHP\Library\Think\Db\Driver\Mysql.class.php 第 52 行.
SQL: SHOW COLUMNS FROM `cz_category` [ RunTime:0.008633s ]
SQL: SELECT * FROM `cz_category`  [ RunTime:0.000956s ]
SQL: SHOW COLUMNS FROM `cz_shopcart` [ RunTime:0.008278s ]
SQL: SELECT * FROM `cz_shopcart` WHERE `user_id` = 1  [ RunTime:0.000913s ]
SQL: UPDATE `cz_shopcart` SET `goods_num`=goods_num-1 WHERE ( goods_id=8 ) [ RunTime:0.000782s ]
SQL: SELECT `goods_num`,`goods_price` FROM `cz_shopcart` WHERE ( goods_id=8 )  [ RunTime:0.000775s ]
SQL: UPDATE `cz_shopcart` SET `subtotal`=0 WHERE ( goods_id=8 ) [ RunTime:0.000762s ]
INFO: [ app_end ] --START--
INFO: Run Behavior\ShowPageTraceBehavior [ RunTime:0.001951s ]
INFO: [ app_end ] --END-- [ RunTime:0.002301s ]

[ 2016-06-06T09:17:59+08:00 ] ::1 /shop/index.php/Home/Shop/add
INFO: [ app_init ] --START--
INFO: Run Behavior\BuildLiteBehavior [ RunTime:0.000096s ]
INFO: [ app_init ] --END-- [ RunTime:0.001658s ]
INFO: [ app_begin ] --START--
INFO: Run Behavior\ReadHtmlCacheBehavior [ RunTime:0.001657s ]
INFO: [ app_begin ] --END-- [ RunTime:0.002020s ]
NOTIC: [8192] mysql_connect(): The mysql extension is deprecated and will be removed in the future: use mysqli or PDO instead D:\wamp\www\shop\ThinkPHP\Library\Think\Db\Driver\Mysql.class.php 第 52 行.
SQL: SHOW COLUMNS FROM `cz_category` [ RunTime:0.008431s ]
SQL: SELECT * FROM `cz_category`  [ RunTime:0.000968s ]
SQL: SHOW COLUMNS FROM `cz_shopcart` [ RunTime:0.007800s ]
SQL: SELECT * FROM `cz_shopcart` WHERE `user_id` = 1  [ RunTime:0.000895s ]
SQL: UPDATE `cz_shopcart` SET `goods_num`=goods_num+1 WHERE ( goods_id=8 ) [ RunTime:0.000804s ]
SQL: SELECT `goods_num`,`goods_price` FROM `cz_shopcart` WHERE ( goods_id=8 )  [ RunTime:0.000761s ]
SQL: UPDATE `cz_shopcart` SET `subtotal`=180 WHERE ( goods_id=8 ) [ RunTime:0.000758s ]
INFO: [ app_end ] --START--
INFO: Run Behavior\ShowPageTraceBehavior [ RunTime:0.001831s ]
INFO: [ app_end ] --END-- [ RunTime:0.002182s ]

[ 2016-06-06T09:18:00+08:00 ] ::1 /shop/index.php/Home/Shop/minus
INFO: [ app_init ] --START--
INFO: Run Behavior\BuildLiteBehavior [ RunTime:0.000096s ]
INFO: [ app_init ] --END-- [ RunTime:0.001705s ]
INFO: [ app_begin ] --START--
INFO: Run Behavior\ReadHtmlCacheBehavior [ RunTime:0.001658s ]
INFO: [ app_begin ] --END-- [ RunTime:0.002020s ]
NOTIC: [8192] mysql_connect(): The mysql extension is deprecated and will be removed in the future: use mysqli or PDO instead D:\wamp\www\shop\ThinkPHP\Library\Think\Db\Driver\Mysql.class.php 第 52 行.
SQL: SHOW COLUMNS FROM `cz_category` [ RunTime:0.008082s ]
SQL: SELECT * FROM `cz_category`  [ RunTime:0.001022s ]
SQL: SHOW COLUMNS FROM `cz_shopcart` [ RunTime:0.007952s ]
SQL: SELECT * FROM `cz_shopcart` WHERE `user_id` = 1  [ RunTime:0.000894s ]
SQL: UPDATE `cz_shopcart` SET `goods_num`=goods_num-1 WHERE ( goods_id=8 ) [ RunTime:0.000811s ]
SQL: SELECT `goods_num`,`goods_price` FROM `cz_shopcart` WHERE ( goods_id=8 )  [ RunTime:0.000786s ]
SQL: UPDATE `cz_shopcart` SET `subtotal`=0 WHERE ( goods_id=8 ) [ RunTime:0.000762s ]
INFO: [ app_end ] --START--
INFO: Run Behavior\ShowPageTraceBehavior [ RunTime:0.001804s ]
INFO: [ app_end ] --END-- [ RunTime:0.002155s ]

[ 2016-06-06T09:18:01+08:00 ] ::1 /shop/index.php/Home/Shop/add
INFO: [ app_init ] --START--
INFO: Run Behavior\BuildLiteBehavior [ RunTime:0.000094s ]
INFO: [ app_init ] --END-- [ RunTime:0.001696s ]
INFO: [ app_begin ] --START--
INFO: Run Behavior\ReadHtmlCacheBehavior [ RunTime:0.001655s ]
INFO: [ app_begin ] --END-- [ RunTime:0.002017s ]
NOTIC: [8192] mysql_connect(): The mysql extension is deprecated and will be removed in the future: use mysqli or PDO instead D:\wamp\www\shop\ThinkPHP\Library\Think\Db\Driver\Mysql.class.php 第 52 行.
SQL: SHOW COLUMNS FROM `cz_category` [ RunTime:0.010848s ]
SQL: SELECT * FROM `cz_category`  [ RunTime:0.001086s ]
SQL: SHOW COLUMNS FROM `cz_shopcart` [ RunTime:0.008685s ]
SQL: SELECT * FROM `cz_shopcart` WHERE `user_id` = 1  [ RunTime:0.001055s ]
SQL: UPDATE `cz_shopcart` SET `goods_num`=goods_num+1 WHERE ( goods_id=8 ) [ RunTime:0.000810s ]
SQL: SELECT `goods_num`,`goods_price` FROM `cz_shopcart` WHERE ( goods_id=8 )  [ RunTime:0.000780s ]
SQL: UPDATE `cz_shopcart` SET `subtotal`=180 WHERE ( goods_id=8 ) [ RunTime:0.000757s ]
INFO: [ app_end ] --START--
INFO: Run Behavior\ShowPageTraceBehavior [ RunTime:0.001841s ]
INFO: [ app_end ] --END-- [ RunTime:0.002194s ]

[ 2016-06-06T09:18:02+08:00 ] ::1 /shop/index.php/Home/Shop/minus
INFO: [ app_init ] --START--
INFO: Run Behavior\BuildLiteBehavior [ RunTime:0.000092s ]
INFO: [ app_init ] --END-- [ RunTime:0.001661s ]
INFO: [ app_begin ] --START--
INFO: Run Behavior\ReadHtmlCacheBehavior [ RunTime:0.001643s ]
INFO: [ app_begin ] --END-- [ RunTime:0.002003s ]
NOTIC: [8192] mysql_connect(): The mysql extension is deprecated and will be removed in the future: use mysqli or PDO instead D:\wamp\www\shop\ThinkPHP\Library\Think\Db\Driver\Mysql.class.php 第 52 行.
SQL: SHOW COLUMNS FROM `cz_category` [ RunTime:0.008308s ]
SQL: SELECT * FROM `cz_category`  [ RunTime:0.000965s ]
SQL: SHOW COLUMNS FROM `cz_shopcart` [ RunTime:0.007906s ]
SQL: SELECT * FROM `cz_shopcart` WHERE `user_id` = 1  [ RunTime:0.000927s ]
SQL: UPDATE `cz_shopcart` SET `goods_num`=goods_num-1 WHERE ( goods_id=8 ) [ RunTime:0.000791s ]
SQL: SELECT `goods_num`,`goods_price` FROM `cz_shopcart` WHERE ( goods_id=8 )  [ RunTime:0.000780s ]
SQL: UPDATE `cz_shopcart` SET `subtotal`=0 WHERE ( goods_id=8 ) [ RunTime:0.000744s ]
INFO: [ app_end ] --START--
INFO: Run Behavior\ShowPageTraceBehavior [ RunTime:0.001814s ]
INFO: [ app_end ] --END-- [ RunTime:0.002171s ]

[ 2016-06-06T09:18:07+08:00 ] ::1 /shop/index.php/Home/Shop/shopcar2
INFO: [ app_init ] --START--
INFO: Run Behavior\BuildLiteBehavior [ RunTime:0.000143s ]
INFO: [ app_init ] --END-- [ RunTime:0.002264s ]
INFO: [ app_begin ] --START--
INFO: Run Behavior\ReadHtmlCacheBehavior [ RunTime:0.001704s ]
INFO: [ app_begin ] --END-- [ RunTime:0.002147s ]
NOTIC: [8192] mysql_connect(): The mysql extension is deprecated and will be removed in the future: use mysqli or PDO instead D:\wamp\www\shop\ThinkPHP\Library\Think\Db\Driver\Mysql.class.php 第 52 行.
SQL: SHOW COLUMNS FROM `cz_category` [ RunTime:0.008583s ]
SQL: SELECT * FROM `cz_category`  [ RunTime:0.001019s ]
SQL: SHOW COLUMNS FROM `cz_shopcart` [ RunTime:0.008492s ]
SQL: SELECT * FROM `cz_shopcart` WHERE `user_id` = 1  [ RunTime:0.001145s ]
SQL: SHOW COLUMNS FROM `cz_address` [ RunTime:0.078256s ]
SQL: SELECT * FROM `cz_address` WHERE `user_name` = '刘定邦'  [ RunTime:0.001075s ]
SQL: SELECT cz_goods.goods_id,cz_goods.goods_name,cz_goods.goods_img,cz_goods.shop_price,cz_shopcart.goods_num,cz_shopcart.goods_price,cz_shopcart.subtotal FROM `cz_shopcart` INNER JOIN cz_goods ON cz_goods.goods_id = cz_shopcart.goods_id  WHERE ( user_id=1 )  [ RunTime:0.001093s ]
SQL: SHOW COLUMNS FROM `cz_shipping` [ RunTime:0.026174s ]
SQL: SELECT * FROM `cz_shipping`  [ RunTime:0.001228s ]
SQL: SHOW COLUMNS FROM `cz_payment` [ RunTime:0.014523s ]
SQL: SELECT * FROM `cz_payment`  [ RunTime:0.001037s ]
SQL: SELECT SUM(subtotal) AS tp_sum FROM `cz_shopcart` WHERE ( user_id=1 ) LIMIT 1   [ RunTime:0.000744s ]
INFO: [ view_parse ] --START--
INFO: [ template_filter ] --START--
INFO: Run Behavior\ContentReplaceBehavior [ RunTime:0.000932s ]
INFO: [ template_filter ] --END-- [ RunTime:0.001789s ]
INFO: Run Behavior\ParseTemplateBehavior [ RunTime:0.092863s ]
INFO: [ view_parse ] --END-- [ RunTime:0.093315s ]
INFO: [ view_filter ] --START--
INFO: Run Behavior\WriteHtmlCacheBehavior [ RunTime:0.001137s ]
INFO: [ view_filter ] --END-- [ RunTime:0.001543s ]
INFO: [ app_end ] --START--
INFO: Run Behavior\ShowPageTraceBehavior [ RunTime:0.002169s ]
INFO: [ app_end ] --END-- [ RunTime:0.002742s ]

[ 2016-06-06T09:18:10+08:00 ] ::1 /shop/index.php/Home/Shop/add
INFO: [ app_init ] --START--
INFO: Run Behavior\BuildLiteBehavior [ RunTime:0.000097s ]
INFO: [ app_init ] --END-- [ RunTime:0.001697s ]
INFO: [ app_begin ] --START--
INFO: Run Behavior\ReadHtmlCacheBehavior [ RunTime:0.001685s ]
INFO: [ app_begin ] --END-- [ RunTime:0.002051s ]
NOTIC: [8192] mysql_connect(): The mysql extension is deprecated and will be removed in the future: use mysqli or PDO instead D:\wamp\www\shop\ThinkPHP\Library\Think\Db\Driver\Mysql.class.php 第 52 行.
SQL: SHOW COLUMNS FROM `cz_category` [ RunTime:0.008084s ]
SQL: SELECT * FROM `cz_category`  [ RunTime:0.000968s ]
SQL: SHOW COLUMNS FROM `cz_shopcart` [ RunTime:0.008173s ]
SQL: SELECT * FROM `cz_shopcart` WHERE `user_id` = 1  [ RunTime:0.000902s ]
SQL: UPDATE `cz_shopcart` SET `goods_num`=goods_num+1 WHERE ( goods_id=8 ) [ RunTime:0.000804s ]
SQL: SELECT `goods_num`,`goods_price` FROM `cz_shopcart` WHERE ( goods_id=8 )  [ RunTime:0.000775s ]
SQL: UPDATE `cz_shopcart` SET `subtotal`=180 WHERE ( goods_id=8 ) [ RunTime:0.000760s ]
INFO: [ app_end ] --START--
INFO: Run Behavior\ShowPageTraceBehavior [ RunTime:0.001819s ]
INFO: [ app_end ] --END-- [ RunTime:0.002171s ]

[ 2016-06-06T09:18:15+08:00 ] ::1 /shop/index.php/Home/Shop/shopcar2
INFO: [ app_init ] --START--
INFO: Run Behavior\BuildLiteBehavior [ RunTime:0.000093s ]
INFO: [ app_init ] --END-- [ RunTime:0.001661s ]
INFO: [ app_begin ] --START--
INFO: Run Behavior\ReadHtmlCacheBehavior [ RunTime:0.001693s ]
INFO: [ app_begin ] --END-- [ RunTime:0.002370s ]
NOTIC: [8192] mysql_connect(): The mysql extension is deprecated and will be removed in the future: use mysqli or PDO instead D:\wamp\www\shop\ThinkPHP\Library\Think\Db\Driver\Mysql.class.php 第 52 行.
SQL: SHOW COLUMNS FROM `cz_category` [ RunTime:0.008809s ]
SQL: SELECT * FROM `cz_category`  [ RunTime:0.001031s ]
SQL: SHOW COLUMNS FROM `cz_shopcart` [ RunTime:0.008312s ]
SQL: SELECT * FROM `cz_shopcart` WHERE `user_id` = 1  [ RunTime:0.000916s ]
SQL: SHOW COLUMNS FROM `cz_address` [ RunTime:0.008619s ]
SQL: SELECT * FROM `cz_address` WHERE `user_name` = '刘定邦'  [ RunTime:0.000960s ]
SQL: SELECT cz_goods.goods_id,cz_goods.goods_name,cz_goods.goods_img,cz_goods.shop_price,cz_shopcart.goods_num,cz_shopcart.goods_price,cz_shopcart.subtotal FROM `cz_shopcart` INNER JOIN cz_goods ON cz_goods.goods_id = cz_shopcart.goods_id  WHERE ( user_id=1 )  [ RunTime:0.001005s ]
SQL: SHOW COLUMNS FROM `cz_shipping` [ RunTime:0.007945s ]
SQL: SELECT * FROM `cz_shipping`  [ RunTime:0.000828s ]
SQL: SHOW COLUMNS FROM `cz_payment` [ RunTime:0.007860s ]
SQL: SELECT * FROM `cz_payment`  [ RunTime:0.001021s ]
SQL: SELECT SUM(subtotal) AS tp_sum FROM `cz_shopcart` WHERE ( user_id=1 ) LIMIT 1   [ RunTime:0.000754s ]
INFO: [ view_parse ] --START--
INFO: [ template_filter ] --START--
INFO: Run Behavior\ContentReplaceBehavior [ RunTime:0.001149s ]
INFO: [ template_filter ] --END-- [ RunTime:0.001604s ]
INFO: Run Behavior\ParseTemplateBehavior [ RunTime:0.073389s ]
INFO: [ view_parse ] --END-- [ RunTime:0.073823s ]
INFO: [ view_filter ] --START--
INFO: Run Behavior\WriteHtmlCacheBehavior [ RunTime:0.001233s ]
INFO: [ view_filter ] --END-- [ RunTime:0.001642s ]
INFO: [ app_end ] --START--
INFO: Run Behavior\ShowPageTraceBehavior [ RunTime:0.001764s ]
INFO: [ app_end ] --END-- [ RunTime:0.002192s ]

[ 2016-06-06T09:18:17+08:00 ] ::1 /shop/index.php/Home/Shop/minus
INFO: [ app_init ] --START--
INFO: Run Behavior\BuildLiteBehavior [ RunTime:0.000089s ]
INFO: [ app_init ] --END-- [ RunTime:0.001924s ]
INFO: [ app_begin ] --START--
INFO: Run Behavior\ReadHtmlCacheBehavior [ RunTime:0.001958s ]
INFO: [ app_begin ] --END-- [ RunTime:0.002373s ]
NOTIC: [8192] mysql_connect(): The mysql extension is deprecated and will be removed in the future: use mysqli or PDO instead D:\wamp\www\shop\ThinkPHP\Library\Think\Db\Driver\Mysql.class.php 第 52 行.
SQL: SHOW COLUMNS FROM `cz_category` [ RunTime:0.008420s ]
SQL: SELECT * FROM `cz_category`  [ RunTime:0.000963s ]
SQL: SHOW COLUMNS FROM `cz_shopcart` [ RunTime:0.008290s ]
SQL: SELECT * FROM `cz_shopcart` WHERE `user_id` = 1  [ RunTime:0.000920s ]
SQL: UPDATE `cz_shopcart` SET `goods_num`=goods_num-1 WHERE ( goods_id=8 ) [ RunTime:0.000816s ]
SQL: SELECT `goods_num`,`goods_price` FROM `cz_shopcart` WHERE ( goods_id=8 )  [ RunTime:0.000780s ]
SQL: UPDATE `cz_shopcart` SET `subtotal`=0 WHERE ( goods_id=8 ) [ RunTime:0.000800s ]
INFO: [ app_end ] --START--
INFO: Run Behavior\ShowPageTraceBehavior [ RunTime:0.002051s ]
INFO: [ app_end ] --END-- [ RunTime:0.002455s ]

[ 2016-06-06T09:18:18+08:00 ] ::1 /shop/index.php/Home/Shop/minus
INFO: [ app_init ] --START--
INFO: Run Behavior\BuildLiteBehavior [ RunTime:0.000090s ]
INFO: [ app_init ] --END-- [ RunTime:0.001649s ]
INFO: [ app_begin ] --START--
INFO: Run Behavior\ReadHtmlCacheBehavior [ RunTime:0.001667s ]
INFO: [ app_begin ] --END-- [ RunTime:0.002025s ]
NOTIC: [8192] mysql_connect(): The mysql extension is deprecated and will be removed in the future: use mysqli or PDO instead D:\wamp\www\shop\ThinkPHP\Library\Think\Db\Driver\Mysql.class.php 第 52 行.
SQL: SHOW COLUMNS FROM `cz_category` [ RunTime:0.008716s ]
SQL: SELECT * FROM `cz_category`  [ RunTime:0.000965s ]
SQL: SHOW COLUMNS FROM `cz_shopcart` [ RunTime:0.008274s ]
SQL: SELECT * FROM `cz_shopcart` WHERE `user_id` = 1  [ RunTime:0.000964s ]
SQL: UPDATE `cz_shopcart` SET `goods_num`=goods_num-1 WHERE ( goods_id=8 ) [ RunTime:0.000777s ]
ERR: 1690:BIGINT UNSIGNED value is out of range in '(`shopcz`.`cz_shopcart`.`goods_num` - 1)'
 [ SQL语句 ] : UPDATE `cz_shopcart` SET `goods_num`=goods_num-1 WHERE ( goods_id=8 )
INFO: [ app_end ] --START--
INFO: Run Behavior\ShowPageTraceBehavior [ RunTime:0.001798s ]
INFO: [ app_end ] --END-- [ RunTime:0.002145s ]

[ 2016-06-06T09:18:18+08:00 ] ::1 /shop/index.php/Home/Shop/minus
INFO: [ app_init ] --START--
INFO: Run Behavior\BuildLiteBehavior [ RunTime:0.000092s ]
INFO: [ app_init ] --END-- [ RunTime:0.001660s ]
INFO: [ app_begin ] --START--
INFO: Run Behavior\ReadHtmlCacheBehavior [ RunTime:0.001646s ]
INFO: [ app_begin ] --END-- [ RunTime:0.002009s ]
NOTIC: [8192] mysql_connect(): The mysql extension is deprecated and will be removed in the future: use mysqli or PDO instead D:\wamp\www\shop\ThinkPHP\Library\Think\Db\Driver\Mysql.class.php 第 52 行.
SQL: SHOW COLUMNS FROM `cz_category` [ RunTime:0.008016s ]
SQL: SELECT * FROM `cz_category`  [ RunTime:0.000988s ]
SQL: SHOW COLUMNS FROM `cz_shopcart` [ RunTime:0.008252s ]
SQL: SELECT * FROM `cz_shopcart` WHERE `user_id` = 1  [ RunTime:0.000927s ]
SQL: UPDATE `cz_shopcart` SET `goods_num`=goods_num-1 WHERE ( goods_id=8 ) [ RunTime:0.000784s ]
ERR: 1690:BIGINT UNSIGNED value is out of range in '(`shopcz`.`cz_shopcart`.`goods_num` - 1)'
 [ SQL语句 ] : UPDATE `cz_shopcart` SET `goods_num`=goods_num-1 WHERE ( goods_id=8 )
INFO: [ app_end ] --START--
INFO: Run Behavior\ShowPageTraceBehavior [ RunTime:0.001878s ]
INFO: [ app_end ] --END-- [ RunTime:0.002224s ]

[ 2016-06-06T09:18:19+08:00 ] ::1 /shop/index.php/Home/Shop/minus
INFO: [ app_init ] --START--
INFO: Run Behavior\BuildLiteBehavior [ RunTime:0.000090s ]
INFO: [ app_init ] --END-- [ RunTime:0.001723s ]
INFO: [ app_begin ] --START--
INFO: Run Behavior\ReadHtmlCacheBehavior [ RunTime:0.001643s ]
INFO: [ app_begin ] --END-- [ RunTime:0.002005s ]
NOTIC: [8192] mysql_connect(): The mysql extension is deprecated and will be removed in the future: use mysqli or PDO instead D:\wamp\www\shop\ThinkPHP\Library\Think\Db\Driver\Mysql.class.php 第 52 行.
SQL: SHOW COLUMNS FROM `cz_category` [ RunTime:0.008696s ]
SQL: SELECT * FROM `cz_category`  [ RunTime:0.000953s ]
SQL: SHOW COLUMNS FROM `cz_shopcart` [ RunTime:0.008257s ]
SQL: SELECT * FROM `cz_shopcart` WHERE `user_id` = 1  [ RunTime:0.000945s ]
SQL: UPDATE `cz_shopcart` SET `goods_num`=goods_num-1 WHERE ( goods_id=8 ) [ RunTime:0.000710s ]
ERR: 1690:BIGINT UNSIGNED value is out of range in '(`shopcz`.`cz_shopcart`.`goods_num` - 1)'
 [ SQL语句 ] : UPDATE `cz_shopcart` SET `goods_num`=goods_num-1 WHERE ( goods_id=8 )
INFO: [ app_end ] --START--
INFO: Run Behavior\ShowPageTraceBehavior [ RunTime:0.001846s ]
INFO: [ app_end ] --END-- [ RunTime:0.002195s ]

[ 2016-06-06T09:18:22+08:00 ] ::1 /shop/index.php/Home/Shop/shopcar2
INFO: [ app_init ] --START--
INFO: Run Behavior\BuildLiteBehavior [ RunTime:0.000092s ]
INFO: [ app_init ] --END-- [ RunTime:0.001669s ]
INFO: [ app_begin ] --START--
INFO: Run Behavior\ReadHtmlCacheBehavior [ RunTime:0.001691s ]
INFO: [ app_begin ] --END-- [ RunTime:0.002124s ]
NOTIC: [8192] mysql_connect(): The mysql extension is deprecated and will be removed in the future: use mysqli or PDO instead D:\wamp\www\shop\ThinkPHP\Library\Think\Db\Driver\Mysql.class.php 第 52 行.
SQL: SHOW COLUMNS FROM `cz_category` [ RunTime:0.008821s ]
SQL: SELECT * FROM `cz_category`  [ RunTime:0.000989s ]
SQL: SHOW COLUMNS FROM `cz_shopcart` [ RunTime:0.008244s ]
SQL: SELECT * FROM `cz_shopcart` WHERE `user_id` = 1  [ RunTime:0.000908s ]
SQL: SHOW COLUMNS FROM `cz_address` [ RunTime:0.008654s ]
SQL: SELECT * FROM `cz_address` WHERE `user_name` = '刘定邦'  [ RunTime:0.000982s ]
SQL: SELECT cz_goods.goods_id,cz_goods.goods_name,cz_goods.goods_img,cz_goods.shop_price,cz_shopcart.goods_num,cz_shopcart.goods_price,cz_shopcart.subtotal FROM `cz_shopcart` INNER JOIN cz_goods ON cz_goods.goods_id = cz_shopcart.goods_id  WHERE ( user_id=1 )  [ RunTime:0.000995s ]
SQL: SHOW COLUMNS FROM `cz_shipping` [ RunTime:0.008102s ]
SQL: SELECT * FROM `cz_shipping`  [ RunTime:0.000866s ]
SQL: SHOW COLUMNS FROM `cz_payment` [ RunTime:0.007832s ]
SQL: SELECT * FROM `cz_payment`  [ RunTime:0.000806s ]
SQL: SELECT SUM(subtotal) AS tp_sum FROM `cz_shopcart` WHERE ( user_id=1 ) LIMIT 1   [ RunTime:0.000805s ]
INFO: [ view_parse ] --START--
INFO: [ template_filter ] --START--
INFO: Run Behavior\ContentReplaceBehavior [ RunTime:0.000736s ]
INFO: [ template_filter ] --END-- [ RunTime:0.001169s ]
INFO: Run Behavior\ParseTemplateBehavior [ RunTime:0.073437s ]
INFO: [ view_parse ] --END-- [ RunTime:0.073874s ]
INFO: [ view_filter ] --START--
INFO: Run Behavior\WriteHtmlCacheBehavior [ RunTime:0.001163s ]
INFO: [ view_filter ] --END-- [ RunTime:0.001565s ]
INFO: [ app_end ] --START--
INFO: Run Behavior\ShowPageTraceBehavior [ RunTime:0.001970s ]
INFO: [ app_end ] --END-- [ RunTime:0.002396s ]

[ 2016-06-06T09:18:24+08:00 ] ::1 /shop/index.php/Home/Shop/add
INFO: [ app_init ] --START--
INFO: Run Behavior\BuildLiteBehavior [ RunTime:0.000094s ]
INFO: [ app_init ] --END-- [ RunTime:0.002610s ]
INFO: [ app_begin ] --START--
INFO: Run Behavior\ReadHtmlCacheBehavior [ RunTime:0.001993s ]
INFO: [ app_begin ] --END-- [ RunTime:0.002407s ]
NOTIC: [8192] mysql_connect(): The mysql extension is deprecated and will be removed in the future: use mysqli or PDO instead D:\wamp\www\shop\ThinkPHP\Library\Think\Db\Driver\Mysql.class.php 第 52 行.
SQL: SHOW COLUMNS FROM `cz_category` [ RunTime:0.008971s ]
SQL: SELECT * FROM `cz_category`  [ RunTime:0.001052s ]
SQL: SHOW COLUMNS FROM `cz_shopcart` [ RunTime:0.008958s ]
SQL: SELECT * FROM `cz_shopcart` WHERE `user_id` = 1  [ RunTime:0.001092s ]
SQL: UPDATE `cz_shopcart` SET `goods_num`=goods_num+1 WHERE ( goods_id=8 ) [ RunTime:0.000812s ]
SQL: SELECT `goods_num`,`goods_price` FROM `cz_shopcart` WHERE ( goods_id=8 )  [ RunTime:0.001036s ]
SQL: UPDATE `cz_shopcart` SET `subtotal`=180 WHERE ( goods_id=8 ) [ RunTime:0.000830s ]
INFO: [ app_end ] --START--
INFO: Run Behavior\ShowPageTraceBehavior [ RunTime:0.001940s ]
INFO: [ app_end ] --END-- [ RunTime:0.002371s ]

[ 2016-06-06T09:18:25+08:00 ] ::1 /shop/index.php/Home/Shop/shopcar2
INFO: [ app_init ] --START--
INFO: Run Behavior\BuildLiteBehavior [ RunTime:0.000091s ]
INFO: [ app_init ] --END-- [ RunTime:0.001662s ]
INFO: [ app_begin ] --START--
INFO: Run Behavior\ReadHtmlCacheBehavior [ RunTime:0.001824s ]
INFO: [ app_begin ] --END-- [ RunTime:0.002254s ]
NOTIC: [8192] mysql_connect(): The mysql extension is deprecated and will be removed in the future: use mysqli or PDO instead D:\wamp\www\shop\ThinkPHP\Library\Think\Db\Driver\Mysql.class.php 第 52 行.
SQL: SHOW COLUMNS FROM `cz_category` [ RunTime:0.008647s ]
SQL: SELECT * FROM `cz_category`  [ RunTime:0.000976s ]
SQL: SHOW COLUMNS FROM `cz_shopcart` [ RunTime:0.008430s ]
SQL: SELECT * FROM `cz_shopcart` WHERE `user_id` = 1  [ RunTime:0.000928s ]
SQL: SHOW COLUMNS FROM `cz_address` [ RunTime:0.008130s ]
SQL: SELECT * FROM `cz_address` WHERE `user_name` = '刘定邦'  [ RunTime:0.000943s ]
SQL: SELECT cz_goods.goods_id,cz_goods.goods_name,cz_goods.goods_img,cz_goods.shop_price,cz_shopcart.goods_num,cz_shopcart.goods_price,cz_shopcart.subtotal FROM `cz_shopcart` INNER JOIN cz_goods ON cz_goods.goods_id = cz_shopcart.goods_id  WHERE ( user_id=1 )  [ RunTime:0.001021s ]
SQL: SHOW COLUMNS FROM `cz_shipping` [ RunTime:0.008306s ]
SQL: SELECT * FROM `cz_shipping`  [ RunTime:0.000839s ]
SQL: SHOW COLUMNS FROM `cz_payment` [ RunTime:0.007942s ]
SQL: SELECT * FROM `cz_payment`  [ RunTime:0.000820s ]
SQL: SELECT SUM(subtotal) AS tp_sum FROM `cz_shopcart` WHERE ( user_id=1 ) LIMIT 1   [ RunTime:0.000756s ]
INFO: [ view_parse ] --START--
INFO: [ template_filter ] --START--
INFO: Run Behavior\ContentReplaceBehavior [ RunTime:0.000741s ]
INFO: [ template_filter ] --END-- [ RunTime:0.001194s ]
INFO: Run Behavior\ParseTemplateBehavior [ RunTime:0.074012s ]
INFO: [ view_parse ] --END-- [ RunTime:0.074468s ]
INFO: [ view_filter ] --START--
INFO: Run Behavior\WriteHtmlCacheBehavior [ RunTime:0.001209s ]
INFO: [ view_filter ] --END-- [ RunTime:0.001645s ]
INFO: [ app_end ] --START--
INFO: Run Behavior\ShowPageTraceBehavior [ RunTime:0.002363s ]
INFO: [ app_end ] --END-- [ RunTime:0.002790s ]

[ 2016-06-06T09:18:38+08:00 ] ::1 /shop/index.php/Home/Shop/order
INFO: [ app_init ] --START--
INFO: Run Behavior\BuildLiteBehavior [ RunTime:0.000090s ]
INFO: [ app_init ] --END-- [ RunTime:0.001978s ]
INFO: [ app_begin ] --START--
INFO: Run Behavior\ReadHtmlCacheBehavior [ RunTime:0.002226s ]
INFO: [ app_begin ] --END-- [ RunTime:0.002645s ]
NOTIC: [8192] mysql_connect(): The mysql extension is deprecated and will be removed in the future: use mysqli or PDO instead D:\wamp\www\shop\ThinkPHP\Library\Think\Db\Driver\Mysql.class.php 第 52 行.
SQL: SHOW COLUMNS FROM `cz_category` [ RunTime:0.013220s ]
SQL: SELECT * FROM `cz_category`  [ RunTime:0.001049s ]
SQL: SHOW COLUMNS FROM `cz_shopcart` [ RunTime:0.007794s ]
SQL: SELECT * FROM `cz_shopcart` WHERE `user_id` = 1  [ RunTime:0.000975s ]
SQL: SELECT SUM(subtotal) AS tp_sum FROM `cz_shopcart` WHERE ( user_id=1 ) LIMIT 1   [ RunTime:0.000788s ]
SQL: SHOW COLUMNS FROM `cz_shipping` [ RunTime:0.007741s ]
SQL: SELECT `shipping_fee` FROM `cz_shipping` WHERE ( shipping_id=1 ) LIMIT 1   [ RunTime:0.000816s ]
SQL: SHOW COLUMNS FROM `cz_order` [ RunTime:0.039387s ]
SQL: INSERT INTO `cz_order` (`address_id`,`shipping_id`,`pay_id`,`postscripts`,`order_sn`,`user_id`,`goods_amount`,`order_amount`) VALUES ('1','1','1','',1465175918,'1','180.00',190) [ RunTime:0.009099s ]
NOTIC: [8] Undefined index: mapping_name D:\wamp\www\shop\ThinkPHP\Library\Think\Model\RelationModel.class.php 第 259 行.
SQL: SELECT cz_goods.goods_id,cz_goods.goods_name,cz_goods.goods_img,cz_shopcart.goods_num,cz_shopcart.goods_price,cz_shopcart.subtotal FROM `cz_shopcart` INNER JOIN cz_goods ON cz_goods.goods_id = cz_shopcart.goods_id  WHERE ( user_id=1 )  [ RunTime:0.001055s ]
SQL: SHOW COLUMNS FROM `cz_order_goods` [ RunTime:0.072790s ]
SQL: INSERT INTO `cz_order_goods` (`goods_id`,`goods_name`,`goods_img`,`goods_num`,`goods_price`,`subtotal`) VALUES (8,'短裙','./Public/Uploads/2016-04-13/570d8d318a3e6.jpg',1,'180.00','180.00') [ RunTime:0.013448s ]

[ 2016-06-06T18:00:27+08:00 ] ::1 /shop/
INFO: [ app_init ] --START--
INFO: Run Behavior\BuildLiteBehavior [ RunTime:0.000152s ]
INFO: [ app_init ] --END-- [ RunTime:0.003312s ]
INFO: [ app_begin ] --START--
INFO: Run Behavior\ReadHtmlCacheBehavior [ RunTime:0.115837s ]
INFO: [ app_begin ] --END-- [ RunTime:0.116911s ]
NOTIC: [8192] mysql_connect(): The mysql extension is deprecated and will be removed in the future: use mysqli or PDO instead D:\wamp\www\shop\ThinkPHP\Library\Think\Db\Driver\Mysql.class.php 第 52 行.
SQL: SHOW COLUMNS FROM `cz_category` [ RunTime:0.019639s ]
SQL: SELECT * FROM `cz_category`  [ RunTime:0.001495s ]
SQL: SHOW COLUMNS FROM `cz_goods` [ RunTime:0.018677s ]
SQL: SELECT * FROM `cz_goods` WHERE `is_best` = 1 AND `is_onsale` = 1 ORDER BY goods_id desc LIMIT 4   [ RunTime:0.001980s ]
SQL: SELECT * FROM `cz_goods` WHERE `is_hot` = 1 ORDER BY goods_id desc LIMIT 4   [ RunTime:0.001671s ]
SQL: SELECT * FROM `cz_goods` WHERE `is_new` = 1 ORDER BY goods_id desc LIMIT 4   [ RunTime:0.001697s ]
SQL: SELECT * FROM `cz_goods` WHERE `cat_id` > 15 ORDER BY goods_id desc LIMIT 6   [ RunTime:0.001439s ]
SQL: SHOW COLUMNS FROM `cz_category` [ RunTime:0.013597s ]
SQL: SELECT * FROM `cz_category` WHERE ( parent_id=16 ) LIMIT 6   [ RunTime:0.000913s ]
SQL: SELECT * FROM `cz_category` WHERE ( parent_id=15 ) LIMIT 6   [ RunTime:0.000687s ]
SQL: SHOW COLUMNS FROM `cz_goods` [ RunTime:0.015356s ]
SQL: SELECT * FROM `cz_goods` ORDER BY click_count desc LIMIT 5   [ RunTime:0.002392s ]
INFO: [ view_parse ] --START--
INFO: [ template_filter ] --START--
INFO: Run Behavior\ContentReplaceBehavior [ RunTime:0.001665s ]
INFO: [ template_filter ] --END-- [ RunTime:0.002518s ]
NOTIC: [8] Undefined variable: user D:\wamp\www\shop\Application\Runtime\Cache\Home\2a94b8bda04ff446dcedd42276fc99ee.php 第 23 行.
NOTIC: [8] Undefined variable: num D:\wamp\www\shop\Application\Runtime\Cache\Home\2a94b8bda04ff446dcedd42276fc99ee.php 第 48 行.
NOTIC: [8] Undefined index: goods_id D:\wamp\www\shop\Application\Runtime\Cache\Home\2a94b8bda04ff446dcedd42276fc99ee.php 第 359 行.
INFO: Run Behavior\ParseTemplateBehavior [ RunTime:0.337509s ]
INFO: [ view_parse ] --END-- [ RunTime:0.338158s ]
INFO: [ view_filter ] --START--
INFO: Run Behavior\WriteHtmlCacheBehavior [ RunTime:0.049674s ]
INFO: [ view_filter ] --END-- [ RunTime:0.051826s ]
INFO: [ app_end ] --START--
INFO: Run Behavior\ShowPageTraceBehavior [ RunTime:0.025643s ]
INFO: [ app_end ] --END-- [ RunTime:0.027048s ]

[ 2016-06-06T18:00:30+08:00 ] ::1 /shop/index.php/Home/Category/index/id/2
INFO: [ app_init ] --START--
INFO: Run Behavior\BuildLiteBehavior [ RunTime:0.000086s ]
INFO: [ app_init ] --END-- [ RunTime:0.001485s ]
INFO: [ app_begin ] --START--
INFO: Run Behavior\ReadHtmlCacheBehavior [ RunTime:0.003296s ]
INFO: [ app_begin ] --END-- [ RunTime:0.003975s ]
NOTIC: [8192] mysql_connect(): The mysql extension is deprecated and will be removed in the future: use mysqli or PDO instead D:\wamp\www\shop\ThinkPHP\Library\Think\Db\Driver\Mysql.class.php 第 52 行.
SQL: SHOW COLUMNS FROM `cz_category` [ RunTime:0.015435s ]
SQL: SELECT * FROM `cz_category`  [ RunTime:0.000978s ]
SQL: SELECT * FROM `cz_category` WHERE ( cat_id=2 ) LIMIT 1   [ RunTime:0.000993s ]
SQL: SELECT * FROM `cz_category` WHERE ( cat_id=1 ) LIMIT 1   [ RunTime:0.001225s ]
SQL: SHOW COLUMNS FROM `cz_goods` [ RunTime:0.015026s ]
SQL: SELECT * FROM `cz_goods` WHERE ( cat_id=2 )  [ RunTime:0.001381s ]
SQL: SELECT * FROM `cz_goods` WHERE ( is_hot=1 ) LIMIT 5   [ RunTime:0.001214s ]
INFO: [ view_parse ] --START--
INFO: [ template_filter ] --START--
INFO: Run Behavior\ContentReplaceBehavior [ RunTime:0.000648s ]
INFO: [ template_filter ] --END-- [ RunTime:0.001050s ]
NOTIC: [8] Undefined variable: user D:\wamp\www\shop\Application\Runtime\Cache\Home\fd93d816414af0ade2156438a8d6b092.php 第 22 行.
NOTIC: [8] Undefined variable: num D:\wamp\www\shop\Application\Runtime\Cache\Home\fd93d816414af0ade2156438a8d6b092.php 第 47 行.
INFO: Run Behavior\ParseTemplateBehavior [ RunTime:0.119399s ]
INFO: [ view_parse ] --END-- [ RunTime:0.119873s ]
INFO: [ view_filter ] --START--
INFO: Run Behavior\WriteHtmlCacheBehavior [ RunTime:0.001434s ]
INFO: [ view_filter ] --END-- [ RunTime:0.001771s ]
INFO: [ app_end ] --START--
INFO: Run Behavior\ShowPageTraceBehavior [ RunTime:0.001827s ]
INFO: [ app_end ] --END-- [ RunTime:0.002289s ]

[ 2016-06-06T18:50:02+08:00 ] ::1 /shop/
INFO: [ app_init ] --START--
INFO: Run Behavior\BuildLiteBehavior [ RunTime:0.000095s ]
INFO: [ app_init ] --END-- [ RunTime:0.001818s ]
INFO: [ app_begin ] --START--
INFO: Run Behavior\ReadHtmlCacheBehavior [ RunTime:0.002069s ]
INFO: [ app_begin ] --END-- [ RunTime:0.002557s ]
NOTIC: [8192] mysql_connect(): The mysql extension is deprecated and will be removed in the future: use mysqli or PDO instead D:\wamp\www\shop\ThinkPHP\Library\Think\Db\Driver\Mysql.class.php 第 52 行.
SQL: SHOW COLUMNS FROM `cz_category` [ RunTime:0.062648s ]
SQL: SELECT * FROM `cz_category`  [ RunTime:0.001061s ]
SQL: SHOW COLUMNS FROM `cz_goods` [ RunTime:0.026296s ]
SQL: SELECT * FROM `cz_goods` WHERE `is_best` = 1 AND `is_onsale` = 1 ORDER BY goods_id desc LIMIT 4   [ RunTime:0.001500s ]
SQL: SELECT * FROM `cz_goods` WHERE `is_hot` = 1 ORDER BY goods_id desc LIMIT 4   [ RunTime:0.001095s ]
SQL: SELECT * FROM `cz_goods` WHERE `is_new` = 1 ORDER BY goods_id desc LIMIT 4   [ RunTime:0.001086s ]
SQL: SELECT * FROM `cz_goods` WHERE `cat_id` > 15 ORDER BY goods_id desc LIMIT 6   [ RunTime:0.001391s ]
SQL: SHOW COLUMNS FROM `cz_category` [ RunTime:0.010336s ]
SQL: SELECT * FROM `cz_category` WHERE ( parent_id=16 ) LIMIT 6   [ RunTime:0.000954s ]
SQL: SELECT * FROM `cz_category` WHERE ( parent_id=15 ) LIMIT 6   [ RunTime:0.000874s ]
SQL: SHOW COLUMNS FROM `cz_goods` [ RunTime:0.012879s ]
SQL: SELECT * FROM `cz_goods` ORDER BY click_count desc LIMIT 5   [ RunTime:0.001337s ]
INFO: [ view_parse ] --START--
INFO: [ template_filter ] --START--
INFO: Run Behavior\ContentReplaceBehavior [ RunTime:0.000993s ]
INFO: [ template_filter ] --END-- [ RunTime:0.001521s ]
NOTIC: [8] Undefined variable: user D:\wamp\www\shop\Application\Runtime\Cache\Home\2a94b8bda04ff446dcedd42276fc99ee.php 第 23 行.
NOTIC: [8] Undefined variable: num D:\wamp\www\shop\Application\Runtime\Cache\Home\2a94b8bda04ff446dcedd42276fc99ee.php 第 48 行.
NOTIC: [8] Undefined index: goods_id D:\wamp\www\shop\Application\Runtime\Cache\Home\2a94b8bda04ff446dcedd42276fc99ee.php 第 359 行.
INFO: Run Behavior\ParseTemplateBehavior [ RunTime:0.112607s ]
INFO: [ view_parse ] --END-- [ RunTime:0.113038s ]
INFO: [ view_filter ] --START--
INFO: Run Behavior\WriteHtmlCacheBehavior [ RunTime:0.001878s ]
INFO: [ view_filter ] --END-- [ RunTime:0.002329s ]
INFO: [ app_end ] --START--
INFO: Run Behavior\ShowPageTraceBehavior [ RunTime:0.001989s ]
INFO: [ app_end ] --END-- [ RunTime:0.002421s ]

[ 2016-06-06T23:13:09+08:00 ] ::1 /shop/
INFO: [ app_init ] --START--
INFO: Run Behavior\BuildLiteBehavior [ RunTime:0.000033s ]
INFO: [ app_init ] --END-- [ RunTime:0.013690s ]
INFO: [ app_begin ] --START--
INFO: Run Behavior\ReadHtmlCacheBehavior [ RunTime:0.001385s ]
INFO: [ app_begin ] --END-- [ RunTime:0.001582s ]
NOTIC: [8192] mysql_connect(): The mysql extension is deprecated and will be removed in the future: use mysqli or PDO instead D:\wamp\www\shop\ThinkPHP\Library\Think\Db\Driver\Mysql.class.php 第 52 行.
SQL: SHOW COLUMNS FROM `cz_category` [ RunTime:0.039127s ]
SQL: SELECT * FROM `cz_category`  [ RunTime:0.000525s ]
SQL: SHOW COLUMNS FROM `cz_goods` [ RunTime:0.029941s ]
SQL: SELECT * FROM `cz_goods` WHERE `is_best` = 1 AND `is_onsale` = 1 ORDER BY goods_id desc LIMIT 4   [ RunTime:0.035081s ]
SQL: SELECT * FROM `cz_goods` WHERE `is_hot` = 1 ORDER BY goods_id desc LIMIT 4   [ RunTime:0.000419s ]
SQL: SELECT * FROM `cz_goods` WHERE `is_new` = 1 ORDER BY goods_id desc LIMIT 4   [ RunTime:0.000324s ]
SQL: SELECT * FROM `cz_goods` WHERE `cat_id` > 15 ORDER BY goods_id desc LIMIT 6   [ RunTime:0.011200s ]
SQL: SHOW COLUMNS FROM `cz_category` [ RunTime:0.004011s ]
SQL: SELECT * FROM `cz_category` WHERE ( parent_id=16 ) LIMIT 6   [ RunTime:0.000381s ]
SQL: SELECT * FROM `cz_category` WHERE ( parent_id=15 ) LIMIT 6   [ RunTime:0.000300s ]
SQL: SHOW COLUMNS FROM `cz_goods` [ RunTime:0.003578s ]
SQL: SELECT * FROM `cz_goods` ORDER BY click_count desc LIMIT 5   [ RunTime:0.000427s ]
INFO: [ view_parse ] --START--
INFO: [ template_filter ] --START--
INFO: Run Behavior\ContentReplaceBehavior [ RunTime:0.000337s ]
INFO: [ template_filter ] --END-- [ RunTime:0.000520s ]
NOTIC: [8] Undefined variable: user D:\wamp\www\shop\Application\Runtime\Cache\Home\2a94b8bda04ff446dcedd42276fc99ee.php 第 23 行.
NOTIC: [8] Undefined variable: num D:\wamp\www\shop\Application\Runtime\Cache\Home\2a94b8bda04ff446dcedd42276fc99ee.php 第 48 行.
NOTIC: [8] Undefined index: goods_id D:\wamp\www\shop\Application\Runtime\Cache\Home\2a94b8bda04ff446dcedd42276fc99ee.php 第 359 行.
INFO: Run Behavior\ParseTemplateBehavior [ RunTime:0.127745s ]
INFO: [ view_parse ] --END-- [ RunTime:0.127914s ]
INFO: [ view_filter ] --START--
INFO: Run Behavior\WriteHtmlCacheBehavior [ RunTime:0.014810s ]
INFO: [ view_filter ] --END-- [ RunTime:0.014998s ]
INFO: [ app_end ] --START--
INFO: Run Behavior\ShowPageTraceBehavior [ RunTime:0.001117s ]
INFO: [ app_end ] --END-- [ RunTime:0.001328s ]

[ 2016-06-06T23:13:14+08:00 ] ::1 /shop/index.php/Home/login/index
INFO: [ app_init ] --START--
INFO: Run Behavior\BuildLiteBehavior [ RunTime:0.000032s ]
INFO: [ app_init ] --END-- [ RunTime:0.000580s ]
INFO: [ app_begin ] --START--
INFO: Run Behavior\ReadHtmlCacheBehavior [ RunTime:0.000571s ]
INFO: [ app_begin ] --END-- [ RunTime:0.000713s ]
NOTIC: [8192] mysql_connect(): The mysql extension is deprecated and will be removed in the future: use mysqli or PDO instead D:\wamp\www\shop\ThinkPHP\Library\Think\Db\Driver\Mysql.class.php 第 52 行.
SQL: SHOW COLUMNS FROM `cz_category` [ RunTime:0.004363s ]
SQL: SELECT * FROM `cz_category`  [ RunTime:0.000424s ]
INFO: [ view_parse ] --START--
INFO: [ template_filter ] --START--
INFO: Run Behavior\ContentReplaceBehavior [ RunTime:0.000106s ]
INFO: [ template_filter ] --END-- [ RunTime:0.000278s ]
INFO: Run Behavior\ParseTemplateBehavior [ RunTime:0.023212s ]
INFO: [ view_parse ] --END-- [ RunTime:0.023467s ]
INFO: [ view_filter ] --START--
INFO: Run Behavior\WriteHtmlCacheBehavior [ RunTime:0.000427s ]
INFO: [ view_filter ] --END-- [ RunTime:0.000561s ]
INFO: [ app_end ] --START--
INFO: Run Behavior\ShowPageTraceBehavior [ RunTime:0.000670s ]
INFO: [ app_end ] --END-- [ RunTime:0.000793s ]

[ 2016-06-06T23:13:14+08:00 ] ::1 /shop/index.php/Home/Login/code
INFO: [ app_init ] --START--
INFO: Run Behavior\BuildLiteBehavior [ RunTime:0.000080s ]
INFO: [ app_init ] --END-- [ RunTime:0.000968s ]
INFO: [ app_begin ] --START--
INFO: Run Behavior\ReadHtmlCacheBehavior [ RunTime:0.000905s ]
INFO: [ app_begin ] --END-- [ RunTime:0.001160s ]
NOTIC: [8192] mysql_connect(): The mysql extension is deprecated and will be removed in the future: use mysqli or PDO instead D:\wamp\www\shop\ThinkPHP\Library\Think\Db\Driver\Mysql.class.php 第 52 行.
SQL: SHOW COLUMNS FROM `cz_category` [ RunTime:0.010346s ]
SQL: SELECT * FROM `cz_category`  [ RunTime:0.000459s ]
INFO: [ app_end ] --START--
INFO: Run Behavior\ShowPageTraceBehavior [ RunTime:0.001054s ]
INFO: [ app_end ] --END-- [ RunTime:0.001336s ]

[ 2016-06-06T23:13:22+08:00 ] ::1 /shop/index.php/Home/Goods/index/id/8
INFO: [ app_init ] --START--
INFO: Run Behavior\BuildLiteBehavior [ RunTime:0.000035s ]
INFO: [ app_init ] --END-- [ RunTime:0.000675s ]
INFO: [ app_begin ] --START--
INFO: Run Behavior\ReadHtmlCacheBehavior [ RunTime:0.000897s ]
INFO: [ app_begin ] --END-- [ RunTime:0.001113s ]
NOTIC: [8192] mysql_connect(): The mysql extension is deprecated and will be removed in the future: use mysqli or PDO instead D:\wamp\www\shop\ThinkPHP\Library\Think\Db\Driver\Mysql.class.php 第 52 行.
SQL: SHOW COLUMNS FROM `cz_category` [ RunTime:0.004394s ]
SQL: SELECT * FROM `cz_category`  [ RunTime:0.000442s ]
SQL: SHOW COLUMNS FROM `cz_goods` [ RunTime:0.004334s ]
SQL: SELECT * FROM `cz_goods` WHERE `goods_id` = 8 LIMIT 1   [ RunTime:0.000422s ]
SQL: SHOW COLUMNS FROM `cz_goods_attr` [ RunTime:0.026510s ]
SQL: SELECT * FROM `cz_goods_attr` WHERE `goods_id` = 8  [ RunTime:0.000511s ]
INFO: [ view_parse ] --START--
INFO: [ template_filter ] --START--
INFO: Run Behavior\ContentReplaceBehavior [ RunTime:0.000398s ]
INFO: [ template_filter ] --END-- [ RunTime:0.000900s ]
NOTIC: [8] Undefined variable: user D:\wamp\www\shop\Application\Runtime\Cache\Home\63839bc489ada1b251c78e0251f28b7d.php 第 23 行.
NOTIC: [8] Undefined variable: num D:\wamp\www\shop\Application\Runtime\Cache\Home\63839bc489ada1b251c78e0251f28b7d.php 第 48 行.
INFO: Run Behavior\ParseTemplateBehavior [ RunTime:0.066601s ]
INFO: [ view_parse ] --END-- [ RunTime:0.066744s ]
INFO: [ view_filter ] --START--
INFO: Run Behavior\WriteHtmlCacheBehavior [ RunTime:0.000619s ]
INFO: [ view_filter ] --END-- [ RunTime:0.000745s ]
INFO: [ app_end ] --START--
INFO: Run Behavior\ShowPageTraceBehavior [ RunTime:0.000659s ]
INFO: [ app_end ] --END-- [ RunTime:0.001003s ]

[ 2016-06-06T23:13:25+08:00 ] ::1 /shop/index.php/Home/Goods/index/id/4
INFO: [ app_init ] --START--
INFO: Run Behavior\BuildLiteBehavior [ RunTime:0.000057s ]
INFO: [ app_init ] --END-- [ RunTime:0.000767s ]
INFO: [ app_begin ] --START--
INFO: Run Behavior\ReadHtmlCacheBehavior [ RunTime:0.000772s ]
INFO: [ app_begin ] --END-- [ RunTime:0.000913s ]
NOTIC: [8192] mysql_connect(): The mysql extension is deprecated and will be removed in the future: use mysqli or PDO instead D:\wamp\www\shop\ThinkPHP\Library\Think\Db\Driver\Mysql.class.php 第 52 行.
SQL: SHOW COLUMNS FROM `cz_category` [ RunTime:0.003745s ]
SQL: SELECT * FROM `cz_category`  [ RunTime:0.000400s ]
SQL: SHOW COLUMNS FROM `cz_goods` [ RunTime:0.004337s ]
SQL: SELECT * FROM `cz_goods` WHERE `goods_id` = 4 LIMIT 1   [ RunTime:0.000425s ]
SQL: SHOW COLUMNS FROM `cz_goods_attr` [ RunTime:0.004119s ]
SQL: SELECT * FROM `cz_goods_attr` WHERE `goods_id` = 4  [ RunTime:0.000256s ]
INFO: [ view_parse ] --START--
INFO: [ template_filter ] --START--
INFO: Run Behavior\ContentReplaceBehavior [ RunTime:0.000244s ]
INFO: [ template_filter ] --END-- [ RunTime:0.000384s ]
NOTIC: [8] Undefined variable: user D:\wamp\www\shop\Application\Runtime\Cache\Home\63839bc489ada1b251c78e0251f28b7d.php 第 23 行.
NOTIC: [8] Undefined variable: num D:\wamp\www\shop\Application\Runtime\Cache\Home\63839bc489ada1b251c78e0251f28b7d.php 第 48 行.
INFO: Run Behavior\ParseTemplateBehavior [ RunTime:0.023001s ]
INFO: [ view_parse ] --END-- [ RunTime:0.023136s ]
INFO: [ view_filter ] --START--
INFO: Run Behavior\WriteHtmlCacheBehavior [ RunTime:0.000500s ]
INFO: [ view_filter ] --END-- [ RunTime:0.000623s ]
INFO: [ app_end ] --START--
INFO: Run Behavior\ShowPageTraceBehavior [ RunTime:0.000805s ]
INFO: [ app_end ] --END-- [ RunTime:0.000986s ]

[ 2016-06-06T23:13:28+08:00 ] ::1 /shop/index.php/Home/Goods/index/id/10
INFO: [ app_init ] --START--
INFO: Run Behavior\BuildLiteBehavior [ RunTime:0.000032s ]
INFO: [ app_init ] --END-- [ RunTime:0.000840s ]
INFO: [ app_begin ] --START--
INFO: Run Behavior\ReadHtmlCacheBehavior [ RunTime:0.000654s ]
INFO: [ app_begin ] --END-- [ RunTime:0.000842s ]
NOTIC: [8192] mysql_connect(): The mysql extension is deprecated and will be removed in the future: use mysqli or PDO instead D:\wamp\www\shop\ThinkPHP\Library\Think\Db\Driver\Mysql.class.php 第 52 行.
SQL: SHOW COLUMNS FROM `cz_category` [ RunTime:0.004450s ]
SQL: SELECT * FROM `cz_category`  [ RunTime:0.000379s ]
SQL: SHOW COLUMNS FROM `cz_goods` [ RunTime:0.003973s ]
SQL: SELECT * FROM `cz_goods` WHERE `goods_id` = 10 LIMIT 1   [ RunTime:0.000426s ]
SQL: SHOW COLUMNS FROM `cz_goods_attr` [ RunTime:0.004227s ]
SQL: SELECT * FROM `cz_goods_attr` WHERE `goods_id` = 10  [ RunTime:0.000658s ]
INFO: [ view_parse ] --START--
INFO: [ template_filter ] --START--
INFO: Run Behavior\ContentReplaceBehavior [ RunTime:0.000264s ]
INFO: [ template_filter ] --END-- [ RunTime:0.000416s ]
NOTIC: [8] Undefined variable: user D:\wamp\www\shop\Application\Runtime\Cache\Home\63839bc489ada1b251c78e0251f28b7d.php 第 23 行.
NOTIC: [8] Undefined variable: num D:\wamp\www\shop\Application\Runtime\Cache\Home\63839bc489ada1b251c78e0251f28b7d.php 第 48 行.
INFO: Run Behavior\ParseTemplateBehavior [ RunTime:0.021018s ]
INFO: [ view_parse ] --END-- [ RunTime:0.021235s ]
INFO: [ view_filter ] --START--
INFO: Run Behavior\WriteHtmlCacheBehavior [ RunTime:0.000456s ]
INFO: [ view_filter ] --END-- [ RunTime:0.000667s ]
INFO: [ app_end ] --START--
INFO: Run Behavior\ShowPageTraceBehavior [ RunTime:0.000617s ]
INFO: [ app_end ] --END-- [ RunTime:0.000753s ]

[ 2016-06-06T23:13:32+08:00 ] ::1 /shop/index.php/Home/Category/index/id/17
INFO: [ app_init ] --START--
INFO: Run Behavior\BuildLiteBehavior [ RunTime:0.000031s ]
INFO: [ app_init ] --END-- [ RunTime:0.000545s ]
INFO: [ app_begin ] --START--
INFO: Run Behavior\ReadHtmlCacheBehavior [ RunTime:0.000635s ]
INFO: [ app_begin ] --END-- [ RunTime:0.000821s ]
NOTIC: [8192] mysql_connect(): The mysql extension is deprecated and will be removed in the future: use mysqli or PDO instead D:\wamp\www\shop\ThinkPHP\Library\Think\Db\Driver\Mysql.class.php 第 52 行.
SQL: SHOW COLUMNS FROM `cz_category` [ RunTime:0.004703s ]
SQL: SELECT * FROM `cz_category`  [ RunTime:0.000540s ]
SQL: SELECT * FROM `cz_category` WHERE ( cat_id=17 ) LIMIT 1   [ RunTime:0.000440s ]
SQL: SELECT * FROM `cz_category` WHERE ( cat_id=16 ) LIMIT 1   [ RunTime:0.000358s ]
SQL: SELECT * FROM `cz_category` WHERE ( cat_id=5 ) LIMIT 1   [ RunTime:0.000295s ]
SQL: SHOW COLUMNS FROM `cz_goods` [ RunTime:0.003966s ]
SQL: SELECT * FROM `cz_goods` WHERE ( cat_id=17 )  [ RunTime:0.000371s ]
SQL: SELECT * FROM `cz_goods` WHERE ( is_hot=1 ) LIMIT 5   [ RunTime:0.000376s ]
INFO: [ view_parse ] --START--
INFO: [ template_filter ] --START--
INFO: Run Behavior\ContentReplaceBehavior [ RunTime:0.000235s ]
INFO: [ template_filter ] --END-- [ RunTime:0.000385s ]
NOTIC: [8] Undefined variable: user D:\wamp\www\shop\Application\Runtime\Cache\Home\fd93d816414af0ade2156438a8d6b092.php 第 22 行.
NOTIC: [8] Undefined variable: num D:\wamp\www\shop\Application\Runtime\Cache\Home\fd93d816414af0ade2156438a8d6b092.php 第 47 行.
INFO: Run Behavior\ParseTemplateBehavior [ RunTime:0.040101s ]
INFO: [ view_parse ] --END-- [ RunTime:0.040231s ]
INFO: [ view_filter ] --START--
INFO: Run Behavior\WriteHtmlCacheBehavior [ RunTime:0.000430s ]
INFO: [ view_filter ] --END-- [ RunTime:0.000554s ]
INFO: [ app_end ] --START--
INFO: Run Behavior\ShowPageTraceBehavior [ RunTime:0.000579s ]
INFO: [ app_end ] --END-- [ RunTime:0.000732s ]

[ 2016-06-06T23:13:35+08:00 ] ::1 /shop/index.php/Home/Category/index/id/18
INFO: [ app_init ] --START--
INFO: Run Behavior\BuildLiteBehavior [ RunTime:0.000032s ]
INFO: [ app_init ] --END-- [ RunTime:0.000664s ]
INFO: [ app_begin ] --START--
INFO: Run Behavior\ReadHtmlCacheBehavior [ RunTime:0.000606s ]
INFO: [ app_begin ] --END-- [ RunTime:0.000778s ]
NOTIC: [8192] mysql_connect(): The mysql extension is deprecated and will be removed in the future: use mysqli or PDO instead D:\wamp\www\shop\ThinkPHP\Library\Think\Db\Driver\Mysql.class.php 第 52 行.
SQL: SHOW COLUMNS FROM `cz_category` [ RunTime:0.004060s ]
SQL: SELECT * FROM `cz_category`  [ RunTime:0.000426s ]
SQL: SELECT * FROM `cz_category` WHERE ( cat_id=18 ) LIMIT 1   [ RunTime:0.000298s ]
SQL: SELECT * FROM `cz_category` WHERE ( cat_id=16 ) LIMIT 1   [ RunTime:0.000240s ]
SQL: SELECT * FROM `cz_category` WHERE ( cat_id=5 ) LIMIT 1   [ RunTime:0.000237s ]
SQL: SHOW COLUMNS FROM `cz_goods` [ RunTime:0.004890s ]
SQL: SELECT * FROM `cz_goods` WHERE ( cat_id=18 )  [ RunTime:0.000438s ]
SQL: SELECT * FROM `cz_goods` WHERE ( is_hot=1 ) LIMIT 5   [ RunTime:0.000436s ]
INFO: [ view_parse ] --START--
INFO: [ template_filter ] --START--
INFO: Run Behavior\ContentReplaceBehavior [ RunTime:0.000251s ]
INFO: [ template_filter ] --END-- [ RunTime:0.000398s ]
NOTIC: [8] Undefined variable: user D:\wamp\www\shop\Application\Runtime\Cache\Home\fd93d816414af0ade2156438a8d6b092.php 第 22 行.
NOTIC: [8] Undefined variable: num D:\wamp\www\shop\Application\Runtime\Cache\Home\fd93d816414af0ade2156438a8d6b092.php 第 47 行.
INFO: Run Behavior\ParseTemplateBehavior [ RunTime:0.025111s ]
INFO: [ view_parse ] --END-- [ RunTime:0.025269s ]
INFO: [ view_filter ] --START--
INFO: Run Behavior\WriteHtmlCacheBehavior [ RunTime:0.000502s ]
INFO: [ view_filter ] --END-- [ RunTime:0.000656s ]
INFO: [ app_end ] --START--
INFO: Run Behavior\ShowPageTraceBehavior [ RunTime:0.000790s ]
INFO: [ app_end ] --END-- [ RunTime:0.000960s ]

[ 2016-06-06T23:13:38+08:00 ] ::1 /shop/index.php/Home/Category/index/id/2
INFO: [ app_init ] --START--
INFO: Run Behavior\BuildLiteBehavior [ RunTime:0.000052s ]
INFO: [ app_init ] --END-- [ RunTime:0.001017s ]
INFO: [ app_begin ] --START--
INFO: Run Behavior\ReadHtmlCacheBehavior [ RunTime:0.000950s ]
INFO: [ app_begin ] --END-- [ RunTime:0.001205s ]
NOTIC: [8192] mysql_connect(): The mysql extension is deprecated and will be removed in the future: use mysqli or PDO instead D:\wamp\www\shop\ThinkPHP\Library\Think\Db\Driver\Mysql.class.php 第 52 行.
SQL: SHOW COLUMNS FROM `cz_category` [ RunTime:0.004557s ]
SQL: SELECT * FROM `cz_category`  [ RunTime:0.000316s ]
SQL: SELECT * FROM `cz_category` WHERE ( cat_id=2 ) LIMIT 1   [ RunTime:0.000344s ]
SQL: SELECT * FROM `cz_category` WHERE ( cat_id=1 ) LIMIT 1   [ RunTime:0.000235s ]
SQL: SHOW COLUMNS FROM `cz_goods` [ RunTime:0.005979s ]
SQL: SELECT * FROM `cz_goods` WHERE ( cat_id=2 )  [ RunTime:0.000891s ]
SQL: SELECT * FROM `cz_goods` WHERE ( is_hot=1 ) LIMIT 5   [ RunTime:0.000593s ]
INFO: [ view_parse ] --START--
INFO: [ template_filter ] --START--
INFO: Run Behavior\ContentReplaceBehavior [ RunTime:0.000219s ]
INFO: [ template_filter ] --END-- [ RunTime:0.000369s ]
NOTIC: [8] Undefined variable: user D:\wamp\www\shop\Application\Runtime\Cache\Home\fd93d816414af0ade2156438a8d6b092.php 第 22 行.
NOTIC: [8] Undefined variable: num D:\wamp\www\shop\Application\Runtime\Cache\Home\fd93d816414af0ade2156438a8d6b092.php 第 47 行.
INFO: Run Behavior\ParseTemplateBehavior [ RunTime:0.029255s ]
INFO: [ view_parse ] --END-- [ RunTime:0.029405s ]
INFO: [ view_filter ] --START--
INFO: Run Behavior\WriteHtmlCacheBehavior [ RunTime:0.000454s ]
INFO: [ view_filter ] --END-- [ RunTime:0.000654s ]
INFO: [ app_end ] --START--
INFO: Run Behavior\ShowPageTraceBehavior [ RunTime:0.000625s ]
INFO: [ app_end ] --END-- [ RunTime:0.000781s ]

[ 2016-06-06T23:13:39+08:00 ] ::1 /shop/index.php/Home/Goods/index/id/4
INFO: [ app_init ] --START--
INFO: Run Behavior\BuildLiteBehavior [ RunTime:0.000066s ]
INFO: [ app_init ] --END-- [ RunTime:0.001052s ]
INFO: [ app_begin ] --START--
INFO: Run Behavior\ReadHtmlCacheBehavior [ RunTime:0.000673s ]
INFO: [ app_begin ] --END-- [ RunTime:0.000822s ]
NOTIC: [8192] mysql_connect(): The mysql extension is deprecated and will be removed in the future: use mysqli or PDO instead D:\wamp\www\shop\ThinkPHP\Library\Think\Db\Driver\Mysql.class.php 第 52 行.
SQL: SHOW COLUMNS FROM `cz_category` [ RunTime:0.004172s ]
SQL: SELECT * FROM `cz_category`  [ RunTime:0.000379s ]
SQL: SHOW COLUMNS FROM `cz_goods` [ RunTime:0.004032s ]
SQL: SELECT * FROM `cz_goods` WHERE `goods_id` = 4 LIMIT 1   [ RunTime:0.000429s ]
SQL: SHOW COLUMNS FROM `cz_goods_attr` [ RunTime:0.003765s ]
SQL: SELECT * FROM `cz_goods_attr` WHERE `goods_id` = 4  [ RunTime:0.000304s ]
INFO: [ view_parse ] --START--
INFO: [ template_filter ] --START--
INFO: Run Behavior\ContentReplaceBehavior [ RunTime:0.000291s ]
INFO: [ template_filter ] --END-- [ RunTime:0.000442s ]
NOTIC: [8] Undefined variable: user D:\wamp\www\shop\Application\Runtime\Cache\Home\63839bc489ada1b251c78e0251f28b7d.php 第 23 行.
NOTIC: [8] Undefined variable: num D:\wamp\www\shop\Application\Runtime\Cache\Home\63839bc489ada1b251c78e0251f28b7d.php 第 48 行.
INFO: Run Behavior\ParseTemplateBehavior [ RunTime:0.023500s ]
INFO: [ view_parse ] --END-- [ RunTime:0.023635s ]
INFO: [ view_filter ] --START--
INFO: Run Behavior\WriteHtmlCacheBehavior [ RunTime:0.000437s ]
INFO: [ view_filter ] --END-- [ RunTime:0.000610s ]
INFO: [ app_end ] --START--
INFO: Run Behavior\ShowPageTraceBehavior [ RunTime:0.001083s ]
INFO: [ app_end ] --END-- [ RunTime:0.001327s ]

[ 2016-06-06T23:13:41+08:00 ] ::1 /shop/index.php/Home/Shop/addcart
INFO: [ app_init ] --START--
INFO: Run Behavior\BuildLiteBehavior [ RunTime:0.000051s ]
INFO: [ app_init ] --END-- [ RunTime:0.000872s ]
INFO: [ app_begin ] --START--
INFO: Run Behavior\ReadHtmlCacheBehavior [ RunTime:0.000662s ]
INFO: [ app_begin ] --END-- [ RunTime:0.000840s ]
NOTIC: [8192] mysql_connect(): The mysql extension is deprecated and will be removed in the future: use mysqli or PDO instead D:\wamp\www\shop\ThinkPHP\Library\Think\Db\Driver\Mysql.class.php 第 52 行.
SQL: SHOW COLUMNS FROM `cz_category` [ RunTime:0.003934s ]
SQL: SELECT * FROM `cz_category`  [ RunTime:0.000505s ]
INFO: [ view_parse ] --START--
INFO: [ template_filter ] --START--
INFO: Run Behavior\ContentReplaceBehavior [ RunTime:0.000107s ]
INFO: [ template_filter ] --END-- [ RunTime:0.000300s ]
INFO: Run Behavior\ParseTemplateBehavior [ RunTime:0.025450s ]
INFO: [ view_parse ] --END-- [ RunTime:0.025619s ]
INFO: [ view_filter ] --START--
INFO: Run Behavior\WriteHtmlCacheBehavior [ RunTime:0.000403s ]
INFO: [ view_filter ] --END-- [ RunTime:0.000528s ]

[ 2016-06-06T23:13:54+08:00 ] ::1 /shop/index.php/Home/Login/logout
INFO: [ app_init ] --START--
INFO: Run Behavior\BuildLiteBehavior [ RunTime:0.000032s ]
INFO: [ app_init ] --END-- [ RunTime:0.000569s ]
INFO: [ app_begin ] --START--
INFO: Run Behavior\ReadHtmlCacheBehavior [ RunTime:0.000724s ]
INFO: [ app_begin ] --END-- [ RunTime:0.000881s ]
NOTIC: [8192] mysql_connect(): The mysql extension is deprecated and will be removed in the future: use mysqli or PDO instead D:\wamp\www\shop\ThinkPHP\Library\Think\Db\Driver\Mysql.class.php 第 52 行.
SQL: SHOW COLUMNS FROM `cz_category` [ RunTime:0.004345s ]
SQL: SELECT * FROM `cz_category`  [ RunTime:0.000379s ]
INFO: [ view_parse ] --START--
INFO: [ template_filter ] --START--
INFO: Run Behavior\ContentReplaceBehavior [ RunTime:0.000100s ]
INFO: [ template_filter ] --END-- [ RunTime:0.000274s ]
INFO: Run Behavior\ParseTemplateBehavior [ RunTime:0.008105s ]
INFO: [ view_parse ] --END-- [ RunTime:0.008339s ]
INFO: [ view_filter ] --START--
INFO: Run Behavior\WriteHtmlCacheBehavior [ RunTime:0.000437s ]
INFO: [ view_filter ] --END-- [ RunTime:0.000573s ]
INFO: [ app_end ] --START--
INFO: Run Behavior\ShowPageTraceBehavior [ RunTime:0.000650s ]
INFO: [ app_end ] --END-- [ RunTime:0.000787s ]

[ 2016-06-06T23:13:55+08:00 ] ::1 /shop/index.php/Home/index/index.html
INFO: [ app_init ] --START--
INFO: Run Behavior\BuildLiteBehavior [ RunTime:0.000033s ]
INFO: [ app_init ] --END-- [ RunTime:0.000589s ]
INFO: [ app_begin ] --START--
INFO: Run Behavior\ReadHtmlCacheBehavior [ RunTime:0.000895s ]
INFO: [ app_begin ] --END-- [ RunTime:0.001082s ]
NOTIC: [8192] mysql_connect(): The mysql extension is deprecated and will be removed in the future: use mysqli or PDO instead D:\wamp\www\shop\ThinkPHP\Library\Think\Db\Driver\Mysql.class.php 第 52 行.
SQL: SHOW COLUMNS FROM `cz_category` [ RunTime:0.003931s ]
SQL: SELECT * FROM `cz_category`  [ RunTime:0.000379s ]
SQL: SHOW COLUMNS FROM `cz_goods` [ RunTime:0.005046s ]
SQL: SELECT * FROM `cz_goods` WHERE `is_best` = 1 AND `is_onsale` = 1 ORDER BY goods_id desc LIMIT 4   [ RunTime:0.000525s ]
SQL: SELECT * FROM `cz_goods` WHERE `is_hot` = 1 ORDER BY goods_id desc LIMIT 4   [ RunTime:0.000353s ]
SQL: SELECT * FROM `cz_goods` WHERE `is_new` = 1 ORDER BY goods_id desc LIMIT 4   [ RunTime:0.000320s ]
SQL: SELECT * FROM `cz_goods` WHERE `cat_id` > 15 ORDER BY goods_id desc LIMIT 6   [ RunTime:0.000335s ]
SQL: SHOW COLUMNS FROM `cz_category` [ RunTime:0.003649s ]
SQL: SELECT * FROM `cz_category` WHERE ( parent_id=16 ) LIMIT 6   [ RunTime:0.000486s ]
SQL: SELECT * FROM `cz_category` WHERE ( parent_id=15 ) LIMIT 6   [ RunTime:0.000259s ]
SQL: SHOW COLUMNS FROM `cz_goods` [ RunTime:0.004378s ]
SQL: SELECT * FROM `cz_goods` ORDER BY click_count desc LIMIT 5   [ RunTime:0.000421s ]
INFO: [ view_parse ] --START--
INFO: [ template_filter ] --START--
INFO: Run Behavior\ContentReplaceBehavior [ RunTime:0.000311s ]
INFO: [ template_filter ] --END-- [ RunTime:0.000471s ]
NOTIC: [8] Undefined variable: user D:\wamp\www\shop\Application\Runtime\Cache\Home\2a94b8bda04ff446dcedd42276fc99ee.php 第 23 行.
NOTIC: [8] Undefined variable: num D:\wamp\www\shop\Application\Runtime\Cache\Home\2a94b8bda04ff446dcedd42276fc99ee.php 第 48 行.
NOTIC: [8] Undefined index: goods_id D:\wamp\www\shop\Application\Runtime\Cache\Home\2a94b8bda04ff446dcedd42276fc99ee.php 第 359 行.
INFO: Run Behavior\ParseTemplateBehavior [ RunTime:0.035030s ]
INFO: [ view_parse ] --END-- [ RunTime:0.035179s ]
INFO: [ view_filter ] --START--
INFO: Run Behavior\WriteHtmlCacheBehavior [ RunTime:0.000471s ]
INFO: [ view_filter ] --END-- [ RunTime:0.000598s ]
INFO: [ app_end ] --START--
INFO: Run Behavior\ShowPageTraceBehavior [ RunTime:0.000825s ]
INFO: [ app_end ] --END-- [ RunTime:0.001420s ]

[ 2016-06-06T23:13:56+08:00 ] ::1 /shop/index.php/Home/login/index
INFO: [ app_init ] --START--
INFO: Run Behavior\BuildLiteBehavior [ RunTime:0.000057s ]
INFO: [ app_init ] --END-- [ RunTime:0.000906s ]
INFO: [ app_begin ] --START--
INFO: Run Behavior\ReadHtmlCacheBehavior [ RunTime:0.000643s ]
INFO: [ app_begin ] --END-- [ RunTime:0.000820s ]
NOTIC: [8192] mysql_connect(): The mysql extension is deprecated and will be removed in the future: use mysqli or PDO instead D:\wamp\www\shop\ThinkPHP\Library\Think\Db\Driver\Mysql.class.php 第 52 行.
SQL: SHOW COLUMNS FROM `cz_category` [ RunTime:0.004493s ]
SQL: SELECT * FROM `cz_category`  [ RunTime:0.000398s ]
INFO: [ view_parse ] --START--
INFO: [ template_filter ] --START--
INFO: Run Behavior\ContentReplaceBehavior [ RunTime:0.000148s ]
INFO: [ template_filter ] --END-- [ RunTime:0.000397s ]
INFO: Run Behavior\ParseTemplateBehavior [ RunTime:0.008912s ]
INFO: [ view_parse ] --END-- [ RunTime:0.009072s ]
INFO: [ view_filter ] --START--
INFO: Run Behavior\WriteHtmlCacheBehavior [ RunTime:0.000467s ]
INFO: [ view_filter ] --END-- [ RunTime:0.000646s ]
INFO: [ app_end ] --START--
INFO: Run Behavior\ShowPageTraceBehavior [ RunTime:0.001163s ]
INFO: [ app_end ] --END-- [ RunTime:0.001405s ]

[ 2016-06-06T23:13:56+08:00 ] ::1 /shop/index.php/Home/Login/code
INFO: [ app_init ] --START--
INFO: Run Behavior\BuildLiteBehavior [ RunTime:0.000034s ]
INFO: [ app_init ] --END-- [ RunTime:0.000583s ]
INFO: [ app_begin ] --START--
INFO: Run Behavior\ReadHtmlCacheBehavior [ RunTime:0.000635s ]
INFO: [ app_begin ] --END-- [ RunTime:0.000799s ]
NOTIC: [8192] mysql_connect(): The mysql extension is deprecated and will be removed in the future: use mysqli or PDO instead D:\wamp\www\shop\ThinkPHP\Library\Think\Db\Driver\Mysql.class.php 第 52 行.
SQL: SHOW COLUMNS FROM `cz_category` [ RunTime:0.005080s ]
SQL: SELECT * FROM `cz_category`  [ RunTime:0.000373s ]
INFO: [ app_end ] --START--
INFO: Run Behavior\ShowPageTraceBehavior [ RunTime:0.000755s ]
INFO: [ app_end ] --END-- [ RunTime:0.000952s ]

[ 2016-06-06T23:14:07+08:00 ] ::1 /shop/index.php/Home/Login/index.html
INFO: [ app_init ] --START--
INFO: Run Behavior\BuildLiteBehavior [ RunTime:0.000029s ]
INFO: [ app_init ] --END-- [ RunTime:0.000592s ]
INFO: [ app_begin ] --START--
INFO: Run Behavior\ReadHtmlCacheBehavior [ RunTime:0.000837s ]
INFO: [ app_begin ] --END-- [ RunTime:0.000992s ]
NOTIC: [8192] mysql_connect(): The mysql extension is deprecated and will be removed in the future: use mysqli or PDO instead D:\wamp\www\shop\ThinkPHP\Library\Think\Db\Driver\Mysql.class.php 第 52 行.
SQL: SHOW COLUMNS FROM `cz_category` [ RunTime:0.004576s ]
SQL: SELECT * FROM `cz_category`  [ RunTime:0.000390s ]

[ 2016-06-06T23:14:10+08:00 ] ::1 /shop/index.php/Home/Login/index.html
INFO: [ app_init ] --START--
INFO: Run Behavior\BuildLiteBehavior [ RunTime:0.000031s ]
INFO: [ app_init ] --END-- [ RunTime:0.000662s ]
INFO: [ app_begin ] --START--
INFO: Run Behavior\ReadHtmlCacheBehavior [ RunTime:0.000683s ]
INFO: [ app_begin ] --END-- [ RunTime:0.000828s ]
NOTIC: [8192] mysql_connect(): The mysql extension is deprecated and will be removed in the future: use mysqli or PDO instead D:\wamp\www\shop\ThinkPHP\Library\Think\Db\Driver\Mysql.class.php 第 52 行.
SQL: SHOW COLUMNS FROM `cz_category` [ RunTime:0.003588s ]
SQL: SELECT * FROM `cz_category`  [ RunTime:0.000404s ]

[ 2016-06-06T23:14:13+08:00 ] ::1 /shop/index.php/Home/Login/code/0.7226986502399582
INFO: [ app_init ] --START--
INFO: Run Behavior\BuildLiteBehavior [ RunTime:0.000029s ]
INFO: [ app_init ] --END-- [ RunTime:0.000552s ]
INFO: [ app_begin ] --START--
INFO: Run Behavior\ReadHtmlCacheBehavior [ RunTime:0.000565s ]
INFO: [ app_begin ] --END-- [ RunTime:0.000698s ]
NOTIC: [8192] mysql_connect(): The mysql extension is deprecated and will be removed in the future: use mysqli or PDO instead D:\wamp\www\shop\ThinkPHP\Library\Think\Db\Driver\Mysql.class.php 第 52 行.
SQL: SHOW COLUMNS FROM `cz_category` [ RunTime:0.003912s ]
SQL: SELECT * FROM `cz_category`  [ RunTime:0.000402s ]
INFO: [ app_end ] --START--
INFO: Run Behavior\ShowPageTraceBehavior [ RunTime:0.000912s ]
INFO: [ app_end ] --END-- [ RunTime:0.001066s ]

[ 2016-06-06T23:14:22+08:00 ] ::1 /shop/index.php/Home/Login/index.html
INFO: [ app_init ] --START--
INFO: Run Behavior\BuildLiteBehavior [ RunTime:0.000044s ]
INFO: [ app_init ] --END-- [ RunTime:0.000801s ]
INFO: [ app_begin ] --START--
INFO: Run Behavior\ReadHtmlCacheBehavior [ RunTime:0.000881s ]
INFO: [ app_begin ] --END-- [ RunTime:0.001088s ]
NOTIC: [8192] mysql_connect(): The mysql extension is deprecated and will be removed in the future: use mysqli or PDO instead D:\wamp\www\shop\ThinkPHP\Library\Think\Db\Driver\Mysql.class.php 第 52 行.
SQL: SHOW COLUMNS FROM `cz_category` [ RunTime:0.004295s ]
SQL: SELECT * FROM `cz_category`  [ RunTime:0.000351s ]
SQL: SHOW COLUMNS FROM `cz_user` [ RunTime:0.053819s ]
SQL: SELECT * FROM `cz_user` WHERE `user_name` = '刘定邦' AND `password` = 'c4ca4238a0b923820dcc509a6f75849b' LIMIT 1   [ RunTime:0.019238s ]

[ 2016-06-06T23:14:24+08:00 ] ::1 /shop/index.php/Home/Login/code/0.23869575829232703
INFO: [ app_init ] --START--
INFO: Run Behavior\BuildLiteBehavior [ RunTime:0.000031s ]
INFO: [ app_init ] --END-- [ RunTime:0.000664s ]
INFO: [ app_begin ] --START--
INFO: Run Behavior\ReadHtmlCacheBehavior [ RunTime:0.000737s ]
INFO: [ app_begin ] --END-- [ RunTime:0.000870s ]
NOTIC: [8192] mysql_connect(): The mysql extension is deprecated and will be removed in the future: use mysqli or PDO instead D:\wamp\www\shop\ThinkPHP\Library\Think\Db\Driver\Mysql.class.php 第 52 行.
SQL: SHOW COLUMNS FROM `cz_category` [ RunTime:0.004276s ]
SQL: SELECT * FROM `cz_category`  [ RunTime:0.000359s ]
INFO: [ app_end ] --START--
INFO: Run Behavior\ShowPageTraceBehavior [ RunTime:0.000930s ]
INFO: [ app_end ] --END-- [ RunTime:0.001115s ]

[ 2016-06-06T23:14:25+08:00 ] ::1 /shop/index.php/Home/Login/code/0.7920531520238614
INFO: [ app_init ] --START--
INFO: Run Behavior\BuildLiteBehavior [ RunTime:0.000031s ]
INFO: [ app_init ] --END-- [ RunTime:0.000524s ]
INFO: [ app_begin ] --START--
INFO: Run Behavior\ReadHtmlCacheBehavior [ RunTime:0.000629s ]
INFO: [ app_begin ] --END-- [ RunTime:0.000765s ]
NOTIC: [8192] mysql_connect(): The mysql extension is deprecated and will be removed in the future: use mysqli or PDO instead D:\wamp\www\shop\ThinkPHP\Library\Think\Db\Driver\Mysql.class.php 第 52 行.
SQL: SHOW COLUMNS FROM `cz_category` [ RunTime:0.004357s ]
SQL: SELECT * FROM `cz_category`  [ RunTime:0.000388s ]
INFO: [ app_end ] --START--
INFO: Run Behavior\ShowPageTraceBehavior [ RunTime:0.000717s ]
INFO: [ app_end ] --END-- [ RunTime:0.000863s ]

[ 2016-06-06T23:14:34+08:00 ] ::1 /shop/index.php/Home/Login/index.html
INFO: [ app_init ] --START--
INFO: Run Behavior\BuildLiteBehavior [ RunTime:0.000031s ]
INFO: [ app_init ] --END-- [ RunTime:0.000613s ]
INFO: [ app_begin ] --START--
INFO: Run Behavior\ReadHtmlCacheBehavior [ RunTime:0.000606s ]
INFO: [ app_begin ] --END-- [ RunTime:0.000721s ]
NOTIC: [8192] mysql_connect(): The mysql extension is deprecated and will be removed in the future: use mysqli or PDO instead D:\wamp\www\shop\ThinkPHP\Library\Think\Db\Driver\Mysql.class.php 第 52 行.
SQL: SHOW COLUMNS FROM `cz_category` [ RunTime:0.004977s ]
SQL: SELECT * FROM `cz_category`  [ RunTime:0.000387s ]
SQL: SHOW COLUMNS FROM `cz_user` [ RunTime:0.004163s ]
SQL: SELECT * FROM `cz_user` WHERE `user_name` = '刘定邦' AND `password` = '864ce000907148c15695d87a552dcf5e' LIMIT 1   [ RunTime:0.000344s ]

[ 2016-06-06T23:14:34+08:00 ] ::1 /shop/index.php/Home/index/index.html
INFO: [ app_init ] --START--
INFO: Run Behavior\BuildLiteBehavior [ RunTime:0.000050s ]
INFO: [ app_init ] --END-- [ RunTime:0.000897s ]
INFO: [ app_begin ] --START--
INFO: Run Behavior\ReadHtmlCacheBehavior [ RunTime:0.000633s ]
INFO: [ app_begin ] --END-- [ RunTime:0.000792s ]
NOTIC: [8192] mysql_connect(): The mysql extension is deprecated and will be removed in the future: use mysqli or PDO instead D:\wamp\www\shop\ThinkPHP\Library\Think\Db\Driver\Mysql.class.php 第 52 行.
SQL: SHOW COLUMNS FROM `cz_category` [ RunTime:0.004886s ]
SQL: SELECT * FROM `cz_category`  [ RunTime:0.000386s ]
SQL: SHOW COLUMNS FROM `cz_shopcart` [ RunTime:0.084443s ]
SQL: SELECT * FROM `cz_shopcart` WHERE `user_id` = 1  [ RunTime:0.000453s ]
SQL: SHOW COLUMNS FROM `cz_goods` [ RunTime:0.004658s ]
SQL: SELECT * FROM `cz_goods` WHERE `is_best` = 1 AND `is_onsale` = 1 ORDER BY goods_id desc LIMIT 4   [ RunTime:0.000511s ]
SQL: SELECT * FROM `cz_goods` WHERE `is_hot` = 1 ORDER BY goods_id desc LIMIT 4   [ RunTime:0.000408s ]
SQL: SELECT * FROM `cz_goods` WHERE `is_new` = 1 ORDER BY goods_id desc LIMIT 4   [ RunTime:0.000397s ]
SQL: SELECT * FROM `cz_goods` WHERE `cat_id` > 15 ORDER BY goods_id desc LIMIT 6   [ RunTime:0.000381s ]
SQL: SHOW COLUMNS FROM `cz_category` [ RunTime:0.004999s ]
SQL: SELECT * FROM `cz_category` WHERE ( parent_id=16 ) LIMIT 6   [ RunTime:0.000569s ]
SQL: SELECT * FROM `cz_category` WHERE ( parent_id=15 ) LIMIT 6   [ RunTime:0.000306s ]
SQL: SHOW COLUMNS FROM `cz_goods` [ RunTime:0.005482s ]
SQL: SELECT * FROM `cz_goods` ORDER BY click_count desc LIMIT 5   [ RunTime:0.000628s ]
INFO: [ view_parse ] --START--
INFO: [ template_filter ] --START--
INFO: Run Behavior\ContentReplaceBehavior [ RunTime:0.000379s ]
INFO: [ template_filter ] --END-- [ RunTime:0.000533s ]
NOTIC: [8] Undefined index: goods_id D:\wamp\www\shop\Application\Runtime\Cache\Home\2a94b8bda04ff446dcedd42276fc99ee.php 第 359 行.
INFO: Run Behavior\ParseTemplateBehavior [ RunTime:0.036738s ]
INFO: [ view_parse ] --END-- [ RunTime:0.036885s ]
INFO: [ view_filter ] --START--
INFO: Run Behavior\WriteHtmlCacheBehavior [ RunTime:0.000453s ]
INFO: [ view_filter ] --END-- [ RunTime:0.000593s ]
INFO: [ app_end ] --START--
INFO: Run Behavior\ShowPageTraceBehavior [ RunTime:0.000651s ]
INFO: [ app_end ] --END-- [ RunTime:0.000796s ]

[ 2016-06-06T23:14:37+08:00 ] ::1 /shop/index.php/Home/Shop/shopCar
INFO: [ app_init ] --START--
INFO: Run Behavior\BuildLiteBehavior [ RunTime:0.000030s ]
INFO: [ app_init ] --END-- [ RunTime:0.000636s ]
INFO: [ app_begin ] --START--
INFO: Run Behavior\ReadHtmlCacheBehavior [ RunTime:0.000747s ]
INFO: [ app_begin ] --END-- [ RunTime:0.000898s ]
NOTIC: [8192] mysql_connect(): The mysql extension is deprecated and will be removed in the future: use mysqli or PDO instead D:\wamp\www\shop\ThinkPHP\Library\Think\Db\Driver\Mysql.class.php 第 52 行.
SQL: SHOW COLUMNS FROM `cz_category` [ RunTime:0.004403s ]
SQL: SELECT * FROM `cz_category`  [ RunTime:0.000349s ]
SQL: SHOW COLUMNS FROM `cz_shopcart` [ RunTime:0.003562s ]
SQL: SELECT * FROM `cz_shopcart` WHERE `user_id` = 1  [ RunTime:0.000324s ]
SQL: SELECT * FROM `cz_shopcart` INNER JOIN cz_goods ON cz_goods.goods_id = cz_shopcart.goods_id  WHERE `user_id` = '1'  [ RunTime:0.068625s ]
SQL: SELECT SUM(subtotal) AS tp_sum FROM `cz_shopcart` LIMIT 1   [ RunTime:0.019278s ]
INFO: [ view_parse ] --START--
INFO: [ template_filter ] --START--
INFO: Run Behavior\ContentReplaceBehavior [ RunTime:0.000192s ]
INFO: [ template_filter ] --END-- [ RunTime:0.000331s ]
INFO: Run Behavior\ParseTemplateBehavior [ RunTime:0.040185s ]
INFO: [ view_parse ] --END-- [ RunTime:0.040349s ]
INFO: [ view_filter ] --START--
INFO: Run Behavior\WriteHtmlCacheBehavior [ RunTime:0.000509s ]
INFO: [ view_filter ] --END-- [ RunTime:0.000634s ]
INFO: [ app_end ] --START--
INFO: Run Behavior\ShowPageTraceBehavior [ RunTime:0.000609s ]
INFO: [ app_end ] --END-- [ RunTime:0.000754s ]

[ 2016-06-06T23:14:42+08:00 ] ::1 /shop/index.php/Home/Shop/add
INFO: [ app_init ] --START--
INFO: Run Behavior\BuildLiteBehavior [ RunTime:0.000029s ]
INFO: [ app_init ] --END-- [ RunTime:0.000572s ]
INFO: [ app_begin ] --START--
INFO: Run Behavior\ReadHtmlCacheBehavior [ RunTime:0.001454s ]
INFO: [ app_begin ] --END-- [ RunTime:0.001598s ]
NOTIC: [8192] mysql_connect(): The mysql extension is deprecated and will be removed in the future: use mysqli or PDO instead D:\wamp\www\shop\ThinkPHP\Library\Think\Db\Driver\Mysql.class.php 第 52 行.
SQL: SHOW COLUMNS FROM `cz_category` [ RunTime:0.009047s ]
SQL: SELECT * FROM `cz_category`  [ RunTime:0.000353s ]
SQL: SHOW COLUMNS FROM `cz_shopcart` [ RunTime:0.003713s ]
SQL: SELECT * FROM `cz_shopcart` WHERE `user_id` = 1  [ RunTime:0.000317s ]
SQL: UPDATE `cz_shopcart` SET `goods_num`=goods_num+1 WHERE ( goods_id=8 ) [ RunTime:0.074996s ]
SQL: SELECT `goods_num`,`goods_price` FROM `cz_shopcart` WHERE ( goods_id=8 )  [ RunTime:0.000322s ]
SQL: UPDATE `cz_shopcart` SET `subtotal`=360 WHERE ( goods_id=8 ) [ RunTime:0.000319s ]
INFO: [ app_end ] --START--
INFO: Run Behavior\ShowPageTraceBehavior [ RunTime:0.000680s ]
INFO: [ app_end ] --END-- [ RunTime:0.000788s ]

[ 2016-06-06T23:14:43+08:00 ] ::1 /shop/index.php/Home/Shop/add
INFO: [ app_init ] --START--
INFO: Run Behavior\BuildLiteBehavior [ RunTime:0.000031s ]
INFO: [ app_init ] --END-- [ RunTime:0.000815s ]
INFO: [ app_begin ] --START--
INFO: Run Behavior\ReadHtmlCacheBehavior [ RunTime:0.000831s ]
INFO: [ app_begin ] --END-- [ RunTime:0.000958s ]
NOTIC: [8192] mysql_connect(): The mysql extension is deprecated and will be removed in the future: use mysqli or PDO instead D:\wamp\www\shop\ThinkPHP\Library\Think\Db\Driver\Mysql.class.php 第 52 行.
SQL: SHOW COLUMNS FROM `cz_category` [ RunTime:0.004283s ]
SQL: SELECT * FROM `cz_category`  [ RunTime:0.000356s ]
SQL: SHOW COLUMNS FROM `cz_shopcart` [ RunTime:0.003601s ]
SQL: SELECT * FROM `cz_shopcart` WHERE `user_id` = 1  [ RunTime:0.000346s ]
SQL: UPDATE `cz_shopcart` SET `goods_num`=goods_num+1 WHERE ( goods_id=8 ) [ RunTime:0.000294s ]
SQL: SELECT `goods_num`,`goods_price` FROM `cz_shopcart` WHERE ( goods_id=8 )  [ RunTime:0.000260s ]
SQL: UPDATE `cz_shopcart` SET `subtotal`=540 WHERE ( goods_id=8 ) [ RunTime:0.000248s ]
INFO: [ app_end ] --START--
INFO: Run Behavior\ShowPageTraceBehavior [ RunTime:0.000775s ]
INFO: [ app_end ] --END-- [ RunTime:0.000939s ]

[ 2016-06-06T23:14:44+08:00 ] ::1 /shop/index.php/Home/Shop/minus
INFO: [ app_init ] --START--
INFO: Run Behavior\BuildLiteBehavior [ RunTime:0.000030s ]
INFO: [ app_init ] --END-- [ RunTime:0.000615s ]
INFO: [ app_begin ] --START--
INFO: Run Behavior\ReadHtmlCacheBehavior [ RunTime:0.000659s ]
INFO: [ app_begin ] --END-- [ RunTime:0.000881s ]
NOTIC: [8192] mysql_connect(): The mysql extension is deprecated and will be removed in the future: use mysqli or PDO instead D:\wamp\www\shop\ThinkPHP\Library\Think\Db\Driver\Mysql.class.php 第 52 行.
SQL: SHOW COLUMNS FROM `cz_category` [ RunTime:0.004055s ]
SQL: SELECT * FROM `cz_category`  [ RunTime:0.000367s ]
SQL: SHOW COLUMNS FROM `cz_shopcart` [ RunTime:0.003655s ]
SQL: SELECT * FROM `cz_shopcart` WHERE `user_id` = 1  [ RunTime:0.000385s ]
SQL: UPDATE `cz_shopcart` SET `goods_num`=goods_num-1 WHERE ( goods_id=8 ) [ RunTime:0.064472s ]
SQL: SELECT `goods_num`,`goods_price` FROM `cz_shopcart` WHERE ( goods_id=8 )  [ RunTime:0.000309s ]
SQL: UPDATE `cz_shopcart` SET `subtotal`=360 WHERE ( goods_id=8 ) [ RunTime:0.000259s ]
INFO: [ app_end ] --START--
INFO: Run Behavior\ShowPageTraceBehavior [ RunTime:0.000692s ]
INFO: [ app_end ] --END-- [ RunTime:0.000798s ]

[ 2016-06-06T23:14:45+08:00 ] ::1 /shop/index.php/Home/Shop/minus
INFO: [ app_init ] --START--
INFO: Run Behavior\BuildLiteBehavior [ RunTime:0.000029s ]
INFO: [ app_init ] --END-- [ RunTime:0.000583s ]
INFO: [ app_begin ] --START--
INFO: Run Behavior\ReadHtmlCacheBehavior [ RunTime:0.000647s ]
INFO: [ app_begin ] --END-- [ RunTime:0.000870s ]
NOTIC: [8192] mysql_connect(): The mysql extension is deprecated and will be removed in the future: use mysqli or PDO instead D:\wamp\www\shop\ThinkPHP\Library\Think\Db\Driver\Mysql.class.php 第 52 行.
SQL: SHOW COLUMNS FROM `cz_category` [ RunTime:0.004014s ]
SQL: SELECT * FROM `cz_category`  [ RunTime:0.000402s ]
SQL: SHOW COLUMNS FROM `cz_shopcart` [ RunTime:0.003660s ]
SQL: SELECT * FROM `cz_shopcart` WHERE `user_id` = 1  [ RunTime:0.000315s ]
SQL: UPDATE `cz_shopcart` SET `goods_num`=goods_num-1 WHERE ( goods_id=8 ) [ RunTime:0.000271s ]
SQL: SELECT `goods_num`,`goods_price` FROM `cz_shopcart` WHERE ( goods_id=8 )  [ RunTime:0.000253s ]
SQL: UPDATE `cz_shopcart` SET `subtotal`=180 WHERE ( goods_id=8 ) [ RunTime:0.000249s ]
INFO: [ app_end ] --START--
INFO: Run Behavior\ShowPageTraceBehavior [ RunTime:0.000735s ]
INFO: [ app_end ] --END-- [ RunTime:0.000841s ]

[ 2016-06-06T23:14:46+08:00 ] ::1 /shop/index.php/Home/Shop/shopcar2
INFO: [ app_init ] --START--
INFO: Run Behavior\BuildLiteBehavior [ RunTime:0.000030s ]
INFO: [ app_init ] --END-- [ RunTime:0.000572s ]
INFO: [ app_begin ] --START--
INFO: Run Behavior\ReadHtmlCacheBehavior [ RunTime:0.000720s ]
INFO: [ app_begin ] --END-- [ RunTime:0.000896s ]
NOTIC: [8192] mysql_connect(): The mysql extension is deprecated and will be removed in the future: use mysqli or PDO instead D:\wamp\www\shop\ThinkPHP\Library\Think\Db\Driver\Mysql.class.php 第 52 行.
SQL: SHOW COLUMNS FROM `cz_category` [ RunTime:0.004230s ]
SQL: SELECT * FROM `cz_category`  [ RunTime:0.000426s ]
SQL: SHOW COLUMNS FROM `cz_shopcart` [ RunTime:0.004137s ]
SQL: SELECT * FROM `cz_shopcart` WHERE `user_id` = 1  [ RunTime:0.000590s ]
SQL: SHOW COLUMNS FROM `cz_address` [ RunTime:0.071515s ]
SQL: SELECT * FROM `cz_address` WHERE `user_name` = '刘定邦'  [ RunTime:0.000442s ]
SQL: SELECT cz_goods.goods_id,cz_goods.goods_name,cz_goods.goods_img,cz_goods.shop_price,cz_shopcart.goods_num,cz_shopcart.goods_price,cz_shopcart.subtotal FROM `cz_shopcart` INNER JOIN cz_goods ON cz_goods.goods_id = cz_shopcart.goods_id  WHERE ( user_id=1 )  [ RunTime:0.000693s ]
SQL: SHOW COLUMNS FROM `cz_shipping` [ RunTime:0.015826s ]
SQL: SELECT * FROM `cz_shipping`  [ RunTime:0.000487s ]
SQL: SHOW COLUMNS FROM `cz_payment` [ RunTime:0.005661s ]
SQL: SELECT * FROM `cz_payment`  [ RunTime:0.000388s ]
SQL: SELECT SUM(subtotal) AS tp_sum FROM `cz_shopcart` WHERE ( user_id=1 ) LIMIT 1   [ RunTime:0.000265s ]
INFO: [ view_parse ] --START--
INFO: [ template_filter ] --START--
INFO: Run Behavior\ContentReplaceBehavior [ RunTime:0.000236s ]
INFO: [ template_filter ] --END-- [ RunTime:0.000374s ]
INFO: Run Behavior\ParseTemplateBehavior [ RunTime:0.044757s ]
INFO: [ view_parse ] --END-- [ RunTime:0.044903s ]
INFO: [ view_filter ] --START--
INFO: Run Behavior\WriteHtmlCacheBehavior [ RunTime:0.000474s ]
INFO: [ view_filter ] --END-- [ RunTime:0.000634s ]
INFO: [ app_end ] --START--
INFO: Run Behavior\ShowPageTraceBehavior [ RunTime:0.000639s ]
INFO: [ app_end ] --END-- [ RunTime:0.000785s ]

[ 2016-06-06T23:15:12+08:00 ] ::1 /shop/index.php/Home/Shop/order
INFO: [ app_init ] --START--
INFO: Run Behavior\BuildLiteBehavior [ RunTime:0.000032s ]
INFO: [ app_init ] --END-- [ RunTime:0.000616s ]
INFO: [ app_begin ] --START--
INFO: Run Behavior\ReadHtmlCacheBehavior [ RunTime:0.000673s ]
INFO: [ app_begin ] --END-- [ RunTime:0.000799s ]
NOTIC: [8192] mysql_connect(): The mysql extension is deprecated and will be removed in the future: use mysqli or PDO instead D:\wamp\www\shop\ThinkPHP\Library\Think\Db\Driver\Mysql.class.php 第 52 行.
SQL: SHOW COLUMNS FROM `cz_category` [ RunTime:0.005370s ]
SQL: SELECT * FROM `cz_category`  [ RunTime:0.000375s ]
SQL: SHOW COLUMNS FROM `cz_shopcart` [ RunTime:0.004124s ]
SQL: SELECT * FROM `cz_shopcart` WHERE `user_id` = 1  [ RunTime:0.000388s ]
SQL: SELECT SUM(subtotal) AS tp_sum FROM `cz_shopcart` WHERE ( user_id=1 ) LIMIT 1   [ RunTime:0.000377s ]
SQL: SHOW COLUMNS FROM `cz_shipping` [ RunTime:0.003565s ]
SQL: SELECT `shipping_fee` FROM `cz_shipping` WHERE ( shipping_id=1 ) LIMIT 1   [ RunTime:0.000268s ]
SQL: SHOW COLUMNS FROM `cz_order` [ RunTime:0.037894s ]
SQL: INSERT INTO `cz_order` (`address_id`,`shipping_id`,`pay_id`,`postscripts`,`order_sn`,`user_id`,`goods_amount`,`order_amount`) VALUES ('1','1','1','w',1465226111,'1','180.00',190) [ RunTime:0.025382s ]
NOTIC: [8] Undefined index: mapping_name D:\wamp\www\shop\ThinkPHP\Library\Think\Model\RelationModel.class.php 第 259 行.
SQL: SELECT cz_goods.goods_id,cz_goods.goods_name,cz_goods.goods_img,cz_shopcart.goods_num,cz_shopcart.goods_price,cz_shopcart.subtotal FROM `cz_shopcart` INNER JOIN cz_goods ON cz_goods.goods_id = cz_shopcart.goods_id  WHERE ( user_id=1 )  [ RunTime:0.000472s ]
SQL: SHOW COLUMNS FROM `cz_order_goods` [ RunTime:0.050319s ]
SQL: INSERT INTO `cz_order_goods` (`goods_id`,`goods_name`,`goods_img`,`goods_num`,`goods_price`,`subtotal`) VALUES (8,'短裙','./Public/Uploads/2016-04-13/570d8d318a3e6.jpg',1,'180.00','180.00') [ RunTime:0.017420s ]

