[ 2016-06-05T09:16:09+08:00 ] ::1 /shop/
INFO: [ app_init ] --START--
INFO: Run Behavior\BuildLiteBehavior [ RunTime:0.000049s ]
INFO: [ app_init ] --END-- [ RunTime:0.015929s ]
INFO: [ app_begin ] --START--
INFO: Run Behavior\ReadHtmlCacheBehavior [ RunTime:0.005626s ]
INFO: [ app_begin ] --END-- [ RunTime:0.005915s ]
NOTIC: [8192] mysql_connect(): The mysql extension is deprecated and will be removed in the future: use mysqli or PDO instead D:\wamp\www\shop\ThinkPHP\Library\Think\Db\Driver\Mysql.class.php 第 52 行.
SQL: SHOW COLUMNS FROM `cz_category` [ RunTime:0.052555s ]
SQL: SELECT * FROM `cz_category`  [ RunTime:0.000747s ]
SQL: SHOW COLUMNS FROM `cz_goods` [ RunTime:0.032712s ]
SQL: SELECT * FROM `cz_goods` WHERE `is_best` = 1 AND `is_onsale` = 1 ORDER BY goods_id desc LIMIT 4   [ RunTime:0.035111s ]
SQL: SELECT * FROM `cz_goods` WHERE `is_hot` = 1 ORDER BY goods_id desc LIMIT 4   [ RunTime:0.001292s ]
SQL: SELECT * FROM `cz_goods` WHERE `is_new` = 1 ORDER BY goods_id desc LIMIT 4   [ RunTime:0.001045s ]
SQL: SELECT * FROM `cz_goods` WHERE `cat_id` > 15 ORDER BY goods_id desc LIMIT 6   [ RunTime:0.005261s ]
SQL: SHOW COLUMNS FROM `cz_category` [ RunTime:0.009846s ]
SQL: SELECT * FROM `cz_category` WHERE ( parent_id=16 ) LIMIT 6   [ RunTime:0.000989s ]
SQL: SELECT * FROM `cz_category` WHERE ( parent_id=15 ) LIMIT 6   [ RunTime:0.000694s ]
SQL: SHOW COLUMNS FROM `cz_goods` [ RunTime:0.009209s ]
SQL: SELECT * FROM `cz_goods` ORDER BY click_count desc LIMIT 5   [ RunTime:0.001215s ]
INFO: [ view_parse ] --START--
INFO: [ template_filter ] --START--
INFO: Run Behavior\ContentReplaceBehavior [ RunTime:0.000300s ]
INFO: [ template_filter ] --END-- [ RunTime:0.000446s ]
NOTIC: [8] Undefined variable: user D:\wamp\www\shop\Application\Runtime\Cache\Home\2a94b8bda04ff446dcedd42276fc99ee.php 第 23 行.
NOTIC: [8] Undefined variable: num D:\wamp\www\shop\Application\Runtime\Cache\Home\2a94b8bda04ff446dcedd42276fc99ee.php 第 48 行.
NOTIC: [8] Undefined index: goods_id D:\wamp\www\shop\Application\Runtime\Cache\Home\2a94b8bda04ff446dcedd42276fc99ee.php 第 359 行.
INFO: Run Behavior\ParseTemplateBehavior [ RunTime:0.149666s ]
INFO: [ view_parse ] --END-- [ RunTime:0.149923s ]
INFO: [ view_filter ] --START--
INFO: Run Behavior\WriteHtmlCacheBehavior [ RunTime:0.015489s ]
INFO: [ view_filter ] --END-- [ RunTime:0.015632s ]
INFO: [ app_end ] --START--
INFO: Run Behavior\ShowPageTraceBehavior [ RunTime:0.002169s ]
INFO: [ app_end ] --END-- [ RunTime:0.002332s ]

[ 2016-06-05T09:16:13+08:00 ] ::1 /shop/index.php/Home/login/index
INFO: [ app_init ] --START--
INFO: Run Behavior\BuildLiteBehavior [ RunTime:0.000028s ]
INFO: [ app_init ] --END-- [ RunTime:0.000640s ]
INFO: [ app_begin ] --START--
INFO: Run Behavior\ReadHtmlCacheBehavior [ RunTime:0.000759s ]
INFO: [ app_begin ] --END-- [ RunTime:0.000911s ]
NOTIC: [8192] mysql_connect(): The mysql extension is deprecated and will be removed in the future: use mysqli or PDO instead D:\wamp\www\shop\ThinkPHP\Library\Think\Db\Driver\Mysql.class.php 第 52 行.
SQL: SHOW COLUMNS FROM `cz_category` [ RunTime:0.003249s ]
SQL: SELECT * FROM `cz_category`  [ RunTime:0.000378s ]
INFO: [ view_parse ] --START--
INFO: [ template_filter ] --START--
INFO: Run Behavior\ContentReplaceBehavior [ RunTime:0.000119s ]
INFO: [ template_filter ] --END-- [ RunTime:0.000269s ]
INFO: Run Behavior\ParseTemplateBehavior [ RunTime:0.028575s ]
INFO: [ view_parse ] --END-- [ RunTime:0.028723s ]
INFO: [ view_filter ] --START--
INFO: Run Behavior\WriteHtmlCacheBehavior [ RunTime:0.000490s ]
INFO: [ view_filter ] --END-- [ RunTime:0.000619s ]
INFO: [ app_end ] --START--
INFO: Run Behavior\ShowPageTraceBehavior [ RunTime:0.000700s ]
INFO: [ app_end ] --END-- [ RunTime:0.000833s ]

[ 2016-06-05T09:16:13+08:00 ] ::1 /shop/index.php/Home/Login/code
INFO: [ app_init ] --START--
INFO: Run Behavior\BuildLiteBehavior [ RunTime:0.000032s ]
INFO: [ app_init ] --END-- [ RunTime:0.000740s ]
INFO: [ app_begin ] --START--
INFO: Run Behavior\ReadHtmlCacheBehavior [ RunTime:0.000607s ]
INFO: [ app_begin ] --END-- [ RunTime:0.000760s ]
NOTIC: [8192] mysql_connect(): The mysql extension is deprecated and will be removed in the future: use mysqli or PDO instead D:\wamp\www\shop\ThinkPHP\Library\Think\Db\Driver\Mysql.class.php 第 52 行.
SQL: SHOW COLUMNS FROM `cz_category` [ RunTime:0.016945s ]
SQL: SELECT * FROM `cz_category`  [ RunTime:0.000376s ]
INFO: [ app_end ] --START--
INFO: Run Behavior\ShowPageTraceBehavior [ RunTime:0.000763s ]
INFO: [ app_end ] --END-- [ RunTime:0.000971s ]

