[ 2017-01-11T10:36:32+08:00 ] ::1 /shop/
INFO: [ app_init ] --START--
INFO: Run Behavior\BuildLiteBehavior [ RunTime:0.000023s ]
INFO: [ app_init ] --END-- [ RunTime:0.001045s ]
INFO: [ app_begin ] --START--
INFO: Run Behavior\ReadHtmlCacheBehavior [ RunTime:0.000793s ]
INFO: [ app_begin ] --END-- [ RunTime:0.000869s ]
NOTIC: [8192] mysql_connect(): The mysql extension is deprecated and will be removed in the future: use mysqli or PDO instead D:\xampp\htdocs\shop\ThinkPHP\Library\Think\Db\Driver\Mysql.class.php 第 52 行.
SQL: SHOW COLUMNS FROM `cz_category` [ RunTime:0.112356s ]
SQL: SELECT * FROM `cz_category`  [ RunTime:0.000481s ]
SQL: SHOW COLUMNS FROM `cz_goods` [ RunTime:0.044133s ]
SQL: SELECT * FROM `cz_goods` WHERE `is_best` = 1 AND `is_onsale` = 1 ORDER BY goods_id desc LIMIT 4   [ RunTime:0.003367s ]
SQL: SELECT * FROM `cz_goods` WHERE `is_hot` = 1 ORDER BY goods_id desc LIMIT 4   [ RunTime:0.000454s ]
SQL: SELECT * FROM `cz_goods` WHERE `is_new` = 1 ORDER BY goods_id desc LIMIT 4   [ RunTime:0.000378s ]
SQL: SELECT * FROM `cz_goods` WHERE `cat_id` > 15 ORDER BY goods_id desc LIMIT 6   [ RunTime:0.000434s ]
SQL: SHOW COLUMNS FROM `cz_category` [ RunTime:0.005307s ]
SQL: SELECT * FROM `cz_category` WHERE ( parent_id=16 ) LIMIT 6   [ RunTime:0.000507s ]
SQL: SELECT * FROM `cz_category` WHERE ( parent_id=15 ) LIMIT 6   [ RunTime:0.000262s ]
SQL: SHOW COLUMNS FROM `cz_goods` [ RunTime:0.004832s ]
SQL: SELECT * FROM `cz_goods` ORDER BY click_count desc LIMIT 5   [ RunTime:0.000490s ]
INFO: [ view_parse ] --START--
INFO: [ template_filter ] --START--
INFO: Run Behavior\ContentReplaceBehavior [ RunTime:0.000377s ]
INFO: [ template_filter ] --END-- [ RunTime:0.000477s ]
NOTIC: [8] Undefined variable: user D:\xampp\htdocs\shop\Application\Runtime\Cache\Home\2a94b8bda04ff446dcedd42276fc99ee.php 第 23 行.
NOTIC: [8] Undefined variable: num D:\xampp\htdocs\shop\Application\Runtime\Cache\Home\2a94b8bda04ff446dcedd42276fc99ee.php 第 48 行.
NOTIC: [8] Undefined index: goods_id D:\xampp\htdocs\shop\Application\Runtime\Cache\Home\2a94b8bda04ff446dcedd42276fc99ee.php 第 359 行.
INFO: Run Behavior\ParseTemplateBehavior [ RunTime:0.051377s ]
INFO: [ view_parse ] --END-- [ RunTime:0.051478s ]
INFO: [ view_filter ] --START--
INFO: Run Behavior\WriteHtmlCacheBehavior [ RunTime:0.000777s ]
INFO: [ view_filter ] --END-- [ RunTime:0.000842s ]
INFO: [ app_end ] --START--
INFO: Run Behavior\ShowPageTraceBehavior [ RunTime:0.002032s ]
INFO: [ app_end ] --END-- [ RunTime:0.002162s ]

[ 2017-01-11T10:36:38+08:00 ] ::1 /shop/index.php/Home/Category/index/id/1
INFO: [ app_init ] --START--
INFO: Run Behavior\BuildLiteBehavior [ RunTime:0.000014s ]
INFO: [ app_init ] --END-- [ RunTime:0.000550s ]
INFO: [ app_begin ] --START--
INFO: Run Behavior\ReadHtmlCacheBehavior [ RunTime:0.000799s ]
INFO: [ app_begin ] --END-- [ RunTime:0.001003s ]
NOTIC: [8192] mysql_connect(): The mysql extension is deprecated and will be removed in the future: use mysqli or PDO instead D:\xampp\htdocs\shop\ThinkPHP\Library\Think\Db\Driver\Mysql.class.php 第 52 行.
SQL: SHOW COLUMNS FROM `cz_category` [ RunTime:0.003719s ]
SQL: SELECT * FROM `cz_category`  [ RunTime:0.000342s ]
SQL: SELECT * FROM `cz_category` WHERE ( cat_id=1 ) LIMIT 1   [ RunTime:0.000406s ]
SQL: SHOW COLUMNS FROM `cz_goods` [ RunTime:0.005207s ]
SQL: SELECT * FROM `cz_goods` WHERE ( cat_id=1 )  [ RunTime:0.000502s ]
SQL: SELECT * FROM `cz_goods` WHERE ( is_hot=1 ) LIMIT 5   [ RunTime:0.000503s ]
INFO: [ view_parse ] --START--
INFO: [ template_filter ] --START--
INFO: Run Behavior\ContentReplaceBehavior [ RunTime:0.000270s ]
INFO: [ template_filter ] --END-- [ RunTime:0.000406s ]
NOTIC: [8] Undefined variable: user D:\xampp\htdocs\shop\Application\Runtime\Cache\Home\fd93d816414af0ade2156438a8d6b092.php 第 22 行.
NOTIC: [8] Undefined variable: num D:\xampp\htdocs\shop\Application\Runtime\Cache\Home\fd93d816414af0ade2156438a8d6b092.php 第 47 行.
INFO: Run Behavior\ParseTemplateBehavior [ RunTime:0.026129s ]
INFO: [ view_parse ] --END-- [ RunTime:0.026212s ]
INFO: [ view_filter ] --START--
INFO: Run Behavior\WriteHtmlCacheBehavior [ RunTime:0.000700s ]
INFO: [ view_filter ] --END-- [ RunTime:0.000767s ]
INFO: [ app_end ] --START--
INFO: Run Behavior\ShowPageTraceBehavior [ RunTime:0.001063s ]
INFO: [ app_end ] --END-- [ RunTime:0.001150s ]

[ 2017-01-11T10:36:50+08:00 ] ::1 /shop/index.php/Home/Goods/index/id/7
INFO: [ app_init ] --START--
INFO: Run Behavior\BuildLiteBehavior [ RunTime:0.000016s ]
INFO: [ app_init ] --END-- [ RunTime:0.000574s ]
INFO: [ app_begin ] --START--
INFO: Run Behavior\ReadHtmlCacheBehavior [ RunTime:0.005395s ]
INFO: [ app_begin ] --END-- [ RunTime:0.005506s ]
NOTIC: [8192] mysql_connect(): The mysql extension is deprecated and will be removed in the future: use mysqli or PDO instead D:\xampp\htdocs\shop\ThinkPHP\Library\Think\Db\Driver\Mysql.class.php 第 52 行.
SQL: SHOW COLUMNS FROM `cz_category` [ RunTime:0.003194s ]
SQL: SELECT * FROM `cz_category`  [ RunTime:0.000318s ]
SQL: SHOW COLUMNS FROM `cz_goods` [ RunTime:0.003149s ]
SQL: SELECT * FROM `cz_goods` WHERE `goods_id` = 7 LIMIT 1   [ RunTime:0.000758s ]
SQL: SHOW COLUMNS FROM `cz_goods_attr` [ RunTime:0.064654s ]
SQL: SELECT * FROM `cz_goods_attr` WHERE `goods_id` = 7  [ RunTime:0.000368s ]
INFO: [ view_parse ] --START--
INFO: [ template_filter ] --START--
INFO: Run Behavior\ContentReplaceBehavior [ RunTime:0.000228s ]
INFO: [ template_filter ] --END-- [ RunTime:0.000284s ]
NOTIC: [8] Undefined variable: user D:\xampp\htdocs\shop\Application\Runtime\Cache\Home\63839bc489ada1b251c78e0251f28b7d.php 第 23 行.
NOTIC: [8] Undefined variable: num D:\xampp\htdocs\shop\Application\Runtime\Cache\Home\63839bc489ada1b251c78e0251f28b7d.php 第 48 行.
INFO: Run Behavior\ParseTemplateBehavior [ RunTime:0.017783s ]
INFO: [ view_parse ] --END-- [ RunTime:0.017834s ]
INFO: [ view_filter ] --START--
INFO: Run Behavior\WriteHtmlCacheBehavior [ RunTime:0.000425s ]
INFO: [ view_filter ] --END-- [ RunTime:0.000479s ]
INFO: [ app_end ] --START--
INFO: Run Behavior\ShowPageTraceBehavior [ RunTime:0.001081s ]
INFO: [ app_end ] --END-- [ RunTime:0.001163s ]

