[ 2016-02-12T09:41:52+08:00 ] ::1 /thinkphp/
INFO: [ app_init ] --START--
INFO: Run Behavior\BuildLiteBehavior [ RunTime:0.000101s ]
INFO: [ app_init ] --END-- [ RunTime:0.000691s ]
INFO: [ app_begin ] --START--
INFO: Run Behavior\ReadHtmlCacheBehavior [ RunTime:0.001733s ]
INFO: [ app_begin ] --END-- [ RunTime:0.002050s ]
NOTIC: [8] A session had already been started - ignoring session_start() D:\wamp\www\thinkphp\ThinkPHP\Common\functions.php 第 1263 行.
INFO: [ view_parse ] --START--
INFO: [ template_filter ] --START--
INFO: Run Behavior\ContentReplaceBehavior [ RunTime:0.000240s ]
INFO: [ template_filter ] --END-- [ RunTime:0.000729s ]
INFO: Run Behavior\ParseTemplateBehavior [ RunTime:0.030204s ]
INFO: [ view_parse ] --END-- [ RunTime:0.030620s ]
INFO: [ view_filter ] --START--
INFO: Run Behavior\WriteHtmlCacheBehavior [ RunTime:0.001161s ]
INFO: [ view_filter ] --END-- [ RunTime:0.001434s ]
INFO: [ app_end ] --START--
INFO: Run Behavior\ShowPageTraceBehavior [ RunTime:0.001505s ]
INFO: [ app_end ] --END-- [ RunTime:0.001777s ]

[ 2016-02-12T09:43:16+08:00 ] ::1 /thinkphp/
INFO: [ app_init ] --START--
INFO: Run Behavior\BuildLiteBehavior [ RunTime:0.000060s ]
INFO: [ app_init ] --END-- [ RunTime:0.001221s ]
INFO: [ app_begin ] --START--
INFO: Run Behavior\ReadHtmlCacheBehavior [ RunTime:0.001493s ]
INFO: [ app_begin ] --END-- [ RunTime:0.001790s ]
NOTIC: [8] A session had already been started - ignoring session_start() D:\wamp\www\thinkphp\ThinkPHP\Common\functions.php 第 1263 行.

[ 2016-02-12T09:43:33+08:00 ] ::1 /thinkphp/
INFO: [ app_init ] --START--
INFO: Run Behavior\BuildLiteBehavior [ RunTime:0.000060s ]
INFO: [ app_init ] --END-- [ RunTime:0.001216s ]
INFO: [ app_begin ] --START--
INFO: Run Behavior\ReadHtmlCacheBehavior [ RunTime:0.001504s ]
INFO: [ app_begin ] --END-- [ RunTime:0.001801s ]
NOTIC: [8] A session had already been started - ignoring session_start() D:\wamp\www\thinkphp\ThinkPHP\Common\functions.php 第 1263 行.

[ 2016-02-12T09:43:34+08:00 ] ::1 /thinkphp/
INFO: [ app_init ] --START--
INFO: Run Behavior\BuildLiteBehavior [ RunTime:0.000061s ]
INFO: [ app_init ] --END-- [ RunTime:0.001203s ]
INFO: [ app_begin ] --START--
INFO: Run Behavior\ReadHtmlCacheBehavior [ RunTime:0.001481s ]
INFO: [ app_begin ] --END-- [ RunTime:0.001777s ]
NOTIC: [8] A session had already been started - ignoring session_start() D:\wamp\www\thinkphp\ThinkPHP\Common\functions.php 第 1263 行.

[ 2016-02-12T09:45:01+08:00 ] ::1 /thinkphp/
INFO: [ app_init ] --START--
INFO: Run Behavior\BuildLiteBehavior [ RunTime:0.000060s ]
INFO: [ app_init ] --END-- [ RunTime:0.001272s ]
INFO: [ app_begin ] --START--
INFO: Run Behavior\ReadHtmlCacheBehavior [ RunTime:0.002538s ]
INFO: [ app_begin ] --END-- [ RunTime:0.002999s ]
NOTIC: [8] A session had already been started - ignoring session_start() D:\wamp\www\thinkphp\ThinkPHP\Common\functions.php 第 1263 行.

[ 2016-02-12T09:45:47+08:00 ] ::1 /thinkphp/
INFO: [ app_init ] --START--
INFO: Run Behavior\BuildLiteBehavior [ RunTime:0.000087s ]
INFO: [ app_init ] --END-- [ RunTime:0.001648s ]
INFO: [ app_begin ] --START--
INFO: Run Behavior\ReadHtmlCacheBehavior [ RunTime:0.001652s ]
INFO: [ app_begin ] --END-- [ RunTime:0.001990s ]
NOTIC: [8] A session had already been started - ignoring session_start() D:\wamp\www\thinkphp\ThinkPHP\Common\functions.php 第 1263 行.

[ 2016-02-12T09:45:48+08:00 ] ::1 /thinkphp/
INFO: [ app_init ] --START--
INFO: Run Behavior\BuildLiteBehavior [ RunTime:0.000060s ]
INFO: [ app_init ] --END-- [ RunTime:0.001115s ]
INFO: [ app_begin ] --START--
INFO: Run Behavior\ReadHtmlCacheBehavior [ RunTime:0.001549s ]
INFO: [ app_begin ] --END-- [ RunTime:0.001876s ]
NOTIC: [8] A session had already been started - ignoring session_start() D:\wamp\www\thinkphp\ThinkPHP\Common\functions.php 第 1263 行.

[ 2016-02-12T09:45:49+08:00 ] ::1 /thinkphp/
INFO: [ app_init ] --START--
INFO: Run Behavior\BuildLiteBehavior [ RunTime:0.000058s ]
INFO: [ app_init ] --END-- [ RunTime:0.001215s ]
INFO: [ app_begin ] --START--
INFO: Run Behavior\ReadHtmlCacheBehavior [ RunTime:0.001540s ]
INFO: [ app_begin ] --END-- [ RunTime:0.001857s ]
NOTIC: [8] A session had already been started - ignoring session_start() D:\wamp\www\thinkphp\ThinkPHP\Common\functions.php 第 1263 行.

[ 2016-02-12T09:45:49+08:00 ] ::1 /thinkphp/
INFO: [ app_init ] --START--
INFO: Run Behavior\BuildLiteBehavior [ RunTime:0.000059s ]
INFO: [ app_init ] --END-- [ RunTime:0.001956s ]
INFO: [ app_begin ] --START--
INFO: Run Behavior\ReadHtmlCacheBehavior [ RunTime:0.001579s ]
INFO: [ app_begin ] --END-- [ RunTime:0.001902s ]
NOTIC: [8] A session had already been started - ignoring session_start() D:\wamp\www\thinkphp\ThinkPHP\Common\functions.php 第 1263 行.

[ 2016-02-12T09:45:49+08:00 ] ::1 /thinkphp/
INFO: [ app_init ] --START--
INFO: Run Behavior\BuildLiteBehavior [ RunTime:0.000063s ]
INFO: [ app_init ] --END-- [ RunTime:0.001447s ]
INFO: [ app_begin ] --START--
INFO: Run Behavior\ReadHtmlCacheBehavior [ RunTime:0.002100s ]
INFO: [ app_begin ] --END-- [ RunTime:0.002514s ]
NOTIC: [8] A session had already been started - ignoring session_start() D:\wamp\www\thinkphp\ThinkPHP\Common\functions.php 第 1263 行.

[ 2016-02-12T09:45:53+08:00 ] ::1 /thinkphp/
INFO: [ app_init ] --START--
INFO: Run Behavior\BuildLiteBehavior [ RunTime:0.000066s ]
INFO: [ app_init ] --END-- [ RunTime:0.001276s ]
INFO: [ app_begin ] --START--
INFO: Run Behavior\ReadHtmlCacheBehavior [ RunTime:0.002521s ]
INFO: [ app_begin ] --END-- [ RunTime:0.002905s ]
NOTIC: [8] A session had already been started - ignoring session_start() D:\wamp\www\thinkphp\ThinkPHP\Common\functions.php 第 1263 行.

[ 2016-02-12T09:48:58+08:00 ] ::1 /thinkphp/
INFO: [ app_init ] --START--
INFO: Run Behavior\BuildLiteBehavior [ RunTime:0.000063s ]
INFO: [ app_init ] --END-- [ RunTime:0.001332s ]
INFO: [ app_begin ] --START--
INFO: Run Behavior\ReadHtmlCacheBehavior [ RunTime:0.001585s ]
INFO: [ app_begin ] --END-- [ RunTime:0.001897s ]
NOTIC: [8] A session had already been started - ignoring session_start() D:\wamp\www\thinkphp\ThinkPHP\Common\functions.php 第 1263 行.

