[ 2016-03-21T19:25:08+08:00 ] ::1 /shop/index.php/admin/shop
ERR: 无法加载控制器:Shop

[ 2016-03-21T19:26:25+08:00 ] ::1 /shop/index.php/Admin/Brand/index.php?act=main
ERR: 非法操作:index.php

[ 2016-03-21T19:38:08+08:00 ] ::1 /shop/index.php/Admin/Index/order.php?act=list
ERR: 非法操作:order.php

[ 2016-03-21T19:46:37+08:00 ] ::1 /shop/index.php/Admin/Index/order.php?act=list
ERR: 非法操作:order.php

[ 2016-03-21T19:51:11+08:00 ] ::1 /shop/index.php/Admin/Index/order.php?act=list
ERR: 非法操作:order.php

[ 2016-03-21T19:51:13+08:00 ] ::1 /shop/index.php/Admin/Index/order.php?act=add
ERR: 非法操作:order.php

[ 2016-03-21T19:51:14+08:00 ] ::1 /shop/index.php/Admin/Index/order.php?act=delivery_list
ERR: 非法操作:order.php

[ 2016-03-21T19:51:14+08:00 ] ::1 /shop/index.php/Admin/Index/order.php?act=back_list
ERR: 非法操作:order.php

[ 2016-03-21T19:51:15+08:00 ] ::1 /shop/index.php/Admin/Index/order.php?act=add
ERR: 非法操作:order.php

[ 2016-03-21T19:51:15+08:00 ] ::1 /shop/index.php/Admin/Index/order.php?act=list
ERR: 非法操作:order.php

