[ 2016-02-07T14:11:19+08:00 ] ::1 /index.php/Admin/Index/
INFO: [ app_init ] --START--
INFO: Run Behavior\BuildLiteBehavior [ RunTime:0.000119s ]
INFO: [ app_init ] --END-- [ RunTime:0.001756s ]
INFO: [ app_begin ] --START--
INFO: Run Behavior\ReadHtmlCacheBehavior [ RunTime:0.001973s ]
INFO: [ app_begin ] --END-- [ RunTime:0.002396s ]
NOTIC: [8] Undefined index: admin D:\wamp\www\Application\Admin\Controller\BaseController.class.php 第 13 行.
NOTIC: [8] Use of undefined constant Login - assumed 'Login' D:\wamp\www\Application\Admin\Controller\BaseController.class.php 第 15 行.
NOTIC: [8] Use of undefined constant login - assumed 'login' D:\wamp\www\Application\Admin\Controller\BaseController.class.php 第 15 行.
NOTIC: [2] Division by zero D:\wamp\www\Application\Admin\Controller\BaseController.class.php 第 15 行.
INFO: [ view_parse ] --START--
INFO: [ template_filter ] --START--
INFO: Run Behavior\ContentReplaceBehavior [ RunTime:0.000148s ]
INFO: [ template_filter ] --END-- [ RunTime:0.000439s ]
INFO: Run Behavior\ParseTemplateBehavior [ RunTime:0.082922s ]
INFO: [ view_parse ] --END-- [ RunTime:0.083415s ]
INFO: [ view_filter ] --START--
INFO: Run Behavior\WriteHtmlCacheBehavior [ RunTime:0.001183s ]
INFO: [ view_filter ] --END-- [ RunTime:0.001447s ]

[ 2016-02-07T14:11:22+08:00 ] ::1 /index.php/Admin/Index/index.html
INFO: [ app_init ] --START--
INFO: Run Behavior\BuildLiteBehavior [ RunTime:0.000077s ]
INFO: [ app_init ] --END-- [ RunTime:0.001443s ]
INFO: [ app_begin ] --START--
INFO: Run Behavior\ReadHtmlCacheBehavior [ RunTime:0.001665s ]
INFO: [ app_begin ] --END-- [ RunTime:0.001957s ]
NOTIC: [8] Undefined index: admin D:\wamp\www\Application\Admin\Controller\BaseController.class.php 第 13 行.
NOTIC: [8] Use of undefined constant Login - assumed 'Login' D:\wamp\www\Application\Admin\Controller\BaseController.class.php 第 15 行.
NOTIC: [8] Use of undefined constant login - assumed 'login' D:\wamp\www\Application\Admin\Controller\BaseController.class.php 第 15 行.
NOTIC: [2] Division by zero D:\wamp\www\Application\Admin\Controller\BaseController.class.php 第 15 行.
INFO: [ view_parse ] --START--
INFO: [ template_filter ] --START--
INFO: Run Behavior\ContentReplaceBehavior [ RunTime:0.000135s ]
INFO: [ template_filter ] --END-- [ RunTime:0.000415s ]
INFO: Run Behavior\ParseTemplateBehavior [ RunTime:0.018313s ]
INFO: [ view_parse ] --END-- [ RunTime:0.018686s ]
INFO: [ view_filter ] --START--
INFO: Run Behavior\WriteHtmlCacheBehavior [ RunTime:0.002108s ]
INFO: [ view_filter ] --END-- [ RunTime:0.003151s ]

[ 2016-02-07T14:11:25+08:00 ] ::1 /index.php/Admin/login
INFO: [ app_init ] --START--
INFO: Run Behavior\BuildLiteBehavior [ RunTime:0.000064s ]
INFO: [ app_init ] --END-- [ RunTime:0.001328s ]
INFO: [ app_begin ] --START--
INFO: Run Behavior\ReadHtmlCacheBehavior [ RunTime:0.002746s ]
INFO: [ app_begin ] --END-- [ RunTime:0.003131s ]

[ 2016-02-07T14:11:35+08:00 ] ::1 /index.php/Admin/Index/login
INFO: [ app_init ] --START--
INFO: Run Behavior\BuildLiteBehavior [ RunTime:0.001939s ]
INFO: [ app_init ] --END-- [ RunTime:0.004739s ]
INFO: [ app_begin ] --START--
INFO: Run Behavior\ReadHtmlCacheBehavior [ RunTime:0.003940s ]
INFO: [ app_begin ] --END-- [ RunTime:0.004386s ]
NOTIC: [8] Undefined index: admin D:\wamp\www\Application\Admin\Controller\BaseController.class.php 第 13 行.
NOTIC: [8] Use of undefined constant Login - assumed 'Login' D:\wamp\www\Application\Admin\Controller\BaseController.class.php 第 15 行.
NOTIC: [8] Use of undefined constant login - assumed 'login' D:\wamp\www\Application\Admin\Controller\BaseController.class.php 第 15 行.
NOTIC: [2] Division by zero D:\wamp\www\Application\Admin\Controller\BaseController.class.php 第 15 行.
INFO: [ view_parse ] --START--
INFO: [ template_filter ] --START--
INFO: Run Behavior\ContentReplaceBehavior [ RunTime:0.000239s ]
INFO: [ template_filter ] --END-- [ RunTime:0.000623s ]
INFO: Run Behavior\ParseTemplateBehavior [ RunTime:0.022939s ]
INFO: [ view_parse ] --END-- [ RunTime:0.023502s ]
INFO: [ view_filter ] --START--
INFO: Run Behavior\WriteHtmlCacheBehavior [ RunTime:0.001808s ]
INFO: [ view_filter ] --END-- [ RunTime:0.002384s ]

[ 2016-02-07T14:11:38+08:00 ] ::1 /index.php/Admin/Index/login.html
INFO: [ app_init ] --START--
INFO: Run Behavior\BuildLiteBehavior [ RunTime:0.000062s ]
INFO: [ app_init ] --END-- [ RunTime:0.001298s ]
INFO: [ app_begin ] --START--
INFO: Run Behavior\ReadHtmlCacheBehavior [ RunTime:0.001969s ]
INFO: [ app_begin ] --END-- [ RunTime:0.002350s ]
NOTIC: [8] Undefined index: admin D:\wamp\www\Application\Admin\Controller\BaseController.class.php 第 13 行.
NOTIC: [8] Use of undefined constant Login - assumed 'Login' D:\wamp\www\Application\Admin\Controller\BaseController.class.php 第 15 行.
NOTIC: [8] Use of undefined constant login - assumed 'login' D:\wamp\www\Application\Admin\Controller\BaseController.class.php 第 15 行.
NOTIC: [2] Division by zero D:\wamp\www\Application\Admin\Controller\BaseController.class.php 第 15 行.
INFO: [ view_parse ] --START--
INFO: [ template_filter ] --START--
INFO: Run Behavior\ContentReplaceBehavior [ RunTime:0.000141s ]
INFO: [ template_filter ] --END-- [ RunTime:0.000431s ]
INFO: Run Behavior\ParseTemplateBehavior [ RunTime:0.019648s ]
INFO: [ view_parse ] --END-- [ RunTime:0.020078s ]
INFO: [ view_filter ] --START--
INFO: Run Behavior\WriteHtmlCacheBehavior [ RunTime:0.002411s ]
INFO: [ view_filter ] --END-- [ RunTime:0.003234s ]

[ 2016-02-07T14:11:41+08:00 ] ::1 /index.php/Admin/Index/login.html
INFO: [ app_init ] --START--
INFO: Run Behavior\BuildLiteBehavior [ RunTime:0.000060s ]
INFO: [ app_init ] --END-- [ RunTime:0.001213s ]
INFO: [ app_begin ] --START--
INFO: Run Behavior\ReadHtmlCacheBehavior [ RunTime:0.001591s ]
INFO: [ app_begin ] --END-- [ RunTime:0.001900s ]
NOTIC: [8] Undefined index: admin D:\wamp\www\Application\Admin\Controller\BaseController.class.php 第 13 行.
NOTIC: [8] Use of undefined constant Login - assumed 'Login' D:\wamp\www\Application\Admin\Controller\BaseController.class.php 第 15 行.
NOTIC: [8] Use of undefined constant login - assumed 'login' D:\wamp\www\Application\Admin\Controller\BaseController.class.php 第 15 行.
NOTIC: [2] Division by zero D:\wamp\www\Application\Admin\Controller\BaseController.class.php 第 15 行.
INFO: [ view_parse ] --START--
INFO: [ template_filter ] --START--
INFO: Run Behavior\ContentReplaceBehavior [ RunTime:0.000223s ]
INFO: [ template_filter ] --END-- [ RunTime:0.000599s ]
INFO: Run Behavior\ParseTemplateBehavior [ RunTime:0.020479s ]
INFO: [ view_parse ] --END-- [ RunTime:0.021056s ]
INFO: [ view_filter ] --START--
INFO: Run Behavior\WriteHtmlCacheBehavior [ RunTime:0.001459s ]
INFO: [ view_filter ] --END-- [ RunTime:0.001724s ]

[ 2016-02-07T14:11:44+08:00 ] ::1 /index.php/Admin/Index/login.html
INFO: [ app_init ] --START--
INFO: Run Behavior\BuildLiteBehavior [ RunTime:0.000061s ]
INFO: [ app_init ] --END-- [ RunTime:0.001195s ]
INFO: [ app_begin ] --START--
INFO: Run Behavior\ReadHtmlCacheBehavior [ RunTime:0.001880s ]
INFO: [ app_begin ] --END-- [ RunTime:0.002235s ]
NOTIC: [8] Undefined index: admin D:\wamp\www\Application\Admin\Controller\BaseController.class.php 第 13 行.
NOTIC: [8] Use of undefined constant Login - assumed 'Login' D:\wamp\www\Application\Admin\Controller\BaseController.class.php 第 15 行.
NOTIC: [8] Use of undefined constant login - assumed 'login' D:\wamp\www\Application\Admin\Controller\BaseController.class.php 第 15 行.
NOTIC: [2] Division by zero D:\wamp\www\Application\Admin\Controller\BaseController.class.php 第 15 行.
INFO: [ view_parse ] --START--
INFO: [ template_filter ] --START--
INFO: Run Behavior\ContentReplaceBehavior [ RunTime:0.000141s ]
INFO: [ template_filter ] --END-- [ RunTime:0.000423s ]
INFO: Run Behavior\ParseTemplateBehavior [ RunTime:0.017966s ]
INFO: [ view_parse ] --END-- [ RunTime:0.018288s ]
INFO: [ view_filter ] --START--
INFO: Run Behavior\WriteHtmlCacheBehavior [ RunTime:0.001463s ]
INFO: [ view_filter ] --END-- [ RunTime:0.001728s ]

[ 2016-02-07T14:11:47+08:00 ] ::1 /index.php/Admin/Index/login.html
INFO: [ app_init ] --START--
INFO: Run Behavior\BuildLiteBehavior [ RunTime:0.000060s ]
INFO: [ app_init ] --END-- [ RunTime:0.001200s ]
INFO: [ app_begin ] --START--
INFO: Run Behavior\ReadHtmlCacheBehavior [ RunTime:0.001983s ]
INFO: [ app_begin ] --END-- [ RunTime:0.002279s ]
NOTIC: [8] Undefined index: admin D:\wamp\www\Application\Admin\Controller\BaseController.class.php 第 13 行.
NOTIC: [8] Use of undefined constant Login - assumed 'Login' D:\wamp\www\Application\Admin\Controller\BaseController.class.php 第 15 行.
NOTIC: [8] Use of undefined constant login - assumed 'login' D:\wamp\www\Application\Admin\Controller\BaseController.class.php 第 15 行.
NOTIC: [2] Division by zero D:\wamp\www\Application\Admin\Controller\BaseController.class.php 第 15 行.
INFO: [ view_parse ] --START--
INFO: [ template_filter ] --START--
INFO: Run Behavior\ContentReplaceBehavior [ RunTime:0.000233s ]
INFO: [ template_filter ] --END-- [ RunTime:0.000623s ]
INFO: Run Behavior\ParseTemplateBehavior [ RunTime:0.017799s ]
INFO: [ view_parse ] --END-- [ RunTime:0.018103s ]
INFO: [ view_filter ] --START--
INFO: Run Behavior\WriteHtmlCacheBehavior [ RunTime:0.001249s ]
INFO: [ view_filter ] --END-- [ RunTime:0.001512s ]

[ 2016-02-07T14:11:50+08:00 ] ::1 /index.php/Admin/Index/login.html
INFO: [ app_init ] --START--
INFO: Run Behavior\BuildLiteBehavior [ RunTime:0.000062s ]
INFO: [ app_init ] --END-- [ RunTime:0.001098s ]
INFO: [ app_begin ] --START--
INFO: Run Behavior\ReadHtmlCacheBehavior [ RunTime:0.001623s ]
INFO: [ app_begin ] --END-- [ RunTime:0.001908s ]
NOTIC: [8] Undefined index: admin D:\wamp\www\Application\Admin\Controller\BaseController.class.php 第 13 行.
NOTIC: [8] Use of undefined constant Login - assumed 'Login' D:\wamp\www\Application\Admin\Controller\BaseController.class.php 第 15 行.
NOTIC: [8] Use of undefined constant login - assumed 'login' D:\wamp\www\Application\Admin\Controller\BaseController.class.php 第 15 行.
NOTIC: [2] Division by zero D:\wamp\www\Application\Admin\Controller\BaseController.class.php 第 15 行.
INFO: [ view_parse ] --START--
INFO: [ template_filter ] --START--
INFO: Run Behavior\ContentReplaceBehavior [ RunTime:0.000284s ]
INFO: [ template_filter ] --END-- [ RunTime:0.000720s ]
INFO: Run Behavior\ParseTemplateBehavior [ RunTime:0.017527s ]
INFO: [ view_parse ] --END-- [ RunTime:0.017907s ]
INFO: [ view_filter ] --START--
INFO: Run Behavior\WriteHtmlCacheBehavior [ RunTime:0.001360s ]
INFO: [ view_filter ] --END-- [ RunTime:0.001624s ]

[ 2016-02-07T14:11:53+08:00 ] ::1 /index.php/Admin/Index/login.html
INFO: [ app_init ] --START--
INFO: Run Behavior\BuildLiteBehavior [ RunTime:0.000070s ]
INFO: [ app_init ] --END-- [ RunTime:0.001332s ]
INFO: [ app_begin ] --START--
INFO: Run Behavior\ReadHtmlCacheBehavior [ RunTime:0.002454s ]
INFO: [ app_begin ] --END-- [ RunTime:0.003190s ]
NOTIC: [8] Undefined index: admin D:\wamp\www\Application\Admin\Controller\BaseController.class.php 第 13 行.
NOTIC: [8] Use of undefined constant Login - assumed 'Login' D:\wamp\www\Application\Admin\Controller\BaseController.class.php 第 15 行.
NOTIC: [8] Use of undefined constant login - assumed 'login' D:\wamp\www\Application\Admin\Controller\BaseController.class.php 第 15 行.
NOTIC: [2] Division by zero D:\wamp\www\Application\Admin\Controller\BaseController.class.php 第 15 行.
INFO: [ view_parse ] --START--
INFO: [ template_filter ] --START--
INFO: Run Behavior\ContentReplaceBehavior [ RunTime:0.000147s ]
INFO: [ template_filter ] --END-- [ RunTime:0.000449s ]
INFO: Run Behavior\ParseTemplateBehavior [ RunTime:0.024867s ]
INFO: [ view_parse ] --END-- [ RunTime:0.025320s ]
INFO: [ view_filter ] --START--
INFO: Run Behavior\WriteHtmlCacheBehavior [ RunTime:0.002041s ]
INFO: [ view_filter ] --END-- [ RunTime:0.002315s ]

[ 2016-02-07T14:11:56+08:00 ] ::1 /index.php/Admin/Index/login.html
INFO: [ app_init ] --START--
INFO: Run Behavior\BuildLiteBehavior [ RunTime:0.000060s ]
INFO: [ app_init ] --END-- [ RunTime:0.001199s ]
INFO: [ app_begin ] --START--
INFO: Run Behavior\ReadHtmlCacheBehavior [ RunTime:0.002351s ]
INFO: [ app_begin ] --END-- [ RunTime:0.002884s ]
NOTIC: [8] Undefined index: admin D:\wamp\www\Application\Admin\Controller\BaseController.class.php 第 13 行.
NOTIC: [8] Use of undefined constant Login - assumed 'Login' D:\wamp\www\Application\Admin\Controller\BaseController.class.php 第 15 行.
NOTIC: [8] Use of undefined constant login - assumed 'login' D:\wamp\www\Application\Admin\Controller\BaseController.class.php 第 15 行.
NOTIC: [2] Division by zero D:\wamp\www\Application\Admin\Controller\BaseController.class.php 第 15 行.
INFO: [ view_parse ] --START--
INFO: [ template_filter ] --START--
INFO: Run Behavior\ContentReplaceBehavior [ RunTime:0.000142s ]
INFO: [ template_filter ] --END-- [ RunTime:0.000423s ]
INFO: Run Behavior\ParseTemplateBehavior [ RunTime:0.016452s ]
INFO: [ view_parse ] --END-- [ RunTime:0.016778s ]
INFO: [ view_filter ] --START--
INFO: Run Behavior\WriteHtmlCacheBehavior [ RunTime:0.001292s ]
INFO: [ view_filter ] --END-- [ RunTime:0.001562s ]

[ 2016-02-07T14:12:00+08:00 ] ::1 /index.php/Admin/Index/login.html
INFO: [ app_init ] --START--
INFO: Run Behavior\BuildLiteBehavior [ RunTime:0.000091s ]
INFO: [ app_init ] --END-- [ RunTime:0.001772s ]
INFO: [ app_begin ] --START--
INFO: Run Behavior\ReadHtmlCacheBehavior [ RunTime:0.001669s ]
INFO: [ app_begin ] --END-- [ RunTime:0.001955s ]
NOTIC: [8] Undefined index: admin D:\wamp\www\Application\Admin\Controller\BaseController.class.php 第 13 行.
NOTIC: [8] Use of undefined constant Login - assumed 'Login' D:\wamp\www\Application\Admin\Controller\BaseController.class.php 第 15 行.
NOTIC: [8] Use of undefined constant login - assumed 'login' D:\wamp\www\Application\Admin\Controller\BaseController.class.php 第 15 行.
NOTIC: [2] Division by zero D:\wamp\www\Application\Admin\Controller\BaseController.class.php 第 15 行.
INFO: [ view_parse ] --START--
INFO: [ template_filter ] --START--
INFO: Run Behavior\ContentReplaceBehavior [ RunTime:0.000155s ]
INFO: [ template_filter ] --END-- [ RunTime:0.000728s ]
INFO: Run Behavior\ParseTemplateBehavior [ RunTime:0.017344s ]
INFO: [ view_parse ] --END-- [ RunTime:0.017650s ]
INFO: [ view_filter ] --START--
INFO: Run Behavior\WriteHtmlCacheBehavior [ RunTime:0.001264s ]
INFO: [ view_filter ] --END-- [ RunTime:0.001581s ]

[ 2016-02-07T14:12:03+08:00 ] ::1 /index.php/Admin/Index/login.html
INFO: [ app_init ] --START--
INFO: Run Behavior\BuildLiteBehavior [ RunTime:0.000060s ]
INFO: [ app_init ] --END-- [ RunTime:0.001110s ]
INFO: [ app_begin ] --START--
INFO: Run Behavior\ReadHtmlCacheBehavior [ RunTime:0.001586s ]
INFO: [ app_begin ] --END-- [ RunTime:0.001889s ]
NOTIC: [8] Undefined index: admin D:\wamp\www\Application\Admin\Controller\BaseController.class.php 第 13 行.
NOTIC: [8] Use of undefined constant Login - assumed 'Login' D:\wamp\www\Application\Admin\Controller\BaseController.class.php 第 15 行.
NOTIC: [8] Use of undefined constant login - assumed 'login' D:\wamp\www\Application\Admin\Controller\BaseController.class.php 第 15 行.
NOTIC: [2] Division by zero D:\wamp\www\Application\Admin\Controller\BaseController.class.php 第 15 行.
INFO: [ view_parse ] --START--
INFO: [ template_filter ] --START--
INFO: Run Behavior\ContentReplaceBehavior [ RunTime:0.000144s ]
INFO: [ template_filter ] --END-- [ RunTime:0.000578s ]
INFO: Run Behavior\ParseTemplateBehavior [ RunTime:0.020138s ]
INFO: [ view_parse ] --END-- [ RunTime:0.020454s ]
INFO: [ view_filter ] --START--
INFO: Run Behavior\WriteHtmlCacheBehavior [ RunTime:0.001315s ]
INFO: [ view_filter ] --END-- [ RunTime:0.001578s ]

[ 2016-02-07T14:12:06+08:00 ] ::1 /index.php/Admin/Index/login.html
INFO: [ app_init ] --START--
INFO: Run Behavior\BuildLiteBehavior [ RunTime:0.000063s ]
INFO: [ app_init ] --END-- [ RunTime:0.001220s ]
INFO: [ app_begin ] --START--
INFO: Run Behavior\ReadHtmlCacheBehavior [ RunTime:0.001727s ]
INFO: [ app_begin ] --END-- [ RunTime:0.002030s ]
NOTIC: [8] Undefined index: admin D:\wamp\www\Application\Admin\Controller\BaseController.class.php 第 13 行.
NOTIC: [8] Use of undefined constant Login - assumed 'Login' D:\wamp\www\Application\Admin\Controller\BaseController.class.php 第 15 行.
NOTIC: [8] Use of undefined constant login - assumed 'login' D:\wamp\www\Application\Admin\Controller\BaseController.class.php 第 15 行.
NOTIC: [2] Division by zero D:\wamp\www\Application\Admin\Controller\BaseController.class.php 第 15 行.
INFO: [ view_parse ] --START--
INFO: [ template_filter ] --START--
INFO: Run Behavior\ContentReplaceBehavior [ RunTime:0.000140s ]
INFO: [ template_filter ] --END-- [ RunTime:0.000445s ]
INFO: Run Behavior\ParseTemplateBehavior [ RunTime:0.017371s ]
INFO: [ view_parse ] --END-- [ RunTime:0.017685s ]
INFO: [ view_filter ] --START--
INFO: Run Behavior\WriteHtmlCacheBehavior [ RunTime:0.001487s ]
INFO: [ view_filter ] --END-- [ RunTime:0.001749s ]

[ 2016-02-07T14:12:09+08:00 ] ::1 /index.php/Admin/Index/login.html
INFO: [ app_init ] --START--
INFO: Run Behavior\BuildLiteBehavior [ RunTime:0.000066s ]
INFO: [ app_init ] --END-- [ RunTime:0.001356s ]
INFO: [ app_begin ] --START--
INFO: Run Behavior\ReadHtmlCacheBehavior [ RunTime:0.002405s ]
INFO: [ app_begin ] --END-- [ RunTime:0.002899s ]
NOTIC: [8] Undefined index: admin D:\wamp\www\Application\Admin\Controller\BaseController.class.php 第 13 行.
NOTIC: [8] Use of undefined constant Login - assumed 'Login' D:\wamp\www\Application\Admin\Controller\BaseController.class.php 第 15 行.
NOTIC: [8] Use of undefined constant login - assumed 'login' D:\wamp\www\Application\Admin\Controller\BaseController.class.php 第 15 行.
NOTIC: [2] Division by zero D:\wamp\www\Application\Admin\Controller\BaseController.class.php 第 15 行.
INFO: [ view_parse ] --START--
INFO: [ template_filter ] --START--
INFO: Run Behavior\ContentReplaceBehavior [ RunTime:0.000147s ]
INFO: [ template_filter ] --END-- [ RunTime:0.000459s ]
INFO: Run Behavior\ParseTemplateBehavior [ RunTime:0.022719s ]
INFO: [ view_parse ] --END-- [ RunTime:0.023129s ]
INFO: [ view_filter ] --START--
INFO: Run Behavior\WriteHtmlCacheBehavior [ RunTime:0.001861s ]
INFO: [ view_filter ] --END-- [ RunTime:0.002360s ]

[ 2016-02-07T14:12:12+08:00 ] ::1 /index.php/Admin/Index/login.html
INFO: [ app_init ] --START--
INFO: Run Behavior\BuildLiteBehavior [ RunTime:0.000074s ]
INFO: [ app_init ] --END-- [ RunTime:0.001348s ]
INFO: [ app_begin ] --START--
INFO: Run Behavior\ReadHtmlCacheBehavior [ RunTime:0.001735s ]
INFO: [ app_begin ] --END-- [ RunTime:0.002191s ]
NOTIC: [8] Undefined index: admin D:\wamp\www\Application\Admin\Controller\BaseController.class.php 第 13 行.
NOTIC: [8] Use of undefined constant Login - assumed 'Login' D:\wamp\www\Application\Admin\Controller\BaseController.class.php 第 15 行.
NOTIC: [8] Use of undefined constant login - assumed 'login' D:\wamp\www\Application\Admin\Controller\BaseController.class.php 第 15 行.
NOTIC: [2] Division by zero D:\wamp\www\Application\Admin\Controller\BaseController.class.php 第 15 行.
INFO: [ view_parse ] --START--
INFO: [ template_filter ] --START--
INFO: Run Behavior\ContentReplaceBehavior [ RunTime:0.000146s ]
INFO: [ template_filter ] --END-- [ RunTime:0.000471s ]
INFO: Run Behavior\ParseTemplateBehavior [ RunTime:0.019137s ]
INFO: [ view_parse ] --END-- [ RunTime:0.019561s ]
INFO: [ view_filter ] --START--
INFO: Run Behavior\WriteHtmlCacheBehavior [ RunTime:0.001207s ]
INFO: [ view_filter ] --END-- [ RunTime:0.001469s ]

[ 2016-02-07T14:12:15+08:00 ] ::1 /index.php/Admin/Index/login.html
INFO: [ app_init ] --START--
INFO: Run Behavior\BuildLiteBehavior [ RunTime:0.000062s ]
INFO: [ app_init ] --END-- [ RunTime:0.001355s ]
INFO: [ app_begin ] --START--
INFO: Run Behavior\ReadHtmlCacheBehavior [ RunTime:0.002262s ]
INFO: [ app_begin ] --END-- [ RunTime:0.002667s ]
NOTIC: [8] Undefined index: admin D:\wamp\www\Application\Admin\Controller\BaseController.class.php 第 13 行.
NOTIC: [8] Use of undefined constant Login - assumed 'Login' D:\wamp\www\Application\Admin\Controller\BaseController.class.php 第 15 行.
NOTIC: [8] Use of undefined constant login - assumed 'login' D:\wamp\www\Application\Admin\Controller\BaseController.class.php 第 15 行.
NOTIC: [2] Division by zero D:\wamp\www\Application\Admin\Controller\BaseController.class.php 第 15 行.
INFO: [ view_parse ] --START--
INFO: [ template_filter ] --START--
INFO: Run Behavior\ContentReplaceBehavior [ RunTime:0.000152s ]
INFO: [ template_filter ] --END-- [ RunTime:0.000457s ]
INFO: Run Behavior\ParseTemplateBehavior [ RunTime:0.018243s ]
INFO: [ view_parse ] --END-- [ RunTime:0.018664s ]
INFO: [ view_filter ] --START--
INFO: Run Behavior\WriteHtmlCacheBehavior [ RunTime:0.001209s ]
INFO: [ view_filter ] --END-- [ RunTime:0.001555s ]

[ 2016-02-07T14:12:18+08:00 ] ::1 /index.php/Admin/Index/login.html
INFO: [ app_init ] --START--
INFO: Run Behavior\BuildLiteBehavior [ RunTime:0.000101s ]
INFO: [ app_init ] --END-- [ RunTime:0.001509s ]
INFO: [ app_begin ] --START--
INFO: Run Behavior\ReadHtmlCacheBehavior [ RunTime:0.002809s ]
INFO: [ app_begin ] --END-- [ RunTime:0.003207s ]
NOTIC: [8] Undefined index: admin D:\wamp\www\Application\Admin\Controller\BaseController.class.php 第 13 行.
NOTIC: [8] Use of undefined constant Login - assumed 'Login' D:\wamp\www\Application\Admin\Controller\BaseController.class.php 第 15 行.
NOTIC: [8] Use of undefined constant login - assumed 'login' D:\wamp\www\Application\Admin\Controller\BaseController.class.php 第 15 行.
NOTIC: [2] Division by zero D:\wamp\www\Application\Admin\Controller\BaseController.class.php 第 15 行.
INFO: [ view_parse ] --START--
INFO: [ template_filter ] --START--
INFO: Run Behavior\ContentReplaceBehavior [ RunTime:0.000249s ]
INFO: [ template_filter ] --END-- [ RunTime:0.000788s ]
INFO: Run Behavior\ParseTemplateBehavior [ RunTime:0.025787s ]
INFO: [ view_parse ] --END-- [ RunTime:0.026104s ]
INFO: [ view_filter ] --START--
INFO: Run Behavior\WriteHtmlCacheBehavior [ RunTime:0.001520s ]
INFO: [ view_filter ] --END-- [ RunTime:0.001911s ]

[ 2016-02-07T14:12:21+08:00 ] ::1 /index.php/Admin/Index/login.html
INFO: [ app_init ] --START--
INFO: Run Behavior\BuildLiteBehavior [ RunTime:0.000062s ]
INFO: [ app_init ] --END-- [ RunTime:0.001144s ]
INFO: [ app_begin ] --START--
INFO: Run Behavior\ReadHtmlCacheBehavior [ RunTime:0.003231s ]
INFO: [ app_begin ] --END-- [ RunTime:0.003903s ]
NOTIC: [8] Undefined index: admin D:\wamp\www\Application\Admin\Controller\BaseController.class.php 第 13 行.
NOTIC: [8] Use of undefined constant Login - assumed 'Login' D:\wamp\www\Application\Admin\Controller\BaseController.class.php 第 15 行.
NOTIC: [8] Use of undefined constant login - assumed 'login' D:\wamp\www\Application\Admin\Controller\BaseController.class.php 第 15 行.
NOTIC: [2] Division by zero D:\wamp\www\Application\Admin\Controller\BaseController.class.php 第 15 行.
INFO: [ view_parse ] --START--
INFO: [ template_filter ] --START--
INFO: Run Behavior\ContentReplaceBehavior [ RunTime:0.000153s ]
INFO: [ template_filter ] --END-- [ RunTime:0.000618s ]
INFO: Run Behavior\ParseTemplateBehavior [ RunTime:0.017874s ]
INFO: [ view_parse ] --END-- [ RunTime:0.018184s ]
INFO: [ view_filter ] --START--
INFO: Run Behavior\WriteHtmlCacheBehavior [ RunTime:0.001276s ]
INFO: [ view_filter ] --END-- [ RunTime:0.001558s ]

[ 2016-02-07T14:12:24+08:00 ] ::1 /index.php/Admin/Index/login.html
INFO: [ app_init ] --START--
INFO: Run Behavior\BuildLiteBehavior [ RunTime:0.000102s ]
INFO: [ app_init ] --END-- [ RunTime:0.002528s ]
INFO: [ app_begin ] --START--
INFO: Run Behavior\ReadHtmlCacheBehavior [ RunTime:0.003732s ]
INFO: [ app_begin ] --END-- [ RunTime:0.004358s ]
NOTIC: [8] Undefined index: admin D:\wamp\www\Application\Admin\Controller\BaseController.class.php 第 13 行.
NOTIC: [8] Use of undefined constant Login - assumed 'Login' D:\wamp\www\Application\Admin\Controller\BaseController.class.php 第 15 行.
NOTIC: [8] Use of undefined constant login - assumed 'login' D:\wamp\www\Application\Admin\Controller\BaseController.class.php 第 15 行.
NOTIC: [2] Division by zero D:\wamp\www\Application\Admin\Controller\BaseController.class.php 第 15 行.
INFO: [ view_parse ] --START--
INFO: [ template_filter ] --START--
INFO: Run Behavior\ContentReplaceBehavior [ RunTime:0.000152s ]
INFO: [ template_filter ] --END-- [ RunTime:0.000506s ]
INFO: Run Behavior\ParseTemplateBehavior [ RunTime:0.018351s ]
INFO: [ view_parse ] --END-- [ RunTime:0.018681s ]
INFO: [ view_filter ] --START--
INFO: Run Behavior\WriteHtmlCacheBehavior [ RunTime:0.002451s ]
INFO: [ view_filter ] --END-- [ RunTime:0.002742s ]

[ 2016-02-07T14:12:28+08:00 ] ::1 /index.php/Admin/Index/login.html
INFO: [ app_init ] --START--
INFO: Run Behavior\BuildLiteBehavior [ RunTime:0.000059s ]
INFO: [ app_init ] --END-- [ RunTime:0.001191s ]
INFO: [ app_begin ] --START--
INFO: Run Behavior\ReadHtmlCacheBehavior [ RunTime:0.002853s ]
INFO: [ app_begin ] --END-- [ RunTime:0.003273s ]
NOTIC: [8] Undefined index: admin D:\wamp\www\Application\Admin\Controller\BaseController.class.php 第 13 行.
NOTIC: [8] Use of undefined constant Login - assumed 'Login' D:\wamp\www\Application\Admin\Controller\BaseController.class.php 第 15 行.
NOTIC: [8] Use of undefined constant login - assumed 'login' D:\wamp\www\Application\Admin\Controller\BaseController.class.php 第 15 行.
NOTIC: [2] Division by zero D:\wamp\www\Application\Admin\Controller\BaseController.class.php 第 15 行.
INFO: [ view_parse ] --START--
INFO: [ template_filter ] --START--
INFO: Run Behavior\ContentReplaceBehavior [ RunTime:0.000143s ]
INFO: [ template_filter ] --END-- [ RunTime:0.000466s ]
INFO: Run Behavior\ParseTemplateBehavior [ RunTime:0.018434s ]
INFO: [ view_parse ] --END-- [ RunTime:0.018737s ]
INFO: [ view_filter ] --START--
INFO: Run Behavior\WriteHtmlCacheBehavior [ RunTime:0.001161s ]
INFO: [ view_filter ] --END-- [ RunTime:0.001425s ]

[ 2016-02-07T14:12:31+08:00 ] ::1 /index.php/Admin/Index/login.html
INFO: [ app_init ] --START--
INFO: Run Behavior\BuildLiteBehavior [ RunTime:0.000129s ]
INFO: [ app_init ] --END-- [ RunTime:0.001370s ]
INFO: [ app_begin ] --START--
INFO: Run Behavior\ReadHtmlCacheBehavior [ RunTime:0.001677s ]
INFO: [ app_begin ] --END-- [ RunTime:0.001958s ]
NOTIC: [8] Undefined index: admin D:\wamp\www\Application\Admin\Controller\BaseController.class.php 第 13 行.
NOTIC: [8] Use of undefined constant Login - assumed 'Login' D:\wamp\www\Application\Admin\Controller\BaseController.class.php 第 15 行.
NOTIC: [8] Use of undefined constant login - assumed 'login' D:\wamp\www\Application\Admin\Controller\BaseController.class.php 第 15 行.
NOTIC: [2] Division by zero D:\wamp\www\Application\Admin\Controller\BaseController.class.php 第 15 行.
INFO: [ view_parse ] --START--
INFO: [ template_filter ] --START--
INFO: Run Behavior\ContentReplaceBehavior [ RunTime:0.000190s ]
INFO: [ template_filter ] --END-- [ RunTime:0.000711s ]
INFO: Run Behavior\ParseTemplateBehavior [ RunTime:0.018079s ]
INFO: [ view_parse ] --END-- [ RunTime:0.018461s ]
INFO: [ view_filter ] --START--
INFO: Run Behavior\WriteHtmlCacheBehavior [ RunTime:0.001290s ]
INFO: [ view_filter ] --END-- [ RunTime:0.001558s ]

[ 2016-02-07T14:12:34+08:00 ] ::1 /index.php/Admin/Index/login.html
INFO: [ app_init ] --START--
INFO: Run Behavior\BuildLiteBehavior [ RunTime:0.000061s ]
INFO: [ app_init ] --END-- [ RunTime:0.001147s ]
INFO: [ app_begin ] --START--
INFO: Run Behavior\ReadHtmlCacheBehavior [ RunTime:0.001673s ]
INFO: [ app_begin ] --END-- [ RunTime:0.002007s ]
NOTIC: [8] Undefined index: admin D:\wamp\www\Application\Admin\Controller\BaseController.class.php 第 13 行.
NOTIC: [8] Use of undefined constant Login - assumed 'Login' D:\wamp\www\Application\Admin\Controller\BaseController.class.php 第 15 行.
NOTIC: [8] Use of undefined constant login - assumed 'login' D:\wamp\www\Application\Admin\Controller\BaseController.class.php 第 15 行.
NOTIC: [2] Division by zero D:\wamp\www\Application\Admin\Controller\BaseController.class.php 第 15 行.
INFO: [ view_parse ] --START--
INFO: [ template_filter ] --START--
INFO: Run Behavior\ContentReplaceBehavior [ RunTime:0.000145s ]
INFO: [ template_filter ] --END-- [ RunTime:0.000432s ]
INFO: Run Behavior\ParseTemplateBehavior [ RunTime:0.018208s ]
INFO: [ view_parse ] --END-- [ RunTime:0.018613s ]
INFO: [ view_filter ] --START--
INFO: Run Behavior\WriteHtmlCacheBehavior [ RunTime:0.001269s ]
INFO: [ view_filter ] --END-- [ RunTime:0.001530s ]

[ 2016-02-07T14:12:37+08:00 ] ::1 /index.php/Admin/Index/login.html
INFO: [ app_init ] --START--
INFO: Run Behavior\BuildLiteBehavior [ RunTime:0.000060s ]
INFO: [ app_init ] --END-- [ RunTime:0.001129s ]
INFO: [ app_begin ] --START--
INFO: Run Behavior\ReadHtmlCacheBehavior [ RunTime:0.003455s ]
INFO: [ app_begin ] --END-- [ RunTime:0.003899s ]
NOTIC: [8] Undefined index: admin D:\wamp\www\Application\Admin\Controller\BaseController.class.php 第 13 行.
NOTIC: [8] Use of undefined constant Login - assumed 'Login' D:\wamp\www\Application\Admin\Controller\BaseController.class.php 第 15 行.
NOTIC: [8] Use of undefined constant login - assumed 'login' D:\wamp\www\Application\Admin\Controller\BaseController.class.php 第 15 行.
NOTIC: [2] Division by zero D:\wamp\www\Application\Admin\Controller\BaseController.class.php 第 15 行.
INFO: [ view_parse ] --START--
INFO: [ template_filter ] --START--
INFO: Run Behavior\ContentReplaceBehavior [ RunTime:0.000147s ]
INFO: [ template_filter ] --END-- [ RunTime:0.000439s ]
INFO: Run Behavior\ParseTemplateBehavior [ RunTime:0.017024s ]
INFO: [ view_parse ] --END-- [ RunTime:0.017329s ]
INFO: [ view_filter ] --START--
INFO: Run Behavior\WriteHtmlCacheBehavior [ RunTime:0.001164s ]
INFO: [ view_filter ] --END-- [ RunTime:0.001427s ]

[ 2016-02-07T14:12:40+08:00 ] ::1 /index.php/Admin/Index/login.html
INFO: [ app_init ] --START--
INFO: Run Behavior\BuildLiteBehavior [ RunTime:0.000064s ]
INFO: [ app_init ] --END-- [ RunTime:0.001388s ]
INFO: [ app_begin ] --START--
INFO: Run Behavior\ReadHtmlCacheBehavior [ RunTime:0.001863s ]
INFO: [ app_begin ] --END-- [ RunTime:0.002182s ]
NOTIC: [8] Undefined index: admin D:\wamp\www\Application\Admin\Controller\BaseController.class.php 第 13 行.
NOTIC: [8] Use of undefined constant Login - assumed 'Login' D:\wamp\www\Application\Admin\Controller\BaseController.class.php 第 15 行.
NOTIC: [8] Use of undefined constant login - assumed 'login' D:\wamp\www\Application\Admin\Controller\BaseController.class.php 第 15 行.
NOTIC: [2] Division by zero D:\wamp\www\Application\Admin\Controller\BaseController.class.php 第 15 行.
INFO: [ view_parse ] --START--
INFO: [ template_filter ] --START--
INFO: Run Behavior\ContentReplaceBehavior [ RunTime:0.000259s ]
INFO: [ template_filter ] --END-- [ RunTime:0.000791s ]
INFO: Run Behavior\ParseTemplateBehavior [ RunTime:0.036416s ]
INFO: [ view_parse ] --END-- [ RunTime:0.037101s ]
INFO: [ view_filter ] --START--
INFO: Run Behavior\WriteHtmlCacheBehavior [ RunTime:0.004663s ]
INFO: [ view_filter ] --END-- [ RunTime:0.005178s ]

[ 2016-02-07T14:12:43+08:00 ] ::1 /index.php/Admin/Index/login.html
INFO: [ app_init ] --START--
INFO: Run Behavior\BuildLiteBehavior [ RunTime:0.000061s ]
INFO: [ app_init ] --END-- [ RunTime:0.001196s ]
INFO: [ app_begin ] --START--
INFO: Run Behavior\ReadHtmlCacheBehavior [ RunTime:0.001992s ]
INFO: [ app_begin ] --END-- [ RunTime:0.002330s ]
NOTIC: [8] Undefined index: admin D:\wamp\www\Application\Admin\Controller\BaseController.class.php 第 13 行.
NOTIC: [8] Use of undefined constant Login - assumed 'Login' D:\wamp\www\Application\Admin\Controller\BaseController.class.php 第 15 行.
NOTIC: [8] Use of undefined constant login - assumed 'login' D:\wamp\www\Application\Admin\Controller\BaseController.class.php 第 15 行.
NOTIC: [2] Division by zero D:\wamp\www\Application\Admin\Controller\BaseController.class.php 第 15 行.
INFO: [ view_parse ] --START--
INFO: [ template_filter ] --START--
INFO: Run Behavior\ContentReplaceBehavior [ RunTime:0.000142s ]
INFO: [ template_filter ] --END-- [ RunTime:0.000426s ]
INFO: Run Behavior\ParseTemplateBehavior [ RunTime:0.016258s ]
INFO: [ view_parse ] --END-- [ RunTime:0.016943s ]
INFO: [ view_filter ] --START--
INFO: Run Behavior\WriteHtmlCacheBehavior [ RunTime:0.001229s ]
INFO: [ view_filter ] --END-- [ RunTime:0.001516s ]

[ 2016-02-07T14:12:45+08:00 ] ::1 /index.php/Admin/loginlogin.html
INFO: [ app_init ] --START--
INFO: Run Behavior\BuildLiteBehavior [ RunTime:0.000101s ]
INFO: [ app_init ] --END-- [ RunTime:0.001919s ]
INFO: [ app_begin ] --START--
INFO: Run Behavior\ReadHtmlCacheBehavior [ RunTime:0.006084s ]
INFO: [ app_begin ] --END-- [ RunTime:0.006673s ]
ERR: 无法加载控制器:Loginlogin

[ 2016-02-07T14:13:00+08:00 ] ::1 /index.php/Admin/login/login.html
INFO: [ app_init ] --START--
INFO: Run Behavior\BuildLiteBehavior [ RunTime:0.000063s ]
INFO: [ app_init ] --END-- [ RunTime:0.001602s ]
INFO: [ app_begin ] --START--
INFO: Run Behavior\ReadHtmlCacheBehavior [ RunTime:0.006588s ]
INFO: [ app_begin ] --END-- [ RunTime:0.010583s ]

[ 2016-02-07T14:13:53+08:00 ] ::1 /index.php/Admin/login/login.html
INFO: [ app_init ] --START--
INFO: Run Behavior\BuildLiteBehavior [ RunTime:0.000073s ]
INFO: [ app_init ] --END-- [ RunTime:0.001435s ]
INFO: [ app_begin ] --START--
INFO: Run Behavior\ReadHtmlCacheBehavior [ RunTime:0.003544s ]
INFO: [ app_begin ] --END-- [ RunTime:0.004051s ]
NOTIC: [8192] mysql_connect(): The mysql extension is deprecated and will be removed in the future: use mysqli or PDO instead D:\wamp\www\ThinkPHP\Library\Think\Db\Driver\Mysql.class.php 第 52 行.
SQL: SHOW COLUMNS FROM `cz_admin` [ RunTime:0.009531s ]
NOTIC: [8] Undefined variable: username D:\wamp\www\Application\Admin\Controller\LoginController.class.php 第 17 行.
NOTIC: [8] Undefined variable: password D:\wamp\www\Application\Admin\Controller\LoginController.class.php 第 17 行.
SQL: SELECT * FROM `cz_admin` WHERE `admin_name` = null AND `password` = 'd41d8cd98f00b204e9800998ecf8427e' LIMIT 1   [ RunTime:0.000853s ]
INFO: [ view_parse ] --START--
INFO: [ template_filter ] --START--
INFO: Run Behavior\ContentReplaceBehavior [ RunTime:0.000243s ]
INFO: [ template_filter ] --END-- [ RunTime:0.000723s ]
INFO: Run Behavior\ParseTemplateBehavior [ RunTime:0.020099s ]
INFO: [ view_parse ] --END-- [ RunTime:0.020502s ]
INFO: [ view_filter ] --START--
INFO: Run Behavior\WriteHtmlCacheBehavior [ RunTime:0.001653s ]
INFO: [ view_filter ] --END-- [ RunTime:0.002000s ]

[ 2016-02-07T14:13:56+08:00 ] ::1 /index.php/Admin/loginlogin.html
INFO: [ app_init ] --START--
INFO: Run Behavior\BuildLiteBehavior [ RunTime:0.000074s ]
INFO: [ app_init ] --END-- [ RunTime:0.001378s ]
INFO: [ app_begin ] --START--
INFO: Run Behavior\ReadHtmlCacheBehavior [ RunTime:0.001847s ]
INFO: [ app_begin ] --END-- [ RunTime:0.002338s ]
ERR: 无法加载控制器:Loginlogin

[ 2016-02-07T14:14:02+08:00 ] ::1 /index.php/Admin/loginlogin.html
INFO: [ app_init ] --START--
INFO: Run Behavior\BuildLiteBehavior [ RunTime:0.000063s ]
INFO: [ app_init ] --END-- [ RunTime:0.001224s ]
INFO: [ app_begin ] --START--
INFO: Run Behavior\ReadHtmlCacheBehavior [ RunTime:0.002064s ]
INFO: [ app_begin ] --END-- [ RunTime:0.002397s ]
ERR: 无法加载控制器:Loginlogin

[ 2016-02-07T14:14:06+08:00 ] ::1 /index.php/Admin/login/login.html
INFO: [ app_init ] --START--
INFO: Run Behavior\BuildLiteBehavior [ RunTime:0.000101s ]
INFO: [ app_init ] --END-- [ RunTime:0.001874s ]
INFO: [ app_begin ] --START--
INFO: Run Behavior\ReadHtmlCacheBehavior [ RunTime:0.002785s ]
INFO: [ app_begin ] --END-- [ RunTime:0.003883s ]
NOTIC: [8192] mysql_connect(): The mysql extension is deprecated and will be removed in the future: use mysqli or PDO instead D:\wamp\www\ThinkPHP\Library\Think\Db\Driver\Mysql.class.php 第 52 行.
SQL: SHOW COLUMNS FROM `cz_admin` [ RunTime:0.010800s ]
NOTIC: [8] Undefined variable: username D:\wamp\www\Application\Admin\Controller\LoginController.class.php 第 17 行.
NOTIC: [8] Undefined variable: password D:\wamp\www\Application\Admin\Controller\LoginController.class.php 第 17 行.
SQL: SELECT * FROM `cz_admin` WHERE `admin_name` = null AND `password` = 'd41d8cd98f00b204e9800998ecf8427e' LIMIT 1   [ RunTime:0.000752s ]
INFO: [ view_parse ] --START--
INFO: [ template_filter ] --START--
INFO: Run Behavior\ContentReplaceBehavior [ RunTime:0.000321s ]
INFO: [ template_filter ] --END-- [ RunTime:0.000830s ]
INFO: Run Behavior\ParseTemplateBehavior [ RunTime:0.025794s ]
INFO: [ view_parse ] --END-- [ RunTime:0.026258s ]
INFO: [ view_filter ] --START--
INFO: Run Behavior\WriteHtmlCacheBehavior [ RunTime:0.002007s ]
INFO: [ view_filter ] --END-- [ RunTime:0.002547s ]

[ 2016-02-07T14:14:10+08:00 ] ::1 /index.php/Admin/loginlogin.html
INFO: [ app_init ] --START--
INFO: Run Behavior\BuildLiteBehavior [ RunTime:0.000109s ]
INFO: [ app_init ] --END-- [ RunTime:0.002312s ]
INFO: [ app_begin ] --START--
INFO: Run Behavior\ReadHtmlCacheBehavior [ RunTime:0.001931s ]
INFO: [ app_begin ] --END-- [ RunTime:0.002215s ]
ERR: 无法加载控制器:Loginlogin

[ 2016-02-07T14:14:25+08:00 ] ::1 /index.php/Admin/login/login.html
INFO: [ app_init ] --START--
INFO: Run Behavior\BuildLiteBehavior [ RunTime:0.000167s ]
INFO: [ app_init ] --END-- [ RunTime:0.001814s ]
INFO: [ app_begin ] --START--
INFO: Run Behavior\ReadHtmlCacheBehavior [ RunTime:0.003226s ]
INFO: [ app_begin ] --END-- [ RunTime:0.004382s ]
NOTIC: [8192] mysql_connect(): The mysql extension is deprecated and will be removed in the future: use mysqli or PDO instead D:\wamp\www\ThinkPHP\Library\Think\Db\Driver\Mysql.class.php 第 52 行.
SQL: SHOW COLUMNS FROM `cz_admin` [ RunTime:0.010628s ]
NOTIC: [8] Undefined variable: username D:\wamp\www\Application\Admin\Controller\LoginController.class.php 第 17 行.
NOTIC: [8] Undefined variable: password D:\wamp\www\Application\Admin\Controller\LoginController.class.php 第 17 行.
SQL: SELECT * FROM `cz_admin` WHERE `admin_name` = null AND `password` = 'd41d8cd98f00b204e9800998ecf8427e' LIMIT 1   [ RunTime:0.000595s ]
INFO: [ view_parse ] --START--
INFO: [ template_filter ] --START--
INFO: Run Behavior\ContentReplaceBehavior [ RunTime:0.000249s ]
INFO: [ template_filter ] --END-- [ RunTime:0.000738s ]
INFO: Run Behavior\ParseTemplateBehavior [ RunTime:0.024926s ]
INFO: [ view_parse ] --END-- [ RunTime:0.025397s ]
INFO: [ view_filter ] --START--
INFO: Run Behavior\WriteHtmlCacheBehavior [ RunTime:0.001900s ]
INFO: [ view_filter ] --END-- [ RunTime:0.002313s ]

[ 2016-02-07T14:14:28+08:00 ] ::1 /index.php/Admin/loginlogin.html
INFO: [ app_init ] --START--
INFO: Run Behavior\BuildLiteBehavior [ RunTime:0.000099s ]
INFO: [ app_init ] --END-- [ RunTime:0.001718s ]
INFO: [ app_begin ] --START--
INFO: Run Behavior\ReadHtmlCacheBehavior [ RunTime:0.003232s ]
INFO: [ app_begin ] --END-- [ RunTime:0.003798s ]
ERR: 无法加载控制器:Loginlogin

[ 2016-02-07T14:15:10+08:00 ] ::1 /index.php/Admin/loginlogin.html
INFO: [ app_init ] --START--
INFO: Run Behavior\BuildLiteBehavior [ RunTime:0.000064s ]
INFO: [ app_init ] --END-- [ RunTime:0.001674s ]
INFO: [ app_begin ] --START--
INFO: Run Behavior\ReadHtmlCacheBehavior [ RunTime:0.002127s ]
INFO: [ app_begin ] --END-- [ RunTime:0.002431s ]
ERR: 无法加载控制器:Loginlogin

[ 2016-02-07T14:15:16+08:00 ] ::1 /index.php/Admin/login/login.html
INFO: [ app_init ] --START--
INFO: Run Behavior\BuildLiteBehavior [ RunTime:0.000130s ]
INFO: [ app_init ] --END-- [ RunTime:0.001860s ]
INFO: [ app_begin ] --START--
INFO: Run Behavior\ReadHtmlCacheBehavior [ RunTime:0.002628s ]
INFO: [ app_begin ] --END-- [ RunTime:0.003137s ]

[ 2016-02-07T14:15:44+08:00 ] ::1 /index.php/Admin/login/login.html
INFO: [ app_init ] --START--
INFO: Run Behavior\BuildLiteBehavior [ RunTime:0.000061s ]
INFO: [ app_init ] --END-- [ RunTime:0.001345s ]
INFO: [ app_begin ] --START--
INFO: Run Behavior\ReadHtmlCacheBehavior [ RunTime:0.001635s ]
INFO: [ app_begin ] --END-- [ RunTime:0.001940s ]

[ 2016-02-07T14:16:02+08:00 ] ::1 /index.php/Admin/login/login.html
INFO: [ app_init ] --START--
INFO: Run Behavior\BuildLiteBehavior [ RunTime:0.000062s ]
INFO: [ app_init ] --END-- [ RunTime:0.001146s ]
INFO: [ app_begin ] --START--
INFO: Run Behavior\ReadHtmlCacheBehavior [ RunTime:0.001709s ]
INFO: [ app_begin ] --END-- [ RunTime:0.002025s ]

[ 2016-02-07T14:17:56+08:00 ] ::1 /index.php/Admin/login/login.html
INFO: [ app_init ] --START--
INFO: Run Behavior\BuildLiteBehavior [ RunTime:0.000143s ]
INFO: [ app_init ] --END-- [ RunTime:0.001580s ]
INFO: [ app_begin ] --START--
INFO: Run Behavior\ReadHtmlCacheBehavior [ RunTime:0.003339s ]
INFO: [ app_begin ] --END-- [ RunTime:0.003698s ]

[ 2016-02-07T14:17:58+08:00 ] ::1 /index.php/Admin/login/login.html
INFO: [ app_init ] --START--
INFO: Run Behavior\BuildLiteBehavior [ RunTime:0.000062s ]
INFO: [ app_init ] --END-- [ RunTime:0.001147s ]
INFO: [ app_begin ] --START--
INFO: Run Behavior\ReadHtmlCacheBehavior [ RunTime:0.001755s ]
INFO: [ app_begin ] --END-- [ RunTime:0.002065s ]

[ 2016-02-07T14:19:15+08:00 ] ::1 /index.php/Admin/login/login.html
INFO: [ app_init ] --START--
INFO: Run Behavior\BuildLiteBehavior [ RunTime:0.000104s ]
INFO: [ app_init ] --END-- [ RunTime:0.001910s ]
INFO: [ app_begin ] --START--
INFO: Run Behavior\ReadHtmlCacheBehavior [ RunTime:0.003185s ]
INFO: [ app_begin ] --END-- [ RunTime:0.003626s ]
INFO: [ view_parse ] --START--
INFO: [ template_filter ] --START--
INFO: Run Behavior\ContentReplaceBehavior [ RunTime:0.000186s ]
INFO: [ template_filter ] --END-- [ RunTime:0.000469s ]
INFO: Run Behavior\ParseTemplateBehavior [ RunTime:0.039183s ]
INFO: [ view_parse ] --END-- [ RunTime:0.039667s ]
INFO: [ view_filter ] --START--
INFO: Run Behavior\WriteHtmlCacheBehavior [ RunTime:0.001308s ]
INFO: [ view_filter ] --END-- [ RunTime:0.001604s ]
INFO: [ app_end ] --START--
INFO: Run Behavior\ShowPageTraceBehavior [ RunTime:0.002287s ]
INFO: [ app_end ] --END-- [ RunTime:0.002713s ]

[ 2016-02-07T14:19:15+08:00 ] ::1 /index.php/Admin/Login/code
INFO: [ app_init ] --START--
INFO: Run Behavior\BuildLiteBehavior [ RunTime:0.000106s ]
INFO: [ app_init ] --END-- [ RunTime:0.003596s ]
INFO: [ app_begin ] --START--
INFO: Run Behavior\ReadHtmlCacheBehavior [ RunTime:0.002602s ]
INFO: [ app_begin ] --END-- [ RunTime:0.003168s ]
INFO: [ app_end ] --START--
INFO: Run Behavior\ShowPageTraceBehavior [ RunTime:0.002668s ]
INFO: [ app_end ] --END-- [ RunTime:0.003343s ]

[ 2016-02-07T14:19:26+08:00 ] ::1 /index.php/Admin/login/login.html
INFO: [ app_init ] --START--
INFO: Run Behavior\BuildLiteBehavior [ RunTime:0.000062s ]
INFO: [ app_init ] --END-- [ RunTime:0.001196s ]
INFO: [ app_begin ] --START--
INFO: Run Behavior\ReadHtmlCacheBehavior [ RunTime:0.001704s ]
INFO: [ app_begin ] --END-- [ RunTime:0.002248s ]
NOTIC: [8192] mysql_connect(): The mysql extension is deprecated and will be removed in the future: use mysqli or PDO instead D:\wamp\www\ThinkPHP\Library\Think\Db\Driver\Mysql.class.php 第 52 行.
SQL: SHOW COLUMNS FROM `cz_admin` [ RunTime:0.039350s ]
SQL: SELECT * FROM `cz_admin` WHERE `admin_name` = 'admin' AND `password` = '21232f297a57a5a743894a0e4a801fc3' LIMIT 1   [ RunTime:0.000661s ]
NOTIC: [8] Undefined variable: admin D:\wamp\www\Application\Admin\Model\AdminModel.class.php 第 12 行.
NOTIC: [8] Use of undefined constant ture - assumed 'ture' D:\wamp\www\Application\Admin\Model\AdminModel.class.php 第 13 行.
NOTIC: [8] Use of undefined constant Index - assumed 'Index' D:\wamp\www\Application\Admin\Controller\LoginController.class.php 第 18 行.
NOTIC: [8] Use of undefined constant index - assumed 'index' D:\wamp\www\Application\Admin\Controller\LoginController.class.php 第 18 行.
NOTIC: [2] Division by zero D:\wamp\www\Application\Admin\Controller\LoginController.class.php 第 18 行.
INFO: [ view_parse ] --START--
INFO: [ template_filter ] --START--
INFO: Run Behavior\ContentReplaceBehavior [ RunTime:0.000143s ]
INFO: [ template_filter ] --END-- [ RunTime:0.000424s ]
INFO: Run Behavior\ParseTemplateBehavior [ RunTime:0.018779s ]
INFO: [ view_parse ] --END-- [ RunTime:0.019183s ]
INFO: [ view_filter ] --START--
INFO: Run Behavior\WriteHtmlCacheBehavior [ RunTime:0.001258s ]
INFO: [ view_filter ] --END-- [ RunTime:0.001517s ]
INFO: [ app_end ] --START--
INFO: Run Behavior\ShowPageTraceBehavior [ RunTime:0.001606s ]
INFO: [ app_end ] --END-- [ RunTime:0.001895s ]

[ 2016-02-07T14:19:27+08:00 ] ::1 /index.php/Admin/Login/login.html
INFO: [ app_init ] --START--
INFO: Run Behavior\BuildLiteBehavior [ RunTime:0.000061s ]
INFO: [ app_init ] --END-- [ RunTime:0.001294s ]
INFO: [ app_begin ] --START--
INFO: Run Behavior\ReadHtmlCacheBehavior [ RunTime:0.001652s ]
INFO: [ app_begin ] --END-- [ RunTime:0.002153s ]
INFO: [ view_parse ] --START--
INFO: [ template_filter ] --START--
INFO: Run Behavior\ContentReplaceBehavior [ RunTime:0.000152s ]
INFO: [ template_filter ] --END-- [ RunTime:0.000439s ]
INFO: Run Behavior\ParseTemplateBehavior [ RunTime:0.019248s ]
INFO: [ view_parse ] --END-- [ RunTime:0.019670s ]
INFO: [ view_filter ] --START--
INFO: Run Behavior\WriteHtmlCacheBehavior [ RunTime:0.001587s ]
INFO: [ view_filter ] --END-- [ RunTime:0.002030s ]
INFO: [ app_end ] --START--
INFO: Run Behavior\ShowPageTraceBehavior [ RunTime:0.001864s ]
INFO: [ app_end ] --END-- [ RunTime:0.002286s ]

[ 2016-02-07T14:19:27+08:00 ] ::1 /index.php/Admin/Login/code
INFO: [ app_init ] --START--
INFO: Run Behavior\BuildLiteBehavior [ RunTime:0.000103s ]
INFO: [ app_init ] --END-- [ RunTime:0.001732s ]
INFO: [ app_begin ] --START--
INFO: Run Behavior\ReadHtmlCacheBehavior [ RunTime:0.003073s ]
INFO: [ app_begin ] --END-- [ RunTime:0.003587s ]
INFO: [ app_end ] --START--
INFO: Run Behavior\ShowPageTraceBehavior [ RunTime:0.002606s ]
INFO: [ app_end ] --END-- [ RunTime:0.003153s ]

[ 2016-02-07T14:19:44+08:00 ] ::1 /index.php/Admin/Login/login.html
INFO: [ app_init ] --START--
INFO: Run Behavior\BuildLiteBehavior [ RunTime:0.000060s ]
INFO: [ app_init ] --END-- [ RunTime:0.001194s ]
INFO: [ app_begin ] --START--
INFO: Run Behavior\ReadHtmlCacheBehavior [ RunTime:0.001662s ]
INFO: [ app_begin ] --END-- [ RunTime:0.001965s ]
NOTIC: [8] Use of undefined constant login - assumed 'login' D:\wamp\www\Application\Admin\Controller\LoginController.class.php 第 14 行.
NOTIC: [8] Use of undefined constant login - assumed 'login' D:\wamp\www\Application\Admin\Controller\LoginController.class.php 第 14 行.
NOTIC: [2] Division by zero D:\wamp\www\Application\Admin\Controller\LoginController.class.php 第 14 行.
INFO: [ view_parse ] --START--
INFO: [ template_filter ] --START--
INFO: Run Behavior\ContentReplaceBehavior [ RunTime:0.000138s ]
INFO: [ template_filter ] --END-- [ RunTime:0.000418s ]
INFO: Run Behavior\ParseTemplateBehavior [ RunTime:0.017797s ]
INFO: [ view_parse ] --END-- [ RunTime:0.018083s ]
INFO: [ view_filter ] --START--
INFO: Run Behavior\WriteHtmlCacheBehavior [ RunTime:0.001274s ]
INFO: [ view_filter ] --END-- [ RunTime:0.001564s ]

[ 2016-02-07T14:19:47+08:00 ] ::1 /index.php/Admin/Login/login.html
INFO: [ app_init ] --START--
INFO: Run Behavior\BuildLiteBehavior [ RunTime:0.000100s ]
INFO: [ app_init ] --END-- [ RunTime:0.001327s ]
INFO: [ app_begin ] --START--
INFO: Run Behavior\ReadHtmlCacheBehavior [ RunTime:0.001637s ]
INFO: [ app_begin ] --END-- [ RunTime:0.001974s ]
INFO: [ view_parse ] --START--
INFO: [ template_filter ] --START--
INFO: Run Behavior\ContentReplaceBehavior [ RunTime:0.000163s ]
INFO: [ template_filter ] --END-- [ RunTime:0.000450s ]
INFO: Run Behavior\ParseTemplateBehavior [ RunTime:0.018028s ]
INFO: [ view_parse ] --END-- [ RunTime:0.018494s ]
INFO: [ view_filter ] --START--
INFO: Run Behavior\WriteHtmlCacheBehavior [ RunTime:0.001454s ]
INFO: [ view_filter ] --END-- [ RunTime:0.001774s ]
INFO: [ app_end ] --START--
INFO: Run Behavior\ShowPageTraceBehavior [ RunTime:0.001806s ]
INFO: [ app_end ] --END-- [ RunTime:0.002616s ]

[ 2016-02-07T14:19:47+08:00 ] ::1 /index.php/Admin/Login/code
INFO: [ app_init ] --START--
INFO: Run Behavior\BuildLiteBehavior [ RunTime:0.000102s ]
INFO: [ app_init ] --END-- [ RunTime:0.002182s ]
INFO: [ app_begin ] --START--
INFO: Run Behavior\ReadHtmlCacheBehavior [ RunTime:0.001712s ]
INFO: [ app_begin ] --END-- [ RunTime:0.002009s ]
INFO: [ app_end ] --START--
INFO: Run Behavior\ShowPageTraceBehavior [ RunTime:0.001828s ]
INFO: [ app_end ] --END-- [ RunTime:0.002159s ]

[ 2016-02-07T14:19:55+08:00 ] ::1 /index.php/Admin/Login/login.html
INFO: [ app_init ] --START--
INFO: Run Behavior\BuildLiteBehavior [ RunTime:0.000094s ]
INFO: [ app_init ] --END-- [ RunTime:0.001463s ]
INFO: [ app_begin ] --START--
INFO: Run Behavior\ReadHtmlCacheBehavior [ RunTime:0.002104s ]
INFO: [ app_begin ] --END-- [ RunTime:0.002498s ]
NOTIC: [8192] mysql_connect(): The mysql extension is deprecated and will be removed in the future: use mysqli or PDO instead D:\wamp\www\ThinkPHP\Library\Think\Db\Driver\Mysql.class.php 第 52 行.
SQL: SHOW COLUMNS FROM `cz_admin` [ RunTime:0.008949s ]
SQL: SELECT * FROM `cz_admin` WHERE `admin_name` = 'admin' AND `password` = '0192023a7bbd73250516f069df18b500' LIMIT 1   [ RunTime:0.000706s ]
INFO: [ view_parse ] --START--
INFO: [ template_filter ] --START--
INFO: Run Behavior\ContentReplaceBehavior [ RunTime:0.000233s ]
INFO: [ template_filter ] --END-- [ RunTime:0.000990s ]
INFO: Run Behavior\ParseTemplateBehavior [ RunTime:0.019827s ]
INFO: [ view_parse ] --END-- [ RunTime:0.020236s ]
INFO: [ view_filter ] --START--
INFO: Run Behavior\WriteHtmlCacheBehavior [ RunTime:0.001436s ]
INFO: [ view_filter ] --END-- [ RunTime:0.001900s ]

[ 2016-02-07T14:19:58+08:00 ] ::1 /index.php/Admin/Login/login.html
INFO: [ app_init ] --START--
INFO: Run Behavior\BuildLiteBehavior [ RunTime:0.000061s ]
INFO: [ app_init ] --END-- [ RunTime:0.001129s ]
INFO: [ app_begin ] --START--
INFO: Run Behavior\ReadHtmlCacheBehavior [ RunTime:0.001751s ]
INFO: [ app_begin ] --END-- [ RunTime:0.002048s ]
INFO: [ view_parse ] --START--
INFO: [ template_filter ] --START--
INFO: Run Behavior\ContentReplaceBehavior [ RunTime:0.000150s ]
INFO: [ template_filter ] --END-- [ RunTime:0.000429s ]
INFO: Run Behavior\ParseTemplateBehavior [ RunTime:0.016520s ]
INFO: [ view_parse ] --END-- [ RunTime:0.016823s ]
INFO: [ view_filter ] --START--
INFO: Run Behavior\WriteHtmlCacheBehavior [ RunTime:0.001192s ]
INFO: [ view_filter ] --END-- [ RunTime:0.001458s ]
INFO: [ app_end ] --START--
INFO: Run Behavior\ShowPageTraceBehavior [ RunTime:0.002612s ]
INFO: [ app_end ] --END-- [ RunTime:0.002948s ]

[ 2016-02-07T14:21:06+08:00 ] ::1 /index.php/Admin/Login/login.html
INFO: [ app_init ] --START--
INFO: Run Behavior\BuildLiteBehavior [ RunTime:0.000062s ]
INFO: [ app_init ] --END-- [ RunTime:0.001213s ]
INFO: [ app_begin ] --START--
INFO: Run Behavior\ReadHtmlCacheBehavior [ RunTime:0.001901s ]
INFO: [ app_begin ] --END-- [ RunTime:0.002277s ]
INFO: [ view_parse ] --START--
INFO: [ template_filter ] --START--
INFO: Run Behavior\ContentReplaceBehavior [ RunTime:0.000142s ]
INFO: [ template_filter ] --END-- [ RunTime:0.000485s ]
INFO: Run Behavior\ParseTemplateBehavior [ RunTime:0.017381s ]
INFO: [ view_parse ] --END-- [ RunTime:0.017691s ]
INFO: [ view_filter ] --START--
INFO: Run Behavior\WriteHtmlCacheBehavior [ RunTime:0.001166s ]
INFO: [ view_filter ] --END-- [ RunTime:0.001529s ]

[ 2016-02-07T14:21:09+08:00 ] ::1 /index.php/Admin/login/login.html
INFO: [ app_init ] --START--
INFO: Run Behavior\BuildLiteBehavior [ RunTime:0.000064s ]
INFO: [ app_init ] --END-- [ RunTime:0.001208s ]
INFO: [ app_begin ] --START--
INFO: Run Behavior\ReadHtmlCacheBehavior [ RunTime:0.001635s ]
INFO: [ app_begin ] --END-- [ RunTime:0.001956s ]
INFO: [ view_parse ] --START--
INFO: [ template_filter ] --START--
INFO: Run Behavior\ContentReplaceBehavior [ RunTime:0.000152s ]
INFO: [ template_filter ] --END-- [ RunTime:0.000440s ]
INFO: Run Behavior\ParseTemplateBehavior [ RunTime:0.017344s ]
INFO: [ view_parse ] --END-- [ RunTime:0.017747s ]
INFO: [ view_filter ] --START--
INFO: Run Behavior\WriteHtmlCacheBehavior [ RunTime:0.002096s ]
INFO: [ view_filter ] --END-- [ RunTime:0.002397s ]
INFO: [ app_end ] --START--
INFO: Run Behavior\ShowPageTraceBehavior [ RunTime:0.001551s ]
INFO: [ app_end ] --END-- [ RunTime:0.001856s ]

[ 2016-02-07T14:21:10+08:00 ] ::1 /index.php/Admin/Login/code
INFO: [ app_init ] --START--
INFO: Run Behavior\BuildLiteBehavior [ RunTime:0.000402s ]
INFO: [ app_init ] --END-- [ RunTime:0.004389s ]
INFO: [ app_begin ] --START--
INFO: Run Behavior\ReadHtmlCacheBehavior [ RunTime:0.002828s ]
INFO: [ app_begin ] --END-- [ RunTime:0.003337s ]
INFO: [ app_end ] --START--
INFO: Run Behavior\ShowPageTraceBehavior [ RunTime:0.002514s ]
INFO: [ app_end ] --END-- [ RunTime:0.002937s ]

[ 2016-02-07T14:21:18+08:00 ] ::1 /index.php/Admin/login/login.html
INFO: [ app_init ] --START--
INFO: Run Behavior\BuildLiteBehavior [ RunTime:0.000061s ]
INFO: [ app_init ] --END-- [ RunTime:0.001267s ]
INFO: [ app_begin ] --START--
INFO: Run Behavior\ReadHtmlCacheBehavior [ RunTime:0.001676s ]
INFO: [ app_begin ] --END-- [ RunTime:0.001962s ]
NOTIC: [8192] mysql_connect(): The mysql extension is deprecated and will be removed in the future: use mysqli or PDO instead D:\wamp\www\ThinkPHP\Library\Think\Db\Driver\Mysql.class.php 第 52 行.
SQL: SHOW COLUMNS FROM `cz_admin` [ RunTime:0.007158s ]
SQL: SELECT * FROM `cz_admin` WHERE `admin_name` = 'admin' AND `password` = '21232f297a57a5a743894a0e4a801fc3' LIMIT 1   [ RunTime:0.000697s ]
NOTIC: [8] Undefined variable: admin D:\wamp\www\Application\Admin\Model\AdminModel.class.php 第 12 行.
NOTIC: [8] Use of undefined constant ture - assumed 'ture' D:\wamp\www\Application\Admin\Model\AdminModel.class.php 第 13 行.
INFO: [ view_parse ] --START--
INFO: [ template_filter ] --START--
INFO: Run Behavior\ContentReplaceBehavior [ RunTime:0.000146s ]
INFO: [ template_filter ] --END-- [ RunTime:0.000499s ]
INFO: Run Behavior\ParseTemplateBehavior [ RunTime:0.018895s ]
INFO: [ view_parse ] --END-- [ RunTime:0.019276s ]
INFO: [ view_filter ] --START--
INFO: Run Behavior\WriteHtmlCacheBehavior [ RunTime:0.001427s ]
INFO: [ view_filter ] --END-- [ RunTime:0.001691s ]
INFO: [ app_end ] --START--
INFO: Run Behavior\ShowPageTraceBehavior [ RunTime:0.001735s ]
INFO: [ app_end ] --END-- [ RunTime:0.002001s ]

[ 2016-02-07T14:21:19+08:00 ] ::1 /index.php/Admin/Index/index.html
INFO: [ app_init ] --START--
INFO: Run Behavior\BuildLiteBehavior [ RunTime:0.000062s ]
INFO: [ app_init ] --END-- [ RunTime:0.001171s ]
INFO: [ app_begin ] --START--
INFO: Run Behavior\ReadHtmlCacheBehavior [ RunTime:0.002188s ]
INFO: [ app_begin ] --END-- [ RunTime:0.002586s ]
NOTIC: [8] Undefined index: admin D:\wamp\www\Application\Admin\Controller\BaseController.class.php 第 13 行.
NOTIC: [8] Use of undefined constant Login - assumed 'Login' D:\wamp\www\Application\Admin\Controller\BaseController.class.php 第 15 行.
NOTIC: [8] Use of undefined constant login - assumed 'login' D:\wamp\www\Application\Admin\Controller\BaseController.class.php 第 15 行.
NOTIC: [2] Division by zero D:\wamp\www\Application\Admin\Controller\BaseController.class.php 第 15 行.
INFO: [ view_parse ] --START--
INFO: [ template_filter ] --START--
INFO: Run Behavior\ContentReplaceBehavior [ RunTime:0.000208s ]
INFO: [ template_filter ] --END-- [ RunTime:0.000512s ]
INFO: Run Behavior\ParseTemplateBehavior [ RunTime:0.019426s ]
INFO: [ view_parse ] --END-- [ RunTime:0.019847s ]
INFO: [ view_filter ] --START--
INFO: Run Behavior\WriteHtmlCacheBehavior [ RunTime:0.002287s ]
INFO: [ view_filter ] --END-- [ RunTime:0.002669s ]

[ 2016-02-07T14:21:22+08:00 ] ::1 /index.php/Admin/Index/index.html
INFO: [ app_init ] --START--
INFO: Run Behavior\BuildLiteBehavior [ RunTime:0.000062s ]
INFO: [ app_init ] --END-- [ RunTime:0.001147s ]
INFO: [ app_begin ] --START--
INFO: Run Behavior\ReadHtmlCacheBehavior [ RunTime:0.001566s ]
INFO: [ app_begin ] --END-- [ RunTime:0.001874s ]
NOTIC: [8] Undefined index: admin D:\wamp\www\Application\Admin\Controller\BaseController.class.php 第 13 行.
NOTIC: [8] Use of undefined constant Login - assumed 'Login' D:\wamp\www\Application\Admin\Controller\BaseController.class.php 第 15 行.
NOTIC: [8] Use of undefined constant login - assumed 'login' D:\wamp\www\Application\Admin\Controller\BaseController.class.php 第 15 行.
NOTIC: [2] Division by zero D:\wamp\www\Application\Admin\Controller\BaseController.class.php 第 15 行.
INFO: [ view_parse ] --START--
INFO: [ template_filter ] --START--
INFO: Run Behavior\ContentReplaceBehavior [ RunTime:0.000230s ]
INFO: [ template_filter ] --END-- [ RunTime:0.000752s ]
INFO: Run Behavior\ParseTemplateBehavior [ RunTime:0.016433s ]
INFO: [ view_parse ] --END-- [ RunTime:0.016766s ]
INFO: [ view_filter ] --START--
INFO: Run Behavior\WriteHtmlCacheBehavior [ RunTime:0.001756s ]
INFO: [ view_filter ] --END-- [ RunTime:0.002110s ]

[ 2016-02-07T14:21:26+08:00 ] ::1 /index.php/Admin/Index/index.html
INFO: [ app_init ] --START--
INFO: Run Behavior\BuildLiteBehavior [ RunTime:0.000095s ]
INFO: [ app_init ] --END-- [ RunTime:0.001657s ]
INFO: [ app_begin ] --START--
INFO: Run Behavior\ReadHtmlCacheBehavior [ RunTime:0.001804s ]
INFO: [ app_begin ] --END-- [ RunTime:0.002116s ]
NOTIC: [8] Undefined index: admin D:\wamp\www\Application\Admin\Controller\BaseController.class.php 第 13 行.
NOTIC: [8] Use of undefined constant Login - assumed 'Login' D:\wamp\www\Application\Admin\Controller\BaseController.class.php 第 15 行.
NOTIC: [8] Use of undefined constant login - assumed 'login' D:\wamp\www\Application\Admin\Controller\BaseController.class.php 第 15 行.
NOTIC: [2] Division by zero D:\wamp\www\Application\Admin\Controller\BaseController.class.php 第 15 行.
INFO: [ view_parse ] --START--
INFO: [ template_filter ] --START--
INFO: Run Behavior\ContentReplaceBehavior [ RunTime:0.000202s ]
INFO: [ template_filter ] --END-- [ RunTime:0.000552s ]
INFO: Run Behavior\ParseTemplateBehavior [ RunTime:0.019574s ]
INFO: [ view_parse ] --END-- [ RunTime:0.020355s ]
INFO: [ view_filter ] --START--
INFO: Run Behavior\WriteHtmlCacheBehavior [ RunTime:0.001358s ]
INFO: [ view_filter ] --END-- [ RunTime:0.001717s ]

[ 2016-02-07T14:21:29+08:00 ] ::1 /index.php/Admin/Index/index.html
INFO: [ app_init ] --START--
INFO: Run Behavior\BuildLiteBehavior [ RunTime:0.000102s ]
INFO: [ app_init ] --END-- [ RunTime:0.001816s ]
INFO: [ app_begin ] --START--
INFO: Run Behavior\ReadHtmlCacheBehavior [ RunTime:0.002957s ]
INFO: [ app_begin ] --END-- [ RunTime:0.003485s ]
NOTIC: [8] Undefined index: admin D:\wamp\www\Application\Admin\Controller\BaseController.class.php 第 13 行.
NOTIC: [8] Use of undefined constant Login - assumed 'Login' D:\wamp\www\Application\Admin\Controller\BaseController.class.php 第 15 行.
NOTIC: [8] Use of undefined constant login - assumed 'login' D:\wamp\www\Application\Admin\Controller\BaseController.class.php 第 15 行.
NOTIC: [2] Division by zero D:\wamp\www\Application\Admin\Controller\BaseController.class.php 第 15 行.
INFO: [ view_parse ] --START--
INFO: [ template_filter ] --START--
INFO: Run Behavior\ContentReplaceBehavior [ RunTime:0.000231s ]
INFO: [ template_filter ] --END-- [ RunTime:0.000721s ]
INFO: Run Behavior\ParseTemplateBehavior [ RunTime:0.024180s ]
INFO: [ view_parse ] --END-- [ RunTime:0.024609s ]
INFO: [ view_filter ] --START--
INFO: Run Behavior\WriteHtmlCacheBehavior [ RunTime:0.001282s ]
INFO: [ view_filter ] --END-- [ RunTime:0.001600s ]

[ 2016-02-07T14:21:32+08:00 ] ::1 /index.php/Admin/Index/index.html
INFO: [ app_init ] --START--
INFO: Run Behavior\BuildLiteBehavior [ RunTime:0.000078s ]
INFO: [ app_init ] --END-- [ RunTime:0.001552s ]
INFO: [ app_begin ] --START--
INFO: Run Behavior\ReadHtmlCacheBehavior [ RunTime:0.001563s ]
INFO: [ app_begin ] --END-- [ RunTime:0.001849s ]
NOTIC: [8] Undefined index: admin D:\wamp\www\Application\Admin\Controller\BaseController.class.php 第 13 行.
NOTIC: [8] Use of undefined constant Login - assumed 'Login' D:\wamp\www\Application\Admin\Controller\BaseController.class.php 第 15 行.
NOTIC: [8] Use of undefined constant login - assumed 'login' D:\wamp\www\Application\Admin\Controller\BaseController.class.php 第 15 行.
NOTIC: [2] Division by zero D:\wamp\www\Application\Admin\Controller\BaseController.class.php 第 15 行.
INFO: [ view_parse ] --START--
INFO: [ template_filter ] --START--
INFO: Run Behavior\ContentReplaceBehavior [ RunTime:0.000148s ]
INFO: [ template_filter ] --END-- [ RunTime:0.000611s ]
INFO: Run Behavior\ParseTemplateBehavior [ RunTime:0.017769s ]
INFO: [ view_parse ] --END-- [ RunTime:0.018069s ]
INFO: [ view_filter ] --START--
INFO: Run Behavior\WriteHtmlCacheBehavior [ RunTime:0.001201s ]
INFO: [ view_filter ] --END-- [ RunTime:0.001473s ]

[ 2016-02-07T14:21:35+08:00 ] ::1 /index.php/Admin/Index/index.html
INFO: [ app_init ] --START--
INFO: Run Behavior\BuildLiteBehavior [ RunTime:0.000120s ]
INFO: [ app_init ] --END-- [ RunTime:0.002028s ]
INFO: [ app_begin ] --START--
INFO: Run Behavior\ReadHtmlCacheBehavior [ RunTime:0.001952s ]
INFO: [ app_begin ] --END-- [ RunTime:0.002326s ]
NOTIC: [8] Undefined index: admin D:\wamp\www\Application\Admin\Controller\BaseController.class.php 第 13 行.
NOTIC: [8] Use of undefined constant Login - assumed 'Login' D:\wamp\www\Application\Admin\Controller\BaseController.class.php 第 15 行.
NOTIC: [8] Use of undefined constant login - assumed 'login' D:\wamp\www\Application\Admin\Controller\BaseController.class.php 第 15 行.
NOTIC: [2] Division by zero D:\wamp\www\Application\Admin\Controller\BaseController.class.php 第 15 行.
INFO: [ view_parse ] --START--
INFO: [ template_filter ] --START--
INFO: Run Behavior\ContentReplaceBehavior [ RunTime:0.000142s ]
INFO: [ template_filter ] --END-- [ RunTime:0.000445s ]
INFO: Run Behavior\ParseTemplateBehavior [ RunTime:0.016140s ]
INFO: [ view_parse ] --END-- [ RunTime:0.016465s ]
INFO: [ view_filter ] --START--
INFO: Run Behavior\WriteHtmlCacheBehavior [ RunTime:0.001138s ]
INFO: [ view_filter ] --END-- [ RunTime:0.001398s ]

[ 2016-02-07T14:21:36+08:00 ] ::1 /index.php/Admin/Index/
INFO: [ app_init ] --START--
INFO: Run Behavior\BuildLiteBehavior [ RunTime:0.000101s ]
INFO: [ app_init ] --END-- [ RunTime:0.001810s ]
INFO: [ app_begin ] --START--
INFO: Run Behavior\ReadHtmlCacheBehavior [ RunTime:0.002780s ]
INFO: [ app_begin ] --END-- [ RunTime:0.003334s ]
NOTIC: [8] Undefined index: admin D:\wamp\www\Application\Admin\Controller\BaseController.class.php 第 13 行.
NOTIC: [8] Use of undefined constant Login - assumed 'Login' D:\wamp\www\Application\Admin\Controller\BaseController.class.php 第 15 行.
NOTIC: [8] Use of undefined constant login - assumed 'login' D:\wamp\www\Application\Admin\Controller\BaseController.class.php 第 15 行.
NOTIC: [2] Division by zero D:\wamp\www\Application\Admin\Controller\BaseController.class.php 第 15 行.
INFO: [ view_parse ] --START--
INFO: [ template_filter ] --START--
INFO: Run Behavior\ContentReplaceBehavior [ RunTime:0.000252s ]
INFO: [ template_filter ] --END-- [ RunTime:0.000825s ]
INFO: Run Behavior\ParseTemplateBehavior [ RunTime:0.027977s ]
INFO: [ view_parse ] --END-- [ RunTime:0.028496s ]
INFO: [ view_filter ] --START--
INFO: Run Behavior\WriteHtmlCacheBehavior [ RunTime:0.001494s ]
INFO: [ view_filter ] --END-- [ RunTime:0.001916s ]

[ 2016-02-07T14:21:40+08:00 ] ::1 /index.php/Admin/Index/index.html
INFO: [ app_init ] --START--
INFO: Run Behavior\BuildLiteBehavior [ RunTime:0.000103s ]
INFO: [ app_init ] --END-- [ RunTime:0.001799s ]
INFO: [ app_begin ] --START--
INFO: Run Behavior\ReadHtmlCacheBehavior [ RunTime:0.002009s ]
INFO: [ app_begin ] --END-- [ RunTime:0.002450s ]
NOTIC: [8] Undefined index: admin D:\wamp\www\Application\Admin\Controller\BaseController.class.php 第 13 行.
NOTIC: [8] Use of undefined constant Login - assumed 'Login' D:\wamp\www\Application\Admin\Controller\BaseController.class.php 第 15 行.
NOTIC: [8] Use of undefined constant login - assumed 'login' D:\wamp\www\Application\Admin\Controller\BaseController.class.php 第 15 行.
NOTIC: [2] Division by zero D:\wamp\www\Application\Admin\Controller\BaseController.class.php 第 15 行.
INFO: [ view_parse ] --START--
INFO: [ template_filter ] --START--
INFO: Run Behavior\ContentReplaceBehavior [ RunTime:0.000227s ]
INFO: [ template_filter ] --END-- [ RunTime:0.000657s ]
INFO: Run Behavior\ParseTemplateBehavior [ RunTime:0.027569s ]
INFO: [ view_parse ] --END-- [ RunTime:0.027964s ]
INFO: [ view_filter ] --START--
INFO: Run Behavior\WriteHtmlCacheBehavior [ RunTime:0.001554s ]
INFO: [ view_filter ] --END-- [ RunTime:0.001967s ]

[ 2016-02-07T14:21:43+08:00 ] ::1 /index.php/Admin/Index/index.html
INFO: [ app_init ] --START--
INFO: Run Behavior\BuildLiteBehavior [ RunTime:0.000062s ]
INFO: [ app_init ] --END-- [ RunTime:0.001181s ]
INFO: [ app_begin ] --START--
INFO: Run Behavior\ReadHtmlCacheBehavior [ RunTime:0.001951s ]
INFO: [ app_begin ] --END-- [ RunTime:0.002290s ]
NOTIC: [8] Undefined index: admin D:\wamp\www\Application\Admin\Controller\BaseController.class.php 第 13 行.
NOTIC: [8] Use of undefined constant Login - assumed 'Login' D:\wamp\www\Application\Admin\Controller\BaseController.class.php 第 15 行.
NOTIC: [8] Use of undefined constant login - assumed 'login' D:\wamp\www\Application\Admin\Controller\BaseController.class.php 第 15 行.
NOTIC: [2] Division by zero D:\wamp\www\Application\Admin\Controller\BaseController.class.php 第 15 行.
INFO: [ view_parse ] --START--
INFO: [ template_filter ] --START--
INFO: Run Behavior\ContentReplaceBehavior [ RunTime:0.000155s ]
INFO: [ template_filter ] --END-- [ RunTime:0.000446s ]
INFO: Run Behavior\ParseTemplateBehavior [ RunTime:0.017461s ]
INFO: [ view_parse ] --END-- [ RunTime:0.018702s ]
INFO: [ view_filter ] --START--
INFO: Run Behavior\WriteHtmlCacheBehavior [ RunTime:0.002243s ]
INFO: [ view_filter ] --END-- [ RunTime:0.002605s ]

