[ 2016-04-09T08:55:07+08:00 ] ::1 /shop/index.php/Admin/Index/order.php?act=back_list
ERR: 非法操作:order.php

[ 2016-04-09T08:55:07+08:00 ] ::1 /shop/index.php/Admin/Index/order.php?act=delivery_list
ERR: 非法操作:order.php

[ 2016-04-09T08:55:08+08:00 ] ::1 /shop/index.php/Admin/Index/order.php?act=add
ERR: 非法操作:order.php

[ 2016-04-09T11:39:41+08:00 ] ::1 /shop/index.php/Admin/Index/order.php?act=back_list
ERR: 非法操作:order.php

[ 2016-04-09T11:39:41+08:00 ] ::1 /shop/index.php/Admin/Index/order.php?act=delivery_list
ERR: 非法操作:order.php

[ 2016-04-09T11:39:42+08:00 ] ::1 /shop/index.php/Admin/Index/order.php?act=add
ERR: 非法操作:order.php

[ 2016-04-09T11:39:42+08:00 ] ::1 /shop/index.php/Admin/Index/order.php?act=list
ERR: 非法操作:order.php

[ 2016-04-09T11:43:19+08:00 ] ::1 /shop/index.php/Admin/Index/order.php?act=delivery_list
ERR: 非法操作:order.php

[ 2016-04-09T11:43:20+08:00 ] ::1 /shop/index.php/Admin/Index/order.php?act=add
ERR: 非法操作:order.php

[ 2016-04-09T11:43:21+08:00 ] ::1 /shop/index.php/Admin/Index/order.php?act=list
ERR: 非法操作:order.php

[ 2016-04-09T18:15:00+08:00 ] ::1 /shop/index.php/Admin/Attribute/getAttrs?type_id=1
INFO: [ app_begin ] --START--
INFO: Run Behavior\ReadHtmlCacheBehavior [ RunTime:0.002657s ]
INFO: [ app_begin ] --END-- [ RunTime:0.004033s ]
NOTIC: [8192] mysql_connect(): The mysql extension is deprecated and will be removed in the future: use mysqli or PDO instead D:\wamp\www\shop\ThinkPHP\Library\Think\Db\Driver\Mysql.class.php 第 52 行.
SQL: SHOW COLUMNS FROM `cz_attribute` [ RunTime:0.008751s ]
SQL: SELECT * FROM `cz_attribute` WHERE `type_id` = 1  [ RunTime:0.000564s ]
NOTIC: [2] Invalid argument supplied for foreach() D:\wamp\www\shop\Application\Admin\Model\AttributeModel.class.php 第 30 行.

[ 2016-04-09T18:16:52+08:00 ] ::1 /shop/index.php/Admin/Attribute/getAttrs?type_id=1
INFO: [ app_begin ] --START--
INFO: Run Behavior\ReadHtmlCacheBehavior [ RunTime:0.006673s ]
INFO: [ app_begin ] --END-- [ RunTime:0.046809s ]
NOTIC: [8192] mysql_connect(): The mysql extension is deprecated and will be removed in the future: use mysqli or PDO instead D:\wamp\www\shop\ThinkPHP\Library\Think\Db\Driver\Mysql.class.php 第 52 行.
SQL: SHOW COLUMNS FROM `cz_attribute` [ RunTime:0.008954s ]
SQL: SELECT * FROM `cz_attribute` WHERE `type_id` = 1  [ RunTime:0.000541s ]
NOTIC: [2] Invalid argument supplied for foreach() D:\wamp\www\shop\Application\Admin\Model\AttributeModel.class.php 第 30 行.

[ 2016-04-09T20:47:40+08:00 ] ::1 /shop/index.php/Admin/Attribute/getAttrs?type_id=1
INFO: [ app_begin ] --START--
INFO: Run Behavior\ReadHtmlCacheBehavior [ RunTime:0.001488s ]
INFO: [ app_begin ] --END-- [ RunTime:0.002545s ]
NOTIC: [8192] mysql_connect(): The mysql extension is deprecated and will be removed in the future: use mysqli or PDO instead D:\wamp\www\shop\ThinkPHP\Library\Think\Db\Driver\Mysql.class.php 第 52 行.
SQL: SHOW COLUMNS FROM `cz_attribute` [ RunTime:0.009423s ]
SQL: SELECT * FROM `cz_attribute` WHERE `type_id` = 1  [ RunTime:0.000784s ]
NOTIC: [2] Invalid argument supplied for foreach() D:\wamp\www\shop\Application\Admin\Model\AttributeModel.class.php 第 30 行.

