[ 2016-05-10T15:56:50+08:00 ] ::1 /shop/index.php/admin/index.php
ERR: 无法加载控制器:Index.php

[ 2016-05-10T15:58:54+08:00 ] ::1 /shop/index.php/Admin/Index/order.php?act=list
ERR: 非法操作:order.php

[ 2016-05-10T16:12:59+08:00 ] ::1 /shop/index.php/Admin/Index/order.php?act=list
ERR: 非法操作:order.php

[ 2016-05-10T16:13:00+08:00 ] ::1 /shop/index.php/Admin/Index/order.php?act=list
ERR: 非法操作:order.php

[ 2016-05-10T16:13:00+08:00 ] ::1 /shop/index.php/Admin/Index/order.php?act=list
ERR: 非法操作:order.php

[ 2016-05-10T16:13:01+08:00 ] ::1 /shop/index.php/Admin/Index/order.php?act=list
ERR: 非法操作:order.php

[ 2016-05-10T16:13:13+08:00 ] ::1 /shop/index.php/Admin/Index/order.php?act=list
ERR: 非法操作:order.php

[ 2016-05-10T16:13:14+08:00 ] ::1 /shop/index.php/Admin/Index/order.php?act=list
ERR: 非法操作:order.php

[ 2016-05-10T16:13:14+08:00 ] ::1 /shop/index.php/Admin/Index/order.php?act=list
ERR: 非法操作:order.php

[ 2016-05-10T16:13:14+08:00 ] ::1 /shop/index.php/Admin/Index/order.php?act=list
ERR: 非法操作:order.php

[ 2016-05-10T17:56:07+08:00 ] ::1 /shop/index.php/Admin/Index/order.php?act=add
ERR: 非法操作:order.php

