[ 2017-05-10T15:20:27+08:00 ] ::1 /shop/index.php/admin/
INFO: [ app_init ] --START--
INFO: Run Behavior\BuildLiteBehavior [ RunTime:0.000000s ]
INFO: [ app_init ] --END-- [ RunTime:0.001000s ]
INFO: [ app_begin ] --START--
INFO: Run Behavior\ReadHtmlCacheBehavior [ RunTime:0.000000s ]
INFO: [ app_begin ] --END-- [ RunTime:0.000000s ]
NOTIC: [8] Undefined index: admin C:\xampp\htdocs\shop\Application\Admin\Controller\BaseController.class.php 第 24 行.
INFO: [ view_parse ] --START--
INFO: [ template_filter ] --START--
INFO: Run Behavior\ContentReplaceBehavior [ RunTime:0.000000s ]
INFO: [ template_filter ] --END-- [ RunTime:0.000000s ]
INFO: Run Behavior\ParseTemplateBehavior [ RunTime:0.007000s ]
INFO: [ view_parse ] --END-- [ RunTime:0.007000s ]
INFO: [ view_filter ] --START--
INFO: Run Behavior\WriteHtmlCacheBehavior [ RunTime:0.001000s ]
INFO: [ view_filter ] --END-- [ RunTime:0.001000s ]

[ 2017-05-10T15:20:30+08:00 ] ::1 /shop/index.php/Admin/Login/login.html
INFO: [ app_init ] --START--
INFO: Run Behavior\BuildLiteBehavior [ RunTime:0.000000s ]
INFO: [ app_init ] --END-- [ RunTime:0.000000s ]
INFO: [ app_begin ] --START--
INFO: Run Behavior\ReadHtmlCacheBehavior [ RunTime:0.001000s ]
INFO: [ app_begin ] --END-- [ RunTime:0.001000s ]
INFO: [ view_parse ] --START--
INFO: [ template_filter ] --START--
INFO: Run Behavior\ContentReplaceBehavior [ RunTime:0.000000s ]
INFO: [ template_filter ] --END-- [ RunTime:0.000000s ]
INFO: Run Behavior\ParseTemplateBehavior [ RunTime:0.007001s ]
INFO: [ view_parse ] --END-- [ RunTime:0.007001s ]
INFO: [ view_filter ] --START--
INFO: Run Behavior\WriteHtmlCacheBehavior [ RunTime:0.000000s ]
INFO: [ view_filter ] --END-- [ RunTime:0.000000s ]
INFO: [ app_end ] --START--
INFO: Run Behavior\ShowPageTraceBehavior [ RunTime:0.001000s ]
INFO: [ app_end ] --END-- [ RunTime:0.001000s ]

[ 2017-05-10T15:20:30+08:00 ] ::1 /shop/index.php/Admin/Login/code
INFO: [ app_init ] --START--
INFO: Run Behavior\BuildLiteBehavior [ RunTime:0.000000s ]
INFO: [ app_init ] --END-- [ RunTime:0.004000s ]
INFO: [ app_begin ] --START--
INFO: Run Behavior\ReadHtmlCacheBehavior [ RunTime:0.001000s ]
INFO: [ app_begin ] --END-- [ RunTime:0.001000s ]
INFO: [ app_end ] --START--
INFO: Run Behavior\ShowPageTraceBehavior [ RunTime:0.001000s ]
INFO: [ app_end ] --END-- [ RunTime:0.001000s ]

[ 2017-05-10T15:28:13+08:00 ] ::1 /shop/index.php/Admin/Login/login.html
INFO: [ app_init ] --START--
INFO: Run Behavior\BuildLiteBehavior [ RunTime:0.000000s ]
INFO: [ app_init ] --END-- [ RunTime:0.001000s ]
INFO: [ app_begin ] --START--
INFO: Run Behavior\ReadHtmlCacheBehavior [ RunTime:0.001001s ]
INFO: [ app_begin ] --END-- [ RunTime:0.002001s ]
INFO: [ view_parse ] --START--
INFO: [ template_filter ] --START--
INFO: Run Behavior\ContentReplaceBehavior [ RunTime:0.000000s ]
INFO: [ template_filter ] --END-- [ RunTime:0.000000s ]
INFO: Run Behavior\ParseTemplateBehavior [ RunTime:0.007000s ]
INFO: [ view_parse ] --END-- [ RunTime:0.007000s ]
INFO: [ view_filter ] --START--
INFO: Run Behavior\WriteHtmlCacheBehavior [ RunTime:0.001000s ]
INFO: [ view_filter ] --END-- [ RunTime:0.001000s ]
INFO: [ app_end ] --START--
INFO: Run Behavior\ShowPageTraceBehavior [ RunTime:0.001000s ]
INFO: [ app_end ] --END-- [ RunTime:0.001000s ]

[ 2017-05-10T15:28:13+08:00 ] ::1 /shop/index.php/Admin/Login/code
INFO: [ app_init ] --START--
INFO: Run Behavior\BuildLiteBehavior [ RunTime:0.000000s ]
INFO: [ app_init ] --END-- [ RunTime:0.000000s ]
INFO: [ app_begin ] --START--
INFO: Run Behavior\ReadHtmlCacheBehavior [ RunTime:0.002000s ]
INFO: [ app_begin ] --END-- [ RunTime:0.002000s ]
INFO: [ app_end ] --START--
INFO: Run Behavior\ShowPageTraceBehavior [ RunTime:0.001000s ]
INFO: [ app_end ] --END-- [ RunTime:0.002000s ]

[ 2017-05-10T15:28:20+08:00 ] ::1 /shop/index.php/Admin/Login/code/0.9647518899217205
INFO: [ app_init ] --START--
INFO: Run Behavior\BuildLiteBehavior [ RunTime:0.000000s ]
INFO: [ app_init ] --END-- [ RunTime:0.000000s ]
INFO: [ app_begin ] --START--
INFO: Run Behavior\ReadHtmlCacheBehavior [ RunTime:0.000000s ]
INFO: [ app_begin ] --END-- [ RunTime:0.001000s ]
INFO: [ app_end ] --START--
INFO: Run Behavior\ShowPageTraceBehavior [ RunTime:0.001000s ]
INFO: [ app_end ] --END-- [ RunTime:0.001000s ]

[ 2017-05-10T15:28:22+08:00 ] ::1 /shop/index.php/Admin/Login/code/0.4567690362296213
INFO: [ app_init ] --START--
INFO: Run Behavior\BuildLiteBehavior [ RunTime:0.000000s ]
INFO: [ app_init ] --END-- [ RunTime:0.000000s ]
INFO: [ app_begin ] --START--
INFO: Run Behavior\ReadHtmlCacheBehavior [ RunTime:0.000000s ]
INFO: [ app_begin ] --END-- [ RunTime:0.000000s ]
INFO: [ app_end ] --START--
INFO: Run Behavior\ShowPageTraceBehavior [ RunTime:0.000000s ]
INFO: [ app_end ] --END-- [ RunTime:0.000000s ]

[ 2017-05-10T15:28:23+08:00 ] ::1 /shop/index.php/Admin/Login/code/0.9108890748352896
INFO: [ app_init ] --START--
INFO: Run Behavior\BuildLiteBehavior [ RunTime:0.000000s ]
INFO: [ app_init ] --END-- [ RunTime:0.001000s ]
INFO: [ app_begin ] --START--
INFO: Run Behavior\ReadHtmlCacheBehavior [ RunTime:0.000000s ]
INFO: [ app_begin ] --END-- [ RunTime:0.001000s ]
INFO: [ app_end ] --START--
INFO: Run Behavior\ShowPageTraceBehavior [ RunTime:0.000000s ]
INFO: [ app_end ] --END-- [ RunTime:0.000000s ]

[ 2017-05-10T15:28:30+08:00 ] ::1 /shop/index.php/Admin/Login/login.html
INFO: [ app_init ] --START--
INFO: Run Behavior\BuildLiteBehavior [ RunTime:0.000000s ]
INFO: [ app_init ] --END-- [ RunTime:0.001000s ]
INFO: [ app_begin ] --START--
INFO: Run Behavior\ReadHtmlCacheBehavior [ RunTime:0.001000s ]
INFO: [ app_begin ] --END-- [ RunTime:0.001000s ]
INFO: [ view_parse ] --START--
INFO: [ template_filter ] --START--
INFO: Run Behavior\ContentReplaceBehavior [ RunTime:0.000000s ]
INFO: [ template_filter ] --END-- [ RunTime:0.000000s ]
INFO: Run Behavior\ParseTemplateBehavior [ RunTime:0.008000s ]
INFO: [ view_parse ] --END-- [ RunTime:0.008000s ]
INFO: [ view_filter ] --START--
INFO: Run Behavior\WriteHtmlCacheBehavior [ RunTime:0.001000s ]
INFO: [ view_filter ] --END-- [ RunTime:0.001000s ]

[ 2017-05-10T15:28:33+08:00 ] ::1 /shop/index.php/Admin/Login/login.html
INFO: [ app_init ] --START--
INFO: Run Behavior\BuildLiteBehavior [ RunTime:0.000000s ]
INFO: [ app_init ] --END-- [ RunTime:0.001000s ]
INFO: [ app_begin ] --START--
INFO: Run Behavior\ReadHtmlCacheBehavior [ RunTime:0.001000s ]
INFO: [ app_begin ] --END-- [ RunTime:0.001000s ]
INFO: [ view_parse ] --START--
INFO: [ template_filter ] --START--
INFO: Run Behavior\ContentReplaceBehavior [ RunTime:0.000000s ]
INFO: [ template_filter ] --END-- [ RunTime:0.000000s ]
INFO: Run Behavior\ParseTemplateBehavior [ RunTime:0.007000s ]
INFO: [ view_parse ] --END-- [ RunTime:0.007000s ]
INFO: [ view_filter ] --START--
INFO: Run Behavior\WriteHtmlCacheBehavior [ RunTime:0.000000s ]
INFO: [ view_filter ] --END-- [ RunTime:0.000000s ]
INFO: [ app_end ] --START--
INFO: Run Behavior\ShowPageTraceBehavior [ RunTime:0.000000s ]
INFO: [ app_end ] --END-- [ RunTime:0.000000s ]

[ 2017-05-10T15:29:36+08:00 ] ::1 /shop/index.php/Admin/Login/code/0.6752031299916614
INFO: [ app_init ] --START--
INFO: Run Behavior\BuildLiteBehavior [ RunTime:0.000000s ]
INFO: [ app_init ] --END-- [ RunTime:0.001000s ]
INFO: [ app_begin ] --START--
INFO: Run Behavior\ReadHtmlCacheBehavior [ RunTime:0.001000s ]
INFO: [ app_begin ] --END-- [ RunTime:0.001000s ]
INFO: [ app_end ] --START--
INFO: Run Behavior\ShowPageTraceBehavior [ RunTime:0.000000s ]
INFO: [ app_end ] --END-- [ RunTime:0.001000s ]

[ 2017-05-10T15:29:44+08:00 ] ::1 /shop/index.php/Admin/Login/login.html
INFO: [ app_init ] --START--
INFO: Run Behavior\BuildLiteBehavior [ RunTime:0.000000s ]
INFO: [ app_init ] --END-- [ RunTime:0.000000s ]
INFO: [ app_begin ] --START--
INFO: Run Behavior\ReadHtmlCacheBehavior [ RunTime:0.000000s ]
INFO: [ app_begin ] --END-- [ RunTime:0.000000s ]
NOTIC: [8192] mysql_connect(): The mysql extension is deprecated and will be removed in the future: use mysqli or PDO instead C:\xampp\htdocs\shop\ThinkPHP\Library\Think\Db\Driver\Mysql.class.php 第 52 行.
SQL: SHOW COLUMNS FROM `cz_admin` [ RunTime:0.005001s ]
SQL: SELECT * FROM `cz_admin` WHERE `admin_name` = 'admin' AND `password` = '21232f297a57a5a743894a0e4a801fc3' LIMIT 1   [ RunTime:0.000000s ]
INFO: [ view_parse ] --START--
INFO: [ template_filter ] --START--
INFO: Run Behavior\ContentReplaceBehavior [ RunTime:0.000000s ]
INFO: [ template_filter ] --END-- [ RunTime:0.000000s ]
INFO: Run Behavior\ParseTemplateBehavior [ RunTime:0.007000s ]
INFO: [ view_parse ] --END-- [ RunTime:0.007000s ]
INFO: [ view_filter ] --START--
INFO: Run Behavior\WriteHtmlCacheBehavior [ RunTime:0.001000s ]
INFO: [ view_filter ] --END-- [ RunTime:0.001000s ]
INFO: [ app_end ] --START--
INFO: Run Behavior\ShowPageTraceBehavior [ RunTime:0.000000s ]
INFO: [ app_end ] --END-- [ RunTime:0.000000s ]

[ 2017-05-10T15:29:45+08:00 ] ::1 /shop/index.php/Admin/Index/index.html
INFO: [ app_init ] --START--
INFO: Run Behavior\BuildLiteBehavior [ RunTime:0.000000s ]
INFO: [ app_init ] --END-- [ RunTime:0.000000s ]
INFO: [ app_begin ] --START--
INFO: Run Behavior\ReadHtmlCacheBehavior [ RunTime:0.001000s ]
INFO: [ app_begin ] --END-- [ RunTime:0.001000s ]
NOTIC: [8] Use of undefined constant top - assumed 'top' C:\xampp\htdocs\shop\Application\Admin\Controller\BaseController.class.php 第 13 行.
NOTIC: [8] Use of undefined constant menu - assumed 'menu' C:\xampp\htdocs\shop\Application\Admin\Controller\BaseController.class.php 第 13 行.
NOTIC: [8] Use of undefined constant drag - assumed 'drag' C:\xampp\htdocs\shop\Application\Admin\Controller\BaseController.class.php 第 13 行.
NOTIC: [8] Use of undefined constant main - assumed 'main' C:\xampp\htdocs\shop\Application\Admin\Controller\BaseController.class.php 第 13 行.
NOTIC: [8192] mysql_connect(): The mysql extension is deprecated and will be removed in the future: use mysqli or PDO instead C:\xampp\htdocs\shop\ThinkPHP\Library\Think\Db\Driver\Mysql.class.php 第 52 行.
SQL: SHOW COLUMNS FROM `cz_auth_group_access` [ RunTime:0.005000s ]
SQL: SELECT `rules` FROM cz_auth_group_access a INNER JOIN cz_auth_group g on a.group_id=g.id  WHERE ( a.uid='1' and g.status='1' )  [ RunTime:0.000000s ]
SQL: SHOW COLUMNS FROM `cz_auth_rule` [ RunTime:0.005001s ]
SQL: SELECT `condition`,`name` FROM `cz_auth_rule` WHERE `id` IN ('1','2','3','8','9') AND `type` = 1 AND `status` = 1  [ RunTime:0.001000s ]
INFO: [ view_parse ] --START--
INFO: [ template_filter ] --START--
INFO: Run Behavior\ContentReplaceBehavior [ RunTime:0.000000s ]
INFO: [ template_filter ] --END-- [ RunTime:0.000000s ]
NOTIC: [8] Undefined variable: shop_url C:\xampp\htdocs\shop\Application\Runtime\Cache\Admin\b595b808c2ebeeeb0478ffc30bb4e87a.php 第 16 行.
INFO: Run Behavior\ParseTemplateBehavior [ RunTime:0.006000s ]
INFO: [ view_parse ] --END-- [ RunTime:0.006000s ]
INFO: [ view_filter ] --START--
INFO: Run Behavior\WriteHtmlCacheBehavior [ RunTime:0.001000s ]
INFO: [ view_filter ] --END-- [ RunTime:0.001000s ]
INFO: [ app_end ] --START--
INFO: Run Behavior\ShowPageTraceBehavior [ RunTime:0.001000s ]
INFO: [ app_end ] --END-- [ RunTime:0.001000s ]

[ 2017-05-10T15:29:45+08:00 ] ::1 /shop/index.php/Admin/Index/top
INFO: [ app_init ] --START--
INFO: Run Behavior\BuildLiteBehavior [ RunTime:0.000000s ]
INFO: [ app_init ] --END-- [ RunTime:0.004000s ]
INFO: [ app_begin ] --START--
INFO: Run Behavior\ReadHtmlCacheBehavior [ RunTime:0.001000s ]
INFO: [ app_begin ] --END-- [ RunTime:0.001000s ]
NOTIC: [8] Use of undefined constant top - assumed 'top' C:\xampp\htdocs\shop\Application\Admin\Controller\BaseController.class.php 第 13 行.
INFO: [ view_parse ] --START--
INFO: [ template_filter ] --START--
INFO: Run Behavior\ContentReplaceBehavior [ RunTime:0.000000s ]
INFO: [ template_filter ] --END-- [ RunTime:0.000000s ]
INFO: Run Behavior\ParseTemplateBehavior [ RunTime:0.008001s ]
INFO: [ view_parse ] --END-- [ RunTime:0.008001s ]
INFO: [ view_filter ] --START--
INFO: Run Behavior\WriteHtmlCacheBehavior [ RunTime:0.000000s ]
INFO: [ view_filter ] --END-- [ RunTime:0.000000s ]
INFO: [ app_end ] --START--
INFO: Run Behavior\ShowPageTraceBehavior [ RunTime:0.001000s ]
INFO: [ app_end ] --END-- [ RunTime:0.001000s ]

[ 2017-05-10T15:29:45+08:00 ] ::1 /shop/index.php/Admin/Index/menu
INFO: [ app_init ] --START--
INFO: Run Behavior\BuildLiteBehavior [ RunTime:0.000000s ]
INFO: [ app_init ] --END-- [ RunTime:0.001000s ]
INFO: [ app_begin ] --START--
INFO: Run Behavior\ReadHtmlCacheBehavior [ RunTime:0.001000s ]
INFO: [ app_begin ] --END-- [ RunTime:0.001000s ]
NOTIC: [8] Use of undefined constant top - assumed 'top' C:\xampp\htdocs\shop\Application\Admin\Controller\BaseController.class.php 第 13 行.
NOTIC: [8] Use of undefined constant menu - assumed 'menu' C:\xampp\htdocs\shop\Application\Admin\Controller\BaseController.class.php 第 13 行.
NOTIC: [8192] mysql_connect(): The mysql extension is deprecated and will be removed in the future: use mysqli or PDO instead C:\xampp\htdocs\shop\ThinkPHP\Library\Think\Db\Driver\Mysql.class.php 第 52 行.
SQL: SHOW COLUMNS FROM `cz_auth_group_access` [ RunTime:0.005000s ]
SQL: SELECT * FROM `cz_auth_group_access` WHERE `group_id` = 1 LIMIT 1   [ RunTime:0.000000s ]
SQL: SHOW COLUMNS FROM `cz_auth_group` [ RunTime:0.007000s ]
SQL: SELECT * FROM `cz_auth_group` WHERE `id` = 1 LIMIT 1   [ RunTime:0.001001s ]
SQL: SHOW COLUMNS FROM `cz_auth_rule` [ RunTime:0.006000s ]
SQL: SELECT * FROM `cz_auth_rule` WHERE `id` = 1 LIMIT 1   [ RunTime:0.000000s ]
SQL: SELECT * FROM `cz_auth_rule` WHERE `id` = 2 LIMIT 1   [ RunTime:0.001000s ]
SQL: SELECT * FROM `cz_auth_rule` WHERE `id` = 3 LIMIT 1   [ RunTime:0.000000s ]
SQL: SELECT * FROM `cz_auth_rule` WHERE `id` = 8 LIMIT 1   [ RunTime:0.001000s ]
SQL: SELECT * FROM `cz_auth_rule` WHERE `id` = 9 LIMIT 1   [ RunTime:0.000000s ]
INFO: [ view_parse ] --START--
INFO: [ template_filter ] --START--
INFO: Run Behavior\ContentReplaceBehavior [ RunTime:0.001001s ]
INFO: [ template_filter ] --END-- [ RunTime:0.001001s ]
INFO: Run Behavior\ParseTemplateBehavior [ RunTime:0.008001s ]
INFO: [ view_parse ] --END-- [ RunTime:0.008001s ]
INFO: [ view_filter ] --START--
INFO: Run Behavior\WriteHtmlCacheBehavior [ RunTime:0.000000s ]
INFO: [ view_filter ] --END-- [ RunTime:0.001000s ]
INFO: [ app_end ] --START--
INFO: Run Behavior\ShowPageTraceBehavior [ RunTime:0.001000s ]
INFO: [ app_end ] --END-- [ RunTime:0.001000s ]

[ 2017-05-10T15:29:45+08:00 ] ::1 /shop/index.php/Admin/Index/drag
INFO: [ app_init ] --START--
INFO: Run Behavior\BuildLiteBehavior [ RunTime:0.000000s ]
INFO: [ app_init ] --END-- [ RunTime:0.001000s ]
INFO: [ app_begin ] --START--
INFO: Run Behavior\ReadHtmlCacheBehavior [ RunTime:0.001000s ]
INFO: [ app_begin ] --END-- [ RunTime:0.001000s ]
NOTIC: [8] Use of undefined constant top - assumed 'top' C:\xampp\htdocs\shop\Application\Admin\Controller\BaseController.class.php 第 13 行.
NOTIC: [8] Use of undefined constant menu - assumed 'menu' C:\xampp\htdocs\shop\Application\Admin\Controller\BaseController.class.php 第 13 行.
NOTIC: [8] Use of undefined constant drag - assumed 'drag' C:\xampp\htdocs\shop\Application\Admin\Controller\BaseController.class.php 第 13 行.
INFO: [ view_parse ] --START--
INFO: [ template_filter ] --START--
INFO: Run Behavior\ContentReplaceBehavior [ RunTime:0.000000s ]
INFO: [ template_filter ] --END-- [ RunTime:0.000000s ]
INFO: Run Behavior\ParseTemplateBehavior [ RunTime:0.009001s ]
INFO: [ view_parse ] --END-- [ RunTime:0.009001s ]
INFO: [ view_filter ] --START--
INFO: Run Behavior\WriteHtmlCacheBehavior [ RunTime:0.001000s ]
INFO: [ view_filter ] --END-- [ RunTime:0.001000s ]
INFO: [ app_end ] --START--
INFO: Run Behavior\ShowPageTraceBehavior [ RunTime:0.001000s ]
INFO: [ app_end ] --END-- [ RunTime:0.001000s ]

[ 2017-05-10T15:29:45+08:00 ] ::1 /shop/index.php/Admin/Index/main
INFO: [ app_init ] --START--
INFO: Run Behavior\BuildLiteBehavior [ RunTime:0.001000s ]
INFO: [ app_init ] --END-- [ RunTime:0.002000s ]
INFO: [ app_begin ] --START--
INFO: Run Behavior\ReadHtmlCacheBehavior [ RunTime:0.001001s ]
INFO: [ app_begin ] --END-- [ RunTime:0.001001s ]
NOTIC: [8] Use of undefined constant top - assumed 'top' C:\xampp\htdocs\shop\Application\Admin\Controller\BaseController.class.php 第 13 行.
NOTIC: [8] Use of undefined constant menu - assumed 'menu' C:\xampp\htdocs\shop\Application\Admin\Controller\BaseController.class.php 第 13 行.
NOTIC: [8] Use of undefined constant drag - assumed 'drag' C:\xampp\htdocs\shop\Application\Admin\Controller\BaseController.class.php 第 13 行.
NOTIC: [8] Use of undefined constant main - assumed 'main' C:\xampp\htdocs\shop\Application\Admin\Controller\BaseController.class.php 第 13 行.
INFO: [ view_parse ] --START--
INFO: [ template_filter ] --START--
INFO: Run Behavior\ContentReplaceBehavior [ RunTime:0.000000s ]
INFO: [ template_filter ] --END-- [ RunTime:0.000000s ]
INFO: Run Behavior\ParseTemplateBehavior [ RunTime:0.009001s ]
INFO: [ view_parse ] --END-- [ RunTime:0.009001s ]
INFO: [ view_filter ] --START--
INFO: Run Behavior\WriteHtmlCacheBehavior [ RunTime:0.001000s ]
INFO: [ view_filter ] --END-- [ RunTime:0.001000s ]
INFO: [ app_end ] --START--
INFO: Run Behavior\ShowPageTraceBehavior [ RunTime:0.001000s ]
INFO: [ app_end ] --END-- [ RunTime:0.001000s ]

[ 2017-05-10T15:29:48+08:00 ] ::1 /shop/index.php/Admin/Category/index
INFO: [ app_init ] --START--
INFO: Run Behavior\BuildLiteBehavior [ RunTime:0.000000s ]
INFO: [ app_init ] --END-- [ RunTime:0.001000s ]
INFO: [ app_begin ] --START--
INFO: Run Behavior\ReadHtmlCacheBehavior [ RunTime:0.000000s ]
INFO: [ app_begin ] --END-- [ RunTime:0.000000s ]
NOTIC: [8] Use of undefined constant top - assumed 'top' C:\xampp\htdocs\shop\Application\Admin\Controller\BaseController.class.php 第 13 行.
NOTIC: [8] Use of undefined constant menu - assumed 'menu' C:\xampp\htdocs\shop\Application\Admin\Controller\BaseController.class.php 第 13 行.
NOTIC: [8] Use of undefined constant drag - assumed 'drag' C:\xampp\htdocs\shop\Application\Admin\Controller\BaseController.class.php 第 13 行.
NOTIC: [8] Use of undefined constant main - assumed 'main' C:\xampp\htdocs\shop\Application\Admin\Controller\BaseController.class.php 第 13 行.
NOTIC: [8192] mysql_connect(): The mysql extension is deprecated and will be removed in the future: use mysqli or PDO instead C:\xampp\htdocs\shop\ThinkPHP\Library\Think\Db\Driver\Mysql.class.php 第 52 行.
SQL: SHOW COLUMNS FROM `cz_auth_group_access` [ RunTime:0.004000s ]
SQL: SELECT `rules` FROM cz_auth_group_access a INNER JOIN cz_auth_group g on a.group_id=g.id  WHERE ( a.uid='1' and g.status='1' )  [ RunTime:0.000000s ]
SQL: SHOW COLUMNS FROM `cz_auth_rule` [ RunTime:0.005000s ]
SQL: SELECT `condition`,`name` FROM `cz_auth_rule` WHERE `id` IN ('1','2','3','8','9') AND `type` = 1 AND `status` = 1  [ RunTime:0.001000s ]
SQL: SHOW COLUMNS FROM `cz_category` [ RunTime:0.005001s ]
SQL: SELECT * FROM `cz_category`  [ RunTime:0.001000s ]
INFO: [ view_parse ] --START--
INFO: [ template_filter ] --START--
INFO: Run Behavior\ContentReplaceBehavior [ RunTime:0.000000s ]
INFO: [ template_filter ] --END-- [ RunTime:0.000000s ]
INFO: Run Behavior\ParseTemplateBehavior [ RunTime:0.008000s ]
INFO: [ view_parse ] --END-- [ RunTime:0.008000s ]
INFO: [ view_filter ] --START--
INFO: Run Behavior\WriteHtmlCacheBehavior [ RunTime:0.001000s ]
INFO: [ view_filter ] --END-- [ RunTime:0.001000s ]
INFO: [ app_end ] --START--
INFO: Run Behavior\ShowPageTraceBehavior [ RunTime:0.002000s ]
INFO: [ app_end ] --END-- [ RunTime:0.002000s ]

[ 2017-05-10T15:29:49+08:00 ] ::1 /shop/index.php/Admin/Brand/index
INFO: [ app_init ] --START--
INFO: Run Behavior\BuildLiteBehavior [ RunTime:0.000000s ]
INFO: [ app_init ] --END-- [ RunTime:0.000000s ]
INFO: [ app_begin ] --START--
INFO: Run Behavior\ReadHtmlCacheBehavior [ RunTime:0.001000s ]
INFO: [ app_begin ] --END-- [ RunTime:0.001000s ]
NOTIC: [8] Use of undefined constant top - assumed 'top' C:\xampp\htdocs\shop\Application\Admin\Controller\BaseController.class.php 第 13 行.
NOTIC: [8] Use of undefined constant menu - assumed 'menu' C:\xampp\htdocs\shop\Application\Admin\Controller\BaseController.class.php 第 13 行.
NOTIC: [8] Use of undefined constant drag - assumed 'drag' C:\xampp\htdocs\shop\Application\Admin\Controller\BaseController.class.php 第 13 行.
NOTIC: [8] Use of undefined constant main - assumed 'main' C:\xampp\htdocs\shop\Application\Admin\Controller\BaseController.class.php 第 13 行.
NOTIC: [8192] mysql_connect(): The mysql extension is deprecated and will be removed in the future: use mysqli or PDO instead C:\xampp\htdocs\shop\ThinkPHP\Library\Think\Db\Driver\Mysql.class.php 第 52 行.
SQL: SHOW COLUMNS FROM `cz_auth_group_access` [ RunTime:0.005000s ]
SQL: SELECT `rules` FROM cz_auth_group_access a INNER JOIN cz_auth_group g on a.group_id=g.id  WHERE ( a.uid='1' and g.status='1' )  [ RunTime:0.000000s ]
SQL: SHOW COLUMNS FROM `cz_auth_rule` [ RunTime:0.005000s ]
SQL: SELECT `condition`,`name` FROM `cz_auth_rule` WHERE `id` IN ('1','2','3','8','9') AND `type` = 1 AND `status` = 1  [ RunTime:0.001000s ]
INFO: [ view_parse ] --START--
INFO: [ template_filter ] --START--
INFO: Run Behavior\ContentReplaceBehavior [ RunTime:0.000000s ]
INFO: [ template_filter ] --END-- [ RunTime:0.000000s ]
INFO: Run Behavior\ParseTemplateBehavior [ RunTime:0.006001s ]
INFO: [ view_parse ] --END-- [ RunTime:0.006001s ]
INFO: [ view_filter ] --START--
INFO: Run Behavior\WriteHtmlCacheBehavior [ RunTime:0.000000s ]
INFO: [ view_filter ] --END-- [ RunTime:0.000000s ]

[ 2017-05-10T15:29:51+08:00 ] ::1 /shop/index.php/Admin/Type/index
INFO: [ app_init ] --START--
INFO: Run Behavior\BuildLiteBehavior [ RunTime:0.000000s ]
INFO: [ app_init ] --END-- [ RunTime:0.000000s ]
INFO: [ app_begin ] --START--
INFO: Run Behavior\ReadHtmlCacheBehavior [ RunTime:0.001000s ]
INFO: [ app_begin ] --END-- [ RunTime:0.001000s ]
NOTIC: [8] Use of undefined constant top - assumed 'top' C:\xampp\htdocs\shop\Application\Admin\Controller\BaseController.class.php 第 13 行.
NOTIC: [8] Use of undefined constant menu - assumed 'menu' C:\xampp\htdocs\shop\Application\Admin\Controller\BaseController.class.php 第 13 行.
NOTIC: [8] Use of undefined constant drag - assumed 'drag' C:\xampp\htdocs\shop\Application\Admin\Controller\BaseController.class.php 第 13 行.
NOTIC: [8] Use of undefined constant main - assumed 'main' C:\xampp\htdocs\shop\Application\Admin\Controller\BaseController.class.php 第 13 行.
NOTIC: [8192] mysql_connect(): The mysql extension is deprecated and will be removed in the future: use mysqli or PDO instead C:\xampp\htdocs\shop\ThinkPHP\Library\Think\Db\Driver\Mysql.class.php 第 52 行.
SQL: SHOW COLUMNS FROM `cz_auth_group_access` [ RunTime:0.005001s ]
SQL: SELECT `rules` FROM cz_auth_group_access a INNER JOIN cz_auth_group g on a.group_id=g.id  WHERE ( a.uid='1' and g.status='1' )  [ RunTime:0.001000s ]
SQL: SHOW COLUMNS FROM `cz_auth_rule` [ RunTime:0.004000s ]
SQL: SELECT `condition`,`name` FROM `cz_auth_rule` WHERE `id` IN ('1','2','3','8','9') AND `type` = 1 AND `status` = 1  [ RunTime:0.000000s ]
INFO: [ view_parse ] --START--
INFO: [ template_filter ] --START--
INFO: Run Behavior\ContentReplaceBehavior [ RunTime:0.000000s ]
INFO: [ template_filter ] --END-- [ RunTime:0.000000s ]
INFO: Run Behavior\ParseTemplateBehavior [ RunTime:0.005000s ]
INFO: [ view_parse ] --END-- [ RunTime:0.006000s ]
INFO: [ view_filter ] --START--
INFO: Run Behavior\WriteHtmlCacheBehavior [ RunTime:0.001000s ]
INFO: [ view_filter ] --END-- [ RunTime:0.001000s ]

[ 2017-05-10T15:29:51+08:00 ] ::1 /shop/index.php/Admin/Goods/add
INFO: [ app_init ] --START--
INFO: Run Behavior\BuildLiteBehavior [ RunTime:0.000000s ]
INFO: [ app_init ] --END-- [ RunTime:0.000000s ]
INFO: [ app_begin ] --START--
INFO: Run Behavior\ReadHtmlCacheBehavior [ RunTime:0.000000s ]
INFO: [ app_begin ] --END-- [ RunTime:0.000000s ]
NOTIC: [8] Use of undefined constant top - assumed 'top' C:\xampp\htdocs\shop\Application\Admin\Controller\BaseController.class.php 第 13 行.
NOTIC: [8] Use of undefined constant menu - assumed 'menu' C:\xampp\htdocs\shop\Application\Admin\Controller\BaseController.class.php 第 13 行.
NOTIC: [8] Use of undefined constant drag - assumed 'drag' C:\xampp\htdocs\shop\Application\Admin\Controller\BaseController.class.php 第 13 行.
NOTIC: [8] Use of undefined constant main - assumed 'main' C:\xampp\htdocs\shop\Application\Admin\Controller\BaseController.class.php 第 13 行.
NOTIC: [8192] mysql_connect(): The mysql extension is deprecated and will be removed in the future: use mysqli or PDO instead C:\xampp\htdocs\shop\ThinkPHP\Library\Think\Db\Driver\Mysql.class.php 第 52 行.
SQL: SHOW COLUMNS FROM `cz_auth_group_access` [ RunTime:0.005000s ]
SQL: SELECT `rules` FROM cz_auth_group_access a INNER JOIN cz_auth_group g on a.group_id=g.id  WHERE ( a.uid='1' and g.status='1' )  [ RunTime:0.000000s ]
SQL: SHOW COLUMNS FROM `cz_auth_rule` [ RunTime:0.006000s ]
SQL: SELECT `condition`,`name` FROM `cz_auth_rule` WHERE `id` IN ('1','2','3','8','9') AND `type` = 1 AND `status` = 1  [ RunTime:0.001001s ]
INFO: [ view_parse ] --START--
INFO: [ template_filter ] --START--
INFO: Run Behavior\ContentReplaceBehavior [ RunTime:0.000000s ]
INFO: [ template_filter ] --END-- [ RunTime:0.000000s ]
INFO: Run Behavior\ParseTemplateBehavior [ RunTime:0.005000s ]
INFO: [ view_parse ] --END-- [ RunTime:0.005000s ]
INFO: [ view_filter ] --START--
INFO: Run Behavior\WriteHtmlCacheBehavior [ RunTime:0.001000s ]
INFO: [ view_filter ] --END-- [ RunTime:0.001000s ]

[ 2017-05-10T15:29:52+08:00 ] ::1 /shop/index.php/Admin/Goods/index
INFO: [ app_init ] --START--
INFO: Run Behavior\BuildLiteBehavior [ RunTime:0.000000s ]
INFO: [ app_init ] --END-- [ RunTime:0.001000s ]
INFO: [ app_begin ] --START--
INFO: Run Behavior\ReadHtmlCacheBehavior [ RunTime:0.000000s ]
INFO: [ app_begin ] --END-- [ RunTime:0.000000s ]
NOTIC: [8] Use of undefined constant top - assumed 'top' C:\xampp\htdocs\shop\Application\Admin\Controller\BaseController.class.php 第 13 行.
NOTIC: [8] Use of undefined constant menu - assumed 'menu' C:\xampp\htdocs\shop\Application\Admin\Controller\BaseController.class.php 第 13 行.
NOTIC: [8] Use of undefined constant drag - assumed 'drag' C:\xampp\htdocs\shop\Application\Admin\Controller\BaseController.class.php 第 13 行.
NOTIC: [8] Use of undefined constant main - assumed 'main' C:\xampp\htdocs\shop\Application\Admin\Controller\BaseController.class.php 第 13 行.
NOTIC: [8192] mysql_connect(): The mysql extension is deprecated and will be removed in the future: use mysqli or PDO instead C:\xampp\htdocs\shop\ThinkPHP\Library\Think\Db\Driver\Mysql.class.php 第 52 行.
SQL: SHOW COLUMNS FROM `cz_auth_group_access` [ RunTime:0.005000s ]
SQL: SELECT `rules` FROM cz_auth_group_access a INNER JOIN cz_auth_group g on a.group_id=g.id  WHERE ( a.uid='1' and g.status='1' )  [ RunTime:0.000000s ]
SQL: SHOW COLUMNS FROM `cz_auth_rule` [ RunTime:0.004000s ]
SQL: SELECT `condition`,`name` FROM `cz_auth_rule` WHERE `id` IN ('1','2','3','8','9') AND `type` = 1 AND `status` = 1  [ RunTime:0.000000s ]
INFO: [ view_parse ] --START--
INFO: [ template_filter ] --START--
INFO: Run Behavior\ContentReplaceBehavior [ RunTime:0.001000s ]
INFO: [ template_filter ] --END-- [ RunTime:0.001000s ]
INFO: Run Behavior\ParseTemplateBehavior [ RunTime:0.006001s ]
INFO: [ view_parse ] --END-- [ RunTime:0.006001s ]
INFO: [ view_filter ] --START--
INFO: Run Behavior\WriteHtmlCacheBehavior [ RunTime:0.000000s ]
INFO: [ view_filter ] --END-- [ RunTime:0.000000s ]

[ 2017-05-10T15:29:52+08:00 ] ::1 /shop/index.php/Admin/Order/index
INFO: [ app_init ] --START--
INFO: Run Behavior\BuildLiteBehavior [ RunTime:0.000000s ]
INFO: [ app_init ] --END-- [ RunTime:0.000000s ]
INFO: [ app_begin ] --START--
INFO: Run Behavior\ReadHtmlCacheBehavior [ RunTime:0.000000s ]
INFO: [ app_begin ] --END-- [ RunTime:0.001000s ]
NOTIC: [8] Use of undefined constant top - assumed 'top' C:\xampp\htdocs\shop\Application\Admin\Controller\BaseController.class.php 第 13 行.
NOTIC: [8] Use of undefined constant menu - assumed 'menu' C:\xampp\htdocs\shop\Application\Admin\Controller\BaseController.class.php 第 13 行.
NOTIC: [8] Use of undefined constant drag - assumed 'drag' C:\xampp\htdocs\shop\Application\Admin\Controller\BaseController.class.php 第 13 行.
NOTIC: [8] Use of undefined constant main - assumed 'main' C:\xampp\htdocs\shop\Application\Admin\Controller\BaseController.class.php 第 13 行.
NOTIC: [8192] mysql_connect(): The mysql extension is deprecated and will be removed in the future: use mysqli or PDO instead C:\xampp\htdocs\shop\ThinkPHP\Library\Think\Db\Driver\Mysql.class.php 第 52 行.
SQL: SHOW COLUMNS FROM `cz_auth_group_access` [ RunTime:0.005000s ]
SQL: SELECT `rules` FROM cz_auth_group_access a INNER JOIN cz_auth_group g on a.group_id=g.id  WHERE ( a.uid='1' and g.status='1' )  [ RunTime:0.001000s ]
SQL: SHOW COLUMNS FROM `cz_auth_rule` [ RunTime:0.005001s ]
SQL: SELECT `condition`,`name` FROM `cz_auth_rule` WHERE `id` IN ('1','2','3','8','9') AND `type` = 1 AND `status` = 1  [ RunTime:0.001000s ]
SQL: SHOW COLUMNS FROM `cz_order` [ RunTime:0.005000s ]
SQL: SELECT cz_order.order_sn,cz_user.user_name,cz_address.telephone,cz_order.order_status,cz_shipping.shipping_name,cz_shipping.shipping_fee,cz_payment.pay_name,cz_order.order_amount FROM `cz_order` INNER JOIN cz_user on cz_user.user_id = cz_order.user_id INNER JOIN cz_address on cz_address.address_id = cz_order.address_id INNER JOIN cz_shipping on cz_shipping.shipping_id = cz_order.shipping_id INNER JOIN cz_payment on cz_payment.pay_id = cz_order.pay_id   [ RunTime:0.001000s ]
INFO: [ view_parse ] --START--
INFO: [ template_filter ] --START--
INFO: Run Behavior\ContentReplaceBehavior [ RunTime:0.000000s ]
INFO: [ template_filter ] --END-- [ RunTime:0.000000s ]
NOTIC: [8] Undefined variable: page C:\xampp\htdocs\shop\Application\Runtime\Cache\Admin\18bc66a7b6334412ab8e61a2539ecfbd.php 第 58 行.
INFO: Run Behavior\ParseTemplateBehavior [ RunTime:0.009001s ]
INFO: [ view_parse ] --END-- [ RunTime:0.009001s ]
INFO: [ view_filter ] --START--
INFO: Run Behavior\WriteHtmlCacheBehavior [ RunTime:0.001000s ]
INFO: [ view_filter ] --END-- [ RunTime:0.001000s ]
INFO: [ app_end ] --START--
INFO: Run Behavior\ShowPageTraceBehavior [ RunTime:0.000000s ]
INFO: [ app_end ] --END-- [ RunTime:0.000000s ]

[ 2017-05-10T15:30:00+08:00 ] ::1 /shop/index.php/Admin/Order/phpexcel.html
INFO: [ app_init ] --START--
INFO: Run Behavior\BuildLiteBehavior [ RunTime:0.000000s ]
INFO: [ app_init ] --END-- [ RunTime:0.000000s ]
INFO: [ app_begin ] --START--
INFO: Run Behavior\ReadHtmlCacheBehavior [ RunTime:0.001000s ]
INFO: [ app_begin ] --END-- [ RunTime:0.001000s ]
NOTIC: [8] Use of undefined constant top - assumed 'top' C:\xampp\htdocs\shop\Application\Admin\Controller\BaseController.class.php 第 13 行.
NOTIC: [8] Use of undefined constant menu - assumed 'menu' C:\xampp\htdocs\shop\Application\Admin\Controller\BaseController.class.php 第 13 行.
NOTIC: [8] Use of undefined constant drag - assumed 'drag' C:\xampp\htdocs\shop\Application\Admin\Controller\BaseController.class.php 第 13 行.
NOTIC: [8] Use of undefined constant main - assumed 'main' C:\xampp\htdocs\shop\Application\Admin\Controller\BaseController.class.php 第 13 行.
NOTIC: [8192] mysql_connect(): The mysql extension is deprecated and will be removed in the future: use mysqli or PDO instead C:\xampp\htdocs\shop\ThinkPHP\Library\Think\Db\Driver\Mysql.class.php 第 52 行.
SQL: SHOW COLUMNS FROM `cz_auth_group_access` [ RunTime:0.004000s ]
SQL: SELECT `rules` FROM cz_auth_group_access a INNER JOIN cz_auth_group g on a.group_id=g.id  WHERE ( a.uid='1' and g.status='1' )  [ RunTime:0.001000s ]
SQL: SHOW COLUMNS FROM `cz_auth_rule` [ RunTime:0.004000s ]
SQL: SELECT `condition`,`name` FROM `cz_auth_rule` WHERE `id` IN ('1','2','3','8','9') AND `type` = 1 AND `status` = 1  [ RunTime:0.000000s ]
SQL: SHOW COLUMNS FROM `cz_order` [ RunTime:0.005001s ]
SQL: SELECT cz_order.order_sn,cz_user.user_name,cz_address.telephone,cz_order.order_status,cz_shipping.shipping_name,cz_shipping.shipping_fee,cz_payment.pay_name,cz_order.order_amount FROM `cz_order` INNER JOIN cz_user on cz_user.user_id = cz_order.user_id INNER JOIN cz_address on cz_address.address_id = cz_order.address_id INNER JOIN cz_shipping on cz_shipping.shipping_id = cz_order.shipping_id INNER JOIN cz_payment on cz_payment.pay_id = cz_order.pay_id   [ RunTime:0.002000s ]
INFO: [ app_end ] --START--
INFO: Run Behavior\ShowPageTraceBehavior [ RunTime:0.001000s ]
INFO: [ app_end ] --END-- [ RunTime:0.001000s ]

[ 2017-05-10T15:30:01+08:00 ] ::1 /shop/index.php/Admin/Order/phpexcel.html
INFO: [ app_init ] --START--
INFO: Run Behavior\BuildLiteBehavior [ RunTime:0.000000s ]
INFO: [ app_init ] --END-- [ RunTime:0.001000s ]
INFO: [ app_begin ] --START--
INFO: Run Behavior\ReadHtmlCacheBehavior [ RunTime:0.001000s ]
INFO: [ app_begin ] --END-- [ RunTime:0.001000s ]
NOTIC: [8] Use of undefined constant top - assumed 'top' C:\xampp\htdocs\shop\Application\Admin\Controller\BaseController.class.php 第 13 行.
NOTIC: [8] Use of undefined constant menu - assumed 'menu' C:\xampp\htdocs\shop\Application\Admin\Controller\BaseController.class.php 第 13 行.
NOTIC: [8] Use of undefined constant drag - assumed 'drag' C:\xampp\htdocs\shop\Application\Admin\Controller\BaseController.class.php 第 13 行.
NOTIC: [8] Use of undefined constant main - assumed 'main' C:\xampp\htdocs\shop\Application\Admin\Controller\BaseController.class.php 第 13 行.
NOTIC: [8192] mysql_connect(): The mysql extension is deprecated and will be removed in the future: use mysqli or PDO instead C:\xampp\htdocs\shop\ThinkPHP\Library\Think\Db\Driver\Mysql.class.php 第 52 行.
SQL: SHOW COLUMNS FROM `cz_auth_group_access` [ RunTime:0.004001s ]
SQL: SELECT `rules` FROM cz_auth_group_access a INNER JOIN cz_auth_group g on a.group_id=g.id  WHERE ( a.uid='1' and g.status='1' )  [ RunTime:0.001000s ]
SQL: SHOW COLUMNS FROM `cz_auth_rule` [ RunTime:0.004000s ]
SQL: SELECT `condition`,`name` FROM `cz_auth_rule` WHERE `id` IN ('1','2','3','8','9') AND `type` = 1 AND `status` = 1  [ RunTime:0.000000s ]
SQL: SHOW COLUMNS FROM `cz_order` [ RunTime:0.005000s ]
SQL: SELECT cz_order.order_sn,cz_user.user_name,cz_address.telephone,cz_order.order_status,cz_shipping.shipping_name,cz_shipping.shipping_fee,cz_payment.pay_name,cz_order.order_amount FROM `cz_order` INNER JOIN cz_user on cz_user.user_id = cz_order.user_id INNER JOIN cz_address on cz_address.address_id = cz_order.address_id INNER JOIN cz_shipping on cz_shipping.shipping_id = cz_order.shipping_id INNER JOIN cz_payment on cz_payment.pay_id = cz_order.pay_id   [ RunTime:0.001000s ]
INFO: [ app_end ] --START--
INFO: Run Behavior\ShowPageTraceBehavior [ RunTime:0.002000s ]
INFO: [ app_end ] --END-- [ RunTime:0.002000s ]

[ 2017-05-10T15:30:12+08:00 ] ::1 /shop/index.php/Admin/Order/phpexcel.html
INFO: [ app_init ] --START--
INFO: Run Behavior\BuildLiteBehavior [ RunTime:0.000000s ]
INFO: [ app_init ] --END-- [ RunTime:0.001000s ]
INFO: [ app_begin ] --START--
INFO: Run Behavior\ReadHtmlCacheBehavior [ RunTime:0.001000s ]
INFO: [ app_begin ] --END-- [ RunTime:0.001000s ]
NOTIC: [8] Use of undefined constant top - assumed 'top' C:\xampp\htdocs\shop\Application\Admin\Controller\BaseController.class.php 第 13 行.
NOTIC: [8] Use of undefined constant menu - assumed 'menu' C:\xampp\htdocs\shop\Application\Admin\Controller\BaseController.class.php 第 13 行.
NOTIC: [8] Use of undefined constant drag - assumed 'drag' C:\xampp\htdocs\shop\Application\Admin\Controller\BaseController.class.php 第 13 行.
NOTIC: [8] Use of undefined constant main - assumed 'main' C:\xampp\htdocs\shop\Application\Admin\Controller\BaseController.class.php 第 13 行.
NOTIC: [8192] mysql_connect(): The mysql extension is deprecated and will be removed in the future: use mysqli or PDO instead C:\xampp\htdocs\shop\ThinkPHP\Library\Think\Db\Driver\Mysql.class.php 第 52 行.
SQL: SHOW COLUMNS FROM `cz_auth_group_access` [ RunTime:0.005001s ]
SQL: SELECT `rules` FROM cz_auth_group_access a INNER JOIN cz_auth_group g on a.group_id=g.id  WHERE ( a.uid='1' and g.status='1' )  [ RunTime:0.001000s ]
SQL: SHOW COLUMNS FROM `cz_auth_rule` [ RunTime:0.004000s ]
SQL: SELECT `condition`,`name` FROM `cz_auth_rule` WHERE `id` IN ('1','2','3','8','9') AND `type` = 1 AND `status` = 1  [ RunTime:0.000000s ]
SQL: SHOW COLUMNS FROM `cz_order` [ RunTime:0.005000s ]
SQL: SELECT cz_order.order_sn,cz_user.user_name,cz_address.telephone,cz_order.order_status,cz_shipping.shipping_name,cz_shipping.shipping_fee,cz_payment.pay_name,cz_order.order_amount FROM `cz_order` INNER JOIN cz_user on cz_user.user_id = cz_order.user_id INNER JOIN cz_address on cz_address.address_id = cz_order.address_id INNER JOIN cz_shipping on cz_shipping.shipping_id = cz_order.shipping_id INNER JOIN cz_payment on cz_payment.pay_id = cz_order.pay_id   [ RunTime:0.002000s ]
INFO: [ app_end ] --START--
INFO: Run Behavior\ShowPageTraceBehavior [ RunTime:0.001000s ]
INFO: [ app_end ] --END-- [ RunTime:0.001000s ]

[ 2017-05-10T15:30:13+08:00 ] ::1 /shop/index.php/Admin/Order/phpexcel.html
INFO: [ app_init ] --START--
INFO: Run Behavior\BuildLiteBehavior [ RunTime:0.000000s ]
INFO: [ app_init ] --END-- [ RunTime:0.001000s ]
INFO: [ app_begin ] --START--
INFO: Run Behavior\ReadHtmlCacheBehavior [ RunTime:0.002000s ]
INFO: [ app_begin ] --END-- [ RunTime:0.002000s ]
NOTIC: [8] Use of undefined constant top - assumed 'top' C:\xampp\htdocs\shop\Application\Admin\Controller\BaseController.class.php 第 13 行.
NOTIC: [8] Use of undefined constant menu - assumed 'menu' C:\xampp\htdocs\shop\Application\Admin\Controller\BaseController.class.php 第 13 行.
NOTIC: [8] Use of undefined constant drag - assumed 'drag' C:\xampp\htdocs\shop\Application\Admin\Controller\BaseController.class.php 第 13 行.
NOTIC: [8] Use of undefined constant main - assumed 'main' C:\xampp\htdocs\shop\Application\Admin\Controller\BaseController.class.php 第 13 行.
NOTIC: [8192] mysql_connect(): The mysql extension is deprecated and will be removed in the future: use mysqli or PDO instead C:\xampp\htdocs\shop\ThinkPHP\Library\Think\Db\Driver\Mysql.class.php 第 52 行.
SQL: SHOW COLUMNS FROM `cz_auth_group_access` [ RunTime:0.004000s ]
SQL: SELECT `rules` FROM cz_auth_group_access a INNER JOIN cz_auth_group g on a.group_id=g.id  WHERE ( a.uid='1' and g.status='1' )  [ RunTime:0.001000s ]
SQL: SHOW COLUMNS FROM `cz_auth_rule` [ RunTime:0.005000s ]
SQL: SELECT `condition`,`name` FROM `cz_auth_rule` WHERE `id` IN ('1','2','3','8','9') AND `type` = 1 AND `status` = 1  [ RunTime:0.001000s ]
SQL: SHOW COLUMNS FROM `cz_order` [ RunTime:0.008001s ]
SQL: SELECT cz_order.order_sn,cz_user.user_name,cz_address.telephone,cz_order.order_status,cz_shipping.shipping_name,cz_shipping.shipping_fee,cz_payment.pay_name,cz_order.order_amount FROM `cz_order` INNER JOIN cz_user on cz_user.user_id = cz_order.user_id INNER JOIN cz_address on cz_address.address_id = cz_order.address_id INNER JOIN cz_shipping on cz_shipping.shipping_id = cz_order.shipping_id INNER JOIN cz_payment on cz_payment.pay_id = cz_order.pay_id   [ RunTime:0.002000s ]
INFO: [ app_end ] --START--
INFO: Run Behavior\ShowPageTraceBehavior [ RunTime:0.001000s ]
INFO: [ app_end ] --END-- [ RunTime:0.002000s ]

[ 2017-05-10T15:37:27+08:00 ] ::1 /shop/index.php/Admin/Category/index
INFO: [ app_init ] --START--
INFO: Run Behavior\BuildLiteBehavior [ RunTime:0.000000s ]
INFO: [ app_init ] --END-- [ RunTime:0.001000s ]
INFO: [ app_begin ] --START--
INFO: Run Behavior\ReadHtmlCacheBehavior [ RunTime:0.001000s ]
INFO: [ app_begin ] --END-- [ RunTime:0.001000s ]
NOTIC: [8] Use of undefined constant top - assumed 'top' C:\xampp\htdocs\shop\Application\Admin\Controller\BaseController.class.php 第 13 行.
NOTIC: [8] Use of undefined constant menu - assumed 'menu' C:\xampp\htdocs\shop\Application\Admin\Controller\BaseController.class.php 第 13 行.
NOTIC: [8] Use of undefined constant drag - assumed 'drag' C:\xampp\htdocs\shop\Application\Admin\Controller\BaseController.class.php 第 13 行.
NOTIC: [8] Use of undefined constant main - assumed 'main' C:\xampp\htdocs\shop\Application\Admin\Controller\BaseController.class.php 第 13 行.
NOTIC: [8192] mysql_connect(): The mysql extension is deprecated and will be removed in the future: use mysqli or PDO instead C:\xampp\htdocs\shop\ThinkPHP\Library\Think\Db\Driver\Mysql.class.php 第 52 行.
SQL: SHOW COLUMNS FROM `cz_auth_group_access` [ RunTime:0.006001s ]
SQL: SELECT `rules` FROM cz_auth_group_access a INNER JOIN cz_auth_group g on a.group_id=g.id  WHERE ( a.uid='1' and g.status='1' )  [ RunTime:0.000000s ]
SQL: SHOW COLUMNS FROM `cz_auth_rule` [ RunTime:0.006000s ]
SQL: SELECT `condition`,`name` FROM `cz_auth_rule` WHERE `id` IN ('1','2','3','8','9') AND `type` = 1 AND `status` = 1  [ RunTime:0.001000s ]
SQL: SHOW COLUMNS FROM `cz_category` [ RunTime:0.005001s ]
SQL: SELECT * FROM `cz_category`  [ RunTime:0.000000s ]
INFO: [ view_parse ] --START--
INFO: [ template_filter ] --START--
INFO: Run Behavior\ContentReplaceBehavior [ RunTime:0.000000s ]
INFO: [ template_filter ] --END-- [ RunTime:0.000000s ]
INFO: Run Behavior\ParseTemplateBehavior [ RunTime:0.011000s ]
INFO: [ view_parse ] --END-- [ RunTime:0.011000s ]
INFO: [ view_filter ] --START--
INFO: Run Behavior\WriteHtmlCacheBehavior [ RunTime:0.001000s ]
INFO: [ view_filter ] --END-- [ RunTime:0.001000s ]
INFO: [ app_end ] --START--
INFO: Run Behavior\ShowPageTraceBehavior [ RunTime:0.001000s ]
INFO: [ app_end ] --END-- [ RunTime:0.001000s ]

[ 2017-05-10T15:37:28+08:00 ] ::1 /shop/index.php/Admin/Brand/index
INFO: [ app_init ] --START--
INFO: Run Behavior\BuildLiteBehavior [ RunTime:0.000000s ]
INFO: [ app_init ] --END-- [ RunTime:0.000000s ]
INFO: [ app_begin ] --START--
INFO: Run Behavior\ReadHtmlCacheBehavior [ RunTime:0.001000s ]
INFO: [ app_begin ] --END-- [ RunTime:0.001000s ]
NOTIC: [8] Use of undefined constant top - assumed 'top' C:\xampp\htdocs\shop\Application\Admin\Controller\BaseController.class.php 第 13 行.
NOTIC: [8] Use of undefined constant menu - assumed 'menu' C:\xampp\htdocs\shop\Application\Admin\Controller\BaseController.class.php 第 13 行.
NOTIC: [8] Use of undefined constant drag - assumed 'drag' C:\xampp\htdocs\shop\Application\Admin\Controller\BaseController.class.php 第 13 行.
NOTIC: [8] Use of undefined constant main - assumed 'main' C:\xampp\htdocs\shop\Application\Admin\Controller\BaseController.class.php 第 13 行.
NOTIC: [8192] mysql_connect(): The mysql extension is deprecated and will be removed in the future: use mysqli or PDO instead C:\xampp\htdocs\shop\ThinkPHP\Library\Think\Db\Driver\Mysql.class.php 第 52 行.
SQL: SHOW COLUMNS FROM `cz_auth_group_access` [ RunTime:0.005000s ]
SQL: SELECT `rules` FROM cz_auth_group_access a INNER JOIN cz_auth_group g on a.group_id=g.id  WHERE ( a.uid='1' and g.status='1' )  [ RunTime:0.001000s ]
SQL: SHOW COLUMNS FROM `cz_auth_rule` [ RunTime:0.005000s ]
SQL: SELECT `condition`,`name` FROM `cz_auth_rule` WHERE `id` IN ('1','2','3','8','9') AND `type` = 1 AND `status` = 1  [ RunTime:0.001000s ]
INFO: [ view_parse ] --START--
INFO: [ template_filter ] --START--
INFO: Run Behavior\ContentReplaceBehavior [ RunTime:0.001000s ]
INFO: [ template_filter ] --END-- [ RunTime:0.001000s ]
INFO: Run Behavior\ParseTemplateBehavior [ RunTime:0.009001s ]
INFO: [ view_parse ] --END-- [ RunTime:0.009001s ]
INFO: [ view_filter ] --START--
INFO: Run Behavior\WriteHtmlCacheBehavior [ RunTime:0.000000s ]
INFO: [ view_filter ] --END-- [ RunTime:0.000000s ]

[ 2017-05-10T15:37:29+08:00 ] ::1 /shop/index.php/Admin/Type/index
INFO: [ app_init ] --START--
INFO: Run Behavior\BuildLiteBehavior [ RunTime:0.000000s ]
INFO: [ app_init ] --END-- [ RunTime:0.001000s ]
INFO: [ app_begin ] --START--
INFO: Run Behavior\ReadHtmlCacheBehavior [ RunTime:0.001000s ]
INFO: [ app_begin ] --END-- [ RunTime:0.001000s ]
NOTIC: [8] Use of undefined constant top - assumed 'top' C:\xampp\htdocs\shop\Application\Admin\Controller\BaseController.class.php 第 13 行.
NOTIC: [8] Use of undefined constant menu - assumed 'menu' C:\xampp\htdocs\shop\Application\Admin\Controller\BaseController.class.php 第 13 行.
NOTIC: [8] Use of undefined constant drag - assumed 'drag' C:\xampp\htdocs\shop\Application\Admin\Controller\BaseController.class.php 第 13 行.
NOTIC: [8] Use of undefined constant main - assumed 'main' C:\xampp\htdocs\shop\Application\Admin\Controller\BaseController.class.php 第 13 行.
NOTIC: [8192] mysql_connect(): The mysql extension is deprecated and will be removed in the future: use mysqli or PDO instead C:\xampp\htdocs\shop\ThinkPHP\Library\Think\Db\Driver\Mysql.class.php 第 52 行.
SQL: SHOW COLUMNS FROM `cz_auth_group_access` [ RunTime:0.006001s ]
SQL: SELECT `rules` FROM cz_auth_group_access a INNER JOIN cz_auth_group g on a.group_id=g.id  WHERE ( a.uid='1' and g.status='1' )  [ RunTime:0.001000s ]
SQL: SHOW COLUMNS FROM `cz_auth_rule` [ RunTime:0.009000s ]
SQL: SELECT `condition`,`name` FROM `cz_auth_rule` WHERE `id` IN ('1','2','3','8','9') AND `type` = 1 AND `status` = 1  [ RunTime:0.001000s ]
INFO: [ view_parse ] --START--
INFO: [ template_filter ] --START--
INFO: Run Behavior\ContentReplaceBehavior [ RunTime:0.000000s ]
INFO: [ template_filter ] --END-- [ RunTime:0.000000s ]
INFO: Run Behavior\ParseTemplateBehavior [ RunTime:0.010001s ]
INFO: [ view_parse ] --END-- [ RunTime:0.010001s ]
INFO: [ view_filter ] --START--
INFO: Run Behavior\WriteHtmlCacheBehavior [ RunTime:0.001000s ]
INFO: [ view_filter ] --END-- [ RunTime:0.001000s ]

[ 2017-05-10T15:37:30+08:00 ] ::1 /shop/index.php/Admin/Goods/add
INFO: [ app_init ] --START--
INFO: Run Behavior\BuildLiteBehavior [ RunTime:0.000000s ]
INFO: [ app_init ] --END-- [ RunTime:0.001000s ]
INFO: [ app_begin ] --START--
INFO: Run Behavior\ReadHtmlCacheBehavior [ RunTime:0.001000s ]
INFO: [ app_begin ] --END-- [ RunTime:0.001000s ]
NOTIC: [8] Use of undefined constant top - assumed 'top' C:\xampp\htdocs\shop\Application\Admin\Controller\BaseController.class.php 第 13 行.
NOTIC: [8] Use of undefined constant menu - assumed 'menu' C:\xampp\htdocs\shop\Application\Admin\Controller\BaseController.class.php 第 13 行.
NOTIC: [8] Use of undefined constant drag - assumed 'drag' C:\xampp\htdocs\shop\Application\Admin\Controller\BaseController.class.php 第 13 行.
NOTIC: [8] Use of undefined constant main - assumed 'main' C:\xampp\htdocs\shop\Application\Admin\Controller\BaseController.class.php 第 13 行.
NOTIC: [8192] mysql_connect(): The mysql extension is deprecated and will be removed in the future: use mysqli or PDO instead C:\xampp\htdocs\shop\ThinkPHP\Library\Think\Db\Driver\Mysql.class.php 第 52 行.
SQL: SHOW COLUMNS FROM `cz_auth_group_access` [ RunTime:0.006000s ]
SQL: SELECT `rules` FROM cz_auth_group_access a INNER JOIN cz_auth_group g on a.group_id=g.id  WHERE ( a.uid='1' and g.status='1' )  [ RunTime:0.001000s ]
SQL: SHOW COLUMNS FROM `cz_auth_rule` [ RunTime:0.005001s ]
SQL: SELECT `condition`,`name` FROM `cz_auth_rule` WHERE `id` IN ('1','2','3','8','9') AND `type` = 1 AND `status` = 1  [ RunTime:0.000000s ]
INFO: [ view_parse ] --START--
INFO: [ template_filter ] --START--
INFO: Run Behavior\ContentReplaceBehavior [ RunTime:0.000000s ]
INFO: [ template_filter ] --END-- [ RunTime:0.000000s ]
INFO: Run Behavior\ParseTemplateBehavior [ RunTime:0.009000s ]
INFO: [ view_parse ] --END-- [ RunTime:0.009000s ]
INFO: [ view_filter ] --START--
INFO: Run Behavior\WriteHtmlCacheBehavior [ RunTime:0.001000s ]
INFO: [ view_filter ] --END-- [ RunTime:0.001000s ]

[ 2017-05-10T15:37:30+08:00 ] ::1 /shop/index.php/Admin/Goods/index
INFO: [ app_init ] --START--
INFO: Run Behavior\BuildLiteBehavior [ RunTime:0.000000s ]
INFO: [ app_init ] --END-- [ RunTime:0.001000s ]
INFO: [ app_begin ] --START--
INFO: Run Behavior\ReadHtmlCacheBehavior [ RunTime:0.001000s ]
INFO: [ app_begin ] --END-- [ RunTime:0.001000s ]
NOTIC: [8] Use of undefined constant top - assumed 'top' C:\xampp\htdocs\shop\Application\Admin\Controller\BaseController.class.php 第 13 行.
NOTIC: [8] Use of undefined constant menu - assumed 'menu' C:\xampp\htdocs\shop\Application\Admin\Controller\BaseController.class.php 第 13 行.
NOTIC: [8] Use of undefined constant drag - assumed 'drag' C:\xampp\htdocs\shop\Application\Admin\Controller\BaseController.class.php 第 13 行.
NOTIC: [8] Use of undefined constant main - assumed 'main' C:\xampp\htdocs\shop\Application\Admin\Controller\BaseController.class.php 第 13 行.
NOTIC: [8192] mysql_connect(): The mysql extension is deprecated and will be removed in the future: use mysqli or PDO instead C:\xampp\htdocs\shop\ThinkPHP\Library\Think\Db\Driver\Mysql.class.php 第 52 行.
SQL: SHOW COLUMNS FROM `cz_auth_group_access` [ RunTime:0.006000s ]
SQL: SELECT `rules` FROM cz_auth_group_access a INNER JOIN cz_auth_group g on a.group_id=g.id  WHERE ( a.uid='1' and g.status='1' )  [ RunTime:0.001000s ]
SQL: SHOW COLUMNS FROM `cz_auth_rule` [ RunTime:0.006001s ]
SQL: SELECT `condition`,`name` FROM `cz_auth_rule` WHERE `id` IN ('1','2','3','8','9') AND `type` = 1 AND `status` = 1  [ RunTime:0.001000s ]
INFO: [ view_parse ] --START--
INFO: [ template_filter ] --START--
INFO: Run Behavior\ContentReplaceBehavior [ RunTime:0.000000s ]
INFO: [ template_filter ] --END-- [ RunTime:0.000000s ]
INFO: Run Behavior\ParseTemplateBehavior [ RunTime:0.009000s ]
INFO: [ view_parse ] --END-- [ RunTime:0.009000s ]
INFO: [ view_filter ] --START--
INFO: Run Behavior\WriteHtmlCacheBehavior [ RunTime:0.001000s ]
INFO: [ view_filter ] --END-- [ RunTime:0.001000s ]

[ 2017-05-10T15:37:31+08:00 ] ::1 /shop/index.php/Admin/Order/index
INFO: [ app_init ] --START--
INFO: Run Behavior\BuildLiteBehavior [ RunTime:0.000000s ]
INFO: [ app_init ] --END-- [ RunTime:0.001000s ]
INFO: [ app_begin ] --START--
INFO: Run Behavior\ReadHtmlCacheBehavior [ RunTime:0.001000s ]
INFO: [ app_begin ] --END-- [ RunTime:0.001000s ]
NOTIC: [8] Use of undefined constant top - assumed 'top' C:\xampp\htdocs\shop\Application\Admin\Controller\BaseController.class.php 第 13 行.
NOTIC: [8] Use of undefined constant menu - assumed 'menu' C:\xampp\htdocs\shop\Application\Admin\Controller\BaseController.class.php 第 13 行.
NOTIC: [8] Use of undefined constant drag - assumed 'drag' C:\xampp\htdocs\shop\Application\Admin\Controller\BaseController.class.php 第 13 行.
NOTIC: [8] Use of undefined constant main - assumed 'main' C:\xampp\htdocs\shop\Application\Admin\Controller\BaseController.class.php 第 13 行.
NOTIC: [8192] mysql_connect(): The mysql extension is deprecated and will be removed in the future: use mysqli or PDO instead C:\xampp\htdocs\shop\ThinkPHP\Library\Think\Db\Driver\Mysql.class.php 第 52 行.
SQL: SHOW COLUMNS FROM `cz_auth_group_access` [ RunTime:0.005000s ]
SQL: SELECT `rules` FROM cz_auth_group_access a INNER JOIN cz_auth_group g on a.group_id=g.id  WHERE ( a.uid='1' and g.status='1' )  [ RunTime:0.002000s ]
SQL: SHOW COLUMNS FROM `cz_auth_rule` [ RunTime:0.006001s ]
SQL: SELECT `condition`,`name` FROM `cz_auth_rule` WHERE `id` IN ('1','2','3','8','9') AND `type` = 1 AND `status` = 1  [ RunTime:0.001000s ]
INFO: [ view_parse ] --START--
INFO: [ template_filter ] --START--
INFO: Run Behavior\ContentReplaceBehavior [ RunTime:0.001000s ]
INFO: [ template_filter ] --END-- [ RunTime:0.001000s ]
NOTIC: [8] Undefined variable: page C:\xampp\htdocs\shop\Application\Runtime\Cache\Admin\18bc66a7b6334412ab8e61a2539ecfbd.php 第 58 行.
INFO: Run Behavior\ParseTemplateBehavior [ RunTime:0.010000s ]
INFO: [ view_parse ] --END-- [ RunTime:0.010000s ]
INFO: [ view_filter ] --START--
INFO: Run Behavior\WriteHtmlCacheBehavior [ RunTime:0.001000s ]
INFO: [ view_filter ] --END-- [ RunTime:0.001000s ]
INFO: [ app_end ] --START--
INFO: Run Behavior\ShowPageTraceBehavior [ RunTime:0.001000s ]
INFO: [ app_end ] --END-- [ RunTime:0.001000s ]

[ 2017-05-10T15:37:32+08:00 ] ::1 /shop/index.php/Admin/Goods/add
INFO: [ app_init ] --START--
INFO: Run Behavior\BuildLiteBehavior [ RunTime:0.000000s ]
INFO: [ app_init ] --END-- [ RunTime:0.000000s ]
INFO: [ app_begin ] --START--
INFO: Run Behavior\ReadHtmlCacheBehavior [ RunTime:0.001000s ]
INFO: [ app_begin ] --END-- [ RunTime:0.001000s ]
NOTIC: [8] Use of undefined constant top - assumed 'top' C:\xampp\htdocs\shop\Application\Admin\Controller\BaseController.class.php 第 13 行.
NOTIC: [8] Use of undefined constant menu - assumed 'menu' C:\xampp\htdocs\shop\Application\Admin\Controller\BaseController.class.php 第 13 行.
NOTIC: [8] Use of undefined constant drag - assumed 'drag' C:\xampp\htdocs\shop\Application\Admin\Controller\BaseController.class.php 第 13 行.
NOTIC: [8] Use of undefined constant main - assumed 'main' C:\xampp\htdocs\shop\Application\Admin\Controller\BaseController.class.php 第 13 行.
NOTIC: [8192] mysql_connect(): The mysql extension is deprecated and will be removed in the future: use mysqli or PDO instead C:\xampp\htdocs\shop\ThinkPHP\Library\Think\Db\Driver\Mysql.class.php 第 52 行.
SQL: SHOW COLUMNS FROM `cz_auth_group_access` [ RunTime:0.005000s ]
SQL: SELECT `rules` FROM cz_auth_group_access a INNER JOIN cz_auth_group g on a.group_id=g.id  WHERE ( a.uid='1' and g.status='1' )  [ RunTime:0.000000s ]
SQL: SHOW COLUMNS FROM `cz_auth_rule` [ RunTime:0.005000s ]
SQL: SELECT `condition`,`name` FROM `cz_auth_rule` WHERE `id` IN ('1','2','3','8','9') AND `type` = 1 AND `status` = 1  [ RunTime:0.001000s ]
INFO: [ view_parse ] --START--
INFO: [ template_filter ] --START--
INFO: Run Behavior\ContentReplaceBehavior [ RunTime:0.000000s ]
INFO: [ template_filter ] --END-- [ RunTime:0.000000s ]
INFO: Run Behavior\ParseTemplateBehavior [ RunTime:0.009001s ]
INFO: [ view_parse ] --END-- [ RunTime:0.009001s ]
INFO: [ view_filter ] --START--
INFO: Run Behavior\WriteHtmlCacheBehavior [ RunTime:0.001000s ]
INFO: [ view_filter ] --END-- [ RunTime:0.001000s ]

[ 2017-05-10T15:37:34+08:00 ] ::1 /shop/index.php/Admin/Type/index
INFO: [ app_init ] --START--
INFO: Run Behavior\BuildLiteBehavior [ RunTime:0.000000s ]
INFO: [ app_init ] --END-- [ RunTime:0.001000s ]
INFO: [ app_begin ] --START--
INFO: Run Behavior\ReadHtmlCacheBehavior [ RunTime:0.001000s ]
INFO: [ app_begin ] --END-- [ RunTime:0.001000s ]
NOTIC: [8] Use of undefined constant top - assumed 'top' C:\xampp\htdocs\shop\Application\Admin\Controller\BaseController.class.php 第 13 行.
NOTIC: [8] Use of undefined constant menu - assumed 'menu' C:\xampp\htdocs\shop\Application\Admin\Controller\BaseController.class.php 第 13 行.
NOTIC: [8] Use of undefined constant drag - assumed 'drag' C:\xampp\htdocs\shop\Application\Admin\Controller\BaseController.class.php 第 13 行.
NOTIC: [8] Use of undefined constant main - assumed 'main' C:\xampp\htdocs\shop\Application\Admin\Controller\BaseController.class.php 第 13 行.
NOTIC: [8192] mysql_connect(): The mysql extension is deprecated and will be removed in the future: use mysqli or PDO instead C:\xampp\htdocs\shop\ThinkPHP\Library\Think\Db\Driver\Mysql.class.php 第 52 行.
SQL: SHOW COLUMNS FROM `cz_auth_group_access` [ RunTime:0.004000s ]
SQL: SELECT `rules` FROM cz_auth_group_access a INNER JOIN cz_auth_group g on a.group_id=g.id  WHERE ( a.uid='1' and g.status='1' )  [ RunTime:0.000000s ]
SQL: SHOW COLUMNS FROM `cz_auth_rule` [ RunTime:0.005000s ]
SQL: SELECT `condition`,`name` FROM `cz_auth_rule` WHERE `id` IN ('1','2','3','8','9') AND `type` = 1 AND `status` = 1  [ RunTime:0.000000s ]
INFO: [ view_parse ] --START--
INFO: [ template_filter ] --START--
INFO: Run Behavior\ContentReplaceBehavior [ RunTime:0.000000s ]
INFO: [ template_filter ] --END-- [ RunTime:0.000000s ]
INFO: Run Behavior\ParseTemplateBehavior [ RunTime:0.008001s ]
INFO: [ view_parse ] --END-- [ RunTime:0.008001s ]
INFO: [ view_filter ] --START--
INFO: Run Behavior\WriteHtmlCacheBehavior [ RunTime:0.000000s ]
INFO: [ view_filter ] --END-- [ RunTime:0.000000s ]

